15-Jan-2024 08:17:10.137 INFO [main] org.apache.catalina.startup.VersionLoggerListener.log Nombre de la versión del servidor: Apache Tomcat/10.1.18
15-Jan-2024 08:17:10.143 INFO [main] org.apache.catalina.startup.VersionLoggerListener.log Server built:                      Jan 5 2024 14:39:40 UTC
15-Jan-2024 08:17:10.143 INFO [main] org.apache.catalina.startup.VersionLoggerListener.log Número de versión de servidor:     10.1.18.0
15-Jan-2024 08:17:10.143 INFO [main] org.apache.catalina.startup.VersionLoggerListener.log OS Name:                           Windows 10
15-Jan-2024 08:17:10.143 INFO [main] org.apache.catalina.startup.VersionLoggerListener.log Versión de Systema Operativo:      10.0
15-Jan-2024 08:17:10.144 INFO [main] org.apache.catalina.startup.VersionLoggerListener.log Arquitectura:                      amd64
15-Jan-2024 08:17:10.144 INFO [main] org.apache.catalina.startup.VersionLoggerListener.log Java Home:                         C:\Users\TRJAVA-11\Downloads\openjdk-18.0.2_windows-x64_bin\jdk-18.0.2
15-Jan-2024 08:17:10.144 INFO [main] org.apache.catalina.startup.VersionLoggerListener.log JVM Version:                       18.0.2+9-61
15-Jan-2024 08:17:10.144 INFO [main] org.apache.catalina.startup.VersionLoggerListener.log Vededor JVM:                       Oracle Corporation
15-Jan-2024 08:17:10.144 INFO [main] org.apache.catalina.startup.VersionLoggerListener.log CATALINA_BASE:                     C:\Users\TRJAVA-11\Documents\apache-tomcat-10.1.18
15-Jan-2024 08:17:10.145 INFO [main] org.apache.catalina.startup.VersionLoggerListener.log CATALINA_HOME:                     C:\Users\TRJAVA-11\Documents\apache-tomcat-10.1.18
15-Jan-2024 08:17:10.160 INFO [main] org.apache.catalina.startup.VersionLoggerListener.log Command line argument:             -Djava.util.logging.config.file=C:\Users\TRJAVA-11\Documents\apache-tomcat-10.1.18\conf\logging.properties
15-Jan-2024 08:17:10.160 INFO [main] org.apache.catalina.startup.VersionLoggerListener.log Command line argument:             -Djava.util.logging.manager=org.apache.juli.ClassLoaderLogManager
15-Jan-2024 08:17:10.160 INFO [main] org.apache.catalina.startup.VersionLoggerListener.log Command line argument:             -Djdk.tls.ephemeralDHKeySize=2048
15-Jan-2024 08:17:10.160 INFO [main] org.apache.catalina.startup.VersionLoggerListener.log Command line argument:             -Djava.protocol.handler.pkgs=org.apache.catalina.webresources
15-Jan-2024 08:17:10.161 INFO [main] org.apache.catalina.startup.VersionLoggerListener.log Command line argument:             --add-opens=java.base/java.lang=ALL-UNNAMED
15-Jan-2024 08:17:10.161 INFO [main] org.apache.catalina.startup.VersionLoggerListener.log Command line argument:             --add-opens=java.base/java.io=ALL-UNNAMED
15-Jan-2024 08:17:10.162 INFO [main] org.apache.catalina.startup.VersionLoggerListener.log Command line argument:             --add-opens=java.base/java.util=ALL-UNNAMED
15-Jan-2024 08:17:10.162 INFO [main] org.apache.catalina.startup.VersionLoggerListener.log Command line argument:             --add-opens=java.base/java.util.concurrent=ALL-UNNAMED
15-Jan-2024 08:17:10.162 INFO [main] org.apache.catalina.startup.VersionLoggerListener.log Command line argument:             --add-opens=java.rmi/sun.rmi.transport=ALL-UNNAMED
15-Jan-2024 08:17:10.162 INFO [main] org.apache.catalina.startup.VersionLoggerListener.log Command line argument:             -Dcatalina.base=C:\Users\TRJAVA-11\Documents\apache-tomcat-10.1.18
15-Jan-2024 08:17:10.166 INFO [main] org.apache.catalina.startup.VersionLoggerListener.log Command line argument:             -Dcatalina.home=C:\Users\TRJAVA-11\Documents\apache-tomcat-10.1.18
15-Jan-2024 08:17:10.166 INFO [main] org.apache.catalina.startup.VersionLoggerListener.log Command line argument:             -Djava.io.tmpdir=C:\Users\TRJAVA-11\Documents\apache-tomcat-10.1.18\temp
15-Jan-2024 08:17:10.171 INFO [main] org.apache.catalina.core.AprLifecycleListener.lifecycleEvent La biblioteca nativa de Apache Tomcat basada en ARP que permite un rendimiento óptimo en entornos de desarrollo no ha sido hallada en java.library.path: [C:\Users\TRJAVA-11\Downloads\openjdk-18.0.2_windows-x64_bin\jdk-18.0.2\bin;C:\Windows\Sun\Java\bin;C:\Windows\system32;C:\Windows;C:\app\TRJAVA-11\product\21c\dbhomeXE\bin;C:\Windows\system32;C:\Windows;C:\Windows\System32\Wbem;C:\Windows\System32\WindowsPowerShell\v1.0\;C:\Windows\System32\OpenSSH\;C:\Users\TRJAVA-11\Downloads\openjdk-18.0.2_windows-x64_bin\jdk-18.0.2\bin;C:\Users\TRJAVA-11\AppData\Local\Microsoft\WindowsApps;;C:\Users\TRJAVA-11\AppData\Local\Programs\Microsoft VS Code\bin;.]
15-Jan-2024 08:17:10.496 INFO [main] org.apache.coyote.AbstractProtocol.init Inicializando el manejador de protocolo ["http-nio-8080"]

15-Jan-2024 08:17:10.523 INFO [main] org.apache.catalina.startup.Catalina.load Server initialization in [640] milliseconds
15-Jan-2024 08:17:10.577 INFO [main] org.apache.catalina.core.StandardService.startInternal Arrancando servicio [Catalina]
15-Jan-2024 08:17:10.578 INFO [main] org.apache.catalina.core.StandardEngine.startInternal Starting Servlet engine: [Apache Tomcat/10.1.18]
15-Jan-2024 08:17:10.610 INFO [main] org.apache.catalina.startup.HostConfig.deployWAR Despliegue del archivo [C:\Users\TRJAVA-11\Documents\apache-tomcat-10.1.18\webapps\Gen1-Rutas.war] de la aplicación web
15-Jan-2024 08:17:11.750 INFO [main] org.apache.jasper.servlet.TldScanner.scanJars Al menos un JAR, que se ha explorado buscando TLDs, aún no contenía TLDs. Activar historial de depuración para este historiador para una completa lista de los JARs que fueron explorados y de los que nos se halló TLDs. Saltarse JARs no necesarios durante la exploración puede dar lugar a una mejora de tiempo significativa en el arranque y compilación de JSP .
15-Jan-2024 08:17:11.840 INFO [main] org.apache.catalina.startup.HostConfig.deployWAR Deployment of web application archive [C:\Users\TRJAVA-11\Documents\apache-tomcat-10.1.18\webapps\Gen1-Rutas.war] has finished in [1.227] ms
15-Jan-2024 08:17:11.852 INFO [main] org.apache.catalina.startup.HostConfig.deployWAR Despliegue del archivo [C:\Users\TRJAVA-11\Documents\apache-tomcat-10.1.18\webapps\Gen1-RutasM.war] de la aplicación web
15-Jan-2024 08:17:11.913 SEVERE [main] org.apache.catalina.startup.HostConfig.deployWAR Error durante el despliegue del archivo [C:\Users\TRJAVA-11\Documents\apache-tomcat-10.1.18\webapps\Gen1-RutasM.war] de la aplicación web
	java.lang.IllegalStateException: Error starting child
		at org.apache.catalina.core.ContainerBase.addChildInternal(ContainerBase.java:686)
		at org.apache.catalina.core.ContainerBase.addChild(ContainerBase.java:658)
		at org.apache.catalina.core.StandardHost.addChild(StandardHost.java:712)
		at org.apache.catalina.startup.HostConfig.deployWAR(HostConfig.java:977)
		at org.apache.catalina.startup.HostConfig$DeployWar.run(HostConfig.java:1961)
		at java.base/java.util.concurrent.Executors$RunnableAdapter.call(Executors.java:539)
		at java.base/java.util.concurrent.FutureTask.run(FutureTask.java:264)
		at org.apache.tomcat.util.threads.InlineExecutorService.execute(InlineExecutorService.java:75)
		at java.base/java.util.concurrent.AbstractExecutorService.submit(AbstractExecutorService.java:123)
		at org.apache.catalina.startup.HostConfig.deployWARs(HostConfig.java:778)
		at org.apache.catalina.startup.HostConfig.deployApps(HostConfig.java:428)
		at org.apache.catalina.startup.HostConfig.start(HostConfig.java:1661)
		at org.apache.catalina.startup.HostConfig.lifecycleEvent(HostConfig.java:309)
		at org.apache.catalina.util.LifecycleBase.fireLifecycleEvent(LifecycleBase.java:114)
		at org.apache.catalina.util.LifecycleBase.setStateInternal(LifecycleBase.java:402)
		at org.apache.catalina.util.LifecycleBase.setState(LifecycleBase.java:345)
		at org.apache.catalina.core.ContainerBase.startInternal(ContainerBase.java:893)
		at org.apache.catalina.core.StandardHost.startInternal(StandardHost.java:845)
		at org.apache.catalina.util.LifecycleBase.start(LifecycleBase.java:171)
		at org.apache.catalina.core.ContainerBase$StartChild.call(ContainerBase.java:1332)
		at org.apache.catalina.core.ContainerBase$StartChild.call(ContainerBase.java:1322)
		at java.base/java.util.concurrent.FutureTask.run(FutureTask.java:264)
		at org.apache.tomcat.util.threads.InlineExecutorService.execute(InlineExecutorService.java:75)
		at java.base/java.util.concurrent.AbstractExecutorService.submit(AbstractExecutorService.java:145)
		at org.apache.catalina.core.ContainerBase.startInternal(ContainerBase.java:866)
		at org.apache.catalina.core.StandardEngine.startInternal(StandardEngine.java:240)
		at org.apache.catalina.util.LifecycleBase.start(LifecycleBase.java:171)
		at org.apache.catalina.core.StandardService.startInternal(StandardService.java:433)
		at org.apache.catalina.util.LifecycleBase.start(LifecycleBase.java:171)
		at org.apache.catalina.core.StandardServer.startInternal(StandardServer.java:917)
		at org.apache.catalina.util.LifecycleBase.start(LifecycleBase.java:171)
		at org.apache.catalina.startup.Catalina.start(Catalina.java:795)
		at java.base/jdk.internal.reflect.DirectMethodHandleAccessor.invoke(DirectMethodHandleAccessor.java:104)
		at java.base/java.lang.reflect.Method.invoke(Method.java:577)
		at org.apache.catalina.startup.Bootstrap.start(Bootstrap.java:347)
		at org.apache.catalina.startup.Bootstrap.main(Bootstrap.java:478)
	Caused by: org.apache.catalina.LifecycleException: Failed to start component [StandardEngine[Catalina].StandardHost[localhost].StandardContext[/Gen1-RutasM]]
		at org.apache.catalina.util.LifecycleBase.handleSubClassException(LifecycleBase.java:419)
		at org.apache.catalina.util.LifecycleBase.start(LifecycleBase.java:186)
		at org.apache.catalina.core.ContainerBase.addChildInternal(ContainerBase.java:683)
		... 35 more
	Caused by: java.lang.IllegalArgumentException: Los servlets llamados [com.silva.app.rutas.controllers.AltaChoferesServlet] y [com.silva.app.rutas.controllers.AltaChoferServlet] estan ambos mapeados al patrón de URL [/choferes/alta] el cual no esta permitido
		at org.apache.tomcat.util.descriptor.web.WebXml.addServletMappingDecoded(WebXml.java:354)
		at org.apache.tomcat.util.descriptor.web.WebXml.addServletMapping(WebXml.java:347)
		at org.apache.catalina.startup.ContextConfig.processAnnotationWebServlet(ContextConfig.java:2674)
		at org.apache.catalina.startup.ContextConfig.processClass(ContextConfig.java:2357)
		at org.apache.catalina.startup.ContextConfig.processAnnotationsStream(ContextConfig.java:2346)
		at org.apache.catalina.startup.ContextConfig.processAnnotationsWebResource(ContextConfig.java:2247)
		at org.apache.catalina.startup.ContextConfig.processAnnotationsWebResource(ContextConfig.java:2241)
		at org.apache.catalina.startup.ContextConfig.processAnnotationsWebResource(ContextConfig.java:2241)
		at org.apache.catalina.startup.ContextConfig.processAnnotationsWebResource(ContextConfig.java:2241)
		at org.apache.catalina.startup.ContextConfig.processAnnotationsWebResource(ContextConfig.java:2241)
		at org.apache.catalina.startup.ContextConfig.processAnnotationsWebResource(ContextConfig.java:2241)
		at org.apache.catalina.startup.ContextConfig.processClasses(ContextConfig.java:1403)
		at org.apache.catalina.startup.ContextConfig.webConfig(ContextConfig.java:1308)
		at org.apache.catalina.startup.ContextConfig.configureStart(ContextConfig.java:991)
		at org.apache.catalina.startup.ContextConfig.lifecycleEvent(ContextConfig.java:304)
		at org.apache.catalina.util.LifecycleBase.fireLifecycleEvent(LifecycleBase.java:114)
		at org.apache.catalina.core.StandardContext.startInternal(StandardContext.java:4782)
		at org.apache.catalina.util.LifecycleBase.start(LifecycleBase.java:171)
		... 36 more
15-Jan-2024 08:17:11.915 INFO [main] org.apache.catalina.startup.HostConfig.deployWAR Deployment of web application archive [C:\Users\TRJAVA-11\Documents\apache-tomcat-10.1.18\webapps\Gen1-RutasM.war] has finished in [63] ms
15-Jan-2024 08:17:11.918 INFO [main] org.apache.catalina.startup.HostConfig.deployDirectory Desplegando el directorio [C:\Users\TRJAVA-11\Documents\apache-tomcat-10.1.18\webapps\docs] de la aplicación web
15-Jan-2024 08:17:12.443 INFO [main] org.apache.jasper.servlet.TldScanner.scanJars Al menos un JAR, que se ha explorado buscando TLDs, aún no contenía TLDs. Activar historial de depuración para este historiador para una completa lista de los JARs que fueron explorados y de los que nos se halló TLDs. Saltarse JARs no necesarios durante la exploración puede dar lugar a una mejora de tiempo significativa en el arranque y compilación de JSP .
15-Jan-2024 08:17:12.446 INFO [main] org.apache.catalina.startup.HostConfig.deployDirectory Deployment of web application directory [C:\Users\TRJAVA-11\Documents\apache-tomcat-10.1.18\webapps\docs] has finished in [528] ms
15-Jan-2024 08:17:12.447 INFO [main] org.apache.catalina.startup.HostConfig.deployDirectory Desplegando el directorio [C:\Users\TRJAVA-11\Documents\apache-tomcat-10.1.18\webapps\examples] de la aplicación web
15-Jan-2024 08:17:14.005 INFO [main] org.apache.jasper.servlet.TldScanner.scanJars Al menos un JAR, que se ha explorado buscando TLDs, aún no contenía TLDs. Activar historial de depuración para este historiador para una completa lista de los JARs que fueron explorados y de los que nos se halló TLDs. Saltarse JARs no necesarios durante la exploración puede dar lugar a una mejora de tiempo significativa en el arranque y compilación de JSP .
15-Jan-2024 08:17:14.077 INFO [main] org.apache.catalina.startup.HostConfig.deployDirectory Deployment of web application directory [C:\Users\TRJAVA-11\Documents\apache-tomcat-10.1.18\webapps\examples] has finished in [1.630] ms
15-Jan-2024 08:17:14.078 INFO [main] org.apache.catalina.startup.HostConfig.deployDirectory Desplegando el directorio [C:\Users\TRJAVA-11\Documents\apache-tomcat-10.1.18\webapps\host-manager] de la aplicación web
15-Jan-2024 08:17:14.552 INFO [main] org.apache.jasper.servlet.TldScanner.scanJars Al menos un JAR, que se ha explorado buscando TLDs, aún no contenía TLDs. Activar historial de depuración para este historiador para una completa lista de los JARs que fueron explorados y de los que nos se halló TLDs. Saltarse JARs no necesarios durante la exploración puede dar lugar a una mejora de tiempo significativa en el arranque y compilación de JSP .
15-Jan-2024 08:17:14.561 INFO [main] org.apache.catalina.startup.HostConfig.deployDirectory Deployment of web application directory [C:\Users\TRJAVA-11\Documents\apache-tomcat-10.1.18\webapps\host-manager] has finished in [483] ms
15-Jan-2024 08:17:14.561 INFO [main] org.apache.catalina.startup.HostConfig.deployDirectory Desplegando el directorio [C:\Users\TRJAVA-11\Documents\apache-tomcat-10.1.18\webapps\manager] de la aplicación web
15-Jan-2024 08:17:14.999 INFO [main] org.apache.jasper.servlet.TldScanner.scanJars Al menos un JAR, que se ha explorado buscando TLDs, aún no contenía TLDs. Activar historial de depuración para este historiador para una completa lista de los JARs que fueron explorados y de los que nos se halló TLDs. Saltarse JARs no necesarios durante la exploración puede dar lugar a una mejora de tiempo significativa en el arranque y compilación de JSP .
15-Jan-2024 08:17:15.002 INFO [main] org.apache.catalina.startup.HostConfig.deployDirectory Deployment of web application directory [C:\Users\TRJAVA-11\Documents\apache-tomcat-10.1.18\webapps\manager] has finished in [440] ms
15-Jan-2024 08:17:15.002 INFO [main] org.apache.catalina.startup.HostConfig.deployDirectory Desplegando el directorio [C:\Users\TRJAVA-11\Documents\apache-tomcat-10.1.18\webapps\ROOT] de la aplicación web
15-Jan-2024 08:17:15.402 INFO [main] org.apache.jasper.servlet.TldScanner.scanJars Al menos un JAR, que se ha explorado buscando TLDs, aún no contenía TLDs. Activar historial de depuración para este historiador para una completa lista de los JARs que fueron explorados y de los que nos se halló TLDs. Saltarse JARs no necesarios durante la exploración puede dar lugar a una mejora de tiempo significativa en el arranque y compilación de JSP .
15-Jan-2024 08:17:15.405 INFO [main] org.apache.catalina.startup.HostConfig.deployDirectory Deployment of web application directory [C:\Users\TRJAVA-11\Documents\apache-tomcat-10.1.18\webapps\ROOT] has finished in [403] ms
15-Jan-2024 08:17:15.408 INFO [main] org.apache.coyote.AbstractProtocol.start Starting ProtocolHandler ["http-nio-8080"]
15-Jan-2024 08:17:15.446 INFO [main] org.apache.catalina.startup.Catalina.start Server startup in [4921] milliseconds
15-Jan-2024 11:25:28.425 INFO [http-nio-8080-exec-4] org.apache.catalina.startup.HostConfig.undeploy Repliegue (undeploy) de la aplicación web que tiene como trayectoria de contexto [/Gen1-Rutas]
15-Jan-2024 11:25:28.433 WARNING [http-nio-8080-exec-4] org.apache.catalina.loader.WebappClassLoaderBase.clearReferencesThreads The web application [Gen1-Rutas] appears to have started a thread named [oracle.jdbc.diagnostics.Diagnostic.CLOCK] but has failed to stop it. This is very likely to create a memory leak. Stack trace of thread:
 java.base@18.0.2/java.lang.Object.wait(Native Method)
 java.base@18.0.2/java.util.TimerThread.mainLoop(Timer.java:563)
 java.base@18.0.2/java.util.TimerThread.run(Timer.java:516)
15-Jan-2024 11:25:28.433 WARNING [http-nio-8080-exec-4] org.apache.catalina.loader.WebappClassLoaderBase.clearReferencesThreads The web application [Gen1-Rutas] appears to have started a thread named [oracle.jdbc.driver.BlockSource.ThreadedCachingBlockSource.BlockReleaser] but has failed to stop it. This is very likely to create a memory leak. Stack trace of thread:
 java.base@18.0.2/jdk.internal.misc.Unsafe.park(Native Method)
 java.base@18.0.2/java.util.concurrent.locks.LockSupport.parkNanos(LockSupport.java:252)
 java.base@18.0.2/java.util.concurrent.locks.AbstractQueuedSynchronizer$ConditionObject.awaitNanos(AbstractQueuedSynchronizer.java:1672)
 oracle.jdbc.internal.Monitor$WaitableMonitor.monitorWait(Monitor.java:305)
 oracle.jdbc.internal.Monitor$WaitableMonitor.monitorWait(Monitor.java:287)
 oracle.jdbc.driver.BlockSource$ThreadedCachingBlockSource$BlockReleaser.run(BlockSource.java:346)
15-Jan-2024 11:25:28.434 WARNING [http-nio-8080-exec-4] org.apache.catalina.loader.WebappClassLoaderBase.clearReferencesThreads The web application [Gen1-Rutas] appears to have started a thread named [InterruptTimer] but has failed to stop it. This is very likely to create a memory leak. Stack trace of thread:
 java.base@18.0.2/java.lang.Object.wait(Native Method)
 java.base@18.0.2/java.util.TimerThread.mainLoop(Timer.java:563)
 java.base@18.0.2/java.util.TimerThread.run(Timer.java:516)
15-Jan-2024 11:25:28.474 INFO [http-nio-8080-exec-4] org.apache.catalina.startup.HostConfig.deployWAR Despliegue del archivo [C:\Users\TRJAVA-11\Documents\apache-tomcat-10.1.18\webapps\Gen1-Rutas.war] de la aplicación web
15-Jan-2024 11:25:29.176 INFO [http-nio-8080-exec-4] org.apache.jasper.servlet.TldScanner.scanJars Al menos un JAR, que se ha explorado buscando TLDs, aún no contenía TLDs. Activar historial de depuración para este historiador para una completa lista de los JARs que fueron explorados y de los que nos se halló TLDs. Saltarse JARs no necesarios durante la exploración puede dar lugar a una mejora de tiempo significativa en el arranque y compilación de JSP .
15-Jan-2024 11:25:29.180 INFO [http-nio-8080-exec-4] org.apache.catalina.startup.HostConfig.deployWAR Deployment of web application archive [C:\Users\TRJAVA-11\Documents\apache-tomcat-10.1.18\webapps\Gen1-Rutas.war] has finished in [706] ms
15-Jan-2024 11:26:44.847 INFO [http-nio-8080-exec-11] org.apache.catalina.startup.HostConfig.undeploy Repliegue (undeploy) de la aplicación web que tiene como trayectoria de contexto [/Gen1-Rutas]
15-Jan-2024 11:26:44.880 INFO [http-nio-8080-exec-11] org.apache.catalina.startup.HostConfig.deployWAR Despliegue del archivo [C:\Users\TRJAVA-11\Documents\apache-tomcat-10.1.18\webapps\Gen1-Rutas.war] de la aplicación web
15-Jan-2024 11:26:45.490 INFO [http-nio-8080-exec-11] org.apache.jasper.servlet.TldScanner.scanJars Al menos un JAR, que se ha explorado buscando TLDs, aún no contenía TLDs. Activar historial de depuración para este historiador para una completa lista de los JARs que fueron explorados y de los que nos se halló TLDs. Saltarse JARs no necesarios durante la exploración puede dar lugar a una mejora de tiempo significativa en el arranque y compilación de JSP .
15-Jan-2024 11:26:45.494 INFO [http-nio-8080-exec-11] org.apache.catalina.startup.HostConfig.deployWAR Deployment of web application archive [C:\Users\TRJAVA-11\Documents\apache-tomcat-10.1.18\webapps\Gen1-Rutas.war] has finished in [613] ms
15-Jan-2024 11:28:53.652 INFO [http-nio-8080-exec-16] org.apache.catalina.startup.HostConfig.undeploy Repliegue (undeploy) de la aplicación web que tiene como trayectoria de contexto [/Gen1-Rutas]
15-Jan-2024 11:28:53.697 INFO [http-nio-8080-exec-16] org.apache.catalina.startup.HostConfig.deployWAR Despliegue del archivo [C:\Users\TRJAVA-11\Documents\apache-tomcat-10.1.18\webapps\Gen1-Rutas.war] de la aplicación web
15-Jan-2024 11:28:54.402 INFO [http-nio-8080-exec-16] org.apache.jasper.servlet.TldScanner.scanJars Al menos un JAR, que se ha explorado buscando TLDs, aún no contenía TLDs. Activar historial de depuración para este historiador para una completa lista de los JARs que fueron explorados y de los que nos se halló TLDs. Saltarse JARs no necesarios durante la exploración puede dar lugar a una mejora de tiempo significativa en el arranque y compilación de JSP .
15-Jan-2024 11:28:54.405 INFO [http-nio-8080-exec-16] org.apache.catalina.startup.HostConfig.deployWAR Deployment of web application archive [C:\Users\TRJAVA-11\Documents\apache-tomcat-10.1.18\webapps\Gen1-Rutas.war] has finished in [708] ms
15-Jan-2024 11:31:05.989 INFO [http-nio-8080-exec-24] org.apache.catalina.startup.HostConfig.undeploy Repliegue (undeploy) de la aplicación web que tiene como trayectoria de contexto [/Gen1-Rutas]
15-Jan-2024 11:31:06.034 INFO [http-nio-8080-exec-24] org.apache.catalina.startup.HostConfig.deployWAR Despliegue del archivo [C:\Users\TRJAVA-11\Documents\apache-tomcat-10.1.18\webapps\Gen1-Rutas.war] de la aplicación web
15-Jan-2024 11:31:06.689 INFO [http-nio-8080-exec-24] org.apache.jasper.servlet.TldScanner.scanJars Al menos un JAR, que se ha explorado buscando TLDs, aún no contenía TLDs. Activar historial de depuración para este historiador para una completa lista de los JARs que fueron explorados y de los que nos se halló TLDs. Saltarse JARs no necesarios durante la exploración puede dar lugar a una mejora de tiempo significativa en el arranque y compilación de JSP .
15-Jan-2024 11:31:06.695 INFO [http-nio-8080-exec-24] org.apache.catalina.startup.HostConfig.deployWAR Deployment of web application archive [C:\Users\TRJAVA-11\Documents\apache-tomcat-10.1.18\webapps\Gen1-Rutas.war] has finished in [661] ms
15-Jan-2024 11:45:23.526 INFO [http-nio-8080-exec-32] org.apache.catalina.startup.HostConfig.undeploy Repliegue (undeploy) de la aplicación web que tiene como trayectoria de contexto [/Gen1-Rutas]
15-Jan-2024 11:45:23.567 INFO [http-nio-8080-exec-32] org.apache.catalina.startup.HostConfig.deployWAR Despliegue del archivo [C:\Users\TRJAVA-11\Documents\apache-tomcat-10.1.18\webapps\Gen1-Rutas.war] de la aplicación web
15-Jan-2024 11:45:24.271 INFO [http-nio-8080-exec-32] org.apache.jasper.servlet.TldScanner.scanJars Al menos un JAR, que se ha explorado buscando TLDs, aún no contenía TLDs. Activar historial de depuración para este historiador para una completa lista de los JARs que fueron explorados y de los que nos se halló TLDs. Saltarse JARs no necesarios durante la exploración puede dar lugar a una mejora de tiempo significativa en el arranque y compilación de JSP .
15-Jan-2024 11:45:24.274 INFO [http-nio-8080-exec-32] org.apache.catalina.startup.HostConfig.deployWAR Deployment of web application archive [C:\Users\TRJAVA-11\Documents\apache-tomcat-10.1.18\webapps\Gen1-Rutas.war] has finished in [707] ms
15-Jan-2024 13:15:20.103 INFO [http-nio-8080-exec-47] org.apache.catalina.startup.HostConfig.undeploy Repliegue (undeploy) de la aplicación web que tiene como trayectoria de contexto [/Gen1-Rutas]
15-Jan-2024 13:15:20.155 INFO [http-nio-8080-exec-47] org.apache.catalina.startup.HostConfig.deployWAR Despliegue del archivo [C:\Users\TRJAVA-11\Documents\apache-tomcat-10.1.18\webapps\Gen1-Rutas.war] de la aplicación web
15-Jan-2024 13:15:20.844 INFO [http-nio-8080-exec-47] org.apache.jasper.servlet.TldScanner.scanJars Al menos un JAR, que se ha explorado buscando TLDs, aún no contenía TLDs. Activar historial de depuración para este historiador para una completa lista de los JARs que fueron explorados y de los que nos se halló TLDs. Saltarse JARs no necesarios durante la exploración puede dar lugar a una mejora de tiempo significativa en el arranque y compilación de JSP .
15-Jan-2024 13:15:20.848 INFO [http-nio-8080-exec-47] org.apache.catalina.startup.HostConfig.deployWAR Deployment of web application archive [C:\Users\TRJAVA-11\Documents\apache-tomcat-10.1.18\webapps\Gen1-Rutas.war] has finished in [692] ms
15-Jan-2024 13:23:46.062 INFO [http-nio-8080-exec-51] org.apache.catalina.startup.HostConfig.undeploy Repliegue (undeploy) de la aplicación web que tiene como trayectoria de contexto [/Gen1-Rutas]
15-Jan-2024 13:23:46.104 INFO [http-nio-8080-exec-51] org.apache.catalina.startup.HostConfig.deployWAR Despliegue del archivo [C:\Users\TRJAVA-11\Documents\apache-tomcat-10.1.18\webapps\Gen1-Rutas.war] de la aplicación web
15-Jan-2024 13:23:46.868 INFO [http-nio-8080-exec-51] org.apache.jasper.servlet.TldScanner.scanJars Al menos un JAR, que se ha explorado buscando TLDs, aún no contenía TLDs. Activar historial de depuración para este historiador para una completa lista de los JARs que fueron explorados y de los que nos se halló TLDs. Saltarse JARs no necesarios durante la exploración puede dar lugar a una mejora de tiempo significativa en el arranque y compilación de JSP .
15-Jan-2024 13:23:46.871 INFO [http-nio-8080-exec-51] org.apache.catalina.startup.HostConfig.deployWAR Deployment of web application archive [C:\Users\TRJAVA-11\Documents\apache-tomcat-10.1.18\webapps\Gen1-Rutas.war] has finished in [767] ms
15-Jan-2024 13:24:01.744 INFO [http-nio-8080-exec-54] org.apache.catalina.startup.HostConfig.undeploy Repliegue (undeploy) de la aplicación web que tiene como trayectoria de contexto [/Gen1-Rutas]
15-Jan-2024 13:24:01.786 INFO [http-nio-8080-exec-54] org.apache.catalina.startup.HostConfig.deployWAR Despliegue del archivo [C:\Users\TRJAVA-11\Documents\apache-tomcat-10.1.18\webapps\Gen1-Rutas.war] de la aplicación web
15-Jan-2024 13:24:02.433 INFO [http-nio-8080-exec-54] org.apache.jasper.servlet.TldScanner.scanJars Al menos un JAR, que se ha explorado buscando TLDs, aún no contenía TLDs. Activar historial de depuración para este historiador para una completa lista de los JARs que fueron explorados y de los que nos se halló TLDs. Saltarse JARs no necesarios durante la exploración puede dar lugar a una mejora de tiempo significativa en el arranque y compilación de JSP .
15-Jan-2024 13:24:02.436 INFO [http-nio-8080-exec-54] org.apache.catalina.startup.HostConfig.deployWAR Deployment of web application archive [C:\Users\TRJAVA-11\Documents\apache-tomcat-10.1.18\webapps\Gen1-Rutas.war] has finished in [650] ms
15-Jan-2024 13:33:02.551 INFO [http-nio-8080-exec-62] org.apache.catalina.startup.HostConfig.undeploy Repliegue (undeploy) de la aplicación web que tiene como trayectoria de contexto [/Gen1-Rutas]
15-Jan-2024 13:33:02.592 INFO [http-nio-8080-exec-62] org.apache.catalina.startup.HostConfig.deployWAR Despliegue del archivo [C:\Users\TRJAVA-11\Documents\apache-tomcat-10.1.18\webapps\Gen1-Rutas.war] de la aplicación web
15-Jan-2024 13:33:03.239 INFO [http-nio-8080-exec-62] org.apache.jasper.servlet.TldScanner.scanJars Al menos un JAR, que se ha explorado buscando TLDs, aún no contenía TLDs. Activar historial de depuración para este historiador para una completa lista de los JARs que fueron explorados y de los que nos se halló TLDs. Saltarse JARs no necesarios durante la exploración puede dar lugar a una mejora de tiempo significativa en el arranque y compilación de JSP .
15-Jan-2024 13:33:03.242 INFO [http-nio-8080-exec-62] org.apache.catalina.startup.HostConfig.deployWAR Deployment of web application archive [C:\Users\TRJAVA-11\Documents\apache-tomcat-10.1.18\webapps\Gen1-Rutas.war] has finished in [650] ms
15-Jan-2024 13:33:54.638 INFO [http-nio-8080-exec-66] org.apache.catalina.startup.HostConfig.undeploy Repliegue (undeploy) de la aplicación web que tiene como trayectoria de contexto [/Gen1-Rutas]
15-Jan-2024 13:33:54.641 WARNING [http-nio-8080-exec-66] org.apache.catalina.loader.WebappClassLoaderBase.clearReferencesThreads The web application [Gen1-Rutas] appears to have started a thread named [OJDBC-WORKER-THREAD-11] but has failed to stop it. This is very likely to create a memory leak. Stack trace of thread:
 java.base@18.0.2/jdk.internal.misc.Unsafe.park(Native Method)
 java.base@18.0.2/java.util.concurrent.locks.LockSupport.parkNanos(LockSupport.java:252)
 java.base@18.0.2/java.util.concurrent.SynchronousQueue$TransferStack.transfer(SynchronousQueue.java:401)
 java.base@18.0.2/java.util.concurrent.SynchronousQueue.poll(SynchronousQueue.java:903)
 java.base@18.0.2/java.util.concurrent.ThreadPoolExecutor.getTask(ThreadPoolExecutor.java:1061)
 java.base@18.0.2/java.util.concurrent.ThreadPoolExecutor.runWorker(ThreadPoolExecutor.java:1122)
 java.base@18.0.2/java.util.concurrent.ThreadPoolExecutor$Worker.run(ThreadPoolExecutor.java:635)
 java.base@18.0.2/java.lang.Thread.run(Thread.java:833)
15-Jan-2024 13:33:54.687 INFO [http-nio-8080-exec-66] org.apache.catalina.startup.HostConfig.deployWAR Despliegue del archivo [C:\Users\TRJAVA-11\Documents\apache-tomcat-10.1.18\webapps\Gen1-Rutas.war] de la aplicación web
15-Jan-2024 13:33:55.375 INFO [http-nio-8080-exec-66] org.apache.jasper.servlet.TldScanner.scanJars Al menos un JAR, que se ha explorado buscando TLDs, aún no contenía TLDs. Activar historial de depuración para este historiador para una completa lista de los JARs que fueron explorados y de los que nos se halló TLDs. Saltarse JARs no necesarios durante la exploración puede dar lugar a una mejora de tiempo significativa en el arranque y compilación de JSP .
15-Jan-2024 13:33:55.379 INFO [http-nio-8080-exec-66] org.apache.catalina.startup.HostConfig.deployWAR Deployment of web application archive [C:\Users\TRJAVA-11\Documents\apache-tomcat-10.1.18\webapps\Gen1-Rutas.war] has finished in [691] ms
15-Jan-2024 13:55:45.284 INFO [http-nio-8080-exec-75] org.apache.catalina.startup.HostConfig.deployWAR Despliegue del archivo [C:\Users\TRJAVA-11\Documents\apache-tomcat-10.1.18\webapps\Gen1-P3CAMS.war] de la aplicación web
15-Jan-2024 13:55:45.797 INFO [http-nio-8080-exec-75] org.apache.jasper.servlet.TldScanner.scanJars Al menos un JAR, que se ha explorado buscando TLDs, aún no contenía TLDs. Activar historial de depuración para este historiador para una completa lista de los JARs que fueron explorados y de los que nos se halló TLDs. Saltarse JARs no necesarios durante la exploración puede dar lugar a una mejora de tiempo significativa en el arranque y compilación de JSP .
15-Jan-2024 13:55:45.802 INFO [http-nio-8080-exec-75] org.apache.catalina.startup.HostConfig.deployWAR Deployment of web application archive [C:\Users\TRJAVA-11\Documents\apache-tomcat-10.1.18\webapps\Gen1-P3CAMS.war] has finished in [516] ms
15-Jan-2024 13:58:52.488 INFO [http-nio-8080-exec-84] org.apache.catalina.startup.HostConfig.undeploy Repliegue (undeploy) de la aplicación web que tiene como trayectoria de contexto [/Gen1-P3CAMS]
15-Jan-2024 13:58:52.517 INFO [http-nio-8080-exec-84] org.apache.catalina.startup.HostConfig.deployWAR Despliegue del archivo [C:\Users\TRJAVA-11\Documents\apache-tomcat-10.1.18\webapps\Gen1-P3CAMS.war] de la aplicación web
15-Jan-2024 13:58:53.017 INFO [http-nio-8080-exec-84] org.apache.jasper.servlet.TldScanner.scanJars Al menos un JAR, que se ha explorado buscando TLDs, aún no contenía TLDs. Activar historial de depuración para este historiador para una completa lista de los JARs que fueron explorados y de los que nos se halló TLDs. Saltarse JARs no necesarios durante la exploración puede dar lugar a una mejora de tiempo significativa en el arranque y compilación de JSP .
15-Jan-2024 13:58:53.020 INFO [http-nio-8080-exec-84] org.apache.catalina.startup.HostConfig.deployWAR Deployment of web application archive [C:\Users\TRJAVA-11\Documents\apache-tomcat-10.1.18\webapps\Gen1-P3CAMS.war] has finished in [503] ms
15-Jan-2024 14:20:20.960 INFO [http-nio-8080-exec-85] org.apache.catalina.startup.HostConfig.undeploy Repliegue (undeploy) de la aplicación web que tiene como trayectoria de contexto [/Gen1-P3CAMS]
15-Jan-2024 14:20:20.997 INFO [http-nio-8080-exec-85] org.apache.catalina.startup.HostConfig.deployWAR Despliegue del archivo [C:\Users\TRJAVA-11\Documents\apache-tomcat-10.1.18\webapps\Gen1-P3CAMS.war] de la aplicación web
15-Jan-2024 14:20:21.579 INFO [http-nio-8080-exec-85] org.apache.jasper.servlet.TldScanner.scanJars Al menos un JAR, que se ha explorado buscando TLDs, aún no contenía TLDs. Activar historial de depuración para este historiador para una completa lista de los JARs que fueron explorados y de los que nos se halló TLDs. Saltarse JARs no necesarios durante la exploración puede dar lugar a una mejora de tiempo significativa en el arranque y compilación de JSP .
15-Jan-2024 14:20:21.582 INFO [http-nio-8080-exec-85] org.apache.catalina.startup.HostConfig.deployWAR Deployment of web application archive [C:\Users\TRJAVA-11\Documents\apache-tomcat-10.1.18\webapps\Gen1-P3CAMS.war] has finished in [585] ms
15-Jan-2024 14:21:00.842 INFO [http-nio-8080-exec-89] org.apache.catalina.startup.HostConfig.undeploy Repliegue (undeploy) de la aplicación web que tiene como trayectoria de contexto [/Gen1-P3CAMS]
15-Jan-2024 14:21:00.844 WARNING [http-nio-8080-exec-89] org.apache.catalina.loader.WebappClassLoaderBase.clearReferencesThreads The web application [Gen1-P3CAMS] appears to have started a thread named [OJDBC-WORKER-THREAD-15] but has failed to stop it. This is very likely to create a memory leak. Stack trace of thread:
 java.base@18.0.2/jdk.internal.misc.Unsafe.park(Native Method)
 java.base@18.0.2/java.util.concurrent.locks.LockSupport.parkNanos(LockSupport.java:252)
 java.base@18.0.2/java.util.concurrent.SynchronousQueue$TransferStack.transfer(SynchronousQueue.java:401)
 java.base@18.0.2/java.util.concurrent.SynchronousQueue.poll(SynchronousQueue.java:903)
 java.base@18.0.2/java.util.concurrent.ThreadPoolExecutor.getTask(ThreadPoolExecutor.java:1061)
 java.base@18.0.2/java.util.concurrent.ThreadPoolExecutor.runWorker(ThreadPoolExecutor.java:1122)
 java.base@18.0.2/java.util.concurrent.ThreadPoolExecutor$Worker.run(ThreadPoolExecutor.java:635)
 java.base@18.0.2/java.lang.Thread.run(Thread.java:833)
15-Jan-2024 14:21:00.870 INFO [http-nio-8080-exec-89] org.apache.catalina.startup.HostConfig.deployWAR Despliegue del archivo [C:\Users\TRJAVA-11\Documents\apache-tomcat-10.1.18\webapps\Gen1-P3CAMS.war] de la aplicación web
15-Jan-2024 14:21:01.374 INFO [http-nio-8080-exec-89] org.apache.jasper.servlet.TldScanner.scanJars Al menos un JAR, que se ha explorado buscando TLDs, aún no contenía TLDs. Activar historial de depuración para este historiador para una completa lista de los JARs que fueron explorados y de los que nos se halló TLDs. Saltarse JARs no necesarios durante la exploración puede dar lugar a una mejora de tiempo significativa en el arranque y compilación de JSP .
15-Jan-2024 14:21:01.377 INFO [http-nio-8080-exec-89] org.apache.catalina.startup.HostConfig.deployWAR Deployment of web application archive [C:\Users\TRJAVA-11\Documents\apache-tomcat-10.1.18\webapps\Gen1-P3CAMS.war] has finished in [507] ms
15-Jan-2024 14:22:20.124 INFO [http-nio-8080-exec-98] org.apache.catalina.startup.HostConfig.undeploy Repliegue (undeploy) de la aplicación web que tiene como trayectoria de contexto [/Gen1-P3CAMS]
15-Jan-2024 14:22:20.149 INFO [http-nio-8080-exec-98] org.apache.catalina.startup.HostConfig.deployWAR Despliegue del archivo [C:\Users\TRJAVA-11\Documents\apache-tomcat-10.1.18\webapps\Gen1-P3CAMS.war] de la aplicación web
15-Jan-2024 14:22:20.656 INFO [http-nio-8080-exec-98] org.apache.jasper.servlet.TldScanner.scanJars Al menos un JAR, que se ha explorado buscando TLDs, aún no contenía TLDs. Activar historial de depuración para este historiador para una completa lista de los JARs que fueron explorados y de los que nos se halló TLDs. Saltarse JARs no necesarios durante la exploración puede dar lugar a una mejora de tiempo significativa en el arranque y compilación de JSP .
15-Jan-2024 14:22:20.659 INFO [http-nio-8080-exec-98] org.apache.catalina.startup.HostConfig.deployWAR Deployment of web application archive [C:\Users\TRJAVA-11\Documents\apache-tomcat-10.1.18\webapps\Gen1-P3CAMS.war] has finished in [510] ms
15-Jan-2024 14:23:43.736 INFO [http-nio-8080-exec-103] org.apache.catalina.startup.HostConfig.undeploy Repliegue (undeploy) de la aplicación web que tiene como trayectoria de contexto [/Gen1-P3CAMS]
15-Jan-2024 14:23:43.759 INFO [http-nio-8080-exec-103] org.apache.catalina.startup.HostConfig.deployWAR Despliegue del archivo [C:\Users\TRJAVA-11\Documents\apache-tomcat-10.1.18\webapps\Gen1-P3CAMS.war] de la aplicación web
15-Jan-2024 14:23:44.252 INFO [http-nio-8080-exec-103] org.apache.jasper.servlet.TldScanner.scanJars Al menos un JAR, que se ha explorado buscando TLDs, aún no contenía TLDs. Activar historial de depuración para este historiador para una completa lista de los JARs que fueron explorados y de los que nos se halló TLDs. Saltarse JARs no necesarios durante la exploración puede dar lugar a una mejora de tiempo significativa en el arranque y compilación de JSP .
15-Jan-2024 14:23:44.254 INFO [http-nio-8080-exec-103] org.apache.catalina.startup.HostConfig.deployWAR Deployment of web application archive [C:\Users\TRJAVA-11\Documents\apache-tomcat-10.1.18\webapps\Gen1-P3CAMS.war] has finished in [495] ms
15-Jan-2024 14:26:11.369 INFO [http-nio-8080-exec-108] org.apache.catalina.startup.HostConfig.undeploy Repliegue (undeploy) de la aplicación web que tiene como trayectoria de contexto [/Gen1-P3CAMS]
15-Jan-2024 14:26:11.400 INFO [http-nio-8080-exec-108] org.apache.catalina.startup.HostConfig.deployWAR Despliegue del archivo [C:\Users\TRJAVA-11\Documents\apache-tomcat-10.1.18\webapps\Gen1-P3CAMS.war] de la aplicación web
15-Jan-2024 14:26:11.956 INFO [http-nio-8080-exec-108] org.apache.jasper.servlet.TldScanner.scanJars Al menos un JAR, que se ha explorado buscando TLDs, aún no contenía TLDs. Activar historial de depuración para este historiador para una completa lista de los JARs que fueron explorados y de los que nos se halló TLDs. Saltarse JARs no necesarios durante la exploración puede dar lugar a una mejora de tiempo significativa en el arranque y compilación de JSP .
15-Jan-2024 14:26:11.959 INFO [http-nio-8080-exec-108] org.apache.catalina.startup.HostConfig.deployWAR Deployment of web application archive [C:\Users\TRJAVA-11\Documents\apache-tomcat-10.1.18\webapps\Gen1-P3CAMS.war] has finished in [559] ms
15-Jan-2024 14:27:34.762 INFO [http-nio-8080-exec-114] org.apache.catalina.startup.HostConfig.undeploy Repliegue (undeploy) de la aplicación web que tiene como trayectoria de contexto [/Gen1-P3CAMS]
15-Jan-2024 14:27:34.788 INFO [http-nio-8080-exec-114] org.apache.catalina.startup.HostConfig.deployWAR Despliegue del archivo [C:\Users\TRJAVA-11\Documents\apache-tomcat-10.1.18\webapps\Gen1-P3CAMS.war] de la aplicación web
15-Jan-2024 14:27:35.326 INFO [http-nio-8080-exec-114] org.apache.jasper.servlet.TldScanner.scanJars Al menos un JAR, que se ha explorado buscando TLDs, aún no contenía TLDs. Activar historial de depuración para este historiador para una completa lista de los JARs que fueron explorados y de los que nos se halló TLDs. Saltarse JARs no necesarios durante la exploración puede dar lugar a una mejora de tiempo significativa en el arranque y compilación de JSP .
15-Jan-2024 14:27:35.329 INFO [http-nio-8080-exec-114] org.apache.catalina.startup.HostConfig.deployWAR Deployment of web application archive [C:\Users\TRJAVA-11\Documents\apache-tomcat-10.1.18\webapps\Gen1-P3CAMS.war] has finished in [542] ms
15-Jan-2024 14:30:12.795 INFO [http-nio-8080-exec-119] org.apache.catalina.startup.HostConfig.undeploy Repliegue (undeploy) de la aplicación web que tiene como trayectoria de contexto [/Gen1-P3CAMS]
15-Jan-2024 14:30:12.827 INFO [http-nio-8080-exec-119] org.apache.catalina.startup.HostConfig.deployWAR Despliegue del archivo [C:\Users\TRJAVA-11\Documents\apache-tomcat-10.1.18\webapps\Gen1-P3CAMS.war] de la aplicación web
15-Jan-2024 14:30:13.436 INFO [http-nio-8080-exec-119] org.apache.jasper.servlet.TldScanner.scanJars Al menos un JAR, que se ha explorado buscando TLDs, aún no contenía TLDs. Activar historial de depuración para este historiador para una completa lista de los JARs que fueron explorados y de los que nos se halló TLDs. Saltarse JARs no necesarios durante la exploración puede dar lugar a una mejora de tiempo significativa en el arranque y compilación de JSP .
15-Jan-2024 14:30:13.439 INFO [http-nio-8080-exec-119] org.apache.catalina.startup.HostConfig.deployWAR Deployment of web application archive [C:\Users\TRJAVA-11\Documents\apache-tomcat-10.1.18\webapps\Gen1-P3CAMS.war] has finished in [612] ms
15-Jan-2024 14:31:44.512 INFO [http-nio-8080-exec-127] org.apache.catalina.startup.HostConfig.undeploy Repliegue (undeploy) de la aplicación web que tiene como trayectoria de contexto [/Gen1-Rutas]
15-Jan-2024 14:31:44.551 INFO [http-nio-8080-exec-127] org.apache.catalina.startup.HostConfig.deployWAR Despliegue del archivo [C:\Users\TRJAVA-11\Documents\apache-tomcat-10.1.18\webapps\Gen1-Rutas.war] de la aplicación web
15-Jan-2024 14:31:45.181 INFO [http-nio-8080-exec-127] org.apache.jasper.servlet.TldScanner.scanJars Al menos un JAR, que se ha explorado buscando TLDs, aún no contenía TLDs. Activar historial de depuración para este historiador para una completa lista de los JARs que fueron explorados y de los que nos se halló TLDs. Saltarse JARs no necesarios durante la exploración puede dar lugar a una mejora de tiempo significativa en el arranque y compilación de JSP .
15-Jan-2024 14:31:45.184 INFO [http-nio-8080-exec-127] org.apache.catalina.startup.HostConfig.deployWAR Deployment of web application archive [C:\Users\TRJAVA-11\Documents\apache-tomcat-10.1.18\webapps\Gen1-Rutas.war] has finished in [633] ms
15-Jan-2024 14:32:09.014 INFO [http-nio-8080-exec-128] org.apache.catalina.startup.HostConfig.undeploy Repliegue (undeploy) de la aplicación web que tiene como trayectoria de contexto [/Gen1-P3CAMS]
15-Jan-2024 14:32:09.017 WARNING [http-nio-8080-exec-128] org.apache.catalina.loader.WebappClassLoaderBase.clearReferencesThreads The web application [Gen1-P3CAMS] appears to have started a thread named [OJDBC-WORKER-THREAD-21] but has failed to stop it. This is very likely to create a memory leak. Stack trace of thread:
 java.base@18.0.2/jdk.internal.misc.Unsafe.park(Native Method)
 java.base@18.0.2/java.util.concurrent.locks.LockSupport.parkNanos(LockSupport.java:252)
 java.base@18.0.2/java.util.concurrent.SynchronousQueue$TransferStack.transfer(SynchronousQueue.java:401)
 java.base@18.0.2/java.util.concurrent.SynchronousQueue.poll(SynchronousQueue.java:903)
 java.base@18.0.2/java.util.concurrent.ThreadPoolExecutor.getTask(ThreadPoolExecutor.java:1061)
 java.base@18.0.2/java.util.concurrent.ThreadPoolExecutor.runWorker(ThreadPoolExecutor.java:1122)
 java.base@18.0.2/java.util.concurrent.ThreadPoolExecutor$Worker.run(ThreadPoolExecutor.java:635)
 java.base@18.0.2/java.lang.Thread.run(Thread.java:833)
15-Jan-2024 14:32:09.044 INFO [http-nio-8080-exec-128] org.apache.catalina.startup.HostConfig.deployWAR Despliegue del archivo [C:\Users\TRJAVA-11\Documents\apache-tomcat-10.1.18\webapps\Gen1-P3CAMS.war] de la aplicación web
15-Jan-2024 14:32:09.593 INFO [http-nio-8080-exec-128] org.apache.jasper.servlet.TldScanner.scanJars Al menos un JAR, que se ha explorado buscando TLDs, aún no contenía TLDs. Activar historial de depuración para este historiador para una completa lista de los JARs que fueron explorados y de los que nos se halló TLDs. Saltarse JARs no necesarios durante la exploración puede dar lugar a una mejora de tiempo significativa en el arranque y compilación de JSP .
15-Jan-2024 14:32:09.596 INFO [http-nio-8080-exec-128] org.apache.catalina.startup.HostConfig.deployWAR Deployment of web application archive [C:\Users\TRJAVA-11\Documents\apache-tomcat-10.1.18\webapps\Gen1-P3CAMS.war] has finished in [552] ms
15-Jan-2024 14:33:03.762 INFO [http-nio-8080-exec-135] org.apache.catalina.startup.HostConfig.undeploy Repliegue (undeploy) de la aplicación web que tiene como trayectoria de contexto [/Gen1-P3CAMS]
15-Jan-2024 14:33:03.790 INFO [http-nio-8080-exec-135] org.apache.catalina.startup.HostConfig.deployWAR Despliegue del archivo [C:\Users\TRJAVA-11\Documents\apache-tomcat-10.1.18\webapps\Gen1-P3CAMS.war] de la aplicación web
15-Jan-2024 14:33:04.312 INFO [http-nio-8080-exec-135] org.apache.jasper.servlet.TldScanner.scanJars Al menos un JAR, que se ha explorado buscando TLDs, aún no contenía TLDs. Activar historial de depuración para este historiador para una completa lista de los JARs que fueron explorados y de los que nos se halló TLDs. Saltarse JARs no necesarios durante la exploración puede dar lugar a una mejora de tiempo significativa en el arranque y compilación de JSP .
15-Jan-2024 14:33:04.316 INFO [http-nio-8080-exec-135] org.apache.catalina.startup.HostConfig.deployWAR Deployment of web application archive [C:\Users\TRJAVA-11\Documents\apache-tomcat-10.1.18\webapps\Gen1-P3CAMS.war] has finished in [525] ms
15-Jan-2024 14:39:50.163 INFO [http-nio-8080-exec-140] org.apache.catalina.startup.HostConfig.undeploy Repliegue (undeploy) de la aplicación web que tiene como trayectoria de contexto [/Gen1-P3CAMS]
15-Jan-2024 14:39:50.197 INFO [http-nio-8080-exec-140] org.apache.catalina.startup.HostConfig.deployWAR Despliegue del archivo [C:\Users\TRJAVA-11\Documents\apache-tomcat-10.1.18\webapps\Gen1-P3CAMS.war] de la aplicación web
15-Jan-2024 14:39:50.763 INFO [http-nio-8080-exec-140] org.apache.jasper.servlet.TldScanner.scanJars Al menos un JAR, que se ha explorado buscando TLDs, aún no contenía TLDs. Activar historial de depuración para este historiador para una completa lista de los JARs que fueron explorados y de los que nos se halló TLDs. Saltarse JARs no necesarios durante la exploración puede dar lugar a una mejora de tiempo significativa en el arranque y compilación de JSP .
15-Jan-2024 14:39:50.766 INFO [http-nio-8080-exec-140] org.apache.catalina.startup.HostConfig.deployWAR Deployment of web application archive [C:\Users\TRJAVA-11\Documents\apache-tomcat-10.1.18\webapps\Gen1-P3CAMS.war] has finished in [569] ms
15-Jan-2024 14:41:28.667 INFO [http-nio-8080-exec-150] org.apache.catalina.startup.HostConfig.undeploy Repliegue (undeploy) de la aplicación web que tiene como trayectoria de contexto [/Gen1-P3CAMS]
15-Jan-2024 14:41:28.699 INFO [http-nio-8080-exec-150] org.apache.catalina.startup.HostConfig.deployWAR Despliegue del archivo [C:\Users\TRJAVA-11\Documents\apache-tomcat-10.1.18\webapps\Gen1-P3CAMS.war] de la aplicación web
15-Jan-2024 14:41:29.253 INFO [http-nio-8080-exec-150] org.apache.jasper.servlet.TldScanner.scanJars Al menos un JAR, que se ha explorado buscando TLDs, aún no contenía TLDs. Activar historial de depuración para este historiador para una completa lista de los JARs que fueron explorados y de los que nos se halló TLDs. Saltarse JARs no necesarios durante la exploración puede dar lugar a una mejora de tiempo significativa en el arranque y compilación de JSP .
15-Jan-2024 14:41:29.256 INFO [http-nio-8080-exec-150] org.apache.catalina.startup.HostConfig.deployWAR Deployment of web application archive [C:\Users\TRJAVA-11\Documents\apache-tomcat-10.1.18\webapps\Gen1-P3CAMS.war] has finished in [556] ms
15-Jan-2024 14:42:12.770 INFO [http-nio-8080-exec-152] org.apache.catalina.startup.HostConfig.undeploy Repliegue (undeploy) de la aplicación web que tiene como trayectoria de contexto [/Gen1-P3CAMS]
15-Jan-2024 14:42:12.773 WARNING [http-nio-8080-exec-152] org.apache.catalina.loader.WebappClassLoaderBase.clearReferencesThreads The web application [Gen1-P3CAMS] appears to have started a thread named [OJDBC-WORKER-THREAD-23] but has failed to stop it. This is very likely to create a memory leak. Stack trace of thread:
 java.base@18.0.2/jdk.internal.misc.Unsafe.park(Native Method)
 java.base@18.0.2/java.util.concurrent.locks.LockSupport.parkNanos(LockSupport.java:252)
 java.base@18.0.2/java.util.concurrent.SynchronousQueue$TransferStack.transfer(SynchronousQueue.java:401)
 java.base@18.0.2/java.util.concurrent.SynchronousQueue.poll(SynchronousQueue.java:903)
 java.base@18.0.2/java.util.concurrent.ThreadPoolExecutor.getTask(ThreadPoolExecutor.java:1061)
 java.base@18.0.2/java.util.concurrent.ThreadPoolExecutor.runWorker(ThreadPoolExecutor.java:1122)
 java.base@18.0.2/java.util.concurrent.ThreadPoolExecutor$Worker.run(ThreadPoolExecutor.java:635)
 java.base@18.0.2/java.lang.Thread.run(Thread.java:833)
15-Jan-2024 14:42:12.800 INFO [http-nio-8080-exec-152] org.apache.catalina.startup.HostConfig.deployWAR Despliegue del archivo [C:\Users\TRJAVA-11\Documents\apache-tomcat-10.1.18\webapps\Gen1-P3CAMS.war] de la aplicación web
15-Jan-2024 14:42:13.353 INFO [http-nio-8080-exec-152] org.apache.jasper.servlet.TldScanner.scanJars Al menos un JAR, que se ha explorado buscando TLDs, aún no contenía TLDs. Activar historial de depuración para este historiador para una completa lista de los JARs que fueron explorados y de los que nos se halló TLDs. Saltarse JARs no necesarios durante la exploración puede dar lugar a una mejora de tiempo significativa en el arranque y compilación de JSP .
15-Jan-2024 14:42:13.356 INFO [http-nio-8080-exec-152] org.apache.catalina.startup.HostConfig.deployWAR Deployment of web application archive [C:\Users\TRJAVA-11\Documents\apache-tomcat-10.1.18\webapps\Gen1-P3CAMS.war] has finished in [556] ms
15-Jan-2024 14:43:23.042 INFO [http-nio-8080-exec-160] org.apache.catalina.startup.HostConfig.undeploy Repliegue (undeploy) de la aplicación web que tiene como trayectoria de contexto [/Gen1-P3CAMS]
15-Jan-2024 14:43:23.073 INFO [http-nio-8080-exec-160] org.apache.catalina.startup.HostConfig.deployWAR Despliegue del archivo [C:\Users\TRJAVA-11\Documents\apache-tomcat-10.1.18\webapps\Gen1-P3CAMS.war] de la aplicación web
15-Jan-2024 14:43:23.609 INFO [http-nio-8080-exec-160] org.apache.jasper.servlet.TldScanner.scanJars Al menos un JAR, que se ha explorado buscando TLDs, aún no contenía TLDs. Activar historial de depuración para este historiador para una completa lista de los JARs que fueron explorados y de los que nos se halló TLDs. Saltarse JARs no necesarios durante la exploración puede dar lugar a una mejora de tiempo significativa en el arranque y compilación de JSP .
15-Jan-2024 14:43:23.611 INFO [http-nio-8080-exec-160] org.apache.catalina.startup.HostConfig.deployWAR Deployment of web application archive [C:\Users\TRJAVA-11\Documents\apache-tomcat-10.1.18\webapps\Gen1-P3CAMS.war] has finished in [538] ms
15-Jan-2024 14:47:42.899 INFO [http-nio-8080-exec-165] org.apache.catalina.startup.HostConfig.undeploy Repliegue (undeploy) de la aplicación web que tiene como trayectoria de contexto [/Gen1-P3CAMS]
15-Jan-2024 14:47:42.934 INFO [http-nio-8080-exec-165] org.apache.catalina.startup.HostConfig.deployWAR Despliegue del archivo [C:\Users\TRJAVA-11\Documents\apache-tomcat-10.1.18\webapps\Gen1-P3CAMS.war] de la aplicación web
15-Jan-2024 14:47:43.508 INFO [http-nio-8080-exec-165] org.apache.jasper.servlet.TldScanner.scanJars Al menos un JAR, que se ha explorado buscando TLDs, aún no contenía TLDs. Activar historial de depuración para este historiador para una completa lista de los JARs que fueron explorados y de los que nos se halló TLDs. Saltarse JARs no necesarios durante la exploración puede dar lugar a una mejora de tiempo significativa en el arranque y compilación de JSP .
15-Jan-2024 14:47:43.511 INFO [http-nio-8080-exec-165] org.apache.catalina.startup.HostConfig.deployWAR Deployment of web application archive [C:\Users\TRJAVA-11\Documents\apache-tomcat-10.1.18\webapps\Gen1-P3CAMS.war] has finished in [576] ms
15-Jan-2024 14:48:43.038 INFO [http-nio-8080-exec-174] org.apache.catalina.startup.HostConfig.undeploy Repliegue (undeploy) de la aplicación web que tiene como trayectoria de contexto [/Gen1-P3CAMS]
15-Jan-2024 14:48:43.074 INFO [http-nio-8080-exec-174] org.apache.catalina.startup.HostConfig.deployWAR Despliegue del archivo [C:\Users\TRJAVA-11\Documents\apache-tomcat-10.1.18\webapps\Gen1-P3CAMS.war] de la aplicación web
15-Jan-2024 14:48:43.629 INFO [http-nio-8080-exec-174] org.apache.jasper.servlet.TldScanner.scanJars Al menos un JAR, que se ha explorado buscando TLDs, aún no contenía TLDs. Activar historial de depuración para este historiador para una completa lista de los JARs que fueron explorados y de los que nos se halló TLDs. Saltarse JARs no necesarios durante la exploración puede dar lugar a una mejora de tiempo significativa en el arranque y compilación de JSP .
15-Jan-2024 14:48:43.632 INFO [http-nio-8080-exec-174] org.apache.catalina.startup.HostConfig.deployWAR Deployment of web application archive [C:\Users\TRJAVA-11\Documents\apache-tomcat-10.1.18\webapps\Gen1-P3CAMS.war] has finished in [558] ms
15-Jan-2024 15:00:29.973 INFO [http-nio-8080-exec-176] org.apache.catalina.startup.HostConfig.undeploy Repliegue (undeploy) de la aplicación web que tiene como trayectoria de contexto [/Gen1-P3CAMS]
15-Jan-2024 15:00:30.001 INFO [http-nio-8080-exec-176] org.apache.catalina.startup.HostConfig.deployWAR Despliegue del archivo [C:\Users\TRJAVA-11\Documents\apache-tomcat-10.1.18\webapps\Gen1-P3CAMS.war] de la aplicación web
15-Jan-2024 15:00:30.497 INFO [http-nio-8080-exec-176] org.apache.jasper.servlet.TldScanner.scanJars Al menos un JAR, que se ha explorado buscando TLDs, aún no contenía TLDs. Activar historial de depuración para este historiador para una completa lista de los JARs que fueron explorados y de los que nos se halló TLDs. Saltarse JARs no necesarios durante la exploración puede dar lugar a una mejora de tiempo significativa en el arranque y compilación de JSP .
15-Jan-2024 15:00:30.500 INFO [http-nio-8080-exec-176] org.apache.catalina.startup.HostConfig.deployWAR Deployment of web application archive [C:\Users\TRJAVA-11\Documents\apache-tomcat-10.1.18\webapps\Gen1-P3CAMS.war] has finished in [499] ms
15-Jan-2024 16:22:25.163 INFO [http-nio-8080-exec-186] org.apache.catalina.startup.HostConfig.undeploy Repliegue (undeploy) de la aplicación web que tiene como trayectoria de contexto [/Gen1-P3CAMS]
15-Jan-2024 16:22:25.197 INFO [http-nio-8080-exec-186] org.apache.catalina.startup.HostConfig.deployWAR Despliegue del archivo [C:\Users\TRJAVA-11\Documents\apache-tomcat-10.1.18\webapps\Gen1-P3CAMS.war] de la aplicación web
15-Jan-2024 16:22:25.722 INFO [http-nio-8080-exec-186] org.apache.jasper.servlet.TldScanner.scanJars Al menos un JAR, que se ha explorado buscando TLDs, aún no contenía TLDs. Activar historial de depuración para este historiador para una completa lista de los JARs que fueron explorados y de los que nos se halló TLDs. Saltarse JARs no necesarios durante la exploración puede dar lugar a una mejora de tiempo significativa en el arranque y compilación de JSP .
15-Jan-2024 16:22:25.725 INFO [http-nio-8080-exec-186] org.apache.catalina.startup.HostConfig.deployWAR Deployment of web application archive [C:\Users\TRJAVA-11\Documents\apache-tomcat-10.1.18\webapps\Gen1-P3CAMS.war] has finished in [528] ms
15-Jan-2024 17:51:03.718 INFO [http-nio-8080-exec-196] org.apache.catalina.startup.HostConfig.undeploy Repliegue (undeploy) de la aplicación web que tiene como trayectoria de contexto [/Gen1-P3CAMS]
15-Jan-2024 17:51:03.750 INFO [http-nio-8080-exec-196] org.apache.catalina.startup.HostConfig.deployWAR Despliegue del archivo [C:\Users\TRJAVA-11\Documents\apache-tomcat-10.1.18\webapps\Gen1-P3CAMS.war] de la aplicación web
15-Jan-2024 17:51:04.321 INFO [http-nio-8080-exec-196] org.apache.jasper.servlet.TldScanner.scanJars Al menos un JAR, que se ha explorado buscando TLDs, aún no contenía TLDs. Activar historial de depuración para este historiador para una completa lista de los JARs que fueron explorados y de los que nos se halló TLDs. Saltarse JARs no necesarios durante la exploración puede dar lugar a una mejora de tiempo significativa en el arranque y compilación de JSP .
15-Jan-2024 17:51:04.323 INFO [http-nio-8080-exec-196] org.apache.catalina.startup.HostConfig.deployWAR Deployment of web application archive [C:\Users\TRJAVA-11\Documents\apache-tomcat-10.1.18\webapps\Gen1-P3CAMS.war] has finished in [574] ms
15-Jan-2024 17:54:54.365 INFO [http-nio-8080-exec-201] org.apache.catalina.startup.HostConfig.undeploy Repliegue (undeploy) de la aplicación web que tiene como trayectoria de contexto [/Gen1-P3CAMS]
15-Jan-2024 17:54:54.400 INFO [http-nio-8080-exec-201] org.apache.catalina.startup.HostConfig.deployWAR Despliegue del archivo [C:\Users\TRJAVA-11\Documents\apache-tomcat-10.1.18\webapps\Gen1-P3CAMS.war] de la aplicación web
15-Jan-2024 17:54:54.939 INFO [http-nio-8080-exec-201] org.apache.jasper.servlet.TldScanner.scanJars Al menos un JAR, que se ha explorado buscando TLDs, aún no contenía TLDs. Activar historial de depuración para este historiador para una completa lista de los JARs que fueron explorados y de los que nos se halló TLDs. Saltarse JARs no necesarios durante la exploración puede dar lugar a una mejora de tiempo significativa en el arranque y compilación de JSP .
15-Jan-2024 17:54:54.942 INFO [http-nio-8080-exec-201] org.apache.catalina.startup.HostConfig.deployWAR Deployment of web application archive [C:\Users\TRJAVA-11\Documents\apache-tomcat-10.1.18\webapps\Gen1-P3CAMS.war] has finished in [542] ms
15-Jan-2024 17:56:43.893 INFO [http-nio-8080-exec-210] org.apache.catalina.startup.HostConfig.undeploy Repliegue (undeploy) de la aplicación web que tiene como trayectoria de contexto [/Gen1-P3CAMS]
15-Jan-2024 17:56:43.932 INFO [http-nio-8080-exec-210] org.apache.catalina.startup.HostConfig.deployWAR Despliegue del archivo [C:\Users\TRJAVA-11\Documents\apache-tomcat-10.1.18\webapps\Gen1-P3CAMS.war] de la aplicación web
15-Jan-2024 17:56:44.511 INFO [http-nio-8080-exec-210] org.apache.jasper.servlet.TldScanner.scanJars Al menos un JAR, que se ha explorado buscando TLDs, aún no contenía TLDs. Activar historial de depuración para este historiador para una completa lista de los JARs que fueron explorados y de los que nos se halló TLDs. Saltarse JARs no necesarios durante la exploración puede dar lugar a una mejora de tiempo significativa en el arranque y compilación de JSP .
15-Jan-2024 17:56:44.515 INFO [http-nio-8080-exec-210] org.apache.catalina.startup.HostConfig.deployWAR Deployment of web application archive [C:\Users\TRJAVA-11\Documents\apache-tomcat-10.1.18\webapps\Gen1-P3CAMS.war] has finished in [583] ms
