11-Jan-2024 08:09:18.403 INFO [main] org.apache.catalina.startup.VersionLoggerListener.log Nombre de la versión del servidor: Apache Tomcat/10.1.18
11-Jan-2024 08:09:18.407 INFO [main] org.apache.catalina.startup.VersionLoggerListener.log Server built:                      Jan 5 2024 14:39:40 UTC
11-Jan-2024 08:09:18.407 INFO [main] org.apache.catalina.startup.VersionLoggerListener.log Número de versión de servidor:     10.1.18.0
11-Jan-2024 08:09:18.408 INFO [main] org.apache.catalina.startup.VersionLoggerListener.log OS Name:                           Windows 10
11-Jan-2024 08:09:18.408 INFO [main] org.apache.catalina.startup.VersionLoggerListener.log Versión de Systema Operativo:      10.0
11-Jan-2024 08:09:18.408 INFO [main] org.apache.catalina.startup.VersionLoggerListener.log Arquitectura:                      amd64
11-Jan-2024 08:09:18.408 INFO [main] org.apache.catalina.startup.VersionLoggerListener.log Java Home:                         C:\Users\TRJAVA-11\Downloads\openjdk-18.0.2_windows-x64_bin\jdk-18.0.2
11-Jan-2024 08:09:18.408 INFO [main] org.apache.catalina.startup.VersionLoggerListener.log JVM Version:                       18.0.2+9-61
11-Jan-2024 08:09:18.409 INFO [main] org.apache.catalina.startup.VersionLoggerListener.log Vededor JVM:                       Oracle Corporation
11-Jan-2024 08:09:18.409 INFO [main] org.apache.catalina.startup.VersionLoggerListener.log CATALINA_BASE:                     C:\Users\TRJAVA-11\Documents\apache-tomcat-10.1.18
11-Jan-2024 08:09:18.409 INFO [main] org.apache.catalina.startup.VersionLoggerListener.log CATALINA_HOME:                     C:\Users\TRJAVA-11\Documents\apache-tomcat-10.1.18
11-Jan-2024 08:09:18.418 INFO [main] org.apache.catalina.startup.VersionLoggerListener.log Command line argument:             -Djava.util.logging.config.file=C:\Users\TRJAVA-11\Documents\apache-tomcat-10.1.18\conf\logging.properties
11-Jan-2024 08:09:18.418 INFO [main] org.apache.catalina.startup.VersionLoggerListener.log Command line argument:             -Djava.util.logging.manager=org.apache.juli.ClassLoaderLogManager
11-Jan-2024 08:09:18.419 INFO [main] org.apache.catalina.startup.VersionLoggerListener.log Command line argument:             -Djdk.tls.ephemeralDHKeySize=2048
11-Jan-2024 08:09:18.419 INFO [main] org.apache.catalina.startup.VersionLoggerListener.log Command line argument:             -Djava.protocol.handler.pkgs=org.apache.catalina.webresources
11-Jan-2024 08:09:18.419 INFO [main] org.apache.catalina.startup.VersionLoggerListener.log Command line argument:             --add-opens=java.base/java.lang=ALL-UNNAMED
11-Jan-2024 08:09:18.419 INFO [main] org.apache.catalina.startup.VersionLoggerListener.log Command line argument:             --add-opens=java.base/java.io=ALL-UNNAMED
11-Jan-2024 08:09:18.420 INFO [main] org.apache.catalina.startup.VersionLoggerListener.log Command line argument:             --add-opens=java.base/java.util=ALL-UNNAMED
11-Jan-2024 08:09:18.420 INFO [main] org.apache.catalina.startup.VersionLoggerListener.log Command line argument:             --add-opens=java.base/java.util.concurrent=ALL-UNNAMED
11-Jan-2024 08:09:18.420 INFO [main] org.apache.catalina.startup.VersionLoggerListener.log Command line argument:             --add-opens=java.rmi/sun.rmi.transport=ALL-UNNAMED
11-Jan-2024 08:09:18.421 INFO [main] org.apache.catalina.startup.VersionLoggerListener.log Command line argument:             -Dcatalina.base=C:\Users\TRJAVA-11\Documents\apache-tomcat-10.1.18
11-Jan-2024 08:09:18.421 INFO [main] org.apache.catalina.startup.VersionLoggerListener.log Command line argument:             -Dcatalina.home=C:\Users\TRJAVA-11\Documents\apache-tomcat-10.1.18
11-Jan-2024 08:09:18.422 INFO [main] org.apache.catalina.startup.VersionLoggerListener.log Command line argument:             -Djava.io.tmpdir=C:\Users\TRJAVA-11\Documents\apache-tomcat-10.1.18\temp
11-Jan-2024 08:09:18.427 INFO [main] org.apache.catalina.core.AprLifecycleListener.lifecycleEvent La biblioteca nativa de Apache Tomcat basada en ARP que permite un rendimiento óptimo en entornos de desarrollo no ha sido hallada en java.library.path: [C:\Users\TRJAVA-11\Downloads\openjdk-18.0.2_windows-x64_bin\jdk-18.0.2\bin;C:\Windows\Sun\Java\bin;C:\Windows\system32;C:\Windows;C:\app\TRJAVA-11\product\21c\dbhomeXE\bin;C:\Windows\system32;C:\Windows;C:\Windows\System32\Wbem;C:\Windows\System32\WindowsPowerShell\v1.0\;C:\Windows\System32\OpenSSH\;C:\Users\TRJAVA-11\Downloads\openjdk-18.0.2_windows-x64_bin\jdk-18.0.2\bin;C:\Users\TRJAVA-11\AppData\Local\Microsoft\WindowsApps;;C:\Users\TRJAVA-11\AppData\Local\Programs\Microsoft VS Code\bin;.]
11-Jan-2024 08:09:18.731 INFO [main] org.apache.coyote.AbstractProtocol.init Inicializando el manejador de protocolo ["http-nio-8080"]

11-Jan-2024 08:09:18.756 INFO [main] org.apache.catalina.startup.Catalina.load Server initialization in [566] milliseconds
11-Jan-2024 08:09:18.813 INFO [main] org.apache.catalina.core.StandardService.startInternal Arrancando servicio [Catalina]
11-Jan-2024 08:09:18.813 INFO [main] org.apache.catalina.core.StandardEngine.startInternal Starting Servlet engine: [Apache Tomcat/10.1.18]
11-Jan-2024 08:09:18.848 INFO [main] org.apache.catalina.startup.HostConfig.deployWAR Despliegue del archivo [C:\Users\TRJAVA-11\Documents\apache-tomcat-10.1.18\webapps\Gen1-Rutas.war] de la aplicación web
11-Jan-2024 08:09:19.835 INFO [main] org.apache.jasper.servlet.TldScanner.scanJars Al menos un JAR, que se ha explorado buscando TLDs, aún no contenía TLDs. Activar historial de depuración para este historiador para una completa lista de los JARs que fueron explorados y de los que nos se halló TLDs. Saltarse JARs no necesarios durante la exploración puede dar lugar a una mejora de tiempo significativa en el arranque y compilación de JSP .
11-Jan-2024 08:09:19.909 INFO [main] org.apache.catalina.startup.HostConfig.deployWAR Deployment of web application archive [C:\Users\TRJAVA-11\Documents\apache-tomcat-10.1.18\webapps\Gen1-Rutas.war] has finished in [1.060] ms
11-Jan-2024 08:09:19.910 INFO [main] org.apache.catalina.startup.HostConfig.deployDirectory Desplegando el directorio [C:\Users\TRJAVA-11\Documents\apache-tomcat-10.1.18\webapps\docs] de la aplicación web
11-Jan-2024 08:09:20.382 INFO [main] org.apache.jasper.servlet.TldScanner.scanJars Al menos un JAR, que se ha explorado buscando TLDs, aún no contenía TLDs. Activar historial de depuración para este historiador para una completa lista de los JARs que fueron explorados y de los que nos se halló TLDs. Saltarse JARs no necesarios durante la exploración puede dar lugar a una mejora de tiempo significativa en el arranque y compilación de JSP .
11-Jan-2024 08:09:20.385 INFO [main] org.apache.catalina.startup.HostConfig.deployDirectory Deployment of web application directory [C:\Users\TRJAVA-11\Documents\apache-tomcat-10.1.18\webapps\docs] has finished in [475] ms
11-Jan-2024 08:09:20.385 INFO [main] org.apache.catalina.startup.HostConfig.deployDirectory Desplegando el directorio [C:\Users\TRJAVA-11\Documents\apache-tomcat-10.1.18\webapps\examples] de la aplicación web
11-Jan-2024 08:09:21.830 INFO [main] org.apache.jasper.servlet.TldScanner.scanJars Al menos un JAR, que se ha explorado buscando TLDs, aún no contenía TLDs. Activar historial de depuración para este historiador para una completa lista de los JARs que fueron explorados y de los que nos se halló TLDs. Saltarse JARs no necesarios durante la exploración puede dar lugar a una mejora de tiempo significativa en el arranque y compilación de JSP .
11-Jan-2024 08:09:21.883 INFO [main] org.apache.catalina.startup.HostConfig.deployDirectory Deployment of web application directory [C:\Users\TRJAVA-11\Documents\apache-tomcat-10.1.18\webapps\examples] has finished in [1.498] ms
11-Jan-2024 08:09:21.884 INFO [main] org.apache.catalina.startup.HostConfig.deployDirectory Desplegando el directorio [C:\Users\TRJAVA-11\Documents\apache-tomcat-10.1.18\webapps\host-manager] de la aplicación web
11-Jan-2024 08:09:22.341 INFO [main] org.apache.jasper.servlet.TldScanner.scanJars Al menos un JAR, que se ha explorado buscando TLDs, aún no contenía TLDs. Activar historial de depuración para este historiador para una completa lista de los JARs que fueron explorados y de los que nos se halló TLDs. Saltarse JARs no necesarios durante la exploración puede dar lugar a una mejora de tiempo significativa en el arranque y compilación de JSP .
11-Jan-2024 08:09:22.350 INFO [main] org.apache.catalina.startup.HostConfig.deployDirectory Deployment of web application directory [C:\Users\TRJAVA-11\Documents\apache-tomcat-10.1.18\webapps\host-manager] has finished in [465] ms
11-Jan-2024 08:09:22.350 INFO [main] org.apache.catalina.startup.HostConfig.deployDirectory Desplegando el directorio [C:\Users\TRJAVA-11\Documents\apache-tomcat-10.1.18\webapps\manager] de la aplicación web
11-Jan-2024 08:09:22.766 INFO [main] org.apache.jasper.servlet.TldScanner.scanJars Al menos un JAR, que se ha explorado buscando TLDs, aún no contenía TLDs. Activar historial de depuración para este historiador para una completa lista de los JARs que fueron explorados y de los que nos se halló TLDs. Saltarse JARs no necesarios durante la exploración puede dar lugar a una mejora de tiempo significativa en el arranque y compilación de JSP .
11-Jan-2024 08:09:22.769 INFO [main] org.apache.catalina.startup.HostConfig.deployDirectory Deployment of web application directory [C:\Users\TRJAVA-11\Documents\apache-tomcat-10.1.18\webapps\manager] has finished in [418] ms
11-Jan-2024 08:09:22.769 INFO [main] org.apache.catalina.startup.HostConfig.deployDirectory Desplegando el directorio [C:\Users\TRJAVA-11\Documents\apache-tomcat-10.1.18\webapps\ROOT] de la aplicación web
11-Jan-2024 08:09:23.156 INFO [main] org.apache.jasper.servlet.TldScanner.scanJars Al menos un JAR, que se ha explorado buscando TLDs, aún no contenía TLDs. Activar historial de depuración para este historiador para una completa lista de los JARs que fueron explorados y de los que nos se halló TLDs. Saltarse JARs no necesarios durante la exploración puede dar lugar a una mejora de tiempo significativa en el arranque y compilación de JSP .
11-Jan-2024 08:09:23.159 INFO [main] org.apache.catalina.startup.HostConfig.deployDirectory Deployment of web application directory [C:\Users\TRJAVA-11\Documents\apache-tomcat-10.1.18\webapps\ROOT] has finished in [390] ms
11-Jan-2024 08:09:23.163 INFO [main] org.apache.coyote.AbstractProtocol.start Starting ProtocolHandler ["http-nio-8080"]
11-Jan-2024 08:09:23.197 INFO [main] org.apache.catalina.startup.Catalina.start Server startup in [4439] milliseconds
11-Jan-2024 10:13:35.461 INFO [http-nio-8080-exec-1] org.apache.catalina.startup.HostConfig.undeploy Repliegue (undeploy) de la aplicación web que tiene como trayectoria de contexto [/Gen1-Rutas]
11-Jan-2024 10:13:35.501 INFO [http-nio-8080-exec-1] org.apache.catalina.startup.HostConfig.deployWAR Despliegue del archivo [C:\Users\TRJAVA-11\Documents\apache-tomcat-10.1.18\webapps\Gen1-Rutas.war] de la aplicación web
11-Jan-2024 10:13:36.057 INFO [http-nio-8080-exec-1] org.apache.jasper.servlet.TldScanner.scanJars Al menos un JAR, que se ha explorado buscando TLDs, aún no contenía TLDs. Activar historial de depuración para este historiador para una completa lista de los JARs que fueron explorados y de los que nos se halló TLDs. Saltarse JARs no necesarios durante la exploración puede dar lugar a una mejora de tiempo significativa en el arranque y compilación de JSP .
11-Jan-2024 10:13:36.061 INFO [http-nio-8080-exec-1] org.apache.catalina.startup.HostConfig.deployWAR Deployment of web application archive [C:\Users\TRJAVA-11\Documents\apache-tomcat-10.1.18\webapps\Gen1-Rutas.war] has finished in [560] ms
11-Jan-2024 12:06:14.906 INFO [http-nio-8080-exec-16] org.apache.catalina.startup.HostConfig.undeploy Repliegue (undeploy) de la aplicación web que tiene como trayectoria de contexto [/Gen1-Rutas]
11-Jan-2024 12:06:14.911 WARNING [http-nio-8080-exec-16] org.apache.catalina.loader.WebappClassLoaderBase.clearReferencesThreads The web application [Gen1-Rutas] appears to have started a thread named [oracle.jdbc.diagnostics.Diagnostic.CLOCK] but has failed to stop it. This is very likely to create a memory leak. Stack trace of thread:
 java.base@18.0.2/java.lang.Object.wait(Native Method)
 java.base@18.0.2/java.util.TimerThread.mainLoop(Timer.java:563)
 java.base@18.0.2/java.util.TimerThread.run(Timer.java:516)
11-Jan-2024 12:06:14.912 WARNING [http-nio-8080-exec-16] org.apache.catalina.loader.WebappClassLoaderBase.clearReferencesThreads The web application [Gen1-Rutas] appears to have started a thread named [oracle.jdbc.driver.BlockSource.ThreadedCachingBlockSource.BlockReleaser] but has failed to stop it. This is very likely to create a memory leak. Stack trace of thread:
 java.base@18.0.2/jdk.internal.misc.Unsafe.park(Native Method)
 java.base@18.0.2/java.util.concurrent.locks.LockSupport.parkNanos(LockSupport.java:252)
 java.base@18.0.2/java.util.concurrent.locks.AbstractQueuedSynchronizer$ConditionObject.awaitNanos(AbstractQueuedSynchronizer.java:1672)
 oracle.jdbc.internal.Monitor$WaitableMonitor.monitorWait(Monitor.java:305)
 oracle.jdbc.internal.Monitor$WaitableMonitor.monitorWait(Monitor.java:287)
 oracle.jdbc.driver.BlockSource$ThreadedCachingBlockSource$BlockReleaser.run(BlockSource.java:346)
11-Jan-2024 12:06:14.912 WARNING [http-nio-8080-exec-16] org.apache.catalina.loader.WebappClassLoaderBase.clearReferencesThreads The web application [Gen1-Rutas] appears to have started a thread named [InterruptTimer] but has failed to stop it. This is very likely to create a memory leak. Stack trace of thread:
 java.base@18.0.2/java.lang.Object.wait(Native Method)
 java.base@18.0.2/java.util.TimerThread.mainLoop(Timer.java:563)
 java.base@18.0.2/java.util.TimerThread.run(Timer.java:516)
11-Jan-2024 12:06:14.940 INFO [http-nio-8080-exec-16] org.apache.catalina.startup.HostConfig.deployWAR Despliegue del archivo [C:\Users\TRJAVA-11\Documents\apache-tomcat-10.1.18\webapps\Gen1-Rutas.war] de la aplicación web
11-Jan-2024 12:06:15.517 INFO [http-nio-8080-exec-16] org.apache.jasper.servlet.TldScanner.scanJars Al menos un JAR, que se ha explorado buscando TLDs, aún no contenía TLDs. Activar historial de depuración para este historiador para una completa lista de los JARs que fueron explorados y de los que nos se halló TLDs. Saltarse JARs no necesarios durante la exploración puede dar lugar a una mejora de tiempo significativa en el arranque y compilación de JSP .
11-Jan-2024 12:06:15.522 INFO [http-nio-8080-exec-16] org.apache.catalina.startup.HostConfig.deployWAR Deployment of web application archive [C:\Users\TRJAVA-11\Documents\apache-tomcat-10.1.18\webapps\Gen1-Rutas.war] has finished in [582] ms
11-Jan-2024 12:11:54.557 INFO [http-nio-8080-exec-23] org.apache.catalina.startup.HostConfig.undeploy Repliegue (undeploy) de la aplicación web que tiene como trayectoria de contexto [/Gen1-Rutas]
11-Jan-2024 12:11:54.590 INFO [http-nio-8080-exec-23] org.apache.catalina.startup.HostConfig.deployWAR Despliegue del archivo [C:\Users\TRJAVA-11\Documents\apache-tomcat-10.1.18\webapps\Gen1-Rutas.war] de la aplicación web
11-Jan-2024 12:11:55.190 INFO [http-nio-8080-exec-23] org.apache.jasper.servlet.TldScanner.scanJars Al menos un JAR, que se ha explorado buscando TLDs, aún no contenía TLDs. Activar historial de depuración para este historiador para una completa lista de los JARs que fueron explorados y de los que nos se halló TLDs. Saltarse JARs no necesarios durante la exploración puede dar lugar a una mejora de tiempo significativa en el arranque y compilación de JSP .
11-Jan-2024 12:11:55.193 INFO [http-nio-8080-exec-23] org.apache.catalina.startup.HostConfig.deployWAR Deployment of web application archive [C:\Users\TRJAVA-11\Documents\apache-tomcat-10.1.18\webapps\Gen1-Rutas.war] has finished in [603] ms
11-Jan-2024 12:12:47.768 INFO [http-nio-8080-exec-29] org.apache.catalina.startup.HostConfig.undeploy Repliegue (undeploy) de la aplicación web que tiene como trayectoria de contexto [/Gen1-Rutas]
11-Jan-2024 12:12:47.771 WARNING [http-nio-8080-exec-29] org.apache.catalina.loader.WebappClassLoaderBase.clearReferencesThreads The web application [Gen1-Rutas] appears to have started a thread named [OJDBC-WORKER-THREAD-5] but has failed to stop it. This is very likely to create a memory leak. Stack trace of thread:
 java.base@18.0.2/jdk.internal.misc.Unsafe.park(Native Method)
 java.base@18.0.2/java.util.concurrent.locks.LockSupport.parkNanos(LockSupport.java:252)
 java.base@18.0.2/java.util.concurrent.SynchronousQueue$TransferStack.transfer(SynchronousQueue.java:401)
 java.base@18.0.2/java.util.concurrent.SynchronousQueue.poll(SynchronousQueue.java:903)
 java.base@18.0.2/java.util.concurrent.ThreadPoolExecutor.getTask(ThreadPoolExecutor.java:1061)
 java.base@18.0.2/java.util.concurrent.ThreadPoolExecutor.runWorker(ThreadPoolExecutor.java:1122)
 java.base@18.0.2/java.util.concurrent.ThreadPoolExecutor$Worker.run(ThreadPoolExecutor.java:635)
 java.base@18.0.2/java.lang.Thread.run(Thread.java:833)
11-Jan-2024 12:12:47.802 INFO [http-nio-8080-exec-29] org.apache.catalina.startup.HostConfig.deployWAR Despliegue del archivo [C:\Users\TRJAVA-11\Documents\apache-tomcat-10.1.18\webapps\Gen1-Rutas.war] de la aplicación web
11-Jan-2024 12:12:48.440 INFO [http-nio-8080-exec-29] org.apache.jasper.servlet.TldScanner.scanJars Al menos un JAR, que se ha explorado buscando TLDs, aún no contenía TLDs. Activar historial de depuración para este historiador para una completa lista de los JARs que fueron explorados y de los que nos se halló TLDs. Saltarse JARs no necesarios durante la exploración puede dar lugar a una mejora de tiempo significativa en el arranque y compilación de JSP .
11-Jan-2024 12:12:48.443 INFO [http-nio-8080-exec-29] org.apache.catalina.startup.HostConfig.deployWAR Deployment of web application archive [C:\Users\TRJAVA-11\Documents\apache-tomcat-10.1.18\webapps\Gen1-Rutas.war] has finished in [641] ms
11-Jan-2024 12:13:42.162 INFO [http-nio-8080-exec-13] org.apache.catalina.startup.HostConfig.undeploy Repliegue (undeploy) de la aplicación web que tiene como trayectoria de contexto [/Gen1-Rutas]
11-Jan-2024 12:13:42.193 INFO [http-nio-8080-exec-13] org.apache.catalina.startup.HostConfig.deployWAR Despliegue del archivo [C:\Users\TRJAVA-11\Documents\apache-tomcat-10.1.18\webapps\Gen1-Rutas.war] de la aplicación web
11-Jan-2024 12:13:42.803 INFO [http-nio-8080-exec-13] org.apache.jasper.servlet.TldScanner.scanJars Al menos un JAR, que se ha explorado buscando TLDs, aún no contenía TLDs. Activar historial de depuración para este historiador para una completa lista de los JARs que fueron explorados y de los que nos se halló TLDs. Saltarse JARs no necesarios durante la exploración puede dar lugar a una mejora de tiempo significativa en el arranque y compilación de JSP .
11-Jan-2024 12:13:42.806 INFO [http-nio-8080-exec-13] org.apache.catalina.startup.HostConfig.deployWAR Deployment of web application archive [C:\Users\TRJAVA-11\Documents\apache-tomcat-10.1.18\webapps\Gen1-Rutas.war] has finished in [612] ms
11-Jan-2024 12:16:29.756 INFO [http-nio-8080-exec-39] org.apache.catalina.startup.HostConfig.undeploy Repliegue (undeploy) de la aplicación web que tiene como trayectoria de contexto [/Gen1-Rutas]
11-Jan-2024 12:16:29.760 WARNING [http-nio-8080-exec-39] org.apache.catalina.loader.WebappClassLoaderBase.clearReferencesThreads The web application [Gen1-Rutas] appears to have started a thread named [OJDBC-WORKER-THREAD-6] but has failed to stop it. This is very likely to create a memory leak. Stack trace of thread:
 java.base@18.0.2/jdk.internal.misc.Unsafe.park(Native Method)
 java.base@18.0.2/java.util.concurrent.locks.LockSupport.parkNanos(LockSupport.java:252)
 java.base@18.0.2/java.util.concurrent.SynchronousQueue$TransferStack.transfer(SynchronousQueue.java:401)
 java.base@18.0.2/java.util.concurrent.SynchronousQueue.poll(SynchronousQueue.java:903)
 java.base@18.0.2/java.util.concurrent.ThreadPoolExecutor.getTask(ThreadPoolExecutor.java:1061)
 java.base@18.0.2/java.util.concurrent.ThreadPoolExecutor.runWorker(ThreadPoolExecutor.java:1122)
 java.base@18.0.2/java.util.concurrent.ThreadPoolExecutor$Worker.run(ThreadPoolExecutor.java:635)
 java.base@18.0.2/java.lang.Thread.run(Thread.java:833)
11-Jan-2024 12:16:29.794 INFO [http-nio-8080-exec-39] org.apache.catalina.startup.HostConfig.deployWAR Despliegue del archivo [C:\Users\TRJAVA-11\Documents\apache-tomcat-10.1.18\webapps\Gen1-Rutas.war] de la aplicación web
11-Jan-2024 12:16:30.366 INFO [http-nio-8080-exec-39] org.apache.jasper.servlet.TldScanner.scanJars Al menos un JAR, que se ha explorado buscando TLDs, aún no contenía TLDs. Activar historial de depuración para este historiador para una completa lista de los JARs que fueron explorados y de los que nos se halló TLDs. Saltarse JARs no necesarios durante la exploración puede dar lugar a una mejora de tiempo significativa en el arranque y compilación de JSP .
11-Jan-2024 12:16:30.369 INFO [http-nio-8080-exec-39] org.apache.catalina.startup.HostConfig.deployWAR Deployment of web application archive [C:\Users\TRJAVA-11\Documents\apache-tomcat-10.1.18\webapps\Gen1-Rutas.war] has finished in [576] ms
11-Jan-2024 12:34:37.649 INFO [http-nio-8080-exec-46] org.apache.catalina.startup.HostConfig.undeploy Repliegue (undeploy) de la aplicación web que tiene como trayectoria de contexto [/Gen1-Rutas]
11-Jan-2024 12:34:37.681 INFO [http-nio-8080-exec-46] org.apache.catalina.startup.HostConfig.deployWAR Despliegue del archivo [C:\Users\TRJAVA-11\Documents\apache-tomcat-10.1.18\webapps\Gen1-Rutas.war] de la aplicación web
11-Jan-2024 12:34:38.196 INFO [http-nio-8080-exec-46] org.apache.jasper.servlet.TldScanner.scanJars Al menos un JAR, que se ha explorado buscando TLDs, aún no contenía TLDs. Activar historial de depuración para este historiador para una completa lista de los JARs que fueron explorados y de los que nos se halló TLDs. Saltarse JARs no necesarios durante la exploración puede dar lugar a una mejora de tiempo significativa en el arranque y compilación de JSP .
11-Jan-2024 12:34:38.199 INFO [http-nio-8080-exec-46] org.apache.catalina.startup.HostConfig.deployWAR Deployment of web application archive [C:\Users\TRJAVA-11\Documents\apache-tomcat-10.1.18\webapps\Gen1-Rutas.war] has finished in [518] ms
11-Jan-2024 12:35:41.260 INFO [http-nio-8080-exec-55] org.apache.catalina.startup.HostConfig.undeploy Repliegue (undeploy) de la aplicación web que tiene como trayectoria de contexto [/Gen1-Rutas]
11-Jan-2024 12:35:41.288 INFO [http-nio-8080-exec-55] org.apache.catalina.startup.HostConfig.deployWAR Despliegue del archivo [C:\Users\TRJAVA-11\Documents\apache-tomcat-10.1.18\webapps\Gen1-Rutas.war] de la aplicación web
11-Jan-2024 12:35:41.833 INFO [http-nio-8080-exec-55] org.apache.jasper.servlet.TldScanner.scanJars Al menos un JAR, que se ha explorado buscando TLDs, aún no contenía TLDs. Activar historial de depuración para este historiador para una completa lista de los JARs que fueron explorados y de los que nos se halló TLDs. Saltarse JARs no necesarios durante la exploración puede dar lugar a una mejora de tiempo significativa en el arranque y compilación de JSP .
11-Jan-2024 12:35:41.836 INFO [http-nio-8080-exec-55] org.apache.catalina.startup.HostConfig.deployWAR Deployment of web application archive [C:\Users\TRJAVA-11\Documents\apache-tomcat-10.1.18\webapps\Gen1-Rutas.war] has finished in [548] ms
11-Jan-2024 12:36:59.878 INFO [http-nio-8080-exec-60] org.apache.catalina.startup.HostConfig.deployWAR Despliegue del archivo [C:\Users\TRJAVA-11\Documents\apache-tomcat-10.1.18\webapps\Gen1-RutasM.war] de la aplicación web
11-Jan-2024 12:37:00.491 INFO [http-nio-8080-exec-60] org.apache.jasper.servlet.TldScanner.scanJars Al menos un JAR, que se ha explorado buscando TLDs, aún no contenía TLDs. Activar historial de depuración para este historiador para una completa lista de los JARs que fueron explorados y de los que nos se halló TLDs. Saltarse JARs no necesarios durante la exploración puede dar lugar a una mejora de tiempo significativa en el arranque y compilación de JSP .
11-Jan-2024 12:37:00.494 INFO [http-nio-8080-exec-60] org.apache.catalina.startup.HostConfig.deployWAR Deployment of web application archive [C:\Users\TRJAVA-11\Documents\apache-tomcat-10.1.18\webapps\Gen1-RutasM.war] has finished in [616] ms
11-Jan-2024 12:38:22.324 INFO [http-nio-8080-exec-62] org.apache.catalina.startup.HostConfig.undeploy Repliegue (undeploy) de la aplicación web que tiene como trayectoria de contexto [/Gen1-RutasM]
11-Jan-2024 12:38:22.327 WARNING [http-nio-8080-exec-62] org.apache.catalina.loader.WebappClassLoaderBase.clearReferencesThreads The web application [Gen1-RutasM] appears to have started a thread named [OJDBC-WORKER-THREAD-9] but has failed to stop it. This is very likely to create a memory leak. Stack trace of thread:
 java.base@18.0.2/jdk.internal.misc.Unsafe.park(Native Method)
 java.base@18.0.2/java.util.concurrent.locks.LockSupport.parkNanos(LockSupport.java:252)
 java.base@18.0.2/java.util.concurrent.SynchronousQueue$TransferStack.transfer(SynchronousQueue.java:401)
 java.base@18.0.2/java.util.concurrent.SynchronousQueue.poll(SynchronousQueue.java:903)
 java.base@18.0.2/java.util.concurrent.ThreadPoolExecutor.getTask(ThreadPoolExecutor.java:1061)
 java.base@18.0.2/java.util.concurrent.ThreadPoolExecutor.runWorker(ThreadPoolExecutor.java:1122)
 java.base@18.0.2/java.util.concurrent.ThreadPoolExecutor$Worker.run(ThreadPoolExecutor.java:635)
 java.base@18.0.2/java.lang.Thread.run(Thread.java:833)
11-Jan-2024 12:38:22.357 INFO [http-nio-8080-exec-62] org.apache.catalina.startup.HostConfig.deployWAR Despliegue del archivo [C:\Users\TRJAVA-11\Documents\apache-tomcat-10.1.18\webapps\Gen1-RutasM.war] de la aplicación web
11-Jan-2024 12:38:22.943 INFO [http-nio-8080-exec-62] org.apache.jasper.servlet.TldScanner.scanJars Al menos un JAR, que se ha explorado buscando TLDs, aún no contenía TLDs. Activar historial de depuración para este historiador para una completa lista de los JARs que fueron explorados y de los que nos se halló TLDs. Saltarse JARs no necesarios durante la exploración puede dar lugar a una mejora de tiempo significativa en el arranque y compilación de JSP .
11-Jan-2024 12:38:22.946 INFO [http-nio-8080-exec-62] org.apache.catalina.startup.HostConfig.deployWAR Deployment of web application archive [C:\Users\TRJAVA-11\Documents\apache-tomcat-10.1.18\webapps\Gen1-RutasM.war] has finished in [590] ms
11-Jan-2024 14:56:27.390 INFO [http-nio-8080-exec-75] org.apache.catalina.startup.HostConfig.undeploy Repliegue (undeploy) de la aplicación web que tiene como trayectoria de contexto [/Gen1-Rutas]
11-Jan-2024 14:56:27.438 INFO [http-nio-8080-exec-75] org.apache.catalina.startup.HostConfig.deployWAR Despliegue del archivo [C:\Users\TRJAVA-11\Documents\apache-tomcat-10.1.18\webapps\Gen1-Rutas.war] de la aplicación web
11-Jan-2024 14:56:28.079 INFO [http-nio-8080-exec-75] org.apache.jasper.servlet.TldScanner.scanJars Al menos un JAR, que se ha explorado buscando TLDs, aún no contenía TLDs. Activar historial de depuración para este historiador para una completa lista de los JARs que fueron explorados y de los que nos se halló TLDs. Saltarse JARs no necesarios durante la exploración puede dar lugar a una mejora de tiempo significativa en el arranque y compilación de JSP .
11-Jan-2024 14:56:28.084 INFO [http-nio-8080-exec-75] org.apache.catalina.startup.HostConfig.deployWAR Deployment of web application archive [C:\Users\TRJAVA-11\Documents\apache-tomcat-10.1.18\webapps\Gen1-Rutas.war] has finished in [645] ms
11-Jan-2024 15:00:34.169 INFO [http-nio-8080-exec-79] org.apache.catalina.startup.HostConfig.undeploy Repliegue (undeploy) de la aplicación web que tiene como trayectoria de contexto [/Gen1-Rutas]
11-Jan-2024 15:00:34.194 INFO [http-nio-8080-exec-79] org.apache.catalina.startup.HostConfig.deployWAR Despliegue del archivo [C:\Users\TRJAVA-11\Documents\apache-tomcat-10.1.18\webapps\Gen1-Rutas.war] de la aplicación web
11-Jan-2024 15:00:34.704 INFO [http-nio-8080-exec-79] org.apache.jasper.servlet.TldScanner.scanJars Al menos un JAR, que se ha explorado buscando TLDs, aún no contenía TLDs. Activar historial de depuración para este historiador para una completa lista de los JARs que fueron explorados y de los que nos se halló TLDs. Saltarse JARs no necesarios durante la exploración puede dar lugar a una mejora de tiempo significativa en el arranque y compilación de JSP .
11-Jan-2024 15:00:34.706 INFO [http-nio-8080-exec-79] org.apache.catalina.startup.HostConfig.deployWAR Deployment of web application archive [C:\Users\TRJAVA-11\Documents\apache-tomcat-10.1.18\webapps\Gen1-Rutas.war] has finished in [512] ms
11-Jan-2024 15:03:03.658 INFO [http-nio-8080-exec-87] org.apache.catalina.startup.HostConfig.undeploy Repliegue (undeploy) de la aplicación web que tiene como trayectoria de contexto [/Gen1-Rutas]
11-Jan-2024 15:03:03.689 INFO [http-nio-8080-exec-87] org.apache.catalina.startup.HostConfig.deployWAR Despliegue del archivo [C:\Users\TRJAVA-11\Documents\apache-tomcat-10.1.18\webapps\Gen1-Rutas.war] de la aplicación web
11-Jan-2024 15:03:04.278 INFO [http-nio-8080-exec-87] org.apache.jasper.servlet.TldScanner.scanJars Al menos un JAR, que se ha explorado buscando TLDs, aún no contenía TLDs. Activar historial de depuración para este historiador para una completa lista de los JARs que fueron explorados y de los que nos se halló TLDs. Saltarse JARs no necesarios durante la exploración puede dar lugar a una mejora de tiempo significativa en el arranque y compilación de JSP .
11-Jan-2024 15:03:04.282 INFO [http-nio-8080-exec-87] org.apache.catalina.startup.HostConfig.deployWAR Deployment of web application archive [C:\Users\TRJAVA-11\Documents\apache-tomcat-10.1.18\webapps\Gen1-Rutas.war] has finished in [592] ms
11-Jan-2024 15:04:03.317 INFO [http-nio-8080-exec-88] org.apache.catalina.startup.HostConfig.undeploy Repliegue (undeploy) de la aplicación web que tiene como trayectoria de contexto [/Gen1-Rutas]
11-Jan-2024 15:04:03.320 WARNING [http-nio-8080-exec-88] org.apache.catalina.loader.WebappClassLoaderBase.clearReferencesThreads The web application [Gen1-Rutas] appears to have started a thread named [OJDBC-WORKER-THREAD-14] but has failed to stop it. This is very likely to create a memory leak. Stack trace of thread:
 java.base@18.0.2/jdk.internal.misc.Unsafe.park(Native Method)
 java.base@18.0.2/java.util.concurrent.locks.LockSupport.parkNanos(LockSupport.java:252)
 java.base@18.0.2/java.util.concurrent.SynchronousQueue$TransferStack.transfer(SynchronousQueue.java:401)
 java.base@18.0.2/java.util.concurrent.SynchronousQueue.poll(SynchronousQueue.java:903)
 java.base@18.0.2/java.util.concurrent.ThreadPoolExecutor.getTask(ThreadPoolExecutor.java:1061)
 java.base@18.0.2/java.util.concurrent.ThreadPoolExecutor.runWorker(ThreadPoolExecutor.java:1122)
 java.base@18.0.2/java.util.concurrent.ThreadPoolExecutor$Worker.run(ThreadPoolExecutor.java:635)
 java.base@18.0.2/java.lang.Thread.run(Thread.java:833)
11-Jan-2024 15:04:03.347 INFO [http-nio-8080-exec-88] org.apache.catalina.startup.HostConfig.deployWAR Despliegue del archivo [C:\Users\TRJAVA-11\Documents\apache-tomcat-10.1.18\webapps\Gen1-Rutas.war] de la aplicación web
11-Jan-2024 15:04:03.911 INFO [http-nio-8080-exec-88] org.apache.jasper.servlet.TldScanner.scanJars Al menos un JAR, que se ha explorado buscando TLDs, aún no contenía TLDs. Activar historial de depuración para este historiador para una completa lista de los JARs que fueron explorados y de los que nos se halló TLDs. Saltarse JARs no necesarios durante la exploración puede dar lugar a una mejora de tiempo significativa en el arranque y compilación de JSP .
11-Jan-2024 15:04:03.914 INFO [http-nio-8080-exec-88] org.apache.catalina.startup.HostConfig.deployWAR Deployment of web application archive [C:\Users\TRJAVA-11\Documents\apache-tomcat-10.1.18\webapps\Gen1-Rutas.war] has finished in [567] ms
11-Jan-2024 15:06:41.843 INFO [http-nio-8080-exec-96] org.apache.catalina.startup.HostConfig.undeploy Repliegue (undeploy) de la aplicación web que tiene como trayectoria de contexto [/Gen1-Rutas]
11-Jan-2024 15:06:41.874 INFO [http-nio-8080-exec-96] org.apache.catalina.startup.HostConfig.deployWAR Despliegue del archivo [C:\Users\TRJAVA-11\Documents\apache-tomcat-10.1.18\webapps\Gen1-Rutas.war] de la aplicación web
11-Jan-2024 15:06:42.445 INFO [http-nio-8080-exec-96] org.apache.jasper.servlet.TldScanner.scanJars Al menos un JAR, que se ha explorado buscando TLDs, aún no contenía TLDs. Activar historial de depuración para este historiador para una completa lista de los JARs que fueron explorados y de los que nos se halló TLDs. Saltarse JARs no necesarios durante la exploración puede dar lugar a una mejora de tiempo significativa en el arranque y compilación de JSP .
11-Jan-2024 15:06:42.448 INFO [http-nio-8080-exec-96] org.apache.catalina.startup.HostConfig.deployWAR Deployment of web application archive [C:\Users\TRJAVA-11\Documents\apache-tomcat-10.1.18\webapps\Gen1-Rutas.war] has finished in [574] ms
11-Jan-2024 15:09:24.912 INFO [http-nio-8080-exec-102] org.apache.catalina.startup.HostConfig.undeploy Repliegue (undeploy) de la aplicación web que tiene como trayectoria de contexto [/Gen1-Rutas]
11-Jan-2024 15:09:24.946 INFO [http-nio-8080-exec-102] org.apache.catalina.startup.HostConfig.deployWAR Despliegue del archivo [C:\Users\TRJAVA-11\Documents\apache-tomcat-10.1.18\webapps\Gen1-Rutas.war] de la aplicación web
11-Jan-2024 15:09:25.462 INFO [http-nio-8080-exec-102] org.apache.jasper.servlet.TldScanner.scanJars Al menos un JAR, que se ha explorado buscando TLDs, aún no contenía TLDs. Activar historial de depuración para este historiador para una completa lista de los JARs que fueron explorados y de los que nos se halló TLDs. Saltarse JARs no necesarios durante la exploración puede dar lugar a una mejora de tiempo significativa en el arranque y compilación de JSP .
11-Jan-2024 15:09:25.465 INFO [http-nio-8080-exec-102] org.apache.catalina.startup.HostConfig.deployWAR Deployment of web application archive [C:\Users\TRJAVA-11\Documents\apache-tomcat-10.1.18\webapps\Gen1-Rutas.war] has finished in [520] ms
11-Jan-2024 15:10:44.723 INFO [http-nio-8080-exec-108] org.apache.catalina.startup.HostConfig.undeploy Repliegue (undeploy) de la aplicación web que tiene como trayectoria de contexto [/Gen1-Rutas]
11-Jan-2024 15:10:44.751 INFO [http-nio-8080-exec-108] org.apache.catalina.startup.HostConfig.deployWAR Despliegue del archivo [C:\Users\TRJAVA-11\Documents\apache-tomcat-10.1.18\webapps\Gen1-Rutas.war] de la aplicación web
11-Jan-2024 15:10:45.257 INFO [http-nio-8080-exec-108] org.apache.jasper.servlet.TldScanner.scanJars Al menos un JAR, que se ha explorado buscando TLDs, aún no contenía TLDs. Activar historial de depuración para este historiador para una completa lista de los JARs que fueron explorados y de los que nos se halló TLDs. Saltarse JARs no necesarios durante la exploración puede dar lugar a una mejora de tiempo significativa en el arranque y compilación de JSP .
11-Jan-2024 15:10:45.260 INFO [http-nio-8080-exec-108] org.apache.catalina.startup.HostConfig.deployWAR Deployment of web application archive [C:\Users\TRJAVA-11\Documents\apache-tomcat-10.1.18\webapps\Gen1-Rutas.war] has finished in [509] ms
11-Jan-2024 15:24:36.739 INFO [http-nio-8080-exec-114] org.apache.catalina.startup.HostConfig.undeploy Repliegue (undeploy) de la aplicación web que tiene como trayectoria de contexto [/Gen1-Rutas]
11-Jan-2024 15:24:36.772 INFO [http-nio-8080-exec-114] org.apache.catalina.startup.HostConfig.deployWAR Despliegue del archivo [C:\Users\TRJAVA-11\Documents\apache-tomcat-10.1.18\webapps\Gen1-Rutas.war] de la aplicación web
11-Jan-2024 15:24:37.276 INFO [http-nio-8080-exec-114] org.apache.jasper.servlet.TldScanner.scanJars Al menos un JAR, que se ha explorado buscando TLDs, aún no contenía TLDs. Activar historial de depuración para este historiador para una completa lista de los JARs que fueron explorados y de los que nos se halló TLDs. Saltarse JARs no necesarios durante la exploración puede dar lugar a una mejora de tiempo significativa en el arranque y compilación de JSP .
11-Jan-2024 15:24:37.279 INFO [http-nio-8080-exec-114] org.apache.catalina.startup.HostConfig.deployWAR Deployment of web application archive [C:\Users\TRJAVA-11\Documents\apache-tomcat-10.1.18\webapps\Gen1-Rutas.war] has finished in [507] ms
11-Jan-2024 15:28:41.170 INFO [http-nio-8080-exec-126] org.apache.catalina.startup.HostConfig.undeploy Repliegue (undeploy) de la aplicación web que tiene como trayectoria de contexto [/Gen1-Rutas]
11-Jan-2024 15:28:41.198 INFO [http-nio-8080-exec-126] org.apache.catalina.startup.HostConfig.deployWAR Despliegue del archivo [C:\Users\TRJAVA-11\Documents\apache-tomcat-10.1.18\webapps\Gen1-Rutas.war] de la aplicación web
11-Jan-2024 15:28:41.729 INFO [http-nio-8080-exec-126] org.apache.jasper.servlet.TldScanner.scanJars Al menos un JAR, que se ha explorado buscando TLDs, aún no contenía TLDs. Activar historial de depuración para este historiador para una completa lista de los JARs que fueron explorados y de los que nos se halló TLDs. Saltarse JARs no necesarios durante la exploración puede dar lugar a una mejora de tiempo significativa en el arranque y compilación de JSP .
11-Jan-2024 15:28:41.732 INFO [http-nio-8080-exec-126] org.apache.catalina.startup.HostConfig.deployWAR Deployment of web application archive [C:\Users\TRJAVA-11\Documents\apache-tomcat-10.1.18\webapps\Gen1-Rutas.war] has finished in [534] ms
11-Jan-2024 15:29:12.375 INFO [http-nio-8080-exec-124] org.apache.catalina.startup.HostConfig.undeploy Repliegue (undeploy) de la aplicación web que tiene como trayectoria de contexto [/Gen1-Rutas]
11-Jan-2024 15:29:12.406 INFO [http-nio-8080-exec-124] org.apache.catalina.startup.HostConfig.deployWAR Despliegue del archivo [C:\Users\TRJAVA-11\Documents\apache-tomcat-10.1.18\webapps\Gen1-Rutas.war] de la aplicación web
11-Jan-2024 15:29:12.939 INFO [http-nio-8080-exec-124] org.apache.jasper.servlet.TldScanner.scanJars Al menos un JAR, que se ha explorado buscando TLDs, aún no contenía TLDs. Activar historial de depuración para este historiador para una completa lista de los JARs que fueron explorados y de los que nos se halló TLDs. Saltarse JARs no necesarios durante la exploración puede dar lugar a una mejora de tiempo significativa en el arranque y compilación de JSP .
11-Jan-2024 15:29:12.941 INFO [http-nio-8080-exec-124] org.apache.catalina.startup.HostConfig.deployWAR Deployment of web application archive [C:\Users\TRJAVA-11\Documents\apache-tomcat-10.1.18\webapps\Gen1-Rutas.war] has finished in [535] ms
11-Jan-2024 21:32:52.618 INFO [http-nio-8080-exec-134] org.apache.catalina.startup.HostConfig.undeploy Repliegue (undeploy) de la aplicación web que tiene como trayectoria de contexto [/Gen1-Rutas]
11-Jan-2024 21:32:52.679 INFO [http-nio-8080-exec-134] org.apache.catalina.startup.HostConfig.deployWAR Despliegue del archivo [C:\Users\TRJAVA-11\Documents\apache-tomcat-10.1.18\webapps\Gen1-Rutas.war] de la aplicación web
11-Jan-2024 21:32:53.368 INFO [http-nio-8080-exec-134] org.apache.jasper.servlet.TldScanner.scanJars Al menos un JAR, que se ha explorado buscando TLDs, aún no contenía TLDs. Activar historial de depuración para este historiador para una completa lista de los JARs que fueron explorados y de los que nos se halló TLDs. Saltarse JARs no necesarios durante la exploración puede dar lugar a una mejora de tiempo significativa en el arranque y compilación de JSP .
11-Jan-2024 21:32:53.371 SEVERE [http-nio-8080-exec-134] org.apache.catalina.core.StandardContext.startInternal One or more Filters failed to start. Full details will be found in the appropriate container log file
11-Jan-2024 21:32:53.371 SEVERE [http-nio-8080-exec-134] org.apache.catalina.core.StandardContext.startInternal Falló en arranque del Contexto [/Gen1-Rutas] debido a errores previos
11-Jan-2024 21:32:53.376 INFO [http-nio-8080-exec-134] org.apache.catalina.startup.HostConfig.deployWAR Deployment of web application archive [C:\Users\TRJAVA-11\Documents\apache-tomcat-10.1.18\webapps\Gen1-Rutas.war] has finished in [696] ms
11-Jan-2024 21:33:34.438 INFO [http-nio-8080-exec-141] org.apache.catalina.startup.HostConfig.undeploy Repliegue (undeploy) de la aplicación web que tiene como trayectoria de contexto [/Gen1-Rutas]
11-Jan-2024 21:33:34.460 INFO [http-nio-8080-exec-141] org.apache.catalina.startup.HostConfig.deployWAR Despliegue del archivo [C:\Users\TRJAVA-11\Documents\apache-tomcat-10.1.18\webapps\Gen1-Rutas.war] de la aplicación web
11-Jan-2024 21:33:34.991 INFO [http-nio-8080-exec-141] org.apache.jasper.servlet.TldScanner.scanJars Al menos un JAR, que se ha explorado buscando TLDs, aún no contenía TLDs. Activar historial de depuración para este historiador para una completa lista de los JARs que fueron explorados y de los que nos se halló TLDs. Saltarse JARs no necesarios durante la exploración puede dar lugar a una mejora de tiempo significativa en el arranque y compilación de JSP .
11-Jan-2024 21:33:34.993 SEVERE [http-nio-8080-exec-141] org.apache.catalina.core.StandardContext.startInternal One or more Filters failed to start. Full details will be found in the appropriate container log file
11-Jan-2024 21:33:34.993 SEVERE [http-nio-8080-exec-141] org.apache.catalina.core.StandardContext.startInternal Falló en arranque del Contexto [/Gen1-Rutas] debido a errores previos
11-Jan-2024 21:33:34.998 INFO [http-nio-8080-exec-141] org.apache.catalina.startup.HostConfig.deployWAR Deployment of web application archive [C:\Users\TRJAVA-11\Documents\apache-tomcat-10.1.18\webapps\Gen1-Rutas.war] has finished in [538] ms
11-Jan-2024 21:37:55.315 INFO [main] org.apache.catalina.startup.VersionLoggerListener.log Nombre de la versión del servidor: Apache Tomcat/10.1.18
11-Jan-2024 21:37:55.320 INFO [main] org.apache.catalina.startup.VersionLoggerListener.log Server built:                      Jan 5 2024 14:39:40 UTC
11-Jan-2024 21:37:55.320 INFO [main] org.apache.catalina.startup.VersionLoggerListener.log Número de versión de servidor:     10.1.18.0
11-Jan-2024 21:37:55.321 INFO [main] org.apache.catalina.startup.VersionLoggerListener.log OS Name:                           Windows 10
11-Jan-2024 21:37:55.321 INFO [main] org.apache.catalina.startup.VersionLoggerListener.log Versión de Systema Operativo:      10.0
11-Jan-2024 21:37:55.321 INFO [main] org.apache.catalina.startup.VersionLoggerListener.log Arquitectura:                      amd64
11-Jan-2024 21:37:55.321 INFO [main] org.apache.catalina.startup.VersionLoggerListener.log Java Home:                         C:\Users\TRJAVA-11\Downloads\openjdk-18.0.2_windows-x64_bin\jdk-18.0.2
11-Jan-2024 21:37:55.322 INFO [main] org.apache.catalina.startup.VersionLoggerListener.log JVM Version:                       18.0.2+9-61
11-Jan-2024 21:37:55.322 INFO [main] org.apache.catalina.startup.VersionLoggerListener.log Vededor JVM:                       Oracle Corporation
11-Jan-2024 21:37:55.322 INFO [main] org.apache.catalina.startup.VersionLoggerListener.log CATALINA_BASE:                     C:\Users\TRJAVA-11\Documents\apache-tomcat-10.1.18
11-Jan-2024 21:37:55.322 INFO [main] org.apache.catalina.startup.VersionLoggerListener.log CATALINA_HOME:                     C:\Users\TRJAVA-11\Documents\apache-tomcat-10.1.18
11-Jan-2024 21:37:55.331 INFO [main] org.apache.catalina.startup.VersionLoggerListener.log Command line argument:             -Djava.util.logging.config.file=C:\Users\TRJAVA-11\Documents\apache-tomcat-10.1.18\conf\logging.properties
11-Jan-2024 21:37:55.332 INFO [main] org.apache.catalina.startup.VersionLoggerListener.log Command line argument:             -Djava.util.logging.manager=org.apache.juli.ClassLoaderLogManager
11-Jan-2024 21:37:55.332 INFO [main] org.apache.catalina.startup.VersionLoggerListener.log Command line argument:             -Djdk.tls.ephemeralDHKeySize=2048
11-Jan-2024 21:37:55.332 INFO [main] org.apache.catalina.startup.VersionLoggerListener.log Command line argument:             -Djava.protocol.handler.pkgs=org.apache.catalina.webresources
11-Jan-2024 21:37:55.332 INFO [main] org.apache.catalina.startup.VersionLoggerListener.log Command line argument:             --add-opens=java.base/java.lang=ALL-UNNAMED
11-Jan-2024 21:37:55.333 INFO [main] org.apache.catalina.startup.VersionLoggerListener.log Command line argument:             --add-opens=java.base/java.io=ALL-UNNAMED
11-Jan-2024 21:37:55.333 INFO [main] org.apache.catalina.startup.VersionLoggerListener.log Command line argument:             --add-opens=java.base/java.util=ALL-UNNAMED
11-Jan-2024 21:37:55.333 INFO [main] org.apache.catalina.startup.VersionLoggerListener.log Command line argument:             --add-opens=java.base/java.util.concurrent=ALL-UNNAMED
11-Jan-2024 21:37:55.334 INFO [main] org.apache.catalina.startup.VersionLoggerListener.log Command line argument:             --add-opens=java.rmi/sun.rmi.transport=ALL-UNNAMED
11-Jan-2024 21:37:55.334 INFO [main] org.apache.catalina.startup.VersionLoggerListener.log Command line argument:             -Dcatalina.base=C:\Users\TRJAVA-11\Documents\apache-tomcat-10.1.18
11-Jan-2024 21:37:55.334 INFO [main] org.apache.catalina.startup.VersionLoggerListener.log Command line argument:             -Dcatalina.home=C:\Users\TRJAVA-11\Documents\apache-tomcat-10.1.18
11-Jan-2024 21:37:55.334 INFO [main] org.apache.catalina.startup.VersionLoggerListener.log Command line argument:             -Djava.io.tmpdir=C:\Users\TRJAVA-11\Documents\apache-tomcat-10.1.18\temp
11-Jan-2024 21:37:55.339 INFO [main] org.apache.catalina.core.AprLifecycleListener.lifecycleEvent La biblioteca nativa de Apache Tomcat basada en ARP que permite un rendimiento óptimo en entornos de desarrollo no ha sido hallada en java.library.path: [C:\Users\TRJAVA-11\Downloads\openjdk-18.0.2_windows-x64_bin\jdk-18.0.2\bin;C:\Windows\Sun\Java\bin;C:\Windows\system32;C:\Windows;C:\app\TRJAVA-11\product\21c\dbhomeXE\bin;C:\Windows\system32;C:\Windows;C:\Windows\System32\Wbem;C:\Windows\System32\WindowsPowerShell\v1.0\;C:\Windows\System32\OpenSSH\;C:\Users\TRJAVA-11\Downloads\openjdk-18.0.2_windows-x64_bin\jdk-18.0.2\bin;C:\Users\TRJAVA-11\AppData\Local\Microsoft\WindowsApps;;C:\Users\TRJAVA-11\AppData\Local\Programs\Microsoft VS Code\bin;.]
11-Jan-2024 21:37:55.625 INFO [main] org.apache.coyote.AbstractProtocol.init Inicializando el manejador de protocolo ["http-nio-8080"]

11-Jan-2024 21:37:55.648 INFO [main] org.apache.catalina.startup.Catalina.load Server initialization in [535] milliseconds
11-Jan-2024 21:37:55.697 INFO [main] org.apache.catalina.core.StandardService.startInternal Arrancando servicio [Catalina]
11-Jan-2024 21:37:55.697 INFO [main] org.apache.catalina.core.StandardEngine.startInternal Starting Servlet engine: [Apache Tomcat/10.1.18]
11-Jan-2024 21:37:55.718 INFO [main] org.apache.catalina.startup.HostConfig.deployWAR Despliegue del archivo [C:\Users\TRJAVA-11\Documents\apache-tomcat-10.1.18\webapps\Gen1-Rutas.war] de la aplicación web
11-Jan-2024 21:37:56.584 INFO [main] org.apache.jasper.servlet.TldScanner.scanJars Al menos un JAR, que se ha explorado buscando TLDs, aún no contenía TLDs. Activar historial de depuración para este historiador para una completa lista de los JARs que fueron explorados y de los que nos se halló TLDs. Saltarse JARs no necesarios durante la exploración puede dar lugar a una mejora de tiempo significativa en el arranque y compilación de JSP .
11-Jan-2024 21:37:56.644 SEVERE [main] org.apache.catalina.core.StandardContext.startInternal One or more Filters failed to start. Full details will be found in the appropriate container log file
11-Jan-2024 21:37:56.644 SEVERE [main] org.apache.catalina.core.StandardContext.startInternal Falló en arranque del Contexto [/Gen1-Rutas] debido a errores previos
11-Jan-2024 21:37:56.657 INFO [main] org.apache.catalina.startup.HostConfig.deployWAR Deployment of web application archive [C:\Users\TRJAVA-11\Documents\apache-tomcat-10.1.18\webapps\Gen1-Rutas.war] has finished in [937] ms
11-Jan-2024 21:37:56.667 INFO [main] org.apache.catalina.startup.HostConfig.deployWAR Despliegue del archivo [C:\Users\TRJAVA-11\Documents\apache-tomcat-10.1.18\webapps\Gen1-RutasM.war] de la aplicación web
11-Jan-2024 21:37:57.223 INFO [main] org.apache.jasper.servlet.TldScanner.scanJars Al menos un JAR, que se ha explorado buscando TLDs, aún no contenía TLDs. Activar historial de depuración para este historiador para una completa lista de los JARs que fueron explorados y de los que nos se halló TLDs. Saltarse JARs no necesarios durante la exploración puede dar lugar a una mejora de tiempo significativa en el arranque y compilación de JSP .
11-Jan-2024 21:37:57.237 INFO [main] org.apache.catalina.startup.HostConfig.deployWAR Deployment of web application archive [C:\Users\TRJAVA-11\Documents\apache-tomcat-10.1.18\webapps\Gen1-RutasM.war] has finished in [570] ms
11-Jan-2024 21:37:57.238 INFO [main] org.apache.catalina.startup.HostConfig.deployDirectory Desplegando el directorio [C:\Users\TRJAVA-11\Documents\apache-tomcat-10.1.18\webapps\docs] de la aplicación web
11-Jan-2024 21:37:57.660 INFO [main] org.apache.jasper.servlet.TldScanner.scanJars Al menos un JAR, que se ha explorado buscando TLDs, aún no contenía TLDs. Activar historial de depuración para este historiador para una completa lista de los JARs que fueron explorados y de los que nos se halló TLDs. Saltarse JARs no necesarios durante la exploración puede dar lugar a una mejora de tiempo significativa en el arranque y compilación de JSP .
11-Jan-2024 21:37:57.663 INFO [main] org.apache.catalina.startup.HostConfig.deployDirectory Deployment of web application directory [C:\Users\TRJAVA-11\Documents\apache-tomcat-10.1.18\webapps\docs] has finished in [425] ms
11-Jan-2024 21:37:57.664 INFO [main] org.apache.catalina.startup.HostConfig.deployDirectory Desplegando el directorio [C:\Users\TRJAVA-11\Documents\apache-tomcat-10.1.18\webapps\examples] de la aplicación web
11-Jan-2024 21:37:59.123 INFO [main] org.apache.jasper.servlet.TldScanner.scanJars Al menos un JAR, que se ha explorado buscando TLDs, aún no contenía TLDs. Activar historial de depuración para este historiador para una completa lista de los JARs que fueron explorados y de los que nos se halló TLDs. Saltarse JARs no necesarios durante la exploración puede dar lugar a una mejora de tiempo significativa en el arranque y compilación de JSP .
11-Jan-2024 21:37:59.172 INFO [main] org.apache.catalina.startup.HostConfig.deployDirectory Deployment of web application directory [C:\Users\TRJAVA-11\Documents\apache-tomcat-10.1.18\webapps\examples] has finished in [1.508] ms
11-Jan-2024 21:37:59.173 INFO [main] org.apache.catalina.startup.HostConfig.deployDirectory Desplegando el directorio [C:\Users\TRJAVA-11\Documents\apache-tomcat-10.1.18\webapps\host-manager] de la aplicación web
11-Jan-2024 21:37:59.607 INFO [main] org.apache.jasper.servlet.TldScanner.scanJars Al menos un JAR, que se ha explorado buscando TLDs, aún no contenía TLDs. Activar historial de depuración para este historiador para una completa lista de los JARs que fueron explorados y de los que nos se halló TLDs. Saltarse JARs no necesarios durante la exploración puede dar lugar a una mejora de tiempo significativa en el arranque y compilación de JSP .
11-Jan-2024 21:37:59.614 INFO [main] org.apache.catalina.startup.HostConfig.deployDirectory Deployment of web application directory [C:\Users\TRJAVA-11\Documents\apache-tomcat-10.1.18\webapps\host-manager] has finished in [440] ms
11-Jan-2024 21:37:59.614 INFO [main] org.apache.catalina.startup.HostConfig.deployDirectory Desplegando el directorio [C:\Users\TRJAVA-11\Documents\apache-tomcat-10.1.18\webapps\manager] de la aplicación web
11-Jan-2024 21:38:00.041 INFO [main] org.apache.jasper.servlet.TldScanner.scanJars Al menos un JAR, que se ha explorado buscando TLDs, aún no contenía TLDs. Activar historial de depuración para este historiador para una completa lista de los JARs que fueron explorados y de los que nos se halló TLDs. Saltarse JARs no necesarios durante la exploración puede dar lugar a una mejora de tiempo significativa en el arranque y compilación de JSP .
11-Jan-2024 21:38:00.044 INFO [main] org.apache.catalina.startup.HostConfig.deployDirectory Deployment of web application directory [C:\Users\TRJAVA-11\Documents\apache-tomcat-10.1.18\webapps\manager] has finished in [430] ms
11-Jan-2024 21:38:00.045 INFO [main] org.apache.catalina.startup.HostConfig.deployDirectory Desplegando el directorio [C:\Users\TRJAVA-11\Documents\apache-tomcat-10.1.18\webapps\ROOT] de la aplicación web
11-Jan-2024 21:38:00.455 INFO [main] org.apache.jasper.servlet.TldScanner.scanJars Al menos un JAR, que se ha explorado buscando TLDs, aún no contenía TLDs. Activar historial de depuración para este historiador para una completa lista de los JARs que fueron explorados y de los que nos se halló TLDs. Saltarse JARs no necesarios durante la exploración puede dar lugar a una mejora de tiempo significativa en el arranque y compilación de JSP .
11-Jan-2024 21:38:00.459 INFO [main] org.apache.catalina.startup.HostConfig.deployDirectory Deployment of web application directory [C:\Users\TRJAVA-11\Documents\apache-tomcat-10.1.18\webapps\ROOT] has finished in [414] ms
11-Jan-2024 21:38:00.464 INFO [main] org.apache.coyote.AbstractProtocol.start Starting ProtocolHandler ["http-nio-8080"]
11-Jan-2024 21:38:00.500 INFO [main] org.apache.catalina.startup.Catalina.start Server startup in [4849] milliseconds
11-Jan-2024 21:38:52.700 INFO [http-nio-8080-exec-1] org.apache.catalina.startup.HostConfig.undeploy Repliegue (undeploy) de la aplicación web que tiene como trayectoria de contexto [/Gen1-Rutas]
11-Jan-2024 21:38:52.734 INFO [http-nio-8080-exec-1] org.apache.catalina.startup.HostConfig.deployWAR Despliegue del archivo [C:\Users\TRJAVA-11\Documents\apache-tomcat-10.1.18\webapps\Gen1-Rutas.war] de la aplicación web
11-Jan-2024 21:38:53.353 INFO [http-nio-8080-exec-1] org.apache.jasper.servlet.TldScanner.scanJars Al menos un JAR, que se ha explorado buscando TLDs, aún no contenía TLDs. Activar historial de depuración para este historiador para una completa lista de los JARs que fueron explorados y de los que nos se halló TLDs. Saltarse JARs no necesarios durante la exploración puede dar lugar a una mejora de tiempo significativa en el arranque y compilación de JSP .
11-Jan-2024 21:38:53.355 SEVERE [http-nio-8080-exec-1] org.apache.catalina.core.StandardContext.startInternal One or more Filters failed to start. Full details will be found in the appropriate container log file
11-Jan-2024 21:38:53.355 SEVERE [http-nio-8080-exec-1] org.apache.catalina.core.StandardContext.startInternal Falló en arranque del Contexto [/Gen1-Rutas] debido a errores previos
11-Jan-2024 21:38:53.359 INFO [http-nio-8080-exec-1] org.apache.catalina.startup.HostConfig.deployWAR Deployment of web application archive [C:\Users\TRJAVA-11\Documents\apache-tomcat-10.1.18\webapps\Gen1-Rutas.war] has finished in [625] ms
11-Jan-2024 21:55:13.979 INFO [main] org.apache.catalina.startup.VersionLoggerListener.log Nombre de la versión del servidor: Apache Tomcat/10.1.18
11-Jan-2024 21:55:13.984 INFO [main] org.apache.catalina.startup.VersionLoggerListener.log Server built:                      Jan 5 2024 14:39:40 UTC
11-Jan-2024 21:55:13.985 INFO [main] org.apache.catalina.startup.VersionLoggerListener.log Número de versión de servidor:     10.1.18.0
11-Jan-2024 21:55:13.985 INFO [main] org.apache.catalina.startup.VersionLoggerListener.log OS Name:                           Windows 10
11-Jan-2024 21:55:13.985 INFO [main] org.apache.catalina.startup.VersionLoggerListener.log Versión de Systema Operativo:      10.0
11-Jan-2024 21:55:13.986 INFO [main] org.apache.catalina.startup.VersionLoggerListener.log Arquitectura:                      amd64
11-Jan-2024 21:55:13.986 INFO [main] org.apache.catalina.startup.VersionLoggerListener.log Java Home:                         C:\Users\TRJAVA-11\Downloads\openjdk-18.0.2_windows-x64_bin\jdk-18.0.2
11-Jan-2024 21:55:13.986 INFO [main] org.apache.catalina.startup.VersionLoggerListener.log JVM Version:                       18.0.2+9-61
11-Jan-2024 21:55:13.986 INFO [main] org.apache.catalina.startup.VersionLoggerListener.log Vededor JVM:                       Oracle Corporation
11-Jan-2024 21:55:13.986 INFO [main] org.apache.catalina.startup.VersionLoggerListener.log CATALINA_BASE:                     C:\Users\TRJAVA-11\Documents\apache-tomcat-10.1.18
11-Jan-2024 21:55:13.986 INFO [main] org.apache.catalina.startup.VersionLoggerListener.log CATALINA_HOME:                     C:\Users\TRJAVA-11\Documents\apache-tomcat-10.1.18
11-Jan-2024 21:55:14.003 INFO [main] org.apache.catalina.startup.VersionLoggerListener.log Command line argument:             -Djava.util.logging.config.file=C:\Users\TRJAVA-11\Documents\apache-tomcat-10.1.18\conf\logging.properties
11-Jan-2024 21:55:14.003 INFO [main] org.apache.catalina.startup.VersionLoggerListener.log Command line argument:             -Djava.util.logging.manager=org.apache.juli.ClassLoaderLogManager
11-Jan-2024 21:55:14.003 INFO [main] org.apache.catalina.startup.VersionLoggerListener.log Command line argument:             -Djdk.tls.ephemeralDHKeySize=2048
11-Jan-2024 21:55:14.003 INFO [main] org.apache.catalina.startup.VersionLoggerListener.log Command line argument:             -Djava.protocol.handler.pkgs=org.apache.catalina.webresources
11-Jan-2024 21:55:14.004 INFO [main] org.apache.catalina.startup.VersionLoggerListener.log Command line argument:             --add-opens=java.base/java.lang=ALL-UNNAMED
11-Jan-2024 21:55:14.004 INFO [main] org.apache.catalina.startup.VersionLoggerListener.log Command line argument:             --add-opens=java.base/java.io=ALL-UNNAMED
11-Jan-2024 21:55:14.004 INFO [main] org.apache.catalina.startup.VersionLoggerListener.log Command line argument:             --add-opens=java.base/java.util=ALL-UNNAMED
11-Jan-2024 21:55:14.005 INFO [main] org.apache.catalina.startup.VersionLoggerListener.log Command line argument:             --add-opens=java.base/java.util.concurrent=ALL-UNNAMED
11-Jan-2024 21:55:14.005 INFO [main] org.apache.catalina.startup.VersionLoggerListener.log Command line argument:             --add-opens=java.rmi/sun.rmi.transport=ALL-UNNAMED
11-Jan-2024 21:55:14.005 INFO [main] org.apache.catalina.startup.VersionLoggerListener.log Command line argument:             -Dcatalina.base=C:\Users\TRJAVA-11\Documents\apache-tomcat-10.1.18
11-Jan-2024 21:55:14.006 INFO [main] org.apache.catalina.startup.VersionLoggerListener.log Command line argument:             -Dcatalina.home=C:\Users\TRJAVA-11\Documents\apache-tomcat-10.1.18
11-Jan-2024 21:55:14.006 INFO [main] org.apache.catalina.startup.VersionLoggerListener.log Command line argument:             -Djava.io.tmpdir=C:\Users\TRJAVA-11\Documents\apache-tomcat-10.1.18\temp
11-Jan-2024 21:55:14.011 INFO [main] org.apache.catalina.core.AprLifecycleListener.lifecycleEvent La biblioteca nativa de Apache Tomcat basada en ARP que permite un rendimiento óptimo en entornos de desarrollo no ha sido hallada en java.library.path: [C:\Users\TRJAVA-11\Downloads\openjdk-18.0.2_windows-x64_bin\jdk-18.0.2\bin;C:\Windows\Sun\Java\bin;C:\Windows\system32;C:\Windows;C:\app\TRJAVA-11\product\21c\dbhomeXE\bin;C:\Windows\system32;C:\Windows;C:\Windows\System32\Wbem;C:\Windows\System32\WindowsPowerShell\v1.0\;C:\Windows\System32\OpenSSH\;C:\Users\TRJAVA-11\Downloads\openjdk-18.0.2_windows-x64_bin\jdk-18.0.2\bin;C:\Users\TRJAVA-11\AppData\Local\Microsoft\WindowsApps;;C:\Users\TRJAVA-11\AppData\Local\Programs\Microsoft VS Code\bin;.]
11-Jan-2024 21:55:14.342 INFO [main] org.apache.coyote.AbstractProtocol.init Inicializando el manejador de protocolo ["http-nio-8080"]

11-Jan-2024 21:55:14.369 INFO [main] org.apache.catalina.startup.Catalina.load Server initialization in [629] milliseconds
11-Jan-2024 21:55:14.425 INFO [main] org.apache.catalina.core.StandardService.startInternal Arrancando servicio [Catalina]
11-Jan-2024 21:55:14.425 INFO [main] org.apache.catalina.core.StandardEngine.startInternal Starting Servlet engine: [Apache Tomcat/10.1.18]
11-Jan-2024 21:55:14.449 INFO [main] org.apache.catalina.startup.HostConfig.deployWAR Despliegue del archivo [C:\Users\TRJAVA-11\Documents\apache-tomcat-10.1.18\webapps\Gen1-Rutas.war] de la aplicación web
11-Jan-2024 21:55:15.407 INFO [main] org.apache.jasper.servlet.TldScanner.scanJars Al menos un JAR, que se ha explorado buscando TLDs, aún no contenía TLDs. Activar historial de depuración para este historiador para una completa lista de los JARs que fueron explorados y de los que nos se halló TLDs. Saltarse JARs no necesarios durante la exploración puede dar lugar a una mejora de tiempo significativa en el arranque y compilación de JSP .
11-Jan-2024 21:55:15.468 SEVERE [main] org.apache.catalina.core.StandardContext.startInternal One or more Filters failed to start. Full details will be found in the appropriate container log file
11-Jan-2024 21:55:15.469 SEVERE [main] org.apache.catalina.core.StandardContext.startInternal Falló en arranque del Contexto [/Gen1-Rutas] debido a errores previos
11-Jan-2024 21:55:15.485 INFO [main] org.apache.catalina.startup.HostConfig.deployWAR Deployment of web application archive [C:\Users\TRJAVA-11\Documents\apache-tomcat-10.1.18\webapps\Gen1-Rutas.war] has finished in [1.035] ms
11-Jan-2024 21:55:15.487 INFO [main] org.apache.catalina.startup.HostConfig.deployWAR Despliegue del archivo [C:\Users\TRJAVA-11\Documents\apache-tomcat-10.1.18\webapps\Gen1-RutasM.war] de la aplicación web
11-Jan-2024 21:55:16.017 INFO [main] org.apache.jasper.servlet.TldScanner.scanJars Al menos un JAR, que se ha explorado buscando TLDs, aún no contenía TLDs. Activar historial de depuración para este historiador para una completa lista de los JARs que fueron explorados y de los que nos se halló TLDs. Saltarse JARs no necesarios durante la exploración puede dar lugar a una mejora de tiempo significativa en el arranque y compilación de JSP .
11-Jan-2024 21:55:16.036 INFO [main] org.apache.catalina.startup.HostConfig.deployWAR Deployment of web application archive [C:\Users\TRJAVA-11\Documents\apache-tomcat-10.1.18\webapps\Gen1-RutasM.war] has finished in [549] ms
11-Jan-2024 21:55:16.037 INFO [main] org.apache.catalina.startup.HostConfig.deployDirectory Desplegando el directorio [C:\Users\TRJAVA-11\Documents\apache-tomcat-10.1.18\webapps\docs] de la aplicación web
11-Jan-2024 21:55:16.447 INFO [main] org.apache.jasper.servlet.TldScanner.scanJars Al menos un JAR, que se ha explorado buscando TLDs, aún no contenía TLDs. Activar historial de depuración para este historiador para una completa lista de los JARs que fueron explorados y de los que nos se halló TLDs. Saltarse JARs no necesarios durante la exploración puede dar lugar a una mejora de tiempo significativa en el arranque y compilación de JSP .
11-Jan-2024 21:55:16.450 INFO [main] org.apache.catalina.startup.HostConfig.deployDirectory Deployment of web application directory [C:\Users\TRJAVA-11\Documents\apache-tomcat-10.1.18\webapps\docs] has finished in [413] ms
11-Jan-2024 21:55:16.451 INFO [main] org.apache.catalina.startup.HostConfig.deployDirectory Desplegando el directorio [C:\Users\TRJAVA-11\Documents\apache-tomcat-10.1.18\webapps\examples] de la aplicación web
11-Jan-2024 21:55:17.134 INFO [main] org.apache.jasper.servlet.TldScanner.scanJars Al menos un JAR, que se ha explorado buscando TLDs, aún no contenía TLDs. Activar historial de depuración para este historiador para una completa lista de los JARs que fueron explorados y de los que nos se halló TLDs. Saltarse JARs no necesarios durante la exploración puede dar lugar a una mejora de tiempo significativa en el arranque y compilación de JSP .
11-Jan-2024 21:55:17.186 INFO [main] org.apache.catalina.startup.HostConfig.deployDirectory Deployment of web application directory [C:\Users\TRJAVA-11\Documents\apache-tomcat-10.1.18\webapps\examples] has finished in [735] ms
11-Jan-2024 21:55:17.187 INFO [main] org.apache.catalina.startup.HostConfig.deployDirectory Desplegando el directorio [C:\Users\TRJAVA-11\Documents\apache-tomcat-10.1.18\webapps\host-manager] de la aplicación web
11-Jan-2024 21:55:17.585 INFO [main] org.apache.jasper.servlet.TldScanner.scanJars Al menos un JAR, que se ha explorado buscando TLDs, aún no contenía TLDs. Activar historial de depuración para este historiador para una completa lista de los JARs que fueron explorados y de los que nos se halló TLDs. Saltarse JARs no necesarios durante la exploración puede dar lugar a una mejora de tiempo significativa en el arranque y compilación de JSP .
11-Jan-2024 21:55:17.592 INFO [main] org.apache.catalina.startup.HostConfig.deployDirectory Deployment of web application directory [C:\Users\TRJAVA-11\Documents\apache-tomcat-10.1.18\webapps\host-manager] has finished in [404] ms
11-Jan-2024 21:55:17.592 INFO [main] org.apache.catalina.startup.HostConfig.deployDirectory Desplegando el directorio [C:\Users\TRJAVA-11\Documents\apache-tomcat-10.1.18\webapps\manager] de la aplicación web
11-Jan-2024 21:55:18.006 INFO [main] org.apache.jasper.servlet.TldScanner.scanJars Al menos un JAR, que se ha explorado buscando TLDs, aún no contenía TLDs. Activar historial de depuración para este historiador para una completa lista de los JARs que fueron explorados y de los que nos se halló TLDs. Saltarse JARs no necesarios durante la exploración puede dar lugar a una mejora de tiempo significativa en el arranque y compilación de JSP .
11-Jan-2024 21:55:18.009 INFO [main] org.apache.catalina.startup.HostConfig.deployDirectory Deployment of web application directory [C:\Users\TRJAVA-11\Documents\apache-tomcat-10.1.18\webapps\manager] has finished in [417] ms
11-Jan-2024 21:55:18.010 INFO [main] org.apache.catalina.startup.HostConfig.deployDirectory Desplegando el directorio [C:\Users\TRJAVA-11\Documents\apache-tomcat-10.1.18\webapps\ROOT] de la aplicación web
11-Jan-2024 21:55:18.409 INFO [main] org.apache.jasper.servlet.TldScanner.scanJars Al menos un JAR, que se ha explorado buscando TLDs, aún no contenía TLDs. Activar historial de depuración para este historiador para una completa lista de los JARs que fueron explorados y de los que nos se halló TLDs. Saltarse JARs no necesarios durante la exploración puede dar lugar a una mejora de tiempo significativa en el arranque y compilación de JSP .
11-Jan-2024 21:55:18.412 INFO [main] org.apache.catalina.startup.HostConfig.deployDirectory Deployment of web application directory [C:\Users\TRJAVA-11\Documents\apache-tomcat-10.1.18\webapps\ROOT] has finished in [403] ms
11-Jan-2024 21:55:18.417 INFO [main] org.apache.coyote.AbstractProtocol.start Starting ProtocolHandler ["http-nio-8080"]
11-Jan-2024 21:55:18.461 INFO [main] org.apache.catalina.startup.Catalina.start Server startup in [4090] milliseconds
11-Jan-2024 21:55:35.413 INFO [http-nio-8080-exec-1] org.apache.catalina.startup.HostConfig.undeploy Repliegue (undeploy) de la aplicación web que tiene como trayectoria de contexto [/Gen1-RutasM]
11-Jan-2024 21:55:35.447 INFO [http-nio-8080-exec-1] org.apache.catalina.startup.HostConfig.deployWAR Despliegue del archivo [C:\Users\TRJAVA-11\Documents\apache-tomcat-10.1.18\webapps\Gen1-RutasM.war] de la aplicación web
11-Jan-2024 21:55:35.992 INFO [http-nio-8080-exec-1] org.apache.jasper.servlet.TldScanner.scanJars Al menos un JAR, que se ha explorado buscando TLDs, aún no contenía TLDs. Activar historial de depuración para este historiador para una completa lista de los JARs que fueron explorados y de los que nos se halló TLDs. Saltarse JARs no necesarios durante la exploración puede dar lugar a una mejora de tiempo significativa en el arranque y compilación de JSP .
11-Jan-2024 21:55:35.996 INFO [http-nio-8080-exec-1] org.apache.catalina.startup.HostConfig.deployWAR Deployment of web application archive [C:\Users\TRJAVA-11\Documents\apache-tomcat-10.1.18\webapps\Gen1-RutasM.war] has finished in [548] ms
11-Jan-2024 21:56:08.286 INFO [http-nio-8080-exec-2] org.apache.catalina.startup.HostConfig.undeploy Repliegue (undeploy) de la aplicación web que tiene como trayectoria de contexto [/Gen1-Rutas]
11-Jan-2024 21:56:08.316 INFO [http-nio-8080-exec-2] org.apache.catalina.startup.HostConfig.deployWAR Despliegue del archivo [C:\Users\TRJAVA-11\Documents\apache-tomcat-10.1.18\webapps\Gen1-Rutas.war] de la aplicación web
11-Jan-2024 21:56:08.953 INFO [http-nio-8080-exec-2] org.apache.jasper.servlet.TldScanner.scanJars Al menos un JAR, que se ha explorado buscando TLDs, aún no contenía TLDs. Activar historial de depuración para este historiador para una completa lista de los JARs que fueron explorados y de los que nos se halló TLDs. Saltarse JARs no necesarios durante la exploración puede dar lugar a una mejora de tiempo significativa en el arranque y compilación de JSP .
11-Jan-2024 21:56:08.955 SEVERE [http-nio-8080-exec-2] org.apache.catalina.core.StandardContext.startInternal One or more Filters failed to start. Full details will be found in the appropriate container log file
11-Jan-2024 21:56:08.955 SEVERE [http-nio-8080-exec-2] org.apache.catalina.core.StandardContext.startInternal Falló en arranque del Contexto [/Gen1-Rutas] debido a errores previos
11-Jan-2024 21:56:08.959 INFO [http-nio-8080-exec-2] org.apache.catalina.startup.HostConfig.deployWAR Deployment of web application archive [C:\Users\TRJAVA-11\Documents\apache-tomcat-10.1.18\webapps\Gen1-Rutas.war] has finished in [643] ms
11-Jan-2024 22:01:07.143 INFO [http-nio-8080-exec-15] org.apache.catalina.startup.HostConfig.undeploy Repliegue (undeploy) de la aplicación web que tiene como trayectoria de contexto [/Gen1-RutasM]
11-Jan-2024 22:01:07.183 INFO [http-nio-8080-exec-15] org.apache.catalina.startup.HostConfig.deployWAR Despliegue del archivo [C:\Users\TRJAVA-11\Documents\apache-tomcat-10.1.18\webapps\Gen1-RutasM.war] de la aplicación web
11-Jan-2024 22:01:07.873 INFO [http-nio-8080-exec-15] org.apache.jasper.servlet.TldScanner.scanJars Al menos un JAR, que se ha explorado buscando TLDs, aún no contenía TLDs. Activar historial de depuración para este historiador para una completa lista de los JARs que fueron explorados y de los que nos se halló TLDs. Saltarse JARs no necesarios durante la exploración puede dar lugar a una mejora de tiempo significativa en el arranque y compilación de JSP .
11-Jan-2024 22:01:07.877 INFO [http-nio-8080-exec-15] org.apache.catalina.startup.HostConfig.deployWAR Deployment of web application archive [C:\Users\TRJAVA-11\Documents\apache-tomcat-10.1.18\webapps\Gen1-RutasM.war] has finished in [694] ms
11-Jan-2024 22:01:25.436 INFO [http-nio-8080-exec-16] org.apache.catalina.startup.HostConfig.undeploy Repliegue (undeploy) de la aplicación web que tiene como trayectoria de contexto [/Gen1-Rutas]
11-Jan-2024 22:01:25.464 INFO [http-nio-8080-exec-16] org.apache.catalina.startup.HostConfig.deployWAR Despliegue del archivo [C:\Users\TRJAVA-11\Documents\apache-tomcat-10.1.18\webapps\Gen1-Rutas.war] de la aplicación web
11-Jan-2024 22:01:26.039 INFO [http-nio-8080-exec-16] org.apache.jasper.servlet.TldScanner.scanJars Al menos un JAR, que se ha explorado buscando TLDs, aún no contenía TLDs. Activar historial de depuración para este historiador para una completa lista de los JARs que fueron explorados y de los que nos se halló TLDs. Saltarse JARs no necesarios durante la exploración puede dar lugar a una mejora de tiempo significativa en el arranque y compilación de JSP .
11-Jan-2024 22:01:26.041 SEVERE [http-nio-8080-exec-16] org.apache.catalina.core.StandardContext.startInternal One or more Filters failed to start. Full details will be found in the appropriate container log file
11-Jan-2024 22:01:26.042 SEVERE [http-nio-8080-exec-16] org.apache.catalina.core.StandardContext.startInternal Falló en arranque del Contexto [/Gen1-Rutas] debido a errores previos
11-Jan-2024 22:01:26.046 INFO [http-nio-8080-exec-16] org.apache.catalina.startup.HostConfig.deployWAR Deployment of web application archive [C:\Users\TRJAVA-11\Documents\apache-tomcat-10.1.18\webapps\Gen1-Rutas.war] has finished in [582] ms
11-Jan-2024 22:04:01.322 INFO [http-nio-8080-exec-18] org.apache.catalina.startup.HostConfig.undeploy Repliegue (undeploy) de la aplicación web que tiene como trayectoria de contexto [/Gen1-Rutas]
11-Jan-2024 22:04:01.354 INFO [http-nio-8080-exec-18] org.apache.catalina.startup.HostConfig.deployWAR Despliegue del archivo [C:\Users\TRJAVA-11\Documents\apache-tomcat-10.1.18\webapps\Gen1-Rutas.war] de la aplicación web
11-Jan-2024 22:04:01.941 INFO [http-nio-8080-exec-18] org.apache.jasper.servlet.TldScanner.scanJars Al menos un JAR, que se ha explorado buscando TLDs, aún no contenía TLDs. Activar historial de depuración para este historiador para una completa lista de los JARs que fueron explorados y de los que nos se halló TLDs. Saltarse JARs no necesarios durante la exploración puede dar lugar a una mejora de tiempo significativa en el arranque y compilación de JSP .
11-Jan-2024 22:04:01.943 SEVERE [http-nio-8080-exec-18] org.apache.catalina.core.StandardContext.startInternal One or more Filters failed to start. Full details will be found in the appropriate container log file
11-Jan-2024 22:04:01.943 SEVERE [http-nio-8080-exec-18] org.apache.catalina.core.StandardContext.startInternal Falló en arranque del Contexto [/Gen1-Rutas] debido a errores previos
11-Jan-2024 22:04:01.947 INFO [http-nio-8080-exec-18] org.apache.catalina.startup.HostConfig.deployWAR Deployment of web application archive [C:\Users\TRJAVA-11\Documents\apache-tomcat-10.1.18\webapps\Gen1-Rutas.war] has finished in [593] ms
