13-Jan-2024 08:08:07.051 INFO [http-nio-8080-exec-404] org.apache.catalina.startup.HostConfig.undeploy Repliegue (undeploy) de la aplicación web que tiene como trayectoria de contexto [/Gen1-Rutas]
13-Jan-2024 08:08:07.092 INFO [http-nio-8080-exec-404] org.apache.catalina.startup.HostConfig.deployWAR Despliegue del archivo [C:\Users\TRJAVA-11\Documents\apache-tomcat-10.1.18\webapps\Gen1-Rutas.war] de la aplicación web
13-Jan-2024 08:08:07.706 INFO [http-nio-8080-exec-404] org.apache.jasper.servlet.TldScanner.scanJars Al menos un JAR, que se ha explorado buscando TLDs, aún no contenía TLDs. Activar historial de depuración para este historiador para una completa lista de los JARs que fueron explorados y de los que nos se halló TLDs. Saltarse JARs no necesarios durante la exploración puede dar lugar a una mejora de tiempo significativa en el arranque y compilación de JSP .
13-Jan-2024 08:08:07.709 INFO [http-nio-8080-exec-404] org.apache.catalina.startup.HostConfig.deployWAR Deployment of web application archive [C:\Users\TRJAVA-11\Documents\apache-tomcat-10.1.18\webapps\Gen1-Rutas.war] has finished in [618] ms
13-Jan-2024 08:12:28.787 INFO [http-nio-8080-exec-415] org.apache.catalina.startup.HostConfig.undeploy Repliegue (undeploy) de la aplicación web que tiene como trayectoria de contexto [/Gen1-Rutas]
13-Jan-2024 08:12:28.816 INFO [http-nio-8080-exec-415] org.apache.catalina.startup.HostConfig.deployWAR Despliegue del archivo [C:\Users\TRJAVA-11\Documents\apache-tomcat-10.1.18\webapps\Gen1-Rutas.war] de la aplicación web
13-Jan-2024 08:12:29.315 INFO [http-nio-8080-exec-415] org.apache.jasper.servlet.TldScanner.scanJars Al menos un JAR, que se ha explorado buscando TLDs, aún no contenía TLDs. Activar historial de depuración para este historiador para una completa lista de los JARs que fueron explorados y de los que nos se halló TLDs. Saltarse JARs no necesarios durante la exploración puede dar lugar a una mejora de tiempo significativa en el arranque y compilación de JSP .
13-Jan-2024 08:12:29.317 INFO [http-nio-8080-exec-415] org.apache.catalina.startup.HostConfig.deployWAR Deployment of web application archive [C:\Users\TRJAVA-11\Documents\apache-tomcat-10.1.18\webapps\Gen1-Rutas.war] has finished in [501] ms
13-Jan-2024 08:13:54.983 INFO [http-nio-8080-exec-423] org.apache.catalina.startup.HostConfig.undeploy Repliegue (undeploy) de la aplicación web que tiene como trayectoria de contexto [/Gen1-Rutas]
13-Jan-2024 08:13:55.015 INFO [http-nio-8080-exec-423] org.apache.catalina.startup.HostConfig.deployWAR Despliegue del archivo [C:\Users\TRJAVA-11\Documents\apache-tomcat-10.1.18\webapps\Gen1-Rutas.war] de la aplicación web
13-Jan-2024 08:13:55.587 INFO [http-nio-8080-exec-423] org.apache.jasper.servlet.TldScanner.scanJars Al menos un JAR, que se ha explorado buscando TLDs, aún no contenía TLDs. Activar historial de depuración para este historiador para una completa lista de los JARs que fueron explorados y de los que nos se halló TLDs. Saltarse JARs no necesarios durante la exploración puede dar lugar a una mejora de tiempo significativa en el arranque y compilación de JSP .
13-Jan-2024 08:13:55.589 INFO [http-nio-8080-exec-423] org.apache.catalina.startup.HostConfig.deployWAR Deployment of web application archive [C:\Users\TRJAVA-11\Documents\apache-tomcat-10.1.18\webapps\Gen1-Rutas.war] has finished in [574] ms
13-Jan-2024 09:17:41.298 INFO [http-nio-8080-exec-431] org.apache.catalina.startup.HostConfig.undeploy Repliegue (undeploy) de la aplicación web que tiene como trayectoria de contexto [/Gen1-Rutas]
13-Jan-2024 09:17:41.327 INFO [http-nio-8080-exec-431] org.apache.catalina.startup.HostConfig.deployWAR Despliegue del archivo [C:\Users\TRJAVA-11\Documents\apache-tomcat-10.1.18\webapps\Gen1-Rutas.war] de la aplicación web
13-Jan-2024 09:17:41.875 INFO [http-nio-8080-exec-431] org.apache.jasper.servlet.TldScanner.scanJars Al menos un JAR, que se ha explorado buscando TLDs, aún no contenía TLDs. Activar historial de depuración para este historiador para una completa lista de los JARs que fueron explorados y de los que nos se halló TLDs. Saltarse JARs no necesarios durante la exploración puede dar lugar a una mejora de tiempo significativa en el arranque y compilación de JSP .
13-Jan-2024 09:17:41.878 INFO [http-nio-8080-exec-431] org.apache.catalina.startup.HostConfig.deployWAR Deployment of web application archive [C:\Users\TRJAVA-11\Documents\apache-tomcat-10.1.18\webapps\Gen1-Rutas.war] has finished in [550] ms
13-Jan-2024 09:18:32.534 INFO [http-nio-8080-exec-435] org.apache.catalina.startup.HostConfig.undeploy Repliegue (undeploy) de la aplicación web que tiene como trayectoria de contexto [/Gen1-Rutas]
13-Jan-2024 09:18:32.536 WARNING [http-nio-8080-exec-435] org.apache.catalina.loader.WebappClassLoaderBase.clearReferencesThreads The web application [Gen1-Rutas] appears to have started a thread named [OJDBC-WORKER-THREAD-55] but has failed to stop it. This is very likely to create a memory leak. Stack trace of thread:
 java.base@18.0.2/jdk.internal.misc.Unsafe.park(Native Method)
 java.base@18.0.2/java.util.concurrent.locks.LockSupport.parkNanos(LockSupport.java:252)
 java.base@18.0.2/java.util.concurrent.SynchronousQueue$TransferStack.transfer(SynchronousQueue.java:401)
 java.base@18.0.2/java.util.concurrent.SynchronousQueue.poll(SynchronousQueue.java:903)
 java.base@18.0.2/java.util.concurrent.ThreadPoolExecutor.getTask(ThreadPoolExecutor.java:1061)
 java.base@18.0.2/java.util.concurrent.ThreadPoolExecutor.runWorker(ThreadPoolExecutor.java:1122)
 java.base@18.0.2/java.util.concurrent.ThreadPoolExecutor$Worker.run(ThreadPoolExecutor.java:635)
 java.base@18.0.2/java.lang.Thread.run(Thread.java:833)
13-Jan-2024 09:18:32.561 INFO [http-nio-8080-exec-435] org.apache.catalina.startup.HostConfig.deployWAR Despliegue del archivo [C:\Users\TRJAVA-11\Documents\apache-tomcat-10.1.18\webapps\Gen1-Rutas.war] de la aplicación web
13-Jan-2024 09:18:33.085 INFO [http-nio-8080-exec-435] org.apache.jasper.servlet.TldScanner.scanJars Al menos un JAR, que se ha explorado buscando TLDs, aún no contenía TLDs. Activar historial de depuración para este historiador para una completa lista de los JARs que fueron explorados y de los que nos se halló TLDs. Saltarse JARs no necesarios durante la exploración puede dar lugar a una mejora de tiempo significativa en el arranque y compilación de JSP .
13-Jan-2024 09:18:33.088 INFO [http-nio-8080-exec-435] org.apache.catalina.startup.HostConfig.deployWAR Deployment of web application archive [C:\Users\TRJAVA-11\Documents\apache-tomcat-10.1.18\webapps\Gen1-Rutas.war] has finished in [527] ms
13-Jan-2024 09:22:48.238 INFO [http-nio-8080-exec-443] org.apache.catalina.startup.HostConfig.undeploy Repliegue (undeploy) de la aplicación web que tiene como trayectoria de contexto [/Gen1-Rutas]
13-Jan-2024 09:22:48.270 INFO [http-nio-8080-exec-443] org.apache.catalina.startup.HostConfig.deployWAR Despliegue del archivo [C:\Users\TRJAVA-11\Documents\apache-tomcat-10.1.18\webapps\Gen1-Rutas.war] de la aplicación web
13-Jan-2024 09:22:48.840 INFO [http-nio-8080-exec-443] org.apache.jasper.servlet.TldScanner.scanJars Al menos un JAR, que se ha explorado buscando TLDs, aún no contenía TLDs. Activar historial de depuración para este historiador para una completa lista de los JARs que fueron explorados y de los que nos se halló TLDs. Saltarse JARs no necesarios durante la exploración puede dar lugar a una mejora de tiempo significativa en el arranque y compilación de JSP .
13-Jan-2024 09:22:48.842 INFO [http-nio-8080-exec-443] org.apache.catalina.startup.HostConfig.deployWAR Deployment of web application archive [C:\Users\TRJAVA-11\Documents\apache-tomcat-10.1.18\webapps\Gen1-Rutas.war] has finished in [572] ms
13-Jan-2024 09:23:53.143 INFO [http-nio-8080-exec-452] org.apache.catalina.startup.HostConfig.undeploy Repliegue (undeploy) de la aplicación web que tiene como trayectoria de contexto [/Gen1-Rutas]
13-Jan-2024 09:23:53.145 WARNING [http-nio-8080-exec-452] org.apache.catalina.loader.WebappClassLoaderBase.clearReferencesThreads The web application [Gen1-Rutas] appears to have started a thread named [OJDBC-WORKER-THREAD-56] but has failed to stop it. This is very likely to create a memory leak. Stack trace of thread:
 java.base@18.0.2/jdk.internal.misc.Unsafe.park(Native Method)
 java.base@18.0.2/java.util.concurrent.locks.LockSupport.parkNanos(LockSupport.java:252)
 java.base@18.0.2/java.util.concurrent.SynchronousQueue$TransferStack.transfer(SynchronousQueue.java:401)
 java.base@18.0.2/java.util.concurrent.SynchronousQueue.poll(SynchronousQueue.java:903)
 java.base@18.0.2/java.util.concurrent.ThreadPoolExecutor.getTask(ThreadPoolExecutor.java:1061)
 java.base@18.0.2/java.util.concurrent.ThreadPoolExecutor.runWorker(ThreadPoolExecutor.java:1122)
 java.base@18.0.2/java.util.concurrent.ThreadPoolExecutor$Worker.run(ThreadPoolExecutor.java:635)
 java.base@18.0.2/java.lang.Thread.run(Thread.java:833)
13-Jan-2024 09:23:53.174 INFO [http-nio-8080-exec-452] org.apache.catalina.startup.HostConfig.deployWAR Despliegue del archivo [C:\Users\TRJAVA-11\Documents\apache-tomcat-10.1.18\webapps\Gen1-Rutas.war] de la aplicación web
13-Jan-2024 09:23:53.751 INFO [http-nio-8080-exec-452] org.apache.jasper.servlet.TldScanner.scanJars Al menos un JAR, que se ha explorado buscando TLDs, aún no contenía TLDs. Activar historial de depuración para este historiador para una completa lista de los JARs que fueron explorados y de los que nos se halló TLDs. Saltarse JARs no necesarios durante la exploración puede dar lugar a una mejora de tiempo significativa en el arranque y compilación de JSP .
13-Jan-2024 09:23:53.753 INFO [http-nio-8080-exec-452] org.apache.catalina.startup.HostConfig.deployWAR Deployment of web application archive [C:\Users\TRJAVA-11\Documents\apache-tomcat-10.1.18\webapps\Gen1-Rutas.war] has finished in [579] ms
13-Jan-2024 09:24:18.269 INFO [http-nio-8080-exec-448] org.apache.catalina.startup.HostConfig.undeploy Repliegue (undeploy) de la aplicación web que tiene como trayectoria de contexto [/Gen1-Rutas]
13-Jan-2024 09:24:18.271 WARNING [http-nio-8080-exec-448] org.apache.catalina.loader.WebappClassLoaderBase.clearReferencesThreads The web application [Gen1-Rutas] appears to have started a thread named [OJDBC-WORKER-THREAD-57] but has failed to stop it. This is very likely to create a memory leak. Stack trace of thread:
 java.base@18.0.2/jdk.internal.misc.Unsafe.park(Native Method)
 java.base@18.0.2/java.util.concurrent.locks.LockSupport.parkNanos(LockSupport.java:252)
 java.base@18.0.2/java.util.concurrent.SynchronousQueue$TransferStack.transfer(SynchronousQueue.java:401)
 java.base@18.0.2/java.util.concurrent.SynchronousQueue.poll(SynchronousQueue.java:903)
 java.base@18.0.2/java.util.concurrent.ThreadPoolExecutor.getTask(ThreadPoolExecutor.java:1061)
 java.base@18.0.2/java.util.concurrent.ThreadPoolExecutor.runWorker(ThreadPoolExecutor.java:1122)
 java.base@18.0.2/java.util.concurrent.ThreadPoolExecutor$Worker.run(ThreadPoolExecutor.java:635)
 java.base@18.0.2/java.lang.Thread.run(Thread.java:833)
13-Jan-2024 09:24:18.304 INFO [http-nio-8080-exec-448] org.apache.catalina.startup.HostConfig.deployWAR Despliegue del archivo [C:\Users\TRJAVA-11\Documents\apache-tomcat-10.1.18\webapps\Gen1-Rutas.war] de la aplicación web
13-Jan-2024 09:24:18.869 INFO [http-nio-8080-exec-448] org.apache.jasper.servlet.TldScanner.scanJars Al menos un JAR, que se ha explorado buscando TLDs, aún no contenía TLDs. Activar historial de depuración para este historiador para una completa lista de los JARs que fueron explorados y de los que nos se halló TLDs. Saltarse JARs no necesarios durante la exploración puede dar lugar a una mejora de tiempo significativa en el arranque y compilación de JSP .
13-Jan-2024 09:24:18.872 INFO [http-nio-8080-exec-448] org.apache.catalina.startup.HostConfig.deployWAR Deployment of web application archive [C:\Users\TRJAVA-11\Documents\apache-tomcat-10.1.18\webapps\Gen1-Rutas.war] has finished in [568] ms
13-Jan-2024 09:32:51.389 INFO [http-nio-8080-exec-468] org.apache.catalina.startup.HostConfig.undeploy Repliegue (undeploy) de la aplicación web que tiene como trayectoria de contexto [/Gen1-Rutas]
13-Jan-2024 09:32:51.423 INFO [http-nio-8080-exec-468] org.apache.catalina.startup.HostConfig.deployWAR Despliegue del archivo [C:\Users\TRJAVA-11\Documents\apache-tomcat-10.1.18\webapps\Gen1-Rutas.war] de la aplicación web
13-Jan-2024 09:32:51.967 INFO [http-nio-8080-exec-468] org.apache.jasper.servlet.TldScanner.scanJars Al menos un JAR, que se ha explorado buscando TLDs, aún no contenía TLDs. Activar historial de depuración para este historiador para una completa lista de los JARs que fueron explorados y de los que nos se halló TLDs. Saltarse JARs no necesarios durante la exploración puede dar lugar a una mejora de tiempo significativa en el arranque y compilación de JSP .
13-Jan-2024 09:32:51.969 INFO [http-nio-8080-exec-468] org.apache.catalina.startup.HostConfig.deployWAR Deployment of web application archive [C:\Users\TRJAVA-11\Documents\apache-tomcat-10.1.18\webapps\Gen1-Rutas.war] has finished in [546] ms
13-Jan-2024 09:33:56.787 INFO [http-nio-8080-exec-469] org.apache.catalina.startup.HostConfig.undeploy Repliegue (undeploy) de la aplicación web que tiene como trayectoria de contexto [/Gen1-Rutas]
13-Jan-2024 09:33:56.790 WARNING [http-nio-8080-exec-469] org.apache.catalina.loader.WebappClassLoaderBase.clearReferencesThreads The web application [Gen1-Rutas] appears to have started a thread named [OJDBC-WORKER-THREAD-59] but has failed to stop it. This is very likely to create a memory leak. Stack trace of thread:
 java.base@18.0.2/jdk.internal.misc.Unsafe.park(Native Method)
 java.base@18.0.2/java.util.concurrent.locks.LockSupport.parkNanos(LockSupport.java:252)
 java.base@18.0.2/java.util.concurrent.SynchronousQueue$TransferStack.transfer(SynchronousQueue.java:401)
 java.base@18.0.2/java.util.concurrent.SynchronousQueue.poll(SynchronousQueue.java:903)
 java.base@18.0.2/java.util.concurrent.ThreadPoolExecutor.getTask(ThreadPoolExecutor.java:1061)
 java.base@18.0.2/java.util.concurrent.ThreadPoolExecutor.runWorker(ThreadPoolExecutor.java:1122)
 java.base@18.0.2/java.util.concurrent.ThreadPoolExecutor$Worker.run(ThreadPoolExecutor.java:635)
 java.base@18.0.2/java.lang.Thread.run(Thread.java:833)
13-Jan-2024 09:33:56.818 INFO [http-nio-8080-exec-469] org.apache.catalina.startup.HostConfig.deployWAR Despliegue del archivo [C:\Users\TRJAVA-11\Documents\apache-tomcat-10.1.18\webapps\Gen1-Rutas.war] de la aplicación web
13-Jan-2024 09:33:57.341 INFO [http-nio-8080-exec-469] org.apache.jasper.servlet.TldScanner.scanJars Al menos un JAR, que se ha explorado buscando TLDs, aún no contenía TLDs. Activar historial de depuración para este historiador para una completa lista de los JARs que fueron explorados y de los que nos se halló TLDs. Saltarse JARs no necesarios durante la exploración puede dar lugar a una mejora de tiempo significativa en el arranque y compilación de JSP .
13-Jan-2024 09:33:57.344 INFO [http-nio-8080-exec-469] org.apache.catalina.startup.HostConfig.deployWAR Deployment of web application archive [C:\Users\TRJAVA-11\Documents\apache-tomcat-10.1.18\webapps\Gen1-Rutas.war] has finished in [527] ms
13-Jan-2024 09:42:27.487 INFO [http-nio-8080-exec-474] org.apache.catalina.startup.HostConfig.undeploy Repliegue (undeploy) de la aplicación web que tiene como trayectoria de contexto [/Gen1-Rutas]
13-Jan-2024 09:42:27.524 INFO [http-nio-8080-exec-474] org.apache.catalina.startup.HostConfig.deployWAR Despliegue del archivo [C:\Users\TRJAVA-11\Documents\apache-tomcat-10.1.18\webapps\Gen1-Rutas.war] de la aplicación web
13-Jan-2024 09:42:28.066 INFO [http-nio-8080-exec-474] org.apache.jasper.servlet.TldScanner.scanJars Al menos un JAR, que se ha explorado buscando TLDs, aún no contenía TLDs. Activar historial de depuración para este historiador para una completa lista de los JARs que fueron explorados y de los que nos se halló TLDs. Saltarse JARs no necesarios durante la exploración puede dar lugar a una mejora de tiempo significativa en el arranque y compilación de JSP .
13-Jan-2024 09:42:28.069 INFO [http-nio-8080-exec-474] org.apache.catalina.startup.HostConfig.deployWAR Deployment of web application archive [C:\Users\TRJAVA-11\Documents\apache-tomcat-10.1.18\webapps\Gen1-Rutas.war] has finished in [544] ms
13-Jan-2024 09:47:09.334 INFO [http-nio-8080-exec-487] org.apache.catalina.startup.HostConfig.undeploy Repliegue (undeploy) de la aplicación web que tiene como trayectoria de contexto [/Gen1-Rutas]
13-Jan-2024 09:47:09.367 INFO [http-nio-8080-exec-487] org.apache.catalina.startup.HostConfig.deployWAR Despliegue del archivo [C:\Users\TRJAVA-11\Documents\apache-tomcat-10.1.18\webapps\Gen1-Rutas.war] de la aplicación web
13-Jan-2024 09:47:09.874 INFO [http-nio-8080-exec-487] org.apache.jasper.servlet.TldScanner.scanJars Al menos un JAR, que se ha explorado buscando TLDs, aún no contenía TLDs. Activar historial de depuración para este historiador para una completa lista de los JARs que fueron explorados y de los que nos se halló TLDs. Saltarse JARs no necesarios durante la exploración puede dar lugar a una mejora de tiempo significativa en el arranque y compilación de JSP .
13-Jan-2024 09:47:09.876 INFO [http-nio-8080-exec-487] org.apache.catalina.startup.HostConfig.deployWAR Deployment of web application archive [C:\Users\TRJAVA-11\Documents\apache-tomcat-10.1.18\webapps\Gen1-Rutas.war] has finished in [510] ms
13-Jan-2024 10:18:51.336 INFO [http-nio-8080-exec-494] org.apache.catalina.startup.HostConfig.undeploy Repliegue (undeploy) de la aplicación web que tiene como trayectoria de contexto [/Gen1-Rutas]
13-Jan-2024 10:18:51.377 INFO [http-nio-8080-exec-494] org.apache.catalina.startup.HostConfig.deployWAR Despliegue del archivo [C:\Users\TRJAVA-11\Documents\apache-tomcat-10.1.18\webapps\Gen1-Rutas.war] de la aplicación web
13-Jan-2024 10:18:51.953 INFO [http-nio-8080-exec-494] org.apache.jasper.servlet.TldScanner.scanJars Al menos un JAR, que se ha explorado buscando TLDs, aún no contenía TLDs. Activar historial de depuración para este historiador para una completa lista de los JARs que fueron explorados y de los que nos se halló TLDs. Saltarse JARs no necesarios durante la exploración puede dar lugar a una mejora de tiempo significativa en el arranque y compilación de JSP .
13-Jan-2024 10:18:51.956 INFO [http-nio-8080-exec-494] org.apache.catalina.startup.HostConfig.deployWAR Deployment of web application archive [C:\Users\TRJAVA-11\Documents\apache-tomcat-10.1.18\webapps\Gen1-Rutas.war] has finished in [579] ms
13-Jan-2024 10:47:48.267 INFO [http-nio-8080-exec-504] org.apache.catalina.startup.HostConfig.undeploy Repliegue (undeploy) de la aplicación web que tiene como trayectoria de contexto [/Gen1-Rutas]
13-Jan-2024 10:47:48.306 INFO [http-nio-8080-exec-504] org.apache.catalina.startup.HostConfig.deployWAR Despliegue del archivo [C:\Users\TRJAVA-11\Documents\apache-tomcat-10.1.18\webapps\Gen1-Rutas.war] de la aplicación web
13-Jan-2024 10:47:48.877 INFO [http-nio-8080-exec-504] org.apache.jasper.servlet.TldScanner.scanJars Al menos un JAR, que se ha explorado buscando TLDs, aún no contenía TLDs. Activar historial de depuración para este historiador para una completa lista de los JARs que fueron explorados y de los que nos se halló TLDs. Saltarse JARs no necesarios durante la exploración puede dar lugar a una mejora de tiempo significativa en el arranque y compilación de JSP .
13-Jan-2024 10:47:48.879 INFO [http-nio-8080-exec-504] org.apache.catalina.startup.HostConfig.deployWAR Deployment of web application archive [C:\Users\TRJAVA-11\Documents\apache-tomcat-10.1.18\webapps\Gen1-Rutas.war] has finished in [573] ms
13-Jan-2024 10:49:27.322 INFO [http-nio-8080-exec-514] org.apache.catalina.startup.HostConfig.undeploy Repliegue (undeploy) de la aplicación web que tiene como trayectoria de contexto [/Gen1-Rutas]
13-Jan-2024 10:49:27.324 WARNING [http-nio-8080-exec-514] org.apache.catalina.loader.WebappClassLoaderBase.clearReferencesThreads The web application [Gen1-Rutas] appears to have started a thread named [OJDBC-WORKER-THREAD-65] but has failed to stop it. This is very likely to create a memory leak. Stack trace of thread:
 java.base@18.0.2/jdk.internal.misc.Unsafe.park(Native Method)
 java.base@18.0.2/java.util.concurrent.locks.LockSupport.parkNanos(LockSupport.java:252)
 java.base@18.0.2/java.util.concurrent.SynchronousQueue$TransferStack.transfer(SynchronousQueue.java:401)
 java.base@18.0.2/java.util.concurrent.SynchronousQueue.poll(SynchronousQueue.java:903)
 java.base@18.0.2/java.util.concurrent.ThreadPoolExecutor.getTask(ThreadPoolExecutor.java:1061)
 java.base@18.0.2/java.util.concurrent.ThreadPoolExecutor.runWorker(ThreadPoolExecutor.java:1122)
 java.base@18.0.2/java.util.concurrent.ThreadPoolExecutor$Worker.run(ThreadPoolExecutor.java:635)
 java.base@18.0.2/java.lang.Thread.run(Thread.java:833)
13-Jan-2024 10:49:27.360 INFO [http-nio-8080-exec-514] org.apache.catalina.startup.HostConfig.deployWAR Despliegue del archivo [C:\Users\TRJAVA-11\Documents\apache-tomcat-10.1.18\webapps\Gen1-Rutas.war] de la aplicación web
13-Jan-2024 10:49:27.956 INFO [http-nio-8080-exec-514] org.apache.jasper.servlet.TldScanner.scanJars Al menos un JAR, que se ha explorado buscando TLDs, aún no contenía TLDs. Activar historial de depuración para este historiador para una completa lista de los JARs que fueron explorados y de los que nos se halló TLDs. Saltarse JARs no necesarios durante la exploración puede dar lugar a una mejora de tiempo significativa en el arranque y compilación de JSP .
13-Jan-2024 10:49:27.959 INFO [http-nio-8080-exec-514] org.apache.catalina.startup.HostConfig.deployWAR Deployment of web application archive [C:\Users\TRJAVA-11\Documents\apache-tomcat-10.1.18\webapps\Gen1-Rutas.war] has finished in [598] ms
13-Jan-2024 10:51:35.835 INFO [http-nio-8080-exec-520] org.apache.catalina.startup.HostConfig.undeploy Repliegue (undeploy) de la aplicación web que tiene como trayectoria de contexto [/Gen1-Rutas]
13-Jan-2024 10:51:35.878 INFO [http-nio-8080-exec-520] org.apache.catalina.startup.HostConfig.deployWAR Despliegue del archivo [C:\Users\TRJAVA-11\Documents\apache-tomcat-10.1.18\webapps\Gen1-Rutas.war] de la aplicación web
13-Jan-2024 10:51:36.462 INFO [http-nio-8080-exec-520] org.apache.jasper.servlet.TldScanner.scanJars Al menos un JAR, que se ha explorado buscando TLDs, aún no contenía TLDs. Activar historial de depuración para este historiador para una completa lista de los JARs que fueron explorados y de los que nos se halló TLDs. Saltarse JARs no necesarios durante la exploración puede dar lugar a una mejora de tiempo significativa en el arranque y compilación de JSP .
13-Jan-2024 10:51:36.466 INFO [http-nio-8080-exec-520] org.apache.catalina.startup.HostConfig.deployWAR Deployment of web application archive [C:\Users\TRJAVA-11\Documents\apache-tomcat-10.1.18\webapps\Gen1-Rutas.war] has finished in [588] ms
13-Jan-2024 10:55:44.082 INFO [http-nio-8080-exec-532] org.apache.catalina.startup.HostConfig.undeploy Repliegue (undeploy) de la aplicación web que tiene como trayectoria de contexto [/Gen1-Rutas]
13-Jan-2024 10:55:44.122 INFO [http-nio-8080-exec-532] org.apache.catalina.startup.HostConfig.deployWAR Despliegue del archivo [C:\Users\TRJAVA-11\Documents\apache-tomcat-10.1.18\webapps\Gen1-Rutas.war] de la aplicación web
13-Jan-2024 10:55:44.689 INFO [http-nio-8080-exec-532] org.apache.jasper.servlet.TldScanner.scanJars Al menos un JAR, que se ha explorado buscando TLDs, aún no contenía TLDs. Activar historial de depuración para este historiador para una completa lista de los JARs que fueron explorados y de los que nos se halló TLDs. Saltarse JARs no necesarios durante la exploración puede dar lugar a una mejora de tiempo significativa en el arranque y compilación de JSP .
13-Jan-2024 10:55:44.692 INFO [http-nio-8080-exec-532] org.apache.catalina.startup.HostConfig.deployWAR Deployment of web application archive [C:\Users\TRJAVA-11\Documents\apache-tomcat-10.1.18\webapps\Gen1-Rutas.war] has finished in [570] ms
13-Jan-2024 10:57:40.749 INFO [http-nio-8080-exec-536] org.apache.catalina.startup.HostConfig.undeploy Repliegue (undeploy) de la aplicación web que tiene como trayectoria de contexto [/Gen1-Rutas]
13-Jan-2024 10:57:40.786 INFO [http-nio-8080-exec-536] org.apache.catalina.startup.HostConfig.deployWAR Despliegue del archivo [C:\Users\TRJAVA-11\Documents\apache-tomcat-10.1.18\webapps\Gen1-Rutas.war] de la aplicación web
13-Jan-2024 10:57:41.363 INFO [http-nio-8080-exec-536] org.apache.jasper.servlet.TldScanner.scanJars Al menos un JAR, que se ha explorado buscando TLDs, aún no contenía TLDs. Activar historial de depuración para este historiador para una completa lista de los JARs que fueron explorados y de los que nos se halló TLDs. Saltarse JARs no necesarios durante la exploración puede dar lugar a una mejora de tiempo significativa en el arranque y compilación de JSP .
13-Jan-2024 10:57:41.365 INFO [http-nio-8080-exec-536] org.apache.catalina.startup.HostConfig.deployWAR Deployment of web application archive [C:\Users\TRJAVA-11\Documents\apache-tomcat-10.1.18\webapps\Gen1-Rutas.war] has finished in [579] ms
13-Jan-2024 11:00:13.229 INFO [http-nio-8080-exec-543] org.apache.catalina.startup.HostConfig.undeploy Repliegue (undeploy) de la aplicación web que tiene como trayectoria de contexto [/Gen1-Rutas]
13-Jan-2024 11:00:13.257 INFO [http-nio-8080-exec-543] org.apache.catalina.startup.HostConfig.deployWAR Despliegue del archivo [C:\Users\TRJAVA-11\Documents\apache-tomcat-10.1.18\webapps\Gen1-Rutas.war] de la aplicación web
13-Jan-2024 11:00:13.796 INFO [http-nio-8080-exec-543] org.apache.jasper.servlet.TldScanner.scanJars Al menos un JAR, que se ha explorado buscando TLDs, aún no contenía TLDs. Activar historial de depuración para este historiador para una completa lista de los JARs que fueron explorados y de los que nos se halló TLDs. Saltarse JARs no necesarios durante la exploración puede dar lugar a una mejora de tiempo significativa en el arranque y compilación de JSP .
13-Jan-2024 11:00:13.797 INFO [http-nio-8080-exec-543] org.apache.catalina.startup.HostConfig.deployWAR Deployment of web application archive [C:\Users\TRJAVA-11\Documents\apache-tomcat-10.1.18\webapps\Gen1-Rutas.war] has finished in [540] ms
13-Jan-2024 11:05:52.562 INFO [http-nio-8080-exec-550] org.apache.catalina.startup.HostConfig.undeploy Repliegue (undeploy) de la aplicación web que tiene como trayectoria de contexto [/Gen1-Rutas]
13-Jan-2024 11:05:52.595 INFO [http-nio-8080-exec-550] org.apache.catalina.startup.HostConfig.deployWAR Despliegue del archivo [C:\Users\TRJAVA-11\Documents\apache-tomcat-10.1.18\webapps\Gen1-Rutas.war] de la aplicación web
13-Jan-2024 11:05:53.207 INFO [http-nio-8080-exec-550] org.apache.jasper.servlet.TldScanner.scanJars Al menos un JAR, que se ha explorado buscando TLDs, aún no contenía TLDs. Activar historial de depuración para este historiador para una completa lista de los JARs que fueron explorados y de los que nos se halló TLDs. Saltarse JARs no necesarios durante la exploración puede dar lugar a una mejora de tiempo significativa en el arranque y compilación de JSP .
13-Jan-2024 11:05:53.210 INFO [http-nio-8080-exec-550] org.apache.catalina.startup.HostConfig.deployWAR Deployment of web application archive [C:\Users\TRJAVA-11\Documents\apache-tomcat-10.1.18\webapps\Gen1-Rutas.war] has finished in [614] ms
13-Jan-2024 11:07:47.057 INFO [http-nio-8080-exec-563] org.apache.catalina.startup.HostConfig.undeploy Repliegue (undeploy) de la aplicación web que tiene como trayectoria de contexto [/Gen1-Rutas]
13-Jan-2024 11:07:47.060 WARNING [http-nio-8080-exec-563] org.apache.catalina.loader.WebappClassLoaderBase.clearReferencesThreads The web application [Gen1-Rutas] appears to have started a thread named [OJDBC-WORKER-THREAD-72] but has failed to stop it. This is very likely to create a memory leak. Stack trace of thread:
 java.base@18.0.2/jdk.internal.misc.Unsafe.park(Native Method)
 java.base@18.0.2/java.util.concurrent.locks.LockSupport.parkNanos(LockSupport.java:252)
 java.base@18.0.2/java.util.concurrent.SynchronousQueue$TransferStack.transfer(SynchronousQueue.java:401)
 java.base@18.0.2/java.util.concurrent.SynchronousQueue.poll(SynchronousQueue.java:903)
 java.base@18.0.2/java.util.concurrent.ThreadPoolExecutor.getTask(ThreadPoolExecutor.java:1061)
 java.base@18.0.2/java.util.concurrent.ThreadPoolExecutor.runWorker(ThreadPoolExecutor.java:1122)
 java.base@18.0.2/java.util.concurrent.ThreadPoolExecutor$Worker.run(ThreadPoolExecutor.java:635)
 java.base@18.0.2/java.lang.Thread.run(Thread.java:833)
13-Jan-2024 11:07:47.104 INFO [http-nio-8080-exec-563] org.apache.catalina.startup.HostConfig.deployWAR Despliegue del archivo [C:\Users\TRJAVA-11\Documents\apache-tomcat-10.1.18\webapps\Gen1-Rutas.war] de la aplicación web
13-Jan-2024 11:07:47.702 INFO [http-nio-8080-exec-563] org.apache.jasper.servlet.TldScanner.scanJars Al menos un JAR, que se ha explorado buscando TLDs, aún no contenía TLDs. Activar historial de depuración para este historiador para una completa lista de los JARs que fueron explorados y de los que nos se halló TLDs. Saltarse JARs no necesarios durante la exploración puede dar lugar a una mejora de tiempo significativa en el arranque y compilación de JSP .
13-Jan-2024 11:07:47.705 INFO [http-nio-8080-exec-563] org.apache.catalina.startup.HostConfig.deployWAR Deployment of web application archive [C:\Users\TRJAVA-11\Documents\apache-tomcat-10.1.18\webapps\Gen1-Rutas.war] has finished in [602] ms
13-Jan-2024 11:08:27.267 INFO [http-nio-8080-exec-566] org.apache.catalina.startup.HostConfig.undeploy Repliegue (undeploy) de la aplicación web que tiene como trayectoria de contexto [/Gen1-Rutas]
13-Jan-2024 11:08:27.269 WARNING [http-nio-8080-exec-566] org.apache.catalina.loader.WebappClassLoaderBase.clearReferencesThreads The web application [Gen1-Rutas] appears to have started a thread named [OJDBC-WORKER-THREAD-73] but has failed to stop it. This is very likely to create a memory leak. Stack trace of thread:
 java.base@18.0.2/jdk.internal.misc.Unsafe.park(Native Method)
 java.base@18.0.2/java.util.concurrent.locks.LockSupport.parkNanos(LockSupport.java:252)
 java.base@18.0.2/java.util.concurrent.SynchronousQueue$TransferStack.transfer(SynchronousQueue.java:401)
 java.base@18.0.2/java.util.concurrent.SynchronousQueue.poll(SynchronousQueue.java:903)
 java.base@18.0.2/java.util.concurrent.ThreadPoolExecutor.getTask(ThreadPoolExecutor.java:1061)
 java.base@18.0.2/java.util.concurrent.ThreadPoolExecutor.runWorker(ThreadPoolExecutor.java:1122)
 java.base@18.0.2/java.util.concurrent.ThreadPoolExecutor$Worker.run(ThreadPoolExecutor.java:635)
 java.base@18.0.2/java.lang.Thread.run(Thread.java:833)
13-Jan-2024 11:08:27.300 INFO [http-nio-8080-exec-566] org.apache.catalina.startup.HostConfig.deployWAR Despliegue del archivo [C:\Users\TRJAVA-11\Documents\apache-tomcat-10.1.18\webapps\Gen1-Rutas.war] de la aplicación web
13-Jan-2024 11:08:27.835 INFO [http-nio-8080-exec-566] org.apache.jasper.servlet.TldScanner.scanJars Al menos un JAR, que se ha explorado buscando TLDs, aún no contenía TLDs. Activar historial de depuración para este historiador para una completa lista de los JARs que fueron explorados y de los que nos se halló TLDs. Saltarse JARs no necesarios durante la exploración puede dar lugar a una mejora de tiempo significativa en el arranque y compilación de JSP .
13-Jan-2024 11:08:27.837 INFO [http-nio-8080-exec-566] org.apache.catalina.startup.HostConfig.deployWAR Deployment of web application archive [C:\Users\TRJAVA-11\Documents\apache-tomcat-10.1.18\webapps\Gen1-Rutas.war] has finished in [538] ms
13-Jan-2024 11:16:01.230 INFO [http-nio-8080-exec-573] org.apache.catalina.startup.HostConfig.undeploy Repliegue (undeploy) de la aplicación web que tiene como trayectoria de contexto [/Gen1-Rutas]
13-Jan-2024 11:16:01.261 INFO [http-nio-8080-exec-573] org.apache.catalina.startup.HostConfig.deployWAR Despliegue del archivo [C:\Users\TRJAVA-11\Documents\apache-tomcat-10.1.18\webapps\Gen1-Rutas.war] de la aplicación web
13-Jan-2024 11:16:01.833 INFO [http-nio-8080-exec-573] org.apache.jasper.servlet.TldScanner.scanJars Al menos un JAR, que se ha explorado buscando TLDs, aún no contenía TLDs. Activar historial de depuración para este historiador para una completa lista de los JARs que fueron explorados y de los que nos se halló TLDs. Saltarse JARs no necesarios durante la exploración puede dar lugar a una mejora de tiempo significativa en el arranque y compilación de JSP .
13-Jan-2024 11:16:01.835 INFO [http-nio-8080-exec-573] org.apache.catalina.startup.HostConfig.deployWAR Deployment of web application archive [C:\Users\TRJAVA-11\Documents\apache-tomcat-10.1.18\webapps\Gen1-Rutas.war] has finished in [574] ms
13-Jan-2024 12:08:58.059 INFO [http-nio-8080-exec-589] org.apache.catalina.startup.HostConfig.undeploy Repliegue (undeploy) de la aplicación web que tiene como trayectoria de contexto [/Gen1-Rutas]
13-Jan-2024 12:08:58.096 INFO [http-nio-8080-exec-589] org.apache.catalina.startup.HostConfig.deployWAR Despliegue del archivo [C:\Users\TRJAVA-11\Documents\apache-tomcat-10.1.18\webapps\Gen1-Rutas.war] de la aplicación web
13-Jan-2024 12:08:58.681 INFO [http-nio-8080-exec-589] org.apache.jasper.servlet.TldScanner.scanJars Al menos un JAR, que se ha explorado buscando TLDs, aún no contenía TLDs. Activar historial de depuración para este historiador para una completa lista de los JARs que fueron explorados y de los que nos se halló TLDs. Saltarse JARs no necesarios durante la exploración puede dar lugar a una mejora de tiempo significativa en el arranque y compilación de JSP .
13-Jan-2024 12:08:58.683 INFO [http-nio-8080-exec-589] org.apache.catalina.startup.HostConfig.deployWAR Deployment of web application archive [C:\Users\TRJAVA-11\Documents\apache-tomcat-10.1.18\webapps\Gen1-Rutas.war] has finished in [587] ms
13-Jan-2024 12:11:12.041 INFO [http-nio-8080-exec-593] org.apache.catalina.startup.HostConfig.undeploy Repliegue (undeploy) de la aplicación web que tiene como trayectoria de contexto [/Gen1-Rutas]
13-Jan-2024 12:11:12.074 INFO [http-nio-8080-exec-593] org.apache.catalina.startup.HostConfig.deployWAR Despliegue del archivo [C:\Users\TRJAVA-11\Documents\apache-tomcat-10.1.18\webapps\Gen1-Rutas.war] de la aplicación web
13-Jan-2024 12:11:12.693 INFO [http-nio-8080-exec-593] org.apache.jasper.servlet.TldScanner.scanJars Al menos un JAR, que se ha explorado buscando TLDs, aún no contenía TLDs. Activar historial de depuración para este historiador para una completa lista de los JARs que fueron explorados y de los que nos se halló TLDs. Saltarse JARs no necesarios durante la exploración puede dar lugar a una mejora de tiempo significativa en el arranque y compilación de JSP .
13-Jan-2024 12:11:12.695 INFO [http-nio-8080-exec-593] org.apache.catalina.startup.HostConfig.deployWAR Deployment of web application archive [C:\Users\TRJAVA-11\Documents\apache-tomcat-10.1.18\webapps\Gen1-Rutas.war] has finished in [621] ms
13-Jan-2024 12:18:52.368 INFO [http-nio-8080-exec-600] org.apache.catalina.startup.HostConfig.undeploy Repliegue (undeploy) de la aplicación web que tiene como trayectoria de contexto [/Gen1-Rutas]
13-Jan-2024 12:18:52.403 INFO [http-nio-8080-exec-600] org.apache.catalina.startup.HostConfig.deployWAR Despliegue del archivo [C:\Users\TRJAVA-11\Documents\apache-tomcat-10.1.18\webapps\Gen1-Rutas.war] de la aplicación web
13-Jan-2024 12:18:53.017 INFO [http-nio-8080-exec-600] org.apache.jasper.servlet.TldScanner.scanJars Al menos un JAR, que se ha explorado buscando TLDs, aún no contenía TLDs. Activar historial de depuración para este historiador para una completa lista de los JARs que fueron explorados y de los que nos se halló TLDs. Saltarse JARs no necesarios durante la exploración puede dar lugar a una mejora de tiempo significativa en el arranque y compilación de JSP .
13-Jan-2024 12:18:53.019 INFO [http-nio-8080-exec-600] org.apache.catalina.startup.HostConfig.deployWAR Deployment of web application archive [C:\Users\TRJAVA-11\Documents\apache-tomcat-10.1.18\webapps\Gen1-Rutas.war] has finished in [616] ms
13-Jan-2024 12:44:03.834 INFO [http-nio-8080-exec-614] org.apache.catalina.startup.HostConfig.undeploy Repliegue (undeploy) de la aplicación web que tiene como trayectoria de contexto [/Gen1-Rutas]
13-Jan-2024 12:44:03.872 INFO [http-nio-8080-exec-614] org.apache.catalina.startup.HostConfig.deployWAR Despliegue del archivo [C:\Users\TRJAVA-11\Documents\apache-tomcat-10.1.18\webapps\Gen1-Rutas.war] de la aplicación web
13-Jan-2024 12:44:04.483 INFO [http-nio-8080-exec-614] org.apache.jasper.servlet.TldScanner.scanJars Al menos un JAR, que se ha explorado buscando TLDs, aún no contenía TLDs. Activar historial de depuración para este historiador para una completa lista de los JARs que fueron explorados y de los que nos se halló TLDs. Saltarse JARs no necesarios durante la exploración puede dar lugar a una mejora de tiempo significativa en el arranque y compilación de JSP .
13-Jan-2024 12:44:04.485 INFO [http-nio-8080-exec-614] org.apache.catalina.startup.HostConfig.deployWAR Deployment of web application archive [C:\Users\TRJAVA-11\Documents\apache-tomcat-10.1.18\webapps\Gen1-Rutas.war] has finished in [613] ms
13-Jan-2024 12:45:24.391 INFO [http-nio-8080-exec-620] org.apache.catalina.startup.HostConfig.undeploy Repliegue (undeploy) de la aplicación web que tiene como trayectoria de contexto [/Gen1-Rutas]
13-Jan-2024 12:45:24.419 INFO [http-nio-8080-exec-620] org.apache.catalina.startup.HostConfig.deployWAR Despliegue del archivo [C:\Users\TRJAVA-11\Documents\apache-tomcat-10.1.18\webapps\Gen1-Rutas.war] de la aplicación web
13-Jan-2024 12:45:24.968 INFO [http-nio-8080-exec-620] org.apache.jasper.servlet.TldScanner.scanJars Al menos un JAR, que se ha explorado buscando TLDs, aún no contenía TLDs. Activar historial de depuración para este historiador para una completa lista de los JARs que fueron explorados y de los que nos se halló TLDs. Saltarse JARs no necesarios durante la exploración puede dar lugar a una mejora de tiempo significativa en el arranque y compilación de JSP .
13-Jan-2024 12:45:24.971 INFO [http-nio-8080-exec-620] org.apache.catalina.startup.HostConfig.deployWAR Deployment of web application archive [C:\Users\TRJAVA-11\Documents\apache-tomcat-10.1.18\webapps\Gen1-Rutas.war] has finished in [552] ms
13-Jan-2024 12:46:49.159 INFO [http-nio-8080-exec-624] org.apache.catalina.startup.HostConfig.undeploy Repliegue (undeploy) de la aplicación web que tiene como trayectoria de contexto [/Gen1-Rutas]
13-Jan-2024 12:46:49.161 WARNING [http-nio-8080-exec-624] org.apache.catalina.loader.WebappClassLoaderBase.clearReferencesThreads The web application [Gen1-Rutas] appears to have started a thread named [OJDBC-WORKER-THREAD-80] but has failed to stop it. This is very likely to create a memory leak. Stack trace of thread:
 java.base@18.0.2/jdk.internal.misc.Unsafe.park(Native Method)
 java.base@18.0.2/java.util.concurrent.locks.LockSupport.parkNanos(LockSupport.java:252)
 java.base@18.0.2/java.util.concurrent.SynchronousQueue$TransferStack.transfer(SynchronousQueue.java:401)
 java.base@18.0.2/java.util.concurrent.SynchronousQueue.poll(SynchronousQueue.java:903)
 java.base@18.0.2/java.util.concurrent.ThreadPoolExecutor.getTask(ThreadPoolExecutor.java:1061)
 java.base@18.0.2/java.util.concurrent.ThreadPoolExecutor.runWorker(ThreadPoolExecutor.java:1122)
 java.base@18.0.2/java.util.concurrent.ThreadPoolExecutor$Worker.run(ThreadPoolExecutor.java:635)
 java.base@18.0.2/java.lang.Thread.run(Thread.java:833)
13-Jan-2024 12:46:49.196 INFO [http-nio-8080-exec-624] org.apache.catalina.startup.HostConfig.deployWAR Despliegue del archivo [C:\Users\TRJAVA-11\Documents\apache-tomcat-10.1.18\webapps\Gen1-Rutas.war] de la aplicación web
13-Jan-2024 12:46:49.837 INFO [http-nio-8080-exec-624] org.apache.jasper.servlet.TldScanner.scanJars Al menos un JAR, que se ha explorado buscando TLDs, aún no contenía TLDs. Activar historial de depuración para este historiador para una completa lista de los JARs que fueron explorados y de los que nos se halló TLDs. Saltarse JARs no necesarios durante la exploración puede dar lugar a una mejora de tiempo significativa en el arranque y compilación de JSP .
13-Jan-2024 12:46:49.839 INFO [http-nio-8080-exec-624] org.apache.catalina.startup.HostConfig.deployWAR Deployment of web application archive [C:\Users\TRJAVA-11\Documents\apache-tomcat-10.1.18\webapps\Gen1-Rutas.war] has finished in [643] ms
13-Jan-2024 12:48:17.931 INFO [http-nio-8080-exec-633] org.apache.catalina.startup.HostConfig.undeploy Repliegue (undeploy) de la aplicación web que tiene como trayectoria de contexto [/Gen1-Rutas]
13-Jan-2024 12:48:17.971 INFO [http-nio-8080-exec-633] org.apache.catalina.startup.HostConfig.deployWAR Despliegue del archivo [C:\Users\TRJAVA-11\Documents\apache-tomcat-10.1.18\webapps\Gen1-Rutas.war] de la aplicación web
13-Jan-2024 12:48:18.577 INFO [http-nio-8080-exec-633] org.apache.jasper.servlet.TldScanner.scanJars Al menos un JAR, que se ha explorado buscando TLDs, aún no contenía TLDs. Activar historial de depuración para este historiador para una completa lista de los JARs que fueron explorados y de los que nos se halló TLDs. Saltarse JARs no necesarios durante la exploración puede dar lugar a una mejora de tiempo significativa en el arranque y compilación de JSP .
13-Jan-2024 12:48:18.580 INFO [http-nio-8080-exec-633] org.apache.catalina.startup.HostConfig.deployWAR Deployment of web application archive [C:\Users\TRJAVA-11\Documents\apache-tomcat-10.1.18\webapps\Gen1-Rutas.war] has finished in [609] ms
13-Jan-2024 12:50:17.043 INFO [http-nio-8080-exec-638] org.apache.catalina.startup.HostConfig.undeploy Repliegue (undeploy) de la aplicación web que tiene como trayectoria de contexto [/Gen1-Rutas]
13-Jan-2024 12:50:17.081 INFO [http-nio-8080-exec-638] org.apache.catalina.startup.HostConfig.deployWAR Despliegue del archivo [C:\Users\TRJAVA-11\Documents\apache-tomcat-10.1.18\webapps\Gen1-Rutas.war] de la aplicación web
13-Jan-2024 12:50:17.668 INFO [http-nio-8080-exec-638] org.apache.jasper.servlet.TldScanner.scanJars Al menos un JAR, que se ha explorado buscando TLDs, aún no contenía TLDs. Activar historial de depuración para este historiador para una completa lista de los JARs que fueron explorados y de los que nos se halló TLDs. Saltarse JARs no necesarios durante la exploración puede dar lugar a una mejora de tiempo significativa en el arranque y compilación de JSP .
13-Jan-2024 12:50:17.671 INFO [http-nio-8080-exec-638] org.apache.catalina.startup.HostConfig.deployWAR Deployment of web application archive [C:\Users\TRJAVA-11\Documents\apache-tomcat-10.1.18\webapps\Gen1-Rutas.war] has finished in [589] ms
13-Jan-2024 12:52:48.814 INFO [http-nio-8080-exec-643] org.apache.catalina.startup.HostConfig.undeploy Repliegue (undeploy) de la aplicación web que tiene como trayectoria de contexto [/Gen1-Rutas]
13-Jan-2024 12:52:48.853 INFO [http-nio-8080-exec-643] org.apache.catalina.startup.HostConfig.deployWAR Despliegue del archivo [C:\Users\TRJAVA-11\Documents\apache-tomcat-10.1.18\webapps\Gen1-Rutas.war] de la aplicación web
13-Jan-2024 12:52:49.492 INFO [http-nio-8080-exec-643] org.apache.jasper.servlet.TldScanner.scanJars Al menos un JAR, que se ha explorado buscando TLDs, aún no contenía TLDs. Activar historial de depuración para este historiador para una completa lista de los JARs que fueron explorados y de los que nos se halló TLDs. Saltarse JARs no necesarios durante la exploración puede dar lugar a una mejora de tiempo significativa en el arranque y compilación de JSP .
13-Jan-2024 12:52:49.494 INFO [http-nio-8080-exec-643] org.apache.catalina.startup.HostConfig.deployWAR Deployment of web application archive [C:\Users\TRJAVA-11\Documents\apache-tomcat-10.1.18\webapps\Gen1-Rutas.war] has finished in [641] ms
13-Jan-2024 13:01:42.932 INFO [http-nio-8080-exec-649] org.apache.catalina.startup.HostConfig.undeploy Repliegue (undeploy) de la aplicación web que tiene como trayectoria de contexto [/Gen1-Rutas]
13-Jan-2024 13:01:42.964 INFO [http-nio-8080-exec-649] org.apache.catalina.startup.HostConfig.deployWAR Despliegue del archivo [C:\Users\TRJAVA-11\Documents\apache-tomcat-10.1.18\webapps\Gen1-Rutas.war] de la aplicación web
13-Jan-2024 13:01:43.516 INFO [http-nio-8080-exec-649] org.apache.jasper.servlet.TldScanner.scanJars Al menos un JAR, que se ha explorado buscando TLDs, aún no contenía TLDs. Activar historial de depuración para este historiador para una completa lista de los JARs que fueron explorados y de los que nos se halló TLDs. Saltarse JARs no necesarios durante la exploración puede dar lugar a una mejora de tiempo significativa en el arranque y compilación de JSP .
13-Jan-2024 13:01:43.518 INFO [http-nio-8080-exec-649] org.apache.catalina.startup.HostConfig.deployWAR Deployment of web application archive [C:\Users\TRJAVA-11\Documents\apache-tomcat-10.1.18\webapps\Gen1-Rutas.war] has finished in [554] ms
