12-Jan-2024 07:58:25.715 INFO [http-nio-8080-exec-21] org.apache.catalina.startup.HostConfig.undeploy Repliegue (undeploy) de la aplicación web que tiene como trayectoria de contexto [/Gen1-Rutas]
12-Jan-2024 07:58:25.755 INFO [http-nio-8080-exec-21] org.apache.catalina.startup.HostConfig.deployWAR Despliegue del archivo [C:\Users\TRJAVA-11\Documents\apache-tomcat-10.1.18\webapps\Gen1-Rutas.war] de la aplicación web
12-Jan-2024 07:58:26.388 INFO [http-nio-8080-exec-21] org.apache.jasper.servlet.TldScanner.scanJars Al menos un JAR, que se ha explorado buscando TLDs, aún no contenía TLDs. Activar historial de depuración para este historiador para una completa lista de los JARs que fueron explorados y de los que nos se halló TLDs. Saltarse JARs no necesarios durante la exploración puede dar lugar a una mejora de tiempo significativa en el arranque y compilación de JSP .
12-Jan-2024 07:58:26.390 SEVERE [http-nio-8080-exec-21] org.apache.catalina.core.StandardContext.startInternal One or more Filters failed to start. Full details will be found in the appropriate container log file
12-Jan-2024 07:58:26.390 SEVERE [http-nio-8080-exec-21] org.apache.catalina.core.StandardContext.startInternal Falló en arranque del Contexto [/Gen1-Rutas] debido a errores previos
12-Jan-2024 07:58:26.395 INFO [http-nio-8080-exec-21] org.apache.catalina.startup.HostConfig.deployWAR Deployment of web application archive [C:\Users\TRJAVA-11\Documents\apache-tomcat-10.1.18\webapps\Gen1-Rutas.war] has finished in [639] ms
12-Jan-2024 08:03:52.737 INFO [http-nio-8080-exec-31] org.apache.catalina.startup.HostConfig.undeploy Repliegue (undeploy) de la aplicación web que tiene como trayectoria de contexto [/Gen1-RutasM]
12-Jan-2024 08:03:52.764 INFO [http-nio-8080-exec-31] org.apache.catalina.startup.HostConfig.deployWAR Despliegue del archivo [C:\Users\TRJAVA-11\Documents\apache-tomcat-10.1.18\webapps\Gen1-RutasM.war] de la aplicación web
12-Jan-2024 08:03:52.844 SEVERE [http-nio-8080-exec-31] org.apache.catalina.startup.HostConfig.deployWAR Error durante el despliegue del archivo [C:\Users\TRJAVA-11\Documents\apache-tomcat-10.1.18\webapps\Gen1-RutasM.war] de la aplicación web
	java.lang.IllegalStateException: Error starting child
		at org.apache.catalina.core.ContainerBase.addChildInternal(ContainerBase.java:686)
		at org.apache.catalina.core.ContainerBase.addChild(ContainerBase.java:658)
		at org.apache.catalina.core.StandardHost.addChild(StandardHost.java:712)
		at org.apache.catalina.startup.HostConfig.deployWAR(HostConfig.java:977)
		at org.apache.catalina.startup.HostConfig.deployApps(HostConfig.java:497)
		at org.apache.catalina.startup.HostConfig.check(HostConfig.java:1737)
		at java.base/jdk.internal.reflect.DirectMethodHandleAccessor.invoke(DirectMethodHandleAccessor.java:104)
		at java.base/java.lang.reflect.Method.invoke(Method.java:577)
		at org.apache.tomcat.util.modeler.BaseModelMBean.invoke(BaseModelMBean.java:294)
		at java.management/com.sun.jmx.interceptor.DefaultMBeanServerInterceptor.invoke(DefaultMBeanServerInterceptor.java:811)
		at java.management/com.sun.jmx.mbeanserver.JmxMBeanServer.invoke(JmxMBeanServer.java:802)
		at org.apache.catalina.manager.ManagerServlet.check(ManagerServlet.java:1477)
		at org.apache.catalina.manager.ManagerServlet.deploy(ManagerServlet.java:802)
		at org.apache.catalina.manager.ManagerServlet.doPut(ManagerServlet.java:428)
		at jakarta.servlet.http.HttpServlet.service(HttpServlet.java:593)
		at jakarta.servlet.http.HttpServlet.service(HttpServlet.java:658)
		at org.apache.catalina.core.ApplicationFilterChain.internalDoFilter(ApplicationFilterChain.java:205)
		at org.apache.catalina.core.ApplicationFilterChain.doFilter(ApplicationFilterChain.java:149)
		at org.apache.tomcat.websocket.server.WsFilter.doFilter(WsFilter.java:51)
		at org.apache.catalina.core.ApplicationFilterChain.internalDoFilter(ApplicationFilterChain.java:174)
		at org.apache.catalina.core.ApplicationFilterChain.doFilter(ApplicationFilterChain.java:149)
		at org.apache.catalina.filters.HttpHeaderSecurityFilter.doFilter(HttpHeaderSecurityFilter.java:129)
		at org.apache.catalina.core.ApplicationFilterChain.internalDoFilter(ApplicationFilterChain.java:174)
		at org.apache.catalina.core.ApplicationFilterChain.doFilter(ApplicationFilterChain.java:149)
		at org.apache.catalina.core.StandardWrapperValve.invoke(StandardWrapperValve.java:167)
		at org.apache.catalina.core.StandardContextValve.invoke(StandardContextValve.java:90)
		at org.apache.catalina.authenticator.AuthenticatorBase.invoke(AuthenticatorBase.java:597)
		at org.apache.catalina.valves.RequestFilterValve.process(RequestFilterValve.java:355)
		at org.apache.catalina.valves.RemoteAddrValve.invoke(RemoteAddrValve.java:54)
		at org.apache.catalina.core.StandardHostValve.invoke(StandardHostValve.java:115)
		at org.apache.catalina.valves.ErrorReportValve.invoke(ErrorReportValve.java:93)
		at org.apache.catalina.valves.AbstractAccessLogValve.invoke(AbstractAccessLogValve.java:673)
		at org.apache.catalina.core.StandardEngineValve.invoke(StandardEngineValve.java:74)
		at org.apache.catalina.connector.CoyoteAdapter.service(CoyoteAdapter.java:340)
		at org.apache.coyote.http11.Http11Processor.service(Http11Processor.java:391)
		at org.apache.coyote.AbstractProcessorLight.process(AbstractProcessorLight.java:63)
		at org.apache.coyote.AbstractProtocol$ConnectionHandler.process(AbstractProtocol.java:896)
		at org.apache.tomcat.util.net.NioEndpoint$SocketProcessor.doRun(NioEndpoint.java:1744)
		at org.apache.tomcat.util.net.SocketProcessorBase.run(SocketProcessorBase.java:52)
		at org.apache.tomcat.util.threads.ThreadPoolExecutor.runWorker(ThreadPoolExecutor.java:1191)
		at org.apache.tomcat.util.threads.ThreadPoolExecutor$Worker.run(ThreadPoolExecutor.java:659)
		at org.apache.tomcat.util.threads.TaskThread$WrappingRunnable.run(TaskThread.java:61)
		at java.base/java.lang.Thread.run(Thread.java:833)
	Caused by: org.apache.catalina.LifecycleException: Failed to start component [StandardEngine[Catalina].StandardHost[localhost].StandardContext[/Gen1-RutasM]]
		at org.apache.catalina.util.LifecycleBase.handleSubClassException(LifecycleBase.java:419)
		at org.apache.catalina.util.LifecycleBase.start(LifecycleBase.java:186)
		at org.apache.catalina.core.ContainerBase.addChildInternal(ContainerBase.java:683)
		... 42 more
	Caused by: java.lang.IllegalArgumentException: Los servlets llamados [com.silva.app.rutas.controllers.AltaChoferesServlet] y [com.silva.app.rutas.controllers.AltaChoferServlet] estan ambos mapeados al patrón de URL [/choferes/alta] el cual no esta permitido
		at org.apache.tomcat.util.descriptor.web.WebXml.addServletMappingDecoded(WebXml.java:354)
		at org.apache.tomcat.util.descriptor.web.WebXml.addServletMapping(WebXml.java:347)
		at org.apache.catalina.startup.ContextConfig.processAnnotationWebServlet(ContextConfig.java:2674)
		at org.apache.catalina.startup.ContextConfig.processClass(ContextConfig.java:2357)
		at org.apache.catalina.startup.ContextConfig.processAnnotationsStream(ContextConfig.java:2346)
		at org.apache.catalina.startup.ContextConfig.processAnnotationsWebResource(ContextConfig.java:2247)
		at org.apache.catalina.startup.ContextConfig.processAnnotationsWebResource(ContextConfig.java:2241)
		at org.apache.catalina.startup.ContextConfig.processAnnotationsWebResource(ContextConfig.java:2241)
		at org.apache.catalina.startup.ContextConfig.processAnnotationsWebResource(ContextConfig.java:2241)
		at org.apache.catalina.startup.ContextConfig.processAnnotationsWebResource(ContextConfig.java:2241)
		at org.apache.catalina.startup.ContextConfig.processAnnotationsWebResource(ContextConfig.java:2241)
		at org.apache.catalina.startup.ContextConfig.processClasses(ContextConfig.java:1403)
		at org.apache.catalina.startup.ContextConfig.webConfig(ContextConfig.java:1308)
		at org.apache.catalina.startup.ContextConfig.configureStart(ContextConfig.java:991)
		at org.apache.catalina.startup.ContextConfig.lifecycleEvent(ContextConfig.java:304)
		at org.apache.catalina.util.LifecycleBase.fireLifecycleEvent(LifecycleBase.java:114)
		at org.apache.catalina.core.StandardContext.startInternal(StandardContext.java:4782)
		at org.apache.catalina.util.LifecycleBase.start(LifecycleBase.java:171)
		... 43 more
12-Jan-2024 08:03:52.847 INFO [http-nio-8080-exec-31] org.apache.catalina.startup.HostConfig.deployWAR Deployment of web application archive [C:\Users\TRJAVA-11\Documents\apache-tomcat-10.1.18\webapps\Gen1-RutasM.war] has finished in [84] ms
12-Jan-2024 08:04:27.952 INFO [http-nio-8080-exec-35] org.apache.catalina.startup.HostConfig.undeploy Repliegue (undeploy) de la aplicación web que tiene como trayectoria de contexto [/Gen1-RutasM]
12-Jan-2024 08:04:27.982 INFO [http-nio-8080-exec-35] org.apache.catalina.startup.HostConfig.deployWAR Despliegue del archivo [C:\Users\TRJAVA-11\Documents\apache-tomcat-10.1.18\webapps\Gen1-RutasM.war] de la aplicación web
12-Jan-2024 08:04:28.085 SEVERE [http-nio-8080-exec-35] org.apache.catalina.startup.HostConfig.deployWAR Error durante el despliegue del archivo [C:\Users\TRJAVA-11\Documents\apache-tomcat-10.1.18\webapps\Gen1-RutasM.war] de la aplicación web
	java.lang.IllegalStateException: Error starting child
		at org.apache.catalina.core.ContainerBase.addChildInternal(ContainerBase.java:686)
		at org.apache.catalina.core.ContainerBase.addChild(ContainerBase.java:658)
		at org.apache.catalina.core.StandardHost.addChild(StandardHost.java:712)
		at org.apache.catalina.startup.HostConfig.deployWAR(HostConfig.java:977)
		at org.apache.catalina.startup.HostConfig.deployApps(HostConfig.java:497)
		at org.apache.catalina.startup.HostConfig.check(HostConfig.java:1737)
		at java.base/jdk.internal.reflect.DirectMethodHandleAccessor.invoke(DirectMethodHandleAccessor.java:104)
		at java.base/java.lang.reflect.Method.invoke(Method.java:577)
		at org.apache.tomcat.util.modeler.BaseModelMBean.invoke(BaseModelMBean.java:294)
		at java.management/com.sun.jmx.interceptor.DefaultMBeanServerInterceptor.invoke(DefaultMBeanServerInterceptor.java:811)
		at java.management/com.sun.jmx.mbeanserver.JmxMBeanServer.invoke(JmxMBeanServer.java:802)
		at org.apache.catalina.manager.ManagerServlet.check(ManagerServlet.java:1477)
		at org.apache.catalina.manager.ManagerServlet.deploy(ManagerServlet.java:802)
		at org.apache.catalina.manager.ManagerServlet.doPut(ManagerServlet.java:428)
		at jakarta.servlet.http.HttpServlet.service(HttpServlet.java:593)
		at jakarta.servlet.http.HttpServlet.service(HttpServlet.java:658)
		at org.apache.catalina.core.ApplicationFilterChain.internalDoFilter(ApplicationFilterChain.java:205)
		at org.apache.catalina.core.ApplicationFilterChain.doFilter(ApplicationFilterChain.java:149)
		at org.apache.tomcat.websocket.server.WsFilter.doFilter(WsFilter.java:51)
		at org.apache.catalina.core.ApplicationFilterChain.internalDoFilter(ApplicationFilterChain.java:174)
		at org.apache.catalina.core.ApplicationFilterChain.doFilter(ApplicationFilterChain.java:149)
		at org.apache.catalina.filters.HttpHeaderSecurityFilter.doFilter(HttpHeaderSecurityFilter.java:129)
		at org.apache.catalina.core.ApplicationFilterChain.internalDoFilter(ApplicationFilterChain.java:174)
		at org.apache.catalina.core.ApplicationFilterChain.doFilter(ApplicationFilterChain.java:149)
		at org.apache.catalina.core.StandardWrapperValve.invoke(StandardWrapperValve.java:167)
		at org.apache.catalina.core.StandardContextValve.invoke(StandardContextValve.java:90)
		at org.apache.catalina.authenticator.AuthenticatorBase.invoke(AuthenticatorBase.java:597)
		at org.apache.catalina.valves.RequestFilterValve.process(RequestFilterValve.java:355)
		at org.apache.catalina.valves.RemoteAddrValve.invoke(RemoteAddrValve.java:54)
		at org.apache.catalina.core.StandardHostValve.invoke(StandardHostValve.java:115)
		at org.apache.catalina.valves.ErrorReportValve.invoke(ErrorReportValve.java:93)
		at org.apache.catalina.valves.AbstractAccessLogValve.invoke(AbstractAccessLogValve.java:673)
		at org.apache.catalina.core.StandardEngineValve.invoke(StandardEngineValve.java:74)
		at org.apache.catalina.connector.CoyoteAdapter.service(CoyoteAdapter.java:340)
		at org.apache.coyote.http11.Http11Processor.service(Http11Processor.java:391)
		at org.apache.coyote.AbstractProcessorLight.process(AbstractProcessorLight.java:63)
		at org.apache.coyote.AbstractProtocol$ConnectionHandler.process(AbstractProtocol.java:896)
		at org.apache.tomcat.util.net.NioEndpoint$SocketProcessor.doRun(NioEndpoint.java:1744)
		at org.apache.tomcat.util.net.SocketProcessorBase.run(SocketProcessorBase.java:52)
		at org.apache.tomcat.util.threads.ThreadPoolExecutor.runWorker(ThreadPoolExecutor.java:1191)
		at org.apache.tomcat.util.threads.ThreadPoolExecutor$Worker.run(ThreadPoolExecutor.java:659)
		at org.apache.tomcat.util.threads.TaskThread$WrappingRunnable.run(TaskThread.java:61)
		at java.base/java.lang.Thread.run(Thread.java:833)
	Caused by: org.apache.catalina.LifecycleException: Failed to start component [StandardEngine[Catalina].StandardHost[localhost].StandardContext[/Gen1-RutasM]]
		at org.apache.catalina.util.LifecycleBase.handleSubClassException(LifecycleBase.java:419)
		at org.apache.catalina.util.LifecycleBase.start(LifecycleBase.java:186)
		at org.apache.catalina.core.ContainerBase.addChildInternal(ContainerBase.java:683)
		... 42 more
	Caused by: java.lang.IllegalArgumentException: Los servlets llamados [com.silva.app.rutas.controllers.AltaChoferesServlet] y [com.silva.app.rutas.controllers.AltaChoferServlet] estan ambos mapeados al patrón de URL [/choferes/alta] el cual no esta permitido
		at org.apache.tomcat.util.descriptor.web.WebXml.addServletMappingDecoded(WebXml.java:354)
		at org.apache.tomcat.util.descriptor.web.WebXml.addServletMapping(WebXml.java:347)
		at org.apache.catalina.startup.ContextConfig.processAnnotationWebServlet(ContextConfig.java:2674)
		at org.apache.catalina.startup.ContextConfig.processClass(ContextConfig.java:2357)
		at org.apache.catalina.startup.ContextConfig.processAnnotationsStream(ContextConfig.java:2346)
		at org.apache.catalina.startup.ContextConfig.processAnnotationsWebResource(ContextConfig.java:2247)
		at org.apache.catalina.startup.ContextConfig.processAnnotationsWebResource(ContextConfig.java:2241)
		at org.apache.catalina.startup.ContextConfig.processAnnotationsWebResource(ContextConfig.java:2241)
		at org.apache.catalina.startup.ContextConfig.processAnnotationsWebResource(ContextConfig.java:2241)
		at org.apache.catalina.startup.ContextConfig.processAnnotationsWebResource(ContextConfig.java:2241)
		at org.apache.catalina.startup.ContextConfig.processAnnotationsWebResource(ContextConfig.java:2241)
		at org.apache.catalina.startup.ContextConfig.processClasses(ContextConfig.java:1403)
		at org.apache.catalina.startup.ContextConfig.webConfig(ContextConfig.java:1308)
		at org.apache.catalina.startup.ContextConfig.configureStart(ContextConfig.java:991)
		at org.apache.catalina.startup.ContextConfig.lifecycleEvent(ContextConfig.java:304)
		at org.apache.catalina.util.LifecycleBase.fireLifecycleEvent(LifecycleBase.java:114)
		at org.apache.catalina.core.StandardContext.startInternal(StandardContext.java:4782)
		at org.apache.catalina.util.LifecycleBase.start(LifecycleBase.java:171)
		... 43 more
12-Jan-2024 08:04:28.088 INFO [http-nio-8080-exec-35] org.apache.catalina.startup.HostConfig.deployWAR Deployment of web application archive [C:\Users\TRJAVA-11\Documents\apache-tomcat-10.1.18\webapps\Gen1-RutasM.war] has finished in [106] ms
12-Jan-2024 08:04:45.896 INFO [http-nio-8080-exec-24] org.apache.catalina.startup.HostConfig.undeploy Repliegue (undeploy) de la aplicación web que tiene como trayectoria de contexto [/Gen1-RutasM]
12-Jan-2024 08:04:45.922 INFO [http-nio-8080-exec-24] org.apache.catalina.startup.HostConfig.deployWAR Despliegue del archivo [C:\Users\TRJAVA-11\Documents\apache-tomcat-10.1.18\webapps\Gen1-RutasM.war] de la aplicación web
12-Jan-2024 08:04:45.998 SEVERE [http-nio-8080-exec-24] org.apache.catalina.startup.HostConfig.deployWAR Error durante el despliegue del archivo [C:\Users\TRJAVA-11\Documents\apache-tomcat-10.1.18\webapps\Gen1-RutasM.war] de la aplicación web
	java.lang.IllegalStateException: Error starting child
		at org.apache.catalina.core.ContainerBase.addChildInternal(ContainerBase.java:686)
		at org.apache.catalina.core.ContainerBase.addChild(ContainerBase.java:658)
		at org.apache.catalina.core.StandardHost.addChild(StandardHost.java:712)
		at org.apache.catalina.startup.HostConfig.deployWAR(HostConfig.java:977)
		at org.apache.catalina.startup.HostConfig.deployApps(HostConfig.java:497)
		at org.apache.catalina.startup.HostConfig.check(HostConfig.java:1737)
		at java.base/jdk.internal.reflect.DirectMethodHandleAccessor.invoke(DirectMethodHandleAccessor.java:104)
		at java.base/java.lang.reflect.Method.invoke(Method.java:577)
		at org.apache.tomcat.util.modeler.BaseModelMBean.invoke(BaseModelMBean.java:294)
		at java.management/com.sun.jmx.interceptor.DefaultMBeanServerInterceptor.invoke(DefaultMBeanServerInterceptor.java:811)
		at java.management/com.sun.jmx.mbeanserver.JmxMBeanServer.invoke(JmxMBeanServer.java:802)
		at org.apache.catalina.manager.ManagerServlet.check(ManagerServlet.java:1477)
		at org.apache.catalina.manager.ManagerServlet.deploy(ManagerServlet.java:802)
		at org.apache.catalina.manager.ManagerServlet.doPut(ManagerServlet.java:428)
		at jakarta.servlet.http.HttpServlet.service(HttpServlet.java:593)
		at jakarta.servlet.http.HttpServlet.service(HttpServlet.java:658)
		at org.apache.catalina.core.ApplicationFilterChain.internalDoFilter(ApplicationFilterChain.java:205)
		at org.apache.catalina.core.ApplicationFilterChain.doFilter(ApplicationFilterChain.java:149)
		at org.apache.tomcat.websocket.server.WsFilter.doFilter(WsFilter.java:51)
		at org.apache.catalina.core.ApplicationFilterChain.internalDoFilter(ApplicationFilterChain.java:174)
		at org.apache.catalina.core.ApplicationFilterChain.doFilter(ApplicationFilterChain.java:149)
		at org.apache.catalina.filters.HttpHeaderSecurityFilter.doFilter(HttpHeaderSecurityFilter.java:129)
		at org.apache.catalina.core.ApplicationFilterChain.internalDoFilter(ApplicationFilterChain.java:174)
		at org.apache.catalina.core.ApplicationFilterChain.doFilter(ApplicationFilterChain.java:149)
		at org.apache.catalina.core.StandardWrapperValve.invoke(StandardWrapperValve.java:167)
		at org.apache.catalina.core.StandardContextValve.invoke(StandardContextValve.java:90)
		at org.apache.catalina.authenticator.AuthenticatorBase.invoke(AuthenticatorBase.java:597)
		at org.apache.catalina.valves.RequestFilterValve.process(RequestFilterValve.java:355)
		at org.apache.catalina.valves.RemoteAddrValve.invoke(RemoteAddrValve.java:54)
		at org.apache.catalina.core.StandardHostValve.invoke(StandardHostValve.java:115)
		at org.apache.catalina.valves.ErrorReportValve.invoke(ErrorReportValve.java:93)
		at org.apache.catalina.valves.AbstractAccessLogValve.invoke(AbstractAccessLogValve.java:673)
		at org.apache.catalina.core.StandardEngineValve.invoke(StandardEngineValve.java:74)
		at org.apache.catalina.connector.CoyoteAdapter.service(CoyoteAdapter.java:340)
		at org.apache.coyote.http11.Http11Processor.service(Http11Processor.java:391)
		at org.apache.coyote.AbstractProcessorLight.process(AbstractProcessorLight.java:63)
		at org.apache.coyote.AbstractProtocol$ConnectionHandler.process(AbstractProtocol.java:896)
		at org.apache.tomcat.util.net.NioEndpoint$SocketProcessor.doRun(NioEndpoint.java:1744)
		at org.apache.tomcat.util.net.SocketProcessorBase.run(SocketProcessorBase.java:52)
		at org.apache.tomcat.util.threads.ThreadPoolExecutor.runWorker(ThreadPoolExecutor.java:1191)
		at org.apache.tomcat.util.threads.ThreadPoolExecutor$Worker.run(ThreadPoolExecutor.java:659)
		at org.apache.tomcat.util.threads.TaskThread$WrappingRunnable.run(TaskThread.java:61)
		at java.base/java.lang.Thread.run(Thread.java:833)
	Caused by: org.apache.catalina.LifecycleException: Failed to start component [StandardEngine[Catalina].StandardHost[localhost].StandardContext[/Gen1-RutasM]]
		at org.apache.catalina.util.LifecycleBase.handleSubClassException(LifecycleBase.java:419)
		at org.apache.catalina.util.LifecycleBase.start(LifecycleBase.java:186)
		at org.apache.catalina.core.ContainerBase.addChildInternal(ContainerBase.java:683)
		... 42 more
	Caused by: java.lang.IllegalArgumentException: Los servlets llamados [com.silva.app.rutas.controllers.AltaChoferesServlet] y [com.silva.app.rutas.controllers.AltaChoferServlet] estan ambos mapeados al patrón de URL [/choferes/alta] el cual no esta permitido
		at org.apache.tomcat.util.descriptor.web.WebXml.addServletMappingDecoded(WebXml.java:354)
		at org.apache.tomcat.util.descriptor.web.WebXml.addServletMapping(WebXml.java:347)
		at org.apache.catalina.startup.ContextConfig.processAnnotationWebServlet(ContextConfig.java:2674)
		at org.apache.catalina.startup.ContextConfig.processClass(ContextConfig.java:2357)
		at org.apache.catalina.startup.ContextConfig.processAnnotationsStream(ContextConfig.java:2346)
		at org.apache.catalina.startup.ContextConfig.processAnnotationsWebResource(ContextConfig.java:2247)
		at org.apache.catalina.startup.ContextConfig.processAnnotationsWebResource(ContextConfig.java:2241)
		at org.apache.catalina.startup.ContextConfig.processAnnotationsWebResource(ContextConfig.java:2241)
		at org.apache.catalina.startup.ContextConfig.processAnnotationsWebResource(ContextConfig.java:2241)
		at org.apache.catalina.startup.ContextConfig.processAnnotationsWebResource(ContextConfig.java:2241)
		at org.apache.catalina.startup.ContextConfig.processAnnotationsWebResource(ContextConfig.java:2241)
		at org.apache.catalina.startup.ContextConfig.processClasses(ContextConfig.java:1403)
		at org.apache.catalina.startup.ContextConfig.webConfig(ContextConfig.java:1308)
		at org.apache.catalina.startup.ContextConfig.configureStart(ContextConfig.java:991)
		at org.apache.catalina.startup.ContextConfig.lifecycleEvent(ContextConfig.java:304)
		at org.apache.catalina.util.LifecycleBase.fireLifecycleEvent(LifecycleBase.java:114)
		at org.apache.catalina.core.StandardContext.startInternal(StandardContext.java:4782)
		at org.apache.catalina.util.LifecycleBase.start(LifecycleBase.java:171)
		... 43 more
12-Jan-2024 08:04:46.001 INFO [http-nio-8080-exec-24] org.apache.catalina.startup.HostConfig.deployWAR Deployment of web application archive [C:\Users\TRJAVA-11\Documents\apache-tomcat-10.1.18\webapps\Gen1-RutasM.war] has finished in [79] ms
12-Jan-2024 08:05:53.281 INFO [http-nio-8080-exec-39] org.apache.catalina.startup.HostConfig.undeploy Repliegue (undeploy) de la aplicación web que tiene como trayectoria de contexto [/Gen1-Rutas]
12-Jan-2024 08:05:53.304 INFO [http-nio-8080-exec-39] org.apache.catalina.startup.HostConfig.deployWAR Despliegue del archivo [C:\Users\TRJAVA-11\Documents\apache-tomcat-10.1.18\webapps\Gen1-Rutas.war] de la aplicación web
12-Jan-2024 08:05:53.819 INFO [http-nio-8080-exec-39] org.apache.jasper.servlet.TldScanner.scanJars Al menos un JAR, que se ha explorado buscando TLDs, aún no contenía TLDs. Activar historial de depuración para este historiador para una completa lista de los JARs que fueron explorados y de los que nos se halló TLDs. Saltarse JARs no necesarios durante la exploración puede dar lugar a una mejora de tiempo significativa en el arranque y compilación de JSP .
12-Jan-2024 08:05:53.821 SEVERE [http-nio-8080-exec-39] org.apache.catalina.core.StandardContext.startInternal One or more Filters failed to start. Full details will be found in the appropriate container log file
12-Jan-2024 08:05:53.821 SEVERE [http-nio-8080-exec-39] org.apache.catalina.core.StandardContext.startInternal Falló en arranque del Contexto [/Gen1-Rutas] debido a errores previos
12-Jan-2024 08:05:53.826 INFO [http-nio-8080-exec-39] org.apache.catalina.startup.HostConfig.deployWAR Deployment of web application archive [C:\Users\TRJAVA-11\Documents\apache-tomcat-10.1.18\webapps\Gen1-Rutas.war] has finished in [521] ms
12-Jan-2024 08:20:07.369 INFO [http-nio-8080-exec-41] org.apache.catalina.startup.HostConfig.undeploy Repliegue (undeploy) de la aplicación web que tiene como trayectoria de contexto [/Gen1-Rutas]
12-Jan-2024 08:20:07.398 INFO [http-nio-8080-exec-41] org.apache.catalina.startup.HostConfig.deployWAR Despliegue del archivo [C:\Users\TRJAVA-11\Documents\apache-tomcat-10.1.18\webapps\Gen1-Rutas.war] de la aplicación web
12-Jan-2024 08:20:07.955 INFO [http-nio-8080-exec-41] org.apache.jasper.servlet.TldScanner.scanJars Al menos un JAR, que se ha explorado buscando TLDs, aún no contenía TLDs. Activar historial de depuración para este historiador para una completa lista de los JARs que fueron explorados y de los que nos se halló TLDs. Saltarse JARs no necesarios durante la exploración puede dar lugar a una mejora de tiempo significativa en el arranque y compilación de JSP .
12-Jan-2024 08:20:07.958 INFO [http-nio-8080-exec-41] org.apache.catalina.startup.HostConfig.deployWAR Deployment of web application archive [C:\Users\TRJAVA-11\Documents\apache-tomcat-10.1.18\webapps\Gen1-Rutas.war] has finished in [560] ms
12-Jan-2024 08:23:38.141 INFO [http-nio-8080-exec-50] org.apache.catalina.startup.HostConfig.undeploy Repliegue (undeploy) de la aplicación web que tiene como trayectoria de contexto [/Gen1-Rutas]
12-Jan-2024 08:23:38.144 WARNING [http-nio-8080-exec-50] org.apache.catalina.loader.WebappClassLoaderBase.clearReferencesThreads The web application [Gen1-Rutas] appears to have started a thread named [oracle.jdbc.diagnostics.Diagnostic.CLOCK] but has failed to stop it. This is very likely to create a memory leak. Stack trace of thread:
 java.base@18.0.2/java.lang.Object.wait(Native Method)
 java.base@18.0.2/java.util.TimerThread.mainLoop(Timer.java:563)
 java.base@18.0.2/java.util.TimerThread.run(Timer.java:516)
12-Jan-2024 08:23:38.145 WARNING [http-nio-8080-exec-50] org.apache.catalina.loader.WebappClassLoaderBase.clearReferencesThreads The web application [Gen1-Rutas] appears to have started a thread named [oracle.jdbc.driver.BlockSource.ThreadedCachingBlockSource.BlockReleaser] but has failed to stop it. This is very likely to create a memory leak. Stack trace of thread:
 java.base@18.0.2/jdk.internal.misc.Unsafe.park(Native Method)
 java.base@18.0.2/java.util.concurrent.locks.LockSupport.parkNanos(LockSupport.java:252)
 java.base@18.0.2/java.util.concurrent.locks.AbstractQueuedSynchronizer$ConditionObject.awaitNanos(AbstractQueuedSynchronizer.java:1672)
 oracle.jdbc.internal.Monitor$WaitableMonitor.monitorWait(Monitor.java:305)
 oracle.jdbc.internal.Monitor$WaitableMonitor.monitorWait(Monitor.java:287)
 oracle.jdbc.driver.BlockSource$ThreadedCachingBlockSource$BlockReleaser.run(BlockSource.java:346)
12-Jan-2024 08:23:38.146 WARNING [http-nio-8080-exec-50] org.apache.catalina.loader.WebappClassLoaderBase.clearReferencesThreads The web application [Gen1-Rutas] appears to have started a thread named [InterruptTimer] but has failed to stop it. This is very likely to create a memory leak. Stack trace of thread:
 java.base@18.0.2/java.lang.Object.wait(Native Method)
 java.base@18.0.2/java.util.TimerThread.mainLoop(Timer.java:563)
 java.base@18.0.2/java.util.TimerThread.run(Timer.java:516)
12-Jan-2024 08:23:38.176 INFO [http-nio-8080-exec-50] org.apache.catalina.startup.HostConfig.deployWAR Despliegue del archivo [C:\Users\TRJAVA-11\Documents\apache-tomcat-10.1.18\webapps\Gen1-Rutas.war] de la aplicación web
12-Jan-2024 08:23:38.718 INFO [http-nio-8080-exec-50] org.apache.jasper.servlet.TldScanner.scanJars Al menos un JAR, que se ha explorado buscando TLDs, aún no contenía TLDs. Activar historial de depuración para este historiador para una completa lista de los JARs que fueron explorados y de los que nos se halló TLDs. Saltarse JARs no necesarios durante la exploración puede dar lugar a una mejora de tiempo significativa en el arranque y compilación de JSP .
12-Jan-2024 08:23:38.721 INFO [http-nio-8080-exec-50] org.apache.catalina.startup.HostConfig.deployWAR Deployment of web application archive [C:\Users\TRJAVA-11\Documents\apache-tomcat-10.1.18\webapps\Gen1-Rutas.war] has finished in [546] ms
12-Jan-2024 08:27:55.472 INFO [http-nio-8080-exec-51] org.apache.catalina.startup.HostConfig.undeploy Repliegue (undeploy) de la aplicación web que tiene como trayectoria de contexto [/Gen1-Rutas]
12-Jan-2024 08:27:55.507 INFO [http-nio-8080-exec-51] org.apache.catalina.startup.HostConfig.deployWAR Despliegue del archivo [C:\Users\TRJAVA-11\Documents\apache-tomcat-10.1.18\webapps\Gen1-Rutas.war] de la aplicación web
12-Jan-2024 08:27:56.108 INFO [http-nio-8080-exec-51] org.apache.jasper.servlet.TldScanner.scanJars Al menos un JAR, que se ha explorado buscando TLDs, aún no contenía TLDs. Activar historial de depuración para este historiador para una completa lista de los JARs que fueron explorados y de los que nos se halló TLDs. Saltarse JARs no necesarios durante la exploración puede dar lugar a una mejora de tiempo significativa en el arranque y compilación de JSP .
12-Jan-2024 08:27:56.112 INFO [http-nio-8080-exec-51] org.apache.catalina.startup.HostConfig.deployWAR Deployment of web application archive [C:\Users\TRJAVA-11\Documents\apache-tomcat-10.1.18\webapps\Gen1-Rutas.war] has finished in [604] ms
12-Jan-2024 08:28:40.305 INFO [http-nio-8080-exec-58] org.apache.catalina.startup.HostConfig.undeploy Repliegue (undeploy) de la aplicación web que tiene como trayectoria de contexto [/Gen1-Rutas]
12-Jan-2024 08:28:40.308 WARNING [http-nio-8080-exec-58] org.apache.catalina.loader.WebappClassLoaderBase.clearReferencesThreads The web application [Gen1-Rutas] appears to have started a thread named [OJDBC-WORKER-THREAD-3] but has failed to stop it. This is very likely to create a memory leak. Stack trace of thread:
 java.base@18.0.2/jdk.internal.misc.Unsafe.park(Native Method)
 java.base@18.0.2/java.util.concurrent.locks.LockSupport.parkNanos(LockSupport.java:252)
 java.base@18.0.2/java.util.concurrent.SynchronousQueue$TransferStack.transfer(SynchronousQueue.java:401)
 java.base@18.0.2/java.util.concurrent.SynchronousQueue.poll(SynchronousQueue.java:903)
 java.base@18.0.2/java.util.concurrent.ThreadPoolExecutor.getTask(ThreadPoolExecutor.java:1061)
 java.base@18.0.2/java.util.concurrent.ThreadPoolExecutor.runWorker(ThreadPoolExecutor.java:1122)
 java.base@18.0.2/java.util.concurrent.ThreadPoolExecutor$Worker.run(ThreadPoolExecutor.java:635)
 java.base@18.0.2/java.lang.Thread.run(Thread.java:833)
12-Jan-2024 08:28:40.331 INFO [http-nio-8080-exec-58] org.apache.catalina.startup.HostConfig.deployWAR Despliegue del archivo [C:\Users\TRJAVA-11\Documents\apache-tomcat-10.1.18\webapps\Gen1-Rutas.war] de la aplicación web
12-Jan-2024 08:28:40.890 INFO [http-nio-8080-exec-58] org.apache.jasper.servlet.TldScanner.scanJars Al menos un JAR, que se ha explorado buscando TLDs, aún no contenía TLDs. Activar historial de depuración para este historiador para una completa lista de los JARs que fueron explorados y de los que nos se halló TLDs. Saltarse JARs no necesarios durante la exploración puede dar lugar a una mejora de tiempo significativa en el arranque y compilación de JSP .
12-Jan-2024 08:28:40.893 INFO [http-nio-8080-exec-58] org.apache.catalina.startup.HostConfig.deployWAR Deployment of web application archive [C:\Users\TRJAVA-11\Documents\apache-tomcat-10.1.18\webapps\Gen1-Rutas.war] has finished in [562] ms
12-Jan-2024 09:00:33.248 INFO [http-nio-8080-exec-67] org.apache.catalina.startup.HostConfig.undeploy Repliegue (undeploy) de la aplicación web que tiene como trayectoria de contexto [/Gen1-Rutas]
12-Jan-2024 09:00:33.279 INFO [http-nio-8080-exec-67] org.apache.catalina.startup.HostConfig.deployWAR Despliegue del archivo [C:\Users\TRJAVA-11\Documents\apache-tomcat-10.1.18\webapps\Gen1-Rutas.war] de la aplicación web
12-Jan-2024 09:00:33.820 INFO [http-nio-8080-exec-67] org.apache.jasper.servlet.TldScanner.scanJars Al menos un JAR, que se ha explorado buscando TLDs, aún no contenía TLDs. Activar historial de depuración para este historiador para una completa lista de los JARs que fueron explorados y de los que nos se halló TLDs. Saltarse JARs no necesarios durante la exploración puede dar lugar a una mejora de tiempo significativa en el arranque y compilación de JSP .
12-Jan-2024 09:00:33.823 INFO [http-nio-8080-exec-67] org.apache.catalina.startup.HostConfig.deployWAR Deployment of web application archive [C:\Users\TRJAVA-11\Documents\apache-tomcat-10.1.18\webapps\Gen1-Rutas.war] has finished in [544] ms
12-Jan-2024 09:13:06.447 INFO [http-nio-8080-exec-76] org.apache.catalina.startup.HostConfig.undeploy Repliegue (undeploy) de la aplicación web que tiene como trayectoria de contexto [/Gen1-Rutas]
12-Jan-2024 09:13:06.479 INFO [http-nio-8080-exec-76] org.apache.catalina.startup.HostConfig.deployWAR Despliegue del archivo [C:\Users\TRJAVA-11\Documents\apache-tomcat-10.1.18\webapps\Gen1-Rutas.war] de la aplicación web
12-Jan-2024 09:13:07.063 INFO [http-nio-8080-exec-76] org.apache.jasper.servlet.TldScanner.scanJars Al menos un JAR, que se ha explorado buscando TLDs, aún no contenía TLDs. Activar historial de depuración para este historiador para una completa lista de los JARs que fueron explorados y de los que nos se halló TLDs. Saltarse JARs no necesarios durante la exploración puede dar lugar a una mejora de tiempo significativa en el arranque y compilación de JSP .
12-Jan-2024 09:13:07.066 INFO [http-nio-8080-exec-76] org.apache.catalina.startup.HostConfig.deployWAR Deployment of web application archive [C:\Users\TRJAVA-11\Documents\apache-tomcat-10.1.18\webapps\Gen1-Rutas.war] has finished in [587] ms
12-Jan-2024 10:02:28.324 INFO [http-nio-8080-exec-90] org.apache.catalina.startup.HostConfig.undeploy Repliegue (undeploy) de la aplicación web que tiene como trayectoria de contexto [/Gen1-Rutas]
12-Jan-2024 10:02:28.360 INFO [http-nio-8080-exec-90] org.apache.catalina.startup.HostConfig.deployWAR Despliegue del archivo [C:\Users\TRJAVA-11\Documents\apache-tomcat-10.1.18\webapps\Gen1-Rutas.war] de la aplicación web
12-Jan-2024 10:02:28.987 INFO [http-nio-8080-exec-90] org.apache.jasper.servlet.TldScanner.scanJars Al menos un JAR, que se ha explorado buscando TLDs, aún no contenía TLDs. Activar historial de depuración para este historiador para una completa lista de los JARs que fueron explorados y de los que nos se halló TLDs. Saltarse JARs no necesarios durante la exploración puede dar lugar a una mejora de tiempo significativa en el arranque y compilación de JSP .
12-Jan-2024 10:02:28.990 INFO [http-nio-8080-exec-90] org.apache.catalina.startup.HostConfig.deployWAR Deployment of web application archive [C:\Users\TRJAVA-11\Documents\apache-tomcat-10.1.18\webapps\Gen1-Rutas.war] has finished in [630] ms
12-Jan-2024 10:24:57.908 INFO [http-nio-8080-exec-96] org.apache.catalina.startup.HostConfig.undeploy Repliegue (undeploy) de la aplicación web que tiene como trayectoria de contexto [/Gen1-Rutas]
12-Jan-2024 10:24:57.951 INFO [http-nio-8080-exec-96] org.apache.catalina.startup.HostConfig.deployWAR Despliegue del archivo [C:\Users\TRJAVA-11\Documents\apache-tomcat-10.1.18\webapps\Gen1-Rutas.war] de la aplicación web
12-Jan-2024 10:24:58.502 INFO [http-nio-8080-exec-96] org.apache.jasper.servlet.TldScanner.scanJars Al menos un JAR, que se ha explorado buscando TLDs, aún no contenía TLDs. Activar historial de depuración para este historiador para una completa lista de los JARs que fueron explorados y de los que nos se halló TLDs. Saltarse JARs no necesarios durante la exploración puede dar lugar a una mejora de tiempo significativa en el arranque y compilación de JSP .
12-Jan-2024 10:24:58.505 INFO [http-nio-8080-exec-96] org.apache.catalina.startup.HostConfig.deployWAR Deployment of web application archive [C:\Users\TRJAVA-11\Documents\apache-tomcat-10.1.18\webapps\Gen1-Rutas.war] has finished in [554] ms
12-Jan-2024 10:41:38.306 INFO [http-nio-8080-exec-104] org.apache.catalina.startup.HostConfig.undeploy Repliegue (undeploy) de la aplicación web que tiene como trayectoria de contexto [/Gen1-Rutas]
12-Jan-2024 10:41:38.337 INFO [http-nio-8080-exec-104] org.apache.catalina.startup.HostConfig.deployWAR Despliegue del archivo [C:\Users\TRJAVA-11\Documents\apache-tomcat-10.1.18\webapps\Gen1-Rutas.war] de la aplicación web
12-Jan-2024 10:41:38.875 INFO [http-nio-8080-exec-104] org.apache.jasper.servlet.TldScanner.scanJars Al menos un JAR, que se ha explorado buscando TLDs, aún no contenía TLDs. Activar historial de depuración para este historiador para una completa lista de los JARs que fueron explorados y de los que nos se halló TLDs. Saltarse JARs no necesarios durante la exploración puede dar lugar a una mejora de tiempo significativa en el arranque y compilación de JSP .
12-Jan-2024 10:41:38.878 INFO [http-nio-8080-exec-104] org.apache.catalina.startup.HostConfig.deployWAR Deployment of web application archive [C:\Users\TRJAVA-11\Documents\apache-tomcat-10.1.18\webapps\Gen1-Rutas.war] has finished in [540] ms
12-Jan-2024 10:51:20.587 INFO [http-nio-8080-exec-114] org.apache.catalina.startup.HostConfig.undeploy Repliegue (undeploy) de la aplicación web que tiene como trayectoria de contexto [/Gen1-Rutas]
12-Jan-2024 10:51:20.615 INFO [http-nio-8080-exec-114] org.apache.catalina.startup.HostConfig.deployWAR Despliegue del archivo [C:\Users\TRJAVA-11\Documents\apache-tomcat-10.1.18\webapps\Gen1-Rutas.war] de la aplicación web
12-Jan-2024 10:51:21.140 INFO [http-nio-8080-exec-114] org.apache.jasper.servlet.TldScanner.scanJars Al menos un JAR, que se ha explorado buscando TLDs, aún no contenía TLDs. Activar historial de depuración para este historiador para una completa lista de los JARs que fueron explorados y de los que nos se halló TLDs. Saltarse JARs no necesarios durante la exploración puede dar lugar a una mejora de tiempo significativa en el arranque y compilación de JSP .
12-Jan-2024 10:51:21.143 INFO [http-nio-8080-exec-114] org.apache.catalina.startup.HostConfig.deployWAR Deployment of web application archive [C:\Users\TRJAVA-11\Documents\apache-tomcat-10.1.18\webapps\Gen1-Rutas.war] has finished in [529] ms
12-Jan-2024 10:54:22.192 INFO [http-nio-8080-exec-124] org.apache.catalina.startup.HostConfig.undeploy Repliegue (undeploy) de la aplicación web que tiene como trayectoria de contexto [/Gen1-Rutas]
12-Jan-2024 10:54:22.228 INFO [http-nio-8080-exec-124] org.apache.catalina.startup.HostConfig.deployWAR Despliegue del archivo [C:\Users\TRJAVA-11\Documents\apache-tomcat-10.1.18\webapps\Gen1-Rutas.war] de la aplicación web
12-Jan-2024 10:54:22.839 INFO [http-nio-8080-exec-124] org.apache.jasper.servlet.TldScanner.scanJars Al menos un JAR, que se ha explorado buscando TLDs, aún no contenía TLDs. Activar historial de depuración para este historiador para una completa lista de los JARs que fueron explorados y de los que nos se halló TLDs. Saltarse JARs no necesarios durante la exploración puede dar lugar a una mejora de tiempo significativa en el arranque y compilación de JSP .
12-Jan-2024 10:54:22.843 INFO [http-nio-8080-exec-124] org.apache.catalina.startup.HostConfig.deployWAR Deployment of web application archive [C:\Users\TRJAVA-11\Documents\apache-tomcat-10.1.18\webapps\Gen1-Rutas.war] has finished in [615] ms
12-Jan-2024 11:06:51.025 INFO [http-nio-8080-exec-131] org.apache.catalina.startup.HostConfig.undeploy Repliegue (undeploy) de la aplicación web que tiene como trayectoria de contexto [/Gen1-Rutas]
12-Jan-2024 11:06:51.068 INFO [http-nio-8080-exec-131] org.apache.catalina.startup.HostConfig.deployWAR Despliegue del archivo [C:\Users\TRJAVA-11\Documents\apache-tomcat-10.1.18\webapps\Gen1-Rutas.war] de la aplicación web
12-Jan-2024 11:06:51.740 INFO [http-nio-8080-exec-131] org.apache.jasper.servlet.TldScanner.scanJars Al menos un JAR, que se ha explorado buscando TLDs, aún no contenía TLDs. Activar historial de depuración para este historiador para una completa lista de los JARs que fueron explorados y de los que nos se halló TLDs. Saltarse JARs no necesarios durante la exploración puede dar lugar a una mejora de tiempo significativa en el arranque y compilación de JSP .
12-Jan-2024 11:06:51.743 INFO [http-nio-8080-exec-131] org.apache.catalina.startup.HostConfig.deployWAR Deployment of web application archive [C:\Users\TRJAVA-11\Documents\apache-tomcat-10.1.18\webapps\Gen1-Rutas.war] has finished in [675] ms
12-Jan-2024 11:08:08.744 INFO [http-nio-8080-exec-141] org.apache.catalina.startup.HostConfig.undeploy Repliegue (undeploy) de la aplicación web que tiene como trayectoria de contexto [/Gen1-Rutas]
12-Jan-2024 11:08:08.771 INFO [http-nio-8080-exec-141] org.apache.catalina.startup.HostConfig.deployWAR Despliegue del archivo [C:\Users\TRJAVA-11\Documents\apache-tomcat-10.1.18\webapps\Gen1-Rutas.war] de la aplicación web
12-Jan-2024 11:08:09.367 INFO [http-nio-8080-exec-141] org.apache.jasper.servlet.TldScanner.scanJars Al menos un JAR, que se ha explorado buscando TLDs, aún no contenía TLDs. Activar historial de depuración para este historiador para una completa lista de los JARs que fueron explorados y de los que nos se halló TLDs. Saltarse JARs no necesarios durante la exploración puede dar lugar a una mejora de tiempo significativa en el arranque y compilación de JSP .
12-Jan-2024 11:08:09.370 INFO [http-nio-8080-exec-141] org.apache.catalina.startup.HostConfig.deployWAR Deployment of web application archive [C:\Users\TRJAVA-11\Documents\apache-tomcat-10.1.18\webapps\Gen1-Rutas.war] has finished in [599] ms
12-Jan-2024 11:12:48.246 INFO [http-nio-8080-exec-146] org.apache.catalina.startup.HostConfig.undeploy Repliegue (undeploy) de la aplicación web que tiene como trayectoria de contexto [/Gen1-Rutas]
12-Jan-2024 11:12:48.280 INFO [http-nio-8080-exec-146] org.apache.catalina.startup.HostConfig.deployWAR Despliegue del archivo [C:\Users\TRJAVA-11\Documents\apache-tomcat-10.1.18\webapps\Gen1-Rutas.war] de la aplicación web
12-Jan-2024 11:12:48.823 INFO [http-nio-8080-exec-146] org.apache.jasper.servlet.TldScanner.scanJars Al menos un JAR, que se ha explorado buscando TLDs, aún no contenía TLDs. Activar historial de depuración para este historiador para una completa lista de los JARs que fueron explorados y de los que nos se halló TLDs. Saltarse JARs no necesarios durante la exploración puede dar lugar a una mejora de tiempo significativa en el arranque y compilación de JSP .
12-Jan-2024 11:12:48.826 INFO [http-nio-8080-exec-146] org.apache.catalina.startup.HostConfig.deployWAR Deployment of web application archive [C:\Users\TRJAVA-11\Documents\apache-tomcat-10.1.18\webapps\Gen1-Rutas.war] has finished in [546] ms
12-Jan-2024 11:13:06.126 INFO [http-nio-8080-exec-148] org.apache.catalina.startup.HostConfig.undeploy Repliegue (undeploy) de la aplicación web que tiene como trayectoria de contexto [/Gen1-Rutas]
12-Jan-2024 11:13:06.157 INFO [http-nio-8080-exec-148] org.apache.catalina.startup.HostConfig.deployWAR Despliegue del archivo [C:\Users\TRJAVA-11\Documents\apache-tomcat-10.1.18\webapps\Gen1-Rutas.war] de la aplicación web
12-Jan-2024 11:13:06.763 INFO [http-nio-8080-exec-148] org.apache.jasper.servlet.TldScanner.scanJars Al menos un JAR, que se ha explorado buscando TLDs, aún no contenía TLDs. Activar historial de depuración para este historiador para una completa lista de los JARs que fueron explorados y de los que nos se halló TLDs. Saltarse JARs no necesarios durante la exploración puede dar lugar a una mejora de tiempo significativa en el arranque y compilación de JSP .
12-Jan-2024 11:13:06.766 INFO [http-nio-8080-exec-148] org.apache.catalina.startup.HostConfig.deployWAR Deployment of web application archive [C:\Users\TRJAVA-11\Documents\apache-tomcat-10.1.18\webapps\Gen1-Rutas.war] has finished in [609] ms
12-Jan-2024 11:15:17.793 INFO [http-nio-8080-exec-153] org.apache.catalina.startup.HostConfig.undeploy Repliegue (undeploy) de la aplicación web que tiene como trayectoria de contexto [/Gen1-Rutas]
12-Jan-2024 11:15:17.821 INFO [http-nio-8080-exec-153] org.apache.catalina.startup.HostConfig.deployWAR Despliegue del archivo [C:\Users\TRJAVA-11\Documents\apache-tomcat-10.1.18\webapps\Gen1-Rutas.war] de la aplicación web
12-Jan-2024 11:15:18.386 INFO [http-nio-8080-exec-153] org.apache.jasper.servlet.TldScanner.scanJars Al menos un JAR, que se ha explorado buscando TLDs, aún no contenía TLDs. Activar historial de depuración para este historiador para una completa lista de los JARs que fueron explorados y de los que nos se halló TLDs. Saltarse JARs no necesarios durante la exploración puede dar lugar a una mejora de tiempo significativa en el arranque y compilación de JSP .
12-Jan-2024 11:15:18.388 INFO [http-nio-8080-exec-153] org.apache.catalina.startup.HostConfig.deployWAR Deployment of web application archive [C:\Users\TRJAVA-11\Documents\apache-tomcat-10.1.18\webapps\Gen1-Rutas.war] has finished in [567] ms
12-Jan-2024 11:56:38.652 INFO [http-nio-8080-exec-162] org.apache.catalina.startup.HostConfig.undeploy Repliegue (undeploy) de la aplicación web que tiene como trayectoria de contexto [/Gen1-Rutas]
12-Jan-2024 11:56:38.679 INFO [http-nio-8080-exec-162] org.apache.catalina.startup.HostConfig.deployWAR Despliegue del archivo [C:\Users\TRJAVA-11\Documents\apache-tomcat-10.1.18\webapps\Gen1-Rutas.war] de la aplicación web
12-Jan-2024 11:56:39.194 INFO [http-nio-8080-exec-162] org.apache.jasper.servlet.TldScanner.scanJars Al menos un JAR, que se ha explorado buscando TLDs, aún no contenía TLDs. Activar historial de depuración para este historiador para una completa lista de los JARs que fueron explorados y de los que nos se halló TLDs. Saltarse JARs no necesarios durante la exploración puede dar lugar a una mejora de tiempo significativa en el arranque y compilación de JSP .
12-Jan-2024 11:56:39.196 INFO [http-nio-8080-exec-162] org.apache.catalina.startup.HostConfig.deployWAR Deployment of web application archive [C:\Users\TRJAVA-11\Documents\apache-tomcat-10.1.18\webapps\Gen1-Rutas.war] has finished in [517] ms
12-Jan-2024 12:20:58.877 INFO [http-nio-8080-exec-171] org.apache.catalina.startup.HostConfig.undeploy Repliegue (undeploy) de la aplicación web que tiene como trayectoria de contexto [/Gen1-Rutas]
12-Jan-2024 12:20:58.911 INFO [http-nio-8080-exec-171] org.apache.catalina.startup.HostConfig.deployWAR Despliegue del archivo [C:\Users\TRJAVA-11\Documents\apache-tomcat-10.1.18\webapps\Gen1-Rutas.war] de la aplicación web
12-Jan-2024 12:20:59.520 INFO [http-nio-8080-exec-171] org.apache.jasper.servlet.TldScanner.scanJars Al menos un JAR, que se ha explorado buscando TLDs, aún no contenía TLDs. Activar historial de depuración para este historiador para una completa lista de los JARs que fueron explorados y de los que nos se halló TLDs. Saltarse JARs no necesarios durante la exploración puede dar lugar a una mejora de tiempo significativa en el arranque y compilación de JSP .
12-Jan-2024 12:20:59.522 INFO [http-nio-8080-exec-171] org.apache.catalina.startup.HostConfig.deployWAR Deployment of web application archive [C:\Users\TRJAVA-11\Documents\apache-tomcat-10.1.18\webapps\Gen1-Rutas.war] has finished in [611] ms
12-Jan-2024 12:22:26.295 INFO [http-nio-8080-exec-180] org.apache.catalina.startup.HostConfig.undeploy Repliegue (undeploy) de la aplicación web que tiene como trayectoria de contexto [/Gen1-Rutas]
12-Jan-2024 12:22:26.319 INFO [http-nio-8080-exec-180] org.apache.catalina.startup.HostConfig.deployWAR Despliegue del archivo [C:\Users\TRJAVA-11\Documents\apache-tomcat-10.1.18\webapps\Gen1-Rutas.war] de la aplicación web
12-Jan-2024 12:22:26.894 INFO [http-nio-8080-exec-180] org.apache.jasper.servlet.TldScanner.scanJars Al menos un JAR, que se ha explorado buscando TLDs, aún no contenía TLDs. Activar historial de depuración para este historiador para una completa lista de los JARs que fueron explorados y de los que nos se halló TLDs. Saltarse JARs no necesarios durante la exploración puede dar lugar a una mejora de tiempo significativa en el arranque y compilación de JSP .
12-Jan-2024 12:22:26.897 INFO [http-nio-8080-exec-180] org.apache.catalina.startup.HostConfig.deployWAR Deployment of web application archive [C:\Users\TRJAVA-11\Documents\apache-tomcat-10.1.18\webapps\Gen1-Rutas.war] has finished in [578] ms
12-Jan-2024 12:23:25.025 INFO [http-nio-8080-exec-183] org.apache.catalina.startup.HostConfig.undeploy Repliegue (undeploy) de la aplicación web que tiene como trayectoria de contexto [/Gen1-Rutas]
12-Jan-2024 12:23:25.028 WARNING [http-nio-8080-exec-183] org.apache.catalina.loader.WebappClassLoaderBase.clearReferencesThreads The web application [Gen1-Rutas] appears to have started a thread named [OJDBC-WORKER-THREAD-24] but has failed to stop it. This is very likely to create a memory leak. Stack trace of thread:
 java.base@18.0.2/jdk.internal.misc.Unsafe.park(Native Method)
 java.base@18.0.2/java.util.concurrent.locks.LockSupport.parkNanos(LockSupport.java:252)
 java.base@18.0.2/java.util.concurrent.SynchronousQueue$TransferStack.transfer(SynchronousQueue.java:401)
 java.base@18.0.2/java.util.concurrent.SynchronousQueue.poll(SynchronousQueue.java:903)
 java.base@18.0.2/java.util.concurrent.ThreadPoolExecutor.getTask(ThreadPoolExecutor.java:1061)
 java.base@18.0.2/java.util.concurrent.ThreadPoolExecutor.runWorker(ThreadPoolExecutor.java:1122)
 java.base@18.0.2/java.util.concurrent.ThreadPoolExecutor$Worker.run(ThreadPoolExecutor.java:635)
 java.base@18.0.2/java.lang.Thread.run(Thread.java:833)
12-Jan-2024 12:23:25.061 INFO [http-nio-8080-exec-183] org.apache.catalina.startup.HostConfig.deployWAR Despliegue del archivo [C:\Users\TRJAVA-11\Documents\apache-tomcat-10.1.18\webapps\Gen1-Rutas.war] de la aplicación web
12-Jan-2024 12:23:25.601 INFO [http-nio-8080-exec-183] org.apache.jasper.servlet.TldScanner.scanJars Al menos un JAR, que se ha explorado buscando TLDs, aún no contenía TLDs. Activar historial de depuración para este historiador para una completa lista de los JARs que fueron explorados y de los que nos se halló TLDs. Saltarse JARs no necesarios durante la exploración puede dar lugar a una mejora de tiempo significativa en el arranque y compilación de JSP .
12-Jan-2024 12:23:25.604 INFO [http-nio-8080-exec-183] org.apache.catalina.startup.HostConfig.deployWAR Deployment of web application archive [C:\Users\TRJAVA-11\Documents\apache-tomcat-10.1.18\webapps\Gen1-Rutas.war] has finished in [543] ms
12-Jan-2024 12:40:35.616 INFO [http-nio-8080-exec-188] org.apache.catalina.startup.HostConfig.undeploy Repliegue (undeploy) de la aplicación web que tiene como trayectoria de contexto [/Gen1-Rutas]
12-Jan-2024 12:40:35.657 INFO [http-nio-8080-exec-188] org.apache.catalina.startup.HostConfig.deployWAR Despliegue del archivo [C:\Users\TRJAVA-11\Documents\apache-tomcat-10.1.18\webapps\Gen1-Rutas.war] de la aplicación web
12-Jan-2024 12:40:36.228 INFO [http-nio-8080-exec-188] org.apache.jasper.servlet.TldScanner.scanJars Al menos un JAR, que se ha explorado buscando TLDs, aún no contenía TLDs. Activar historial de depuración para este historiador para una completa lista de los JARs que fueron explorados y de los que nos se halló TLDs. Saltarse JARs no necesarios durante la exploración puede dar lugar a una mejora de tiempo significativa en el arranque y compilación de JSP .
12-Jan-2024 12:40:36.231 INFO [http-nio-8080-exec-188] org.apache.catalina.startup.HostConfig.deployWAR Deployment of web application archive [C:\Users\TRJAVA-11\Documents\apache-tomcat-10.1.18\webapps\Gen1-Rutas.war] has finished in [574] ms
12-Jan-2024 12:41:57.219 INFO [http-nio-8080-exec-198] org.apache.catalina.startup.HostConfig.undeploy Repliegue (undeploy) de la aplicación web que tiene como trayectoria de contexto [/Gen1-Rutas]
12-Jan-2024 12:41:57.255 INFO [http-nio-8080-exec-198] org.apache.catalina.startup.HostConfig.deployWAR Despliegue del archivo [C:\Users\TRJAVA-11\Documents\apache-tomcat-10.1.18\webapps\Gen1-Rutas.war] de la aplicación web
12-Jan-2024 12:41:57.862 INFO [http-nio-8080-exec-198] org.apache.jasper.servlet.TldScanner.scanJars Al menos un JAR, que se ha explorado buscando TLDs, aún no contenía TLDs. Activar historial de depuración para este historiador para una completa lista de los JARs que fueron explorados y de los que nos se halló TLDs. Saltarse JARs no necesarios durante la exploración puede dar lugar a una mejora de tiempo significativa en el arranque y compilación de JSP .
12-Jan-2024 12:41:57.865 INFO [http-nio-8080-exec-198] org.apache.catalina.startup.HostConfig.deployWAR Deployment of web application archive [C:\Users\TRJAVA-11\Documents\apache-tomcat-10.1.18\webapps\Gen1-Rutas.war] has finished in [611] ms
12-Jan-2024 12:48:21.157 INFO [http-nio-8080-exec-203] org.apache.catalina.startup.HostConfig.undeploy Repliegue (undeploy) de la aplicación web que tiene como trayectoria de contexto [/Gen1-Rutas]
12-Jan-2024 12:48:21.193 INFO [http-nio-8080-exec-203] org.apache.catalina.startup.HostConfig.deployWAR Despliegue del archivo [C:\Users\TRJAVA-11\Documents\apache-tomcat-10.1.18\webapps\Gen1-Rutas.war] de la aplicación web
12-Jan-2024 12:48:21.776 INFO [http-nio-8080-exec-203] org.apache.jasper.servlet.TldScanner.scanJars Al menos un JAR, que se ha explorado buscando TLDs, aún no contenía TLDs. Activar historial de depuración para este historiador para una completa lista de los JARs que fueron explorados y de los que nos se halló TLDs. Saltarse JARs no necesarios durante la exploración puede dar lugar a una mejora de tiempo significativa en el arranque y compilación de JSP .
12-Jan-2024 12:48:21.779 INFO [http-nio-8080-exec-203] org.apache.catalina.startup.HostConfig.deployWAR Deployment of web application archive [C:\Users\TRJAVA-11\Documents\apache-tomcat-10.1.18\webapps\Gen1-Rutas.war] has finished in [586] ms
12-Jan-2024 12:49:56.309 INFO [http-nio-8080-exec-213] org.apache.catalina.startup.HostConfig.undeploy Repliegue (undeploy) de la aplicación web que tiene como trayectoria de contexto [/Gen1-Rutas]
12-Jan-2024 12:49:56.342 INFO [http-nio-8080-exec-213] org.apache.catalina.startup.HostConfig.deployWAR Despliegue del archivo [C:\Users\TRJAVA-11\Documents\apache-tomcat-10.1.18\webapps\Gen1-Rutas.war] de la aplicación web
12-Jan-2024 12:49:56.953 INFO [http-nio-8080-exec-213] org.apache.jasper.servlet.TldScanner.scanJars Al menos un JAR, que se ha explorado buscando TLDs, aún no contenía TLDs. Activar historial de depuración para este historiador para una completa lista de los JARs que fueron explorados y de los que nos se halló TLDs. Saltarse JARs no necesarios durante la exploración puede dar lugar a una mejora de tiempo significativa en el arranque y compilación de JSP .
12-Jan-2024 12:49:56.955 INFO [http-nio-8080-exec-213] org.apache.catalina.startup.HostConfig.deployWAR Deployment of web application archive [C:\Users\TRJAVA-11\Documents\apache-tomcat-10.1.18\webapps\Gen1-Rutas.war] has finished in [613] ms
12-Jan-2024 12:52:20.182 INFO [http-nio-8080-exec-218] org.apache.catalina.startup.HostConfig.undeploy Repliegue (undeploy) de la aplicación web que tiene como trayectoria de contexto [/Gen1-Rutas]
12-Jan-2024 12:52:20.212 INFO [http-nio-8080-exec-218] org.apache.catalina.startup.HostConfig.deployWAR Despliegue del archivo [C:\Users\TRJAVA-11\Documents\apache-tomcat-10.1.18\webapps\Gen1-Rutas.war] de la aplicación web
12-Jan-2024 12:52:20.762 INFO [http-nio-8080-exec-218] org.apache.jasper.servlet.TldScanner.scanJars Al menos un JAR, que se ha explorado buscando TLDs, aún no contenía TLDs. Activar historial de depuración para este historiador para una completa lista de los JARs que fueron explorados y de los que nos se halló TLDs. Saltarse JARs no necesarios durante la exploración puede dar lugar a una mejora de tiempo significativa en el arranque y compilación de JSP .
12-Jan-2024 12:52:20.764 INFO [http-nio-8080-exec-218] org.apache.catalina.startup.HostConfig.deployWAR Deployment of web application archive [C:\Users\TRJAVA-11\Documents\apache-tomcat-10.1.18\webapps\Gen1-Rutas.war] has finished in [553] ms
12-Jan-2024 12:55:42.363 INFO [http-nio-8080-exec-224] org.apache.catalina.startup.HostConfig.undeploy Repliegue (undeploy) de la aplicación web que tiene como trayectoria de contexto [/Gen1-Rutas]
12-Jan-2024 12:55:42.394 INFO [http-nio-8080-exec-224] org.apache.catalina.startup.HostConfig.deployWAR Despliegue del archivo [C:\Users\TRJAVA-11\Documents\apache-tomcat-10.1.18\webapps\Gen1-Rutas.war] de la aplicación web
12-Jan-2024 12:55:42.948 INFO [http-nio-8080-exec-224] org.apache.jasper.servlet.TldScanner.scanJars Al menos un JAR, que se ha explorado buscando TLDs, aún no contenía TLDs. Activar historial de depuración para este historiador para una completa lista de los JARs que fueron explorados y de los que nos se halló TLDs. Saltarse JARs no necesarios durante la exploración puede dar lugar a una mejora de tiempo significativa en el arranque y compilación de JSP .
12-Jan-2024 12:55:42.951 INFO [http-nio-8080-exec-224] org.apache.catalina.startup.HostConfig.deployWAR Deployment of web application archive [C:\Users\TRJAVA-11\Documents\apache-tomcat-10.1.18\webapps\Gen1-Rutas.war] has finished in [556] ms
12-Jan-2024 12:57:01.848 INFO [http-nio-8080-exec-232] org.apache.catalina.startup.HostConfig.undeploy Repliegue (undeploy) de la aplicación web que tiene como trayectoria de contexto [/Gen1-Rutas]
12-Jan-2024 12:57:01.885 INFO [http-nio-8080-exec-232] org.apache.catalina.startup.HostConfig.deployWAR Despliegue del archivo [C:\Users\TRJAVA-11\Documents\apache-tomcat-10.1.18\webapps\Gen1-Rutas.war] de la aplicación web
12-Jan-2024 12:57:02.579 INFO [http-nio-8080-exec-232] org.apache.jasper.servlet.TldScanner.scanJars Al menos un JAR, que se ha explorado buscando TLDs, aún no contenía TLDs. Activar historial de depuración para este historiador para una completa lista de los JARs que fueron explorados y de los que nos se halló TLDs. Saltarse JARs no necesarios durante la exploración puede dar lugar a una mejora de tiempo significativa en el arranque y compilación de JSP .
12-Jan-2024 12:57:02.583 INFO [http-nio-8080-exec-232] org.apache.catalina.startup.HostConfig.deployWAR Deployment of web application archive [C:\Users\TRJAVA-11\Documents\apache-tomcat-10.1.18\webapps\Gen1-Rutas.war] has finished in [698] ms
12-Jan-2024 13:00:55.575 INFO [http-nio-8080-exec-237] org.apache.catalina.startup.HostConfig.undeploy Repliegue (undeploy) de la aplicación web que tiene como trayectoria de contexto [/Gen1-Rutas]
12-Jan-2024 13:00:55.608 INFO [http-nio-8080-exec-237] org.apache.catalina.startup.HostConfig.deployWAR Despliegue del archivo [C:\Users\TRJAVA-11\Documents\apache-tomcat-10.1.18\webapps\Gen1-Rutas.war] de la aplicación web
12-Jan-2024 13:00:56.151 INFO [http-nio-8080-exec-237] org.apache.jasper.servlet.TldScanner.scanJars Al menos un JAR, que se ha explorado buscando TLDs, aún no contenía TLDs. Activar historial de depuración para este historiador para una completa lista de los JARs que fueron explorados y de los que nos se halló TLDs. Saltarse JARs no necesarios durante la exploración puede dar lugar a una mejora de tiempo significativa en el arranque y compilación de JSP .
12-Jan-2024 13:00:56.154 INFO [http-nio-8080-exec-237] org.apache.catalina.startup.HostConfig.deployWAR Deployment of web application archive [C:\Users\TRJAVA-11\Documents\apache-tomcat-10.1.18\webapps\Gen1-Rutas.war] has finished in [545] ms
12-Jan-2024 13:01:42.699 INFO [http-nio-8080-exec-238] org.apache.catalina.startup.HostConfig.undeploy Repliegue (undeploy) de la aplicación web que tiene como trayectoria de contexto [/Gen1-Rutas]
12-Jan-2024 13:01:42.731 INFO [http-nio-8080-exec-238] org.apache.catalina.startup.HostConfig.deployWAR Despliegue del archivo [C:\Users\TRJAVA-11\Documents\apache-tomcat-10.1.18\webapps\Gen1-Rutas.war] de la aplicación web
12-Jan-2024 13:01:43.311 INFO [http-nio-8080-exec-238] org.apache.jasper.servlet.TldScanner.scanJars Al menos un JAR, que se ha explorado buscando TLDs, aún no contenía TLDs. Activar historial de depuración para este historiador para una completa lista de los JARs que fueron explorados y de los que nos se halló TLDs. Saltarse JARs no necesarios durante la exploración puede dar lugar a una mejora de tiempo significativa en el arranque y compilación de JSP .
12-Jan-2024 13:01:43.315 INFO [http-nio-8080-exec-238] org.apache.catalina.startup.HostConfig.deployWAR Deployment of web application archive [C:\Users\TRJAVA-11\Documents\apache-tomcat-10.1.18\webapps\Gen1-Rutas.war] has finished in [582] ms
12-Jan-2024 13:02:38.092 INFO [http-nio-8080-exec-230] org.apache.catalina.startup.HostConfig.undeploy Repliegue (undeploy) de la aplicación web que tiene como trayectoria de contexto [/Gen1-Rutas]
12-Jan-2024 13:02:38.095 WARNING [http-nio-8080-exec-230] org.apache.catalina.loader.WebappClassLoaderBase.clearReferencesThreads The web application [Gen1-Rutas] appears to have started a thread named [OJDBC-WORKER-THREAD-32] but has failed to stop it. This is very likely to create a memory leak. Stack trace of thread:
 java.base@18.0.2/jdk.internal.misc.Unsafe.park(Native Method)
 java.base@18.0.2/java.util.concurrent.locks.LockSupport.parkNanos(LockSupport.java:252)
 java.base@18.0.2/java.util.concurrent.SynchronousQueue$TransferStack.transfer(SynchronousQueue.java:401)
 java.base@18.0.2/java.util.concurrent.SynchronousQueue.poll(SynchronousQueue.java:903)
 java.base@18.0.2/java.util.concurrent.ThreadPoolExecutor.getTask(ThreadPoolExecutor.java:1061)
 java.base@18.0.2/java.util.concurrent.ThreadPoolExecutor.runWorker(ThreadPoolExecutor.java:1122)
 java.base@18.0.2/java.util.concurrent.ThreadPoolExecutor$Worker.run(ThreadPoolExecutor.java:635)
 java.base@18.0.2/java.lang.Thread.run(Thread.java:833)
12-Jan-2024 13:02:38.124 INFO [http-nio-8080-exec-230] org.apache.catalina.startup.HostConfig.deployWAR Despliegue del archivo [C:\Users\TRJAVA-11\Documents\apache-tomcat-10.1.18\webapps\Gen1-Rutas.war] de la aplicación web
12-Jan-2024 13:02:38.648 INFO [http-nio-8080-exec-230] org.apache.jasper.servlet.TldScanner.scanJars Al menos un JAR, que se ha explorado buscando TLDs, aún no contenía TLDs. Activar historial de depuración para este historiador para una completa lista de los JARs que fueron explorados y de los que nos se halló TLDs. Saltarse JARs no necesarios durante la exploración puede dar lugar a una mejora de tiempo significativa en el arranque y compilación de JSP .
12-Jan-2024 13:02:38.651 INFO [http-nio-8080-exec-230] org.apache.catalina.startup.HostConfig.deployWAR Deployment of web application archive [C:\Users\TRJAVA-11\Documents\apache-tomcat-10.1.18\webapps\Gen1-Rutas.war] has finished in [526] ms
12-Jan-2024 13:03:35.088 INFO [http-nio-8080-exec-244] org.apache.catalina.startup.HostConfig.undeploy Repliegue (undeploy) de la aplicación web que tiene como trayectoria de contexto [/Gen1-Rutas]
12-Jan-2024 13:03:35.119 INFO [http-nio-8080-exec-244] org.apache.catalina.startup.HostConfig.deployWAR Despliegue del archivo [C:\Users\TRJAVA-11\Documents\apache-tomcat-10.1.18\webapps\Gen1-Rutas.war] de la aplicación web
12-Jan-2024 13:03:35.684 INFO [http-nio-8080-exec-244] org.apache.jasper.servlet.TldScanner.scanJars Al menos un JAR, que se ha explorado buscando TLDs, aún no contenía TLDs. Activar historial de depuración para este historiador para una completa lista de los JARs que fueron explorados y de los que nos se halló TLDs. Saltarse JARs no necesarios durante la exploración puede dar lugar a una mejora de tiempo significativa en el arranque y compilación de JSP .
12-Jan-2024 13:03:35.687 INFO [http-nio-8080-exec-244] org.apache.catalina.startup.HostConfig.deployWAR Deployment of web application archive [C:\Users\TRJAVA-11\Documents\apache-tomcat-10.1.18\webapps\Gen1-Rutas.war] has finished in [568] ms
12-Jan-2024 13:04:17.303 INFO [http-nio-8080-exec-234] org.apache.catalina.startup.HostConfig.undeploy Repliegue (undeploy) de la aplicación web que tiene como trayectoria de contexto [/Gen1-Rutas]
12-Jan-2024 13:04:17.336 INFO [http-nio-8080-exec-234] org.apache.catalina.startup.HostConfig.deployWAR Despliegue del archivo [C:\Users\TRJAVA-11\Documents\apache-tomcat-10.1.18\webapps\Gen1-Rutas.war] de la aplicación web
12-Jan-2024 13:04:17.907 INFO [http-nio-8080-exec-234] org.apache.jasper.servlet.TldScanner.scanJars Al menos un JAR, que se ha explorado buscando TLDs, aún no contenía TLDs. Activar historial de depuración para este historiador para una completa lista de los JARs que fueron explorados y de los que nos se halló TLDs. Saltarse JARs no necesarios durante la exploración puede dar lugar a una mejora de tiempo significativa en el arranque y compilación de JSP .
12-Jan-2024 13:04:17.909 INFO [http-nio-8080-exec-234] org.apache.catalina.startup.HostConfig.deployWAR Deployment of web application archive [C:\Users\TRJAVA-11\Documents\apache-tomcat-10.1.18\webapps\Gen1-Rutas.war] has finished in [573] ms
12-Jan-2024 13:06:46.661 INFO [http-nio-8080-exec-250] org.apache.catalina.startup.HostConfig.undeploy Repliegue (undeploy) de la aplicación web que tiene como trayectoria de contexto [/Gen1-Rutas]
12-Jan-2024 13:06:46.691 INFO [http-nio-8080-exec-250] org.apache.catalina.startup.HostConfig.deployWAR Despliegue del archivo [C:\Users\TRJAVA-11\Documents\apache-tomcat-10.1.18\webapps\Gen1-Rutas.war] de la aplicación web
12-Jan-2024 13:06:47.284 INFO [http-nio-8080-exec-250] org.apache.jasper.servlet.TldScanner.scanJars Al menos un JAR, que se ha explorado buscando TLDs, aún no contenía TLDs. Activar historial de depuración para este historiador para una completa lista de los JARs que fueron explorados y de los que nos se halló TLDs. Saltarse JARs no necesarios durante la exploración puede dar lugar a una mejora de tiempo significativa en el arranque y compilación de JSP .
12-Jan-2024 13:06:47.287 INFO [http-nio-8080-exec-250] org.apache.catalina.startup.HostConfig.deployWAR Deployment of web application archive [C:\Users\TRJAVA-11\Documents\apache-tomcat-10.1.18\webapps\Gen1-Rutas.war] has finished in [596] ms
12-Jan-2024 13:12:32.456 INFO [http-nio-8080-exec-256] org.apache.catalina.startup.HostConfig.undeploy Repliegue (undeploy) de la aplicación web que tiene como trayectoria de contexto [/Gen1-Rutas]
12-Jan-2024 13:12:32.489 INFO [http-nio-8080-exec-256] org.apache.catalina.startup.HostConfig.deployWAR Despliegue del archivo [C:\Users\TRJAVA-11\Documents\apache-tomcat-10.1.18\webapps\Gen1-Rutas.war] de la aplicación web
12-Jan-2024 13:12:33.065 INFO [http-nio-8080-exec-256] org.apache.jasper.servlet.TldScanner.scanJars Al menos un JAR, que se ha explorado buscando TLDs, aún no contenía TLDs. Activar historial de depuración para este historiador para una completa lista de los JARs que fueron explorados y de los que nos se halló TLDs. Saltarse JARs no necesarios durante la exploración puede dar lugar a una mejora de tiempo significativa en el arranque y compilación de JSP .
12-Jan-2024 13:12:33.068 INFO [http-nio-8080-exec-256] org.apache.catalina.startup.HostConfig.deployWAR Deployment of web application archive [C:\Users\TRJAVA-11\Documents\apache-tomcat-10.1.18\webapps\Gen1-Rutas.war] has finished in [578] ms
12-Jan-2024 13:20:25.583 INFO [http-nio-8080-exec-265] org.apache.catalina.startup.HostConfig.undeploy Repliegue (undeploy) de la aplicación web que tiene como trayectoria de contexto [/Gen1-Rutas]
12-Jan-2024 13:20:25.610 INFO [http-nio-8080-exec-265] org.apache.catalina.startup.HostConfig.deployWAR Despliegue del archivo [C:\Users\TRJAVA-11\Documents\apache-tomcat-10.1.18\webapps\Gen1-Rutas.war] de la aplicación web
12-Jan-2024 13:20:26.141 INFO [http-nio-8080-exec-265] org.apache.jasper.servlet.TldScanner.scanJars Al menos un JAR, que se ha explorado buscando TLDs, aún no contenía TLDs. Activar historial de depuración para este historiador para una completa lista de los JARs que fueron explorados y de los que nos se halló TLDs. Saltarse JARs no necesarios durante la exploración puede dar lugar a una mejora de tiempo significativa en el arranque y compilación de JSP .
12-Jan-2024 13:20:26.144 INFO [http-nio-8080-exec-265] org.apache.catalina.startup.HostConfig.deployWAR Deployment of web application archive [C:\Users\TRJAVA-11\Documents\apache-tomcat-10.1.18\webapps\Gen1-Rutas.war] has finished in [534] ms
12-Jan-2024 13:21:36.022 INFO [http-nio-8080-exec-275] org.apache.catalina.startup.HostConfig.undeploy Repliegue (undeploy) de la aplicación web que tiene como trayectoria de contexto [/Gen1-Rutas]
12-Jan-2024 13:21:36.025 WARNING [http-nio-8080-exec-275] org.apache.catalina.loader.WebappClassLoaderBase.clearReferencesThreads The web application [Gen1-Rutas] appears to have started a thread named [OJDBC-WORKER-THREAD-36] but has failed to stop it. This is very likely to create a memory leak. Stack trace of thread:
 java.base@18.0.2/jdk.internal.misc.Unsafe.park(Native Method)
 java.base@18.0.2/java.util.concurrent.locks.LockSupport.parkNanos(LockSupport.java:252)
 java.base@18.0.2/java.util.concurrent.SynchronousQueue$TransferStack.transfer(SynchronousQueue.java:401)
 java.base@18.0.2/java.util.concurrent.SynchronousQueue.poll(SynchronousQueue.java:903)
 java.base@18.0.2/java.util.concurrent.ThreadPoolExecutor.getTask(ThreadPoolExecutor.java:1061)
 java.base@18.0.2/java.util.concurrent.ThreadPoolExecutor.runWorker(ThreadPoolExecutor.java:1122)
 java.base@18.0.2/java.util.concurrent.ThreadPoolExecutor$Worker.run(ThreadPoolExecutor.java:635)
 java.base@18.0.2/java.lang.Thread.run(Thread.java:833)
12-Jan-2024 13:21:36.057 INFO [http-nio-8080-exec-275] org.apache.catalina.startup.HostConfig.deployWAR Despliegue del archivo [C:\Users\TRJAVA-11\Documents\apache-tomcat-10.1.18\webapps\Gen1-Rutas.war] de la aplicación web
12-Jan-2024 13:21:36.594 INFO [http-nio-8080-exec-275] org.apache.jasper.servlet.TldScanner.scanJars Al menos un JAR, que se ha explorado buscando TLDs, aún no contenía TLDs. Activar historial de depuración para este historiador para una completa lista de los JARs que fueron explorados y de los que nos se halló TLDs. Saltarse JARs no necesarios durante la exploración puede dar lugar a una mejora de tiempo significativa en el arranque y compilación de JSP .
12-Jan-2024 13:21:36.596 INFO [http-nio-8080-exec-275] org.apache.catalina.startup.HostConfig.deployWAR Deployment of web application archive [C:\Users\TRJAVA-11\Documents\apache-tomcat-10.1.18\webapps\Gen1-Rutas.war] has finished in [539] ms
12-Jan-2024 13:23:37.333 INFO [http-nio-8080-exec-280] org.apache.catalina.startup.HostConfig.undeploy Repliegue (undeploy) de la aplicación web que tiene como trayectoria de contexto [/Gen1-Rutas]
12-Jan-2024 13:23:37.360 INFO [http-nio-8080-exec-280] org.apache.catalina.startup.HostConfig.deployWAR Despliegue del archivo [C:\Users\TRJAVA-11\Documents\apache-tomcat-10.1.18\webapps\Gen1-Rutas.war] de la aplicación web
12-Jan-2024 13:23:37.868 INFO [http-nio-8080-exec-280] org.apache.jasper.servlet.TldScanner.scanJars Al menos un JAR, que se ha explorado buscando TLDs, aún no contenía TLDs. Activar historial de depuración para este historiador para una completa lista de los JARs que fueron explorados y de los que nos se halló TLDs. Saltarse JARs no necesarios durante la exploración puede dar lugar a una mejora de tiempo significativa en el arranque y compilación de JSP .
12-Jan-2024 13:23:37.871 INFO [http-nio-8080-exec-280] org.apache.catalina.startup.HostConfig.deployWAR Deployment of web application archive [C:\Users\TRJAVA-11\Documents\apache-tomcat-10.1.18\webapps\Gen1-Rutas.war] has finished in [511] ms
12-Jan-2024 13:31:44.563 INFO [http-nio-8080-exec-284] org.apache.catalina.startup.HostConfig.undeploy Repliegue (undeploy) de la aplicación web que tiene como trayectoria de contexto [/Gen1-Rutas]
12-Jan-2024 13:31:44.592 INFO [http-nio-8080-exec-284] org.apache.catalina.startup.HostConfig.deployWAR Despliegue del archivo [C:\Users\TRJAVA-11\Documents\apache-tomcat-10.1.18\webapps\Gen1-Rutas.war] de la aplicación web
12-Jan-2024 13:31:45.189 INFO [http-nio-8080-exec-284] org.apache.jasper.servlet.TldScanner.scanJars Al menos un JAR, que se ha explorado buscando TLDs, aún no contenía TLDs. Activar historial de depuración para este historiador para una completa lista de los JARs que fueron explorados y de los que nos se halló TLDs. Saltarse JARs no necesarios durante la exploración puede dar lugar a una mejora de tiempo significativa en el arranque y compilación de JSP .
12-Jan-2024 13:31:45.192 INFO [http-nio-8080-exec-284] org.apache.catalina.startup.HostConfig.deployWAR Deployment of web application archive [C:\Users\TRJAVA-11\Documents\apache-tomcat-10.1.18\webapps\Gen1-Rutas.war] has finished in [600] ms
12-Jan-2024 13:32:22.439 INFO [http-nio-8080-exec-289] org.apache.catalina.startup.HostConfig.undeploy Repliegue (undeploy) de la aplicación web que tiene como trayectoria de contexto [/Gen1-Rutas]
12-Jan-2024 13:32:22.443 WARNING [http-nio-8080-exec-289] org.apache.catalina.loader.WebappClassLoaderBase.clearReferencesThreads The web application [Gen1-Rutas] appears to have started a thread named [OJDBC-WORKER-THREAD-38] but has failed to stop it. This is very likely to create a memory leak. Stack trace of thread:
 java.base@18.0.2/jdk.internal.misc.Unsafe.park(Native Method)
 java.base@18.0.2/java.util.concurrent.locks.LockSupport.parkNanos(LockSupport.java:252)
 java.base@18.0.2/java.util.concurrent.SynchronousQueue$TransferStack.transfer(SynchronousQueue.java:401)
 java.base@18.0.2/java.util.concurrent.SynchronousQueue.poll(SynchronousQueue.java:903)
 java.base@18.0.2/java.util.concurrent.ThreadPoolExecutor.getTask(ThreadPoolExecutor.java:1061)
 java.base@18.0.2/java.util.concurrent.ThreadPoolExecutor.runWorker(ThreadPoolExecutor.java:1122)
 java.base@18.0.2/java.util.concurrent.ThreadPoolExecutor$Worker.run(ThreadPoolExecutor.java:635)
 java.base@18.0.2/java.lang.Thread.run(Thread.java:833)
12-Jan-2024 13:32:22.485 INFO [http-nio-8080-exec-289] org.apache.catalina.startup.HostConfig.deployWAR Despliegue del archivo [C:\Users\TRJAVA-11\Documents\apache-tomcat-10.1.18\webapps\Gen1-Rutas.war] de la aplicación web
12-Jan-2024 13:32:23.101 INFO [http-nio-8080-exec-289] org.apache.jasper.servlet.TldScanner.scanJars Al menos un JAR, que se ha explorado buscando TLDs, aún no contenía TLDs. Activar historial de depuración para este historiador para una completa lista de los JARs que fueron explorados y de los que nos se halló TLDs. Saltarse JARs no necesarios durante la exploración puede dar lugar a una mejora de tiempo significativa en el arranque y compilación de JSP .
12-Jan-2024 13:32:23.104 INFO [http-nio-8080-exec-289] org.apache.catalina.startup.HostConfig.deployWAR Deployment of web application archive [C:\Users\TRJAVA-11\Documents\apache-tomcat-10.1.18\webapps\Gen1-Rutas.war] has finished in [618] ms
12-Jan-2024 13:33:49.194 INFO [http-nio-8080-exec-297] org.apache.catalina.startup.HostConfig.undeploy Repliegue (undeploy) de la aplicación web que tiene como trayectoria de contexto [/Gen1-Rutas]
12-Jan-2024 13:33:49.227 INFO [http-nio-8080-exec-297] org.apache.catalina.startup.HostConfig.deployWAR Despliegue del archivo [C:\Users\TRJAVA-11\Documents\apache-tomcat-10.1.18\webapps\Gen1-Rutas.war] de la aplicación web
12-Jan-2024 13:33:49.774 INFO [http-nio-8080-exec-297] org.apache.jasper.servlet.TldScanner.scanJars Al menos un JAR, que se ha explorado buscando TLDs, aún no contenía TLDs. Activar historial de depuración para este historiador para una completa lista de los JARs que fueron explorados y de los que nos se halló TLDs. Saltarse JARs no necesarios durante la exploración puede dar lugar a una mejora de tiempo significativa en el arranque y compilación de JSP .
12-Jan-2024 13:33:49.776 INFO [http-nio-8080-exec-297] org.apache.catalina.startup.HostConfig.deployWAR Deployment of web application archive [C:\Users\TRJAVA-11\Documents\apache-tomcat-10.1.18\webapps\Gen1-Rutas.war] has finished in [549] ms
12-Jan-2024 13:37:06.130 INFO [http-nio-8080-exec-302] org.apache.catalina.startup.HostConfig.undeploy Repliegue (undeploy) de la aplicación web que tiene como trayectoria de contexto [/Gen1-Rutas]
12-Jan-2024 13:37:06.166 INFO [http-nio-8080-exec-302] org.apache.catalina.startup.HostConfig.deployWAR Despliegue del archivo [C:\Users\TRJAVA-11\Documents\apache-tomcat-10.1.18\webapps\Gen1-Rutas.war] de la aplicación web
12-Jan-2024 13:37:06.726 INFO [http-nio-8080-exec-302] org.apache.jasper.servlet.TldScanner.scanJars Al menos un JAR, que se ha explorado buscando TLDs, aún no contenía TLDs. Activar historial de depuración para este historiador para una completa lista de los JARs que fueron explorados y de los que nos se halló TLDs. Saltarse JARs no necesarios durante la exploración puede dar lugar a una mejora de tiempo significativa en el arranque y compilación de JSP .
12-Jan-2024 13:37:06.729 INFO [http-nio-8080-exec-302] org.apache.catalina.startup.HostConfig.deployWAR Deployment of web application archive [C:\Users\TRJAVA-11\Documents\apache-tomcat-10.1.18\webapps\Gen1-Rutas.war] has finished in [563] ms
12-Jan-2024 13:37:47.310 INFO [http-nio-8080-exec-295] org.apache.catalina.startup.HostConfig.undeploy Repliegue (undeploy) de la aplicación web que tiene como trayectoria de contexto [/Gen1-Rutas]
12-Jan-2024 13:37:47.312 WARNING [http-nio-8080-exec-295] org.apache.catalina.loader.WebappClassLoaderBase.clearReferencesThreads The web application [Gen1-Rutas] appears to have started a thread named [OJDBC-WORKER-THREAD-40] but has failed to stop it. This is very likely to create a memory leak. Stack trace of thread:
 java.base@18.0.2/jdk.internal.misc.Unsafe.park(Native Method)
 java.base@18.0.2/java.util.concurrent.locks.LockSupport.parkNanos(LockSupport.java:252)
 java.base@18.0.2/java.util.concurrent.SynchronousQueue$TransferStack.transfer(SynchronousQueue.java:401)
 java.base@18.0.2/java.util.concurrent.SynchronousQueue.poll(SynchronousQueue.java:903)
 java.base@18.0.2/java.util.concurrent.ThreadPoolExecutor.getTask(ThreadPoolExecutor.java:1061)
 java.base@18.0.2/java.util.concurrent.ThreadPoolExecutor.runWorker(ThreadPoolExecutor.java:1122)
 java.base@18.0.2/java.util.concurrent.ThreadPoolExecutor$Worker.run(ThreadPoolExecutor.java:635)
 java.base@18.0.2/java.lang.Thread.run(Thread.java:833)
12-Jan-2024 13:37:47.344 INFO [http-nio-8080-exec-295] org.apache.catalina.startup.HostConfig.deployWAR Despliegue del archivo [C:\Users\TRJAVA-11\Documents\apache-tomcat-10.1.18\webapps\Gen1-Rutas.war] de la aplicación web
12-Jan-2024 13:37:47.941 INFO [http-nio-8080-exec-295] org.apache.jasper.servlet.TldScanner.scanJars Al menos un JAR, que se ha explorado buscando TLDs, aún no contenía TLDs. Activar historial de depuración para este historiador para una completa lista de los JARs que fueron explorados y de los que nos se halló TLDs. Saltarse JARs no necesarios durante la exploración puede dar lugar a una mejora de tiempo significativa en el arranque y compilación de JSP .
12-Jan-2024 13:37:47.944 INFO [http-nio-8080-exec-295] org.apache.catalina.startup.HostConfig.deployWAR Deployment of web application archive [C:\Users\TRJAVA-11\Documents\apache-tomcat-10.1.18\webapps\Gen1-Rutas.war] has finished in [599] ms
12-Jan-2024 13:42:25.064 INFO [http-nio-8080-exec-308] org.apache.catalina.startup.HostConfig.undeploy Repliegue (undeploy) de la aplicación web que tiene como trayectoria de contexto [/Gen1-Rutas]
12-Jan-2024 13:42:25.099 INFO [http-nio-8080-exec-308] org.apache.catalina.startup.HostConfig.deployWAR Despliegue del archivo [C:\Users\TRJAVA-11\Documents\apache-tomcat-10.1.18\webapps\Gen1-Rutas.war] de la aplicación web
12-Jan-2024 13:42:25.683 INFO [http-nio-8080-exec-308] org.apache.jasper.servlet.TldScanner.scanJars Al menos un JAR, que se ha explorado buscando TLDs, aún no contenía TLDs. Activar historial de depuración para este historiador para una completa lista de los JARs que fueron explorados y de los que nos se halló TLDs. Saltarse JARs no necesarios durante la exploración puede dar lugar a una mejora de tiempo significativa en el arranque y compilación de JSP .
12-Jan-2024 13:42:25.685 INFO [http-nio-8080-exec-308] org.apache.catalina.startup.HostConfig.deployWAR Deployment of web application archive [C:\Users\TRJAVA-11\Documents\apache-tomcat-10.1.18\webapps\Gen1-Rutas.war] has finished in [586] ms
12-Jan-2024 13:47:07.687 INFO [http-nio-8080-exec-317] org.apache.catalina.startup.HostConfig.undeploy Repliegue (undeploy) de la aplicación web que tiene como trayectoria de contexto [/Gen1-Rutas]
12-Jan-2024 13:47:07.722 INFO [http-nio-8080-exec-317] org.apache.catalina.startup.HostConfig.deployWAR Despliegue del archivo [C:\Users\TRJAVA-11\Documents\apache-tomcat-10.1.18\webapps\Gen1-Rutas.war] de la aplicación web
12-Jan-2024 13:47:08.363 INFO [http-nio-8080-exec-317] org.apache.jasper.servlet.TldScanner.scanJars Al menos un JAR, que se ha explorado buscando TLDs, aún no contenía TLDs. Activar historial de depuración para este historiador para una completa lista de los JARs que fueron explorados y de los que nos se halló TLDs. Saltarse JARs no necesarios durante la exploración puede dar lugar a una mejora de tiempo significativa en el arranque y compilación de JSP .
12-Jan-2024 13:47:08.366 INFO [http-nio-8080-exec-317] org.apache.catalina.startup.HostConfig.deployWAR Deployment of web application archive [C:\Users\TRJAVA-11\Documents\apache-tomcat-10.1.18\webapps\Gen1-Rutas.war] has finished in [645] ms
12-Jan-2024 13:47:47.072 INFO [http-nio-8080-exec-322] org.apache.catalina.startup.HostConfig.undeploy Repliegue (undeploy) de la aplicación web que tiene como trayectoria de contexto [/Gen1-Rutas]
12-Jan-2024 13:47:47.074 WARNING [http-nio-8080-exec-322] org.apache.catalina.loader.WebappClassLoaderBase.clearReferencesThreads The web application [Gen1-Rutas] appears to have started a thread named [OJDBC-WORKER-THREAD-42] but has failed to stop it. This is very likely to create a memory leak. Stack trace of thread:
 java.base@18.0.2/jdk.internal.misc.Unsafe.park(Native Method)
 java.base@18.0.2/java.util.concurrent.locks.LockSupport.parkNanos(LockSupport.java:252)
 java.base@18.0.2/java.util.concurrent.SynchronousQueue$TransferStack.transfer(SynchronousQueue.java:401)
 java.base@18.0.2/java.util.concurrent.SynchronousQueue.poll(SynchronousQueue.java:903)
 java.base@18.0.2/java.util.concurrent.ThreadPoolExecutor.getTask(ThreadPoolExecutor.java:1061)
 java.base@18.0.2/java.util.concurrent.ThreadPoolExecutor.runWorker(ThreadPoolExecutor.java:1122)
 java.base@18.0.2/java.util.concurrent.ThreadPoolExecutor$Worker.run(ThreadPoolExecutor.java:635)
 java.base@18.0.2/java.lang.Thread.run(Thread.java:833)
12-Jan-2024 13:47:47.106 INFO [http-nio-8080-exec-322] org.apache.catalina.startup.HostConfig.deployWAR Despliegue del archivo [C:\Users\TRJAVA-11\Documents\apache-tomcat-10.1.18\webapps\Gen1-Rutas.war] de la aplicación web
12-Jan-2024 13:47:47.728 INFO [http-nio-8080-exec-322] org.apache.jasper.servlet.TldScanner.scanJars Al menos un JAR, que se ha explorado buscando TLDs, aún no contenía TLDs. Activar historial de depuración para este historiador para una completa lista de los JARs que fueron explorados y de los que nos se halló TLDs. Saltarse JARs no necesarios durante la exploración puede dar lugar a una mejora de tiempo significativa en el arranque y compilación de JSP .
12-Jan-2024 13:47:47.731 INFO [http-nio-8080-exec-322] org.apache.catalina.startup.HostConfig.deployWAR Deployment of web application archive [C:\Users\TRJAVA-11\Documents\apache-tomcat-10.1.18\webapps\Gen1-Rutas.war] has finished in [624] ms
12-Jan-2024 14:07:48.266 INFO [http-nio-8080-exec-337] org.apache.catalina.startup.HostConfig.undeploy Repliegue (undeploy) de la aplicación web que tiene como trayectoria de contexto [/Gen1-Rutas]
12-Jan-2024 14:07:48.268 WARNING [http-nio-8080-exec-337] org.apache.catalina.loader.WebappClassLoaderBase.clearReferencesThreads The web application [Gen1-Rutas] appears to have started a thread named [OJDBC-WORKER-THREAD-43] but has failed to stop it. This is very likely to create a memory leak. Stack trace of thread:
 java.base@18.0.2/jdk.internal.misc.Unsafe.park(Native Method)
 java.base@18.0.2/java.util.concurrent.locks.LockSupport.parkNanos(LockSupport.java:252)
 java.base@18.0.2/java.util.concurrent.SynchronousQueue$TransferStack.transfer(SynchronousQueue.java:401)
 java.base@18.0.2/java.util.concurrent.SynchronousQueue.poll(SynchronousQueue.java:903)
 java.base@18.0.2/java.util.concurrent.ThreadPoolExecutor.getTask(ThreadPoolExecutor.java:1061)
 java.base@18.0.2/java.util.concurrent.ThreadPoolExecutor.runWorker(ThreadPoolExecutor.java:1122)
 java.base@18.0.2/java.util.concurrent.ThreadPoolExecutor$Worker.run(ThreadPoolExecutor.java:635)
 java.base@18.0.2/java.lang.Thread.run(Thread.java:833)
12-Jan-2024 14:07:48.301 INFO [http-nio-8080-exec-337] org.apache.catalina.startup.HostConfig.deployWAR Despliegue del archivo [C:\Users\TRJAVA-11\Documents\apache-tomcat-10.1.18\webapps\Gen1-Rutas.war] de la aplicación web
12-Jan-2024 14:07:48.923 INFO [http-nio-8080-exec-337] org.apache.jasper.servlet.TldScanner.scanJars Al menos un JAR, que se ha explorado buscando TLDs, aún no contenía TLDs. Activar historial de depuración para este historiador para una completa lista de los JARs que fueron explorados y de los que nos se halló TLDs. Saltarse JARs no necesarios durante la exploración puede dar lugar a una mejora de tiempo significativa en el arranque y compilación de JSP .
12-Jan-2024 14:07:48.926 INFO [http-nio-8080-exec-337] org.apache.catalina.startup.HostConfig.deployWAR Deployment of web application archive [C:\Users\TRJAVA-11\Documents\apache-tomcat-10.1.18\webapps\Gen1-Rutas.war] has finished in [626] ms
12-Jan-2024 14:12:34.447 INFO [http-nio-8080-exec-339] org.apache.catalina.startup.HostConfig.undeploy Repliegue (undeploy) de la aplicación web que tiene como trayectoria de contexto [/Gen1-Rutas]
12-Jan-2024 14:12:34.484 INFO [http-nio-8080-exec-339] org.apache.catalina.startup.HostConfig.deployWAR Despliegue del archivo [C:\Users\TRJAVA-11\Documents\apache-tomcat-10.1.18\webapps\Gen1-Rutas.war] de la aplicación web
12-Jan-2024 14:12:35.099 INFO [http-nio-8080-exec-339] org.apache.jasper.servlet.TldScanner.scanJars Al menos un JAR, que se ha explorado buscando TLDs, aún no contenía TLDs. Activar historial de depuración para este historiador para una completa lista de los JARs que fueron explorados y de los que nos se halló TLDs. Saltarse JARs no necesarios durante la exploración puede dar lugar a una mejora de tiempo significativa en el arranque y compilación de JSP .
12-Jan-2024 14:12:35.101 INFO [http-nio-8080-exec-339] org.apache.catalina.startup.HostConfig.deployWAR Deployment of web application archive [C:\Users\TRJAVA-11\Documents\apache-tomcat-10.1.18\webapps\Gen1-Rutas.war] has finished in [617] ms
12-Jan-2024 14:25:12.840 INFO [http-nio-8080-exec-349] org.apache.catalina.startup.HostConfig.undeploy Repliegue (undeploy) de la aplicación web que tiene como trayectoria de contexto [/Gen1-Rutas]
12-Jan-2024 14:25:12.876 INFO [http-nio-8080-exec-349] org.apache.catalina.startup.HostConfig.deployWAR Despliegue del archivo [C:\Users\TRJAVA-11\Documents\apache-tomcat-10.1.18\webapps\Gen1-Rutas.war] de la aplicación web
12-Jan-2024 14:25:13.489 INFO [http-nio-8080-exec-349] org.apache.jasper.servlet.TldScanner.scanJars Al menos un JAR, que se ha explorado buscando TLDs, aún no contenía TLDs. Activar historial de depuración para este historiador para una completa lista de los JARs que fueron explorados y de los que nos se halló TLDs. Saltarse JARs no necesarios durante la exploración puede dar lugar a una mejora de tiempo significativa en el arranque y compilación de JSP .
12-Jan-2024 14:25:13.491 INFO [http-nio-8080-exec-349] org.apache.catalina.startup.HostConfig.deployWAR Deployment of web application archive [C:\Users\TRJAVA-11\Documents\apache-tomcat-10.1.18\webapps\Gen1-Rutas.war] has finished in [615] ms
12-Jan-2024 14:26:30.264 INFO [http-nio-8080-exec-359] org.apache.catalina.startup.HostConfig.undeploy Repliegue (undeploy) de la aplicación web que tiene como trayectoria de contexto [/Gen1-Rutas]
12-Jan-2024 14:26:30.293 INFO [http-nio-8080-exec-359] org.apache.catalina.startup.HostConfig.deployWAR Despliegue del archivo [C:\Users\TRJAVA-11\Documents\apache-tomcat-10.1.18\webapps\Gen1-Rutas.war] de la aplicación web
12-Jan-2024 14:26:30.806 INFO [http-nio-8080-exec-359] org.apache.jasper.servlet.TldScanner.scanJars Al menos un JAR, que se ha explorado buscando TLDs, aún no contenía TLDs. Activar historial de depuración para este historiador para una completa lista de los JARs que fueron explorados y de los que nos se halló TLDs. Saltarse JARs no necesarios durante la exploración puede dar lugar a una mejora de tiempo significativa en el arranque y compilación de JSP .
12-Jan-2024 14:26:30.808 INFO [http-nio-8080-exec-359] org.apache.catalina.startup.HostConfig.deployWAR Deployment of web application archive [C:\Users\TRJAVA-11\Documents\apache-tomcat-10.1.18\webapps\Gen1-Rutas.war] has finished in [515] ms
12-Jan-2024 14:30:04.067 INFO [http-nio-8080-exec-364] org.apache.catalina.startup.HostConfig.undeploy Repliegue (undeploy) de la aplicación web que tiene como trayectoria de contexto [/Gen1-Rutas]
12-Jan-2024 14:30:04.101 INFO [http-nio-8080-exec-364] org.apache.catalina.startup.HostConfig.deployWAR Despliegue del archivo [C:\Users\TRJAVA-11\Documents\apache-tomcat-10.1.18\webapps\Gen1-Rutas.war] de la aplicación web
12-Jan-2024 14:30:04.662 INFO [http-nio-8080-exec-364] org.apache.jasper.servlet.TldScanner.scanJars Al menos un JAR, que se ha explorado buscando TLDs, aún no contenía TLDs. Activar historial de depuración para este historiador para una completa lista de los JARs que fueron explorados y de los que nos se halló TLDs. Saltarse JARs no necesarios durante la exploración puede dar lugar a una mejora de tiempo significativa en el arranque y compilación de JSP .
12-Jan-2024 14:30:04.665 INFO [http-nio-8080-exec-364] org.apache.catalina.startup.HostConfig.deployWAR Deployment of web application archive [C:\Users\TRJAVA-11\Documents\apache-tomcat-10.1.18\webapps\Gen1-Rutas.war] has finished in [564] ms
12-Jan-2024 14:30:50.733 INFO [http-nio-8080-exec-363] org.apache.catalina.startup.HostConfig.undeploy Repliegue (undeploy) de la aplicación web que tiene como trayectoria de contexto [/Gen1-Rutas]
12-Jan-2024 14:30:50.735 WARNING [http-nio-8080-exec-363] org.apache.catalina.loader.WebappClassLoaderBase.clearReferencesThreads The web application [Gen1-Rutas] appears to have started a thread named [OJDBC-WORKER-THREAD-47] but has failed to stop it. This is very likely to create a memory leak. Stack trace of thread:
 java.base@18.0.2/jdk.internal.misc.Unsafe.park(Native Method)
 java.base@18.0.2/java.util.concurrent.locks.LockSupport.parkNanos(LockSupport.java:252)
 java.base@18.0.2/java.util.concurrent.SynchronousQueue$TransferStack.transfer(SynchronousQueue.java:401)
 java.base@18.0.2/java.util.concurrent.SynchronousQueue.poll(SynchronousQueue.java:903)
 java.base@18.0.2/java.util.concurrent.ThreadPoolExecutor.getTask(ThreadPoolExecutor.java:1061)
 java.base@18.0.2/java.util.concurrent.ThreadPoolExecutor.runWorker(ThreadPoolExecutor.java:1122)
 java.base@18.0.2/java.util.concurrent.ThreadPoolExecutor$Worker.run(ThreadPoolExecutor.java:635)
 java.base@18.0.2/java.lang.Thread.run(Thread.java:833)
12-Jan-2024 14:30:50.765 INFO [http-nio-8080-exec-363] org.apache.catalina.startup.HostConfig.deployWAR Despliegue del archivo [C:\Users\TRJAVA-11\Documents\apache-tomcat-10.1.18\webapps\Gen1-Rutas.war] de la aplicación web
12-Jan-2024 14:30:51.329 INFO [http-nio-8080-exec-363] org.apache.jasper.servlet.TldScanner.scanJars Al menos un JAR, que se ha explorado buscando TLDs, aún no contenía TLDs. Activar historial de depuración para este historiador para una completa lista de los JARs que fueron explorados y de los que nos se halló TLDs. Saltarse JARs no necesarios durante la exploración puede dar lugar a una mejora de tiempo significativa en el arranque y compilación de JSP .
12-Jan-2024 14:30:51.331 INFO [http-nio-8080-exec-363] org.apache.catalina.startup.HostConfig.deployWAR Deployment of web application archive [C:\Users\TRJAVA-11\Documents\apache-tomcat-10.1.18\webapps\Gen1-Rutas.war] has finished in [566] ms
12-Jan-2024 14:31:51.847 INFO [http-nio-8080-exec-377] org.apache.catalina.startup.HostConfig.undeploy Repliegue (undeploy) de la aplicación web que tiene como trayectoria de contexto [/Gen1-Rutas]
12-Jan-2024 14:31:51.882 INFO [http-nio-8080-exec-377] org.apache.catalina.startup.HostConfig.deployWAR Despliegue del archivo [C:\Users\TRJAVA-11\Documents\apache-tomcat-10.1.18\webapps\Gen1-Rutas.war] de la aplicación web
12-Jan-2024 14:31:52.484 INFO [http-nio-8080-exec-377] org.apache.jasper.servlet.TldScanner.scanJars Al menos un JAR, que se ha explorado buscando TLDs, aún no contenía TLDs. Activar historial de depuración para este historiador para una completa lista de los JARs que fueron explorados y de los que nos se halló TLDs. Saltarse JARs no necesarios durante la exploración puede dar lugar a una mejora de tiempo significativa en el arranque y compilación de JSP .
12-Jan-2024 14:31:52.487 INFO [http-nio-8080-exec-377] org.apache.catalina.startup.HostConfig.deployWAR Deployment of web application archive [C:\Users\TRJAVA-11\Documents\apache-tomcat-10.1.18\webapps\Gen1-Rutas.war] has finished in [604] ms
12-Jan-2024 14:33:40.809 INFO [http-nio-8080-exec-354] org.apache.catalina.startup.HostConfig.undeploy Repliegue (undeploy) de la aplicación web que tiene como trayectoria de contexto [/Gen1-Rutas]
12-Jan-2024 14:33:40.812 WARNING [http-nio-8080-exec-354] org.apache.catalina.loader.WebappClassLoaderBase.clearReferencesThreads The web application [Gen1-Rutas] appears to have started a thread named [OJDBC-WORKER-THREAD-48] but has failed to stop it. This is very likely to create a memory leak. Stack trace of thread:
 java.base@18.0.2/jdk.internal.misc.Unsafe.park(Native Method)
 java.base@18.0.2/java.util.concurrent.locks.LockSupport.parkNanos(LockSupport.java:252)
 java.base@18.0.2/java.util.concurrent.SynchronousQueue$TransferStack.transfer(SynchronousQueue.java:401)
 java.base@18.0.2/java.util.concurrent.SynchronousQueue.poll(SynchronousQueue.java:903)
 java.base@18.0.2/java.util.concurrent.ThreadPoolExecutor.getTask(ThreadPoolExecutor.java:1061)
 java.base@18.0.2/java.util.concurrent.ThreadPoolExecutor.runWorker(ThreadPoolExecutor.java:1122)
 java.base@18.0.2/java.util.concurrent.ThreadPoolExecutor$Worker.run(ThreadPoolExecutor.java:635)
 java.base@18.0.2/java.lang.Thread.run(Thread.java:833)
12-Jan-2024 14:33:40.842 INFO [http-nio-8080-exec-354] org.apache.catalina.startup.HostConfig.deployWAR Despliegue del archivo [C:\Users\TRJAVA-11\Documents\apache-tomcat-10.1.18\webapps\Gen1-Rutas.war] de la aplicación web
12-Jan-2024 14:33:41.430 INFO [http-nio-8080-exec-354] org.apache.jasper.servlet.TldScanner.scanJars Al menos un JAR, que se ha explorado buscando TLDs, aún no contenía TLDs. Activar historial de depuración para este historiador para una completa lista de los JARs que fueron explorados y de los que nos se halló TLDs. Saltarse JARs no necesarios durante la exploración puede dar lugar a una mejora de tiempo significativa en el arranque y compilación de JSP .
12-Jan-2024 14:33:41.433 INFO [http-nio-8080-exec-354] org.apache.catalina.startup.HostConfig.deployWAR Deployment of web application archive [C:\Users\TRJAVA-11\Documents\apache-tomcat-10.1.18\webapps\Gen1-Rutas.war] has finished in [591] ms
12-Jan-2024 14:53:05.688 INFO [http-nio-8080-exec-389] org.apache.catalina.startup.HostConfig.undeploy Repliegue (undeploy) de la aplicación web que tiene como trayectoria de contexto [/Gen1-Rutas]
12-Jan-2024 14:53:05.724 INFO [http-nio-8080-exec-389] org.apache.catalina.startup.HostConfig.deployWAR Despliegue del archivo [C:\Users\TRJAVA-11\Documents\apache-tomcat-10.1.18\webapps\Gen1-Rutas.war] de la aplicación web
12-Jan-2024 14:53:06.251 INFO [http-nio-8080-exec-389] org.apache.jasper.servlet.TldScanner.scanJars Al menos un JAR, que se ha explorado buscando TLDs, aún no contenía TLDs. Activar historial de depuración para este historiador para una completa lista de los JARs que fueron explorados y de los que nos se halló TLDs. Saltarse JARs no necesarios durante la exploración puede dar lugar a una mejora de tiempo significativa en el arranque y compilación de JSP .
12-Jan-2024 14:53:06.254 INFO [http-nio-8080-exec-389] org.apache.catalina.startup.HostConfig.deployWAR Deployment of web application archive [C:\Users\TRJAVA-11\Documents\apache-tomcat-10.1.18\webapps\Gen1-Rutas.war] has finished in [529] ms
12-Jan-2024 14:54:32.376 INFO [http-nio-8080-exec-397] org.apache.catalina.startup.HostConfig.undeploy Repliegue (undeploy) de la aplicación web que tiene como trayectoria de contexto [/Gen1-Rutas]
12-Jan-2024 14:54:32.378 WARNING [http-nio-8080-exec-397] org.apache.catalina.loader.WebappClassLoaderBase.clearReferencesThreads The web application [Gen1-Rutas] appears to have started a thread named [OJDBC-WORKER-THREAD-50] but has failed to stop it. This is very likely to create a memory leak. Stack trace of thread:
 java.base@18.0.2/jdk.internal.misc.Unsafe.park(Native Method)
 java.base@18.0.2/java.util.concurrent.locks.LockSupport.parkNanos(LockSupport.java:252)
 java.base@18.0.2/java.util.concurrent.SynchronousQueue$TransferStack.transfer(SynchronousQueue.java:401)
 java.base@18.0.2/java.util.concurrent.SynchronousQueue.poll(SynchronousQueue.java:903)
 java.base@18.0.2/java.util.concurrent.ThreadPoolExecutor.getTask(ThreadPoolExecutor.java:1061)
 java.base@18.0.2/java.util.concurrent.ThreadPoolExecutor.runWorker(ThreadPoolExecutor.java:1122)
 java.base@18.0.2/java.util.concurrent.ThreadPoolExecutor$Worker.run(ThreadPoolExecutor.java:635)
 java.base@18.0.2/java.lang.Thread.run(Thread.java:833)
12-Jan-2024 14:54:32.409 INFO [http-nio-8080-exec-397] org.apache.catalina.startup.HostConfig.deployWAR Despliegue del archivo [C:\Users\TRJAVA-11\Documents\apache-tomcat-10.1.18\webapps\Gen1-Rutas.war] de la aplicación web
12-Jan-2024 14:54:33.029 INFO [http-nio-8080-exec-397] org.apache.jasper.servlet.TldScanner.scanJars Al menos un JAR, que se ha explorado buscando TLDs, aún no contenía TLDs. Activar historial de depuración para este historiador para una completa lista de los JARs que fueron explorados y de los que nos se halló TLDs. Saltarse JARs no necesarios durante la exploración puede dar lugar a una mejora de tiempo significativa en el arranque y compilación de JSP .
12-Jan-2024 14:54:33.032 INFO [http-nio-8080-exec-397] org.apache.catalina.startup.HostConfig.deployWAR Deployment of web application archive [C:\Users\TRJAVA-11\Documents\apache-tomcat-10.1.18\webapps\Gen1-Rutas.war] has finished in [623] ms
