10-Jan-2024 10:10:30.495 INFO [main] org.apache.catalina.startup.VersionLoggerListener.log Nombre de la versión del servidor: Apache Tomcat/10.1.18
10-Jan-2024 10:10:30.498 INFO [main] org.apache.catalina.startup.VersionLoggerListener.log Server built:                      Jan 5 2024 14:39:40 UTC
10-Jan-2024 10:10:30.499 INFO [main] org.apache.catalina.startup.VersionLoggerListener.log Número de versión de servidor:     10.1.18.0
10-Jan-2024 10:10:30.499 INFO [main] org.apache.catalina.startup.VersionLoggerListener.log OS Name:                           Windows 10
10-Jan-2024 10:10:30.499 INFO [main] org.apache.catalina.startup.VersionLoggerListener.log Versión de Systema Operativo:      10.0
10-Jan-2024 10:10:30.500 INFO [main] org.apache.catalina.startup.VersionLoggerListener.log Arquitectura:                      amd64
10-Jan-2024 10:10:30.500 INFO [main] org.apache.catalina.startup.VersionLoggerListener.log Java Home:                         C:\Users\TRJAVA-11\Downloads\openjdk-18.0.2_windows-x64_bin\jdk-18.0.2
10-Jan-2024 10:10:30.500 INFO [main] org.apache.catalina.startup.VersionLoggerListener.log JVM Version:                       18.0.2+9-61
10-Jan-2024 10:10:30.500 INFO [main] org.apache.catalina.startup.VersionLoggerListener.log Vededor JVM:                       Oracle Corporation
10-Jan-2024 10:10:30.500 INFO [main] org.apache.catalina.startup.VersionLoggerListener.log CATALINA_BASE:                     C:\Users\TRJAVA-11\Documents\apache-tomcat-10.1.18
10-Jan-2024 10:10:30.501 INFO [main] org.apache.catalina.startup.VersionLoggerListener.log CATALINA_HOME:                     C:\Users\TRJAVA-11\Documents\apache-tomcat-10.1.18
10-Jan-2024 10:10:30.510 INFO [main] org.apache.catalina.startup.VersionLoggerListener.log Command line argument:             -Djava.util.logging.config.file=C:\Users\TRJAVA-11\Documents\apache-tomcat-10.1.18\conf\logging.properties
10-Jan-2024 10:10:30.510 INFO [main] org.apache.catalina.startup.VersionLoggerListener.log Command line argument:             -Djava.util.logging.manager=org.apache.juli.ClassLoaderLogManager
10-Jan-2024 10:10:30.511 INFO [main] org.apache.catalina.startup.VersionLoggerListener.log Command line argument:             -Djdk.tls.ephemeralDHKeySize=2048
10-Jan-2024 10:10:30.511 INFO [main] org.apache.catalina.startup.VersionLoggerListener.log Command line argument:             -Djava.protocol.handler.pkgs=org.apache.catalina.webresources
10-Jan-2024 10:10:30.511 INFO [main] org.apache.catalina.startup.VersionLoggerListener.log Command line argument:             --add-opens=java.base/java.lang=ALL-UNNAMED
10-Jan-2024 10:10:30.512 INFO [main] org.apache.catalina.startup.VersionLoggerListener.log Command line argument:             --add-opens=java.base/java.io=ALL-UNNAMED
10-Jan-2024 10:10:30.512 INFO [main] org.apache.catalina.startup.VersionLoggerListener.log Command line argument:             --add-opens=java.base/java.util=ALL-UNNAMED
10-Jan-2024 10:10:30.512 INFO [main] org.apache.catalina.startup.VersionLoggerListener.log Command line argument:             --add-opens=java.base/java.util.concurrent=ALL-UNNAMED
10-Jan-2024 10:10:30.513 INFO [main] org.apache.catalina.startup.VersionLoggerListener.log Command line argument:             --add-opens=java.rmi/sun.rmi.transport=ALL-UNNAMED
10-Jan-2024 10:10:30.513 INFO [main] org.apache.catalina.startup.VersionLoggerListener.log Command line argument:             -Dcatalina.base=C:\Users\TRJAVA-11\Documents\apache-tomcat-10.1.18
10-Jan-2024 10:10:30.513 INFO [main] org.apache.catalina.startup.VersionLoggerListener.log Command line argument:             -Dcatalina.home=C:\Users\TRJAVA-11\Documents\apache-tomcat-10.1.18
10-Jan-2024 10:10:30.514 INFO [main] org.apache.catalina.startup.VersionLoggerListener.log Command line argument:             -Djava.io.tmpdir=C:\Users\TRJAVA-11\Documents\apache-tomcat-10.1.18\temp
10-Jan-2024 10:10:30.520 INFO [main] org.apache.catalina.core.AprLifecycleListener.lifecycleEvent La biblioteca nativa de Apache Tomcat basada en ARP que permite un rendimiento óptimo en entornos de desarrollo no ha sido hallada en java.library.path: [C:\Users\TRJAVA-11\Downloads\openjdk-18.0.2_windows-x64_bin\jdk-18.0.2\bin;C:\Windows\Sun\Java\bin;C:\Windows\system32;C:\Windows;C:\app\TRJAVA-11\product\21c\dbhomeXE\bin;C:\Windows\system32;C:\Windows;C:\Windows\System32\Wbem;C:\Windows\System32\WindowsPowerShell\v1.0\;C:\Windows\System32\OpenSSH\;C:\Users\TRJAVA-11\Downloads\openjdk-18.0.2_windows-x64_bin\jdk-18.0.2\bin;C:\Users\TRJAVA-11\AppData\Local\Microsoft\WindowsApps;;C:\Users\TRJAVA-11\AppData\Local\Programs\Microsoft VS Code\bin;.]
10-Jan-2024 10:10:30.781 INFO [main] org.apache.coyote.AbstractProtocol.init Inicializando el manejador de protocolo ["http-nio-8080"]

10-Jan-2024 10:10:30.807 INFO [main] org.apache.catalina.startup.Catalina.load Server initialization in [542] milliseconds
10-Jan-2024 10:10:30.874 INFO [main] org.apache.catalina.core.StandardService.startInternal Arrancando servicio [Catalina]
10-Jan-2024 10:10:30.874 INFO [main] org.apache.catalina.core.StandardEngine.startInternal Starting Servlet engine: [Apache Tomcat/10.1.18]
10-Jan-2024 10:10:30.888 INFO [main] org.apache.catalina.startup.HostConfig.deployDirectory Desplegando el directorio [C:\Users\TRJAVA-11\Documents\apache-tomcat-10.1.18\webapps\docs] de la aplicación web
10-Jan-2024 10:10:31.280 INFO [main] org.apache.catalina.startup.HostConfig.deployDirectory Deployment of web application directory [C:\Users\TRJAVA-11\Documents\apache-tomcat-10.1.18\webapps\docs] has finished in [391] ms
10-Jan-2024 10:10:31.281 INFO [main] org.apache.catalina.startup.HostConfig.deployDirectory Desplegando el directorio [C:\Users\TRJAVA-11\Documents\apache-tomcat-10.1.18\webapps\examples] de la aplicación web
10-Jan-2024 10:10:31.685 INFO [main] org.apache.catalina.startup.HostConfig.deployDirectory Deployment of web application directory [C:\Users\TRJAVA-11\Documents\apache-tomcat-10.1.18\webapps\examples] has finished in [404] ms
10-Jan-2024 10:10:31.686 INFO [main] org.apache.catalina.startup.HostConfig.deployDirectory Desplegando el directorio [C:\Users\TRJAVA-11\Documents\apache-tomcat-10.1.18\webapps\host-manager] de la aplicación web
10-Jan-2024 10:10:31.725 INFO [main] org.apache.catalina.startup.HostConfig.deployDirectory Deployment of web application directory [C:\Users\TRJAVA-11\Documents\apache-tomcat-10.1.18\webapps\host-manager] has finished in [40] ms
10-Jan-2024 10:10:31.726 INFO [main] org.apache.catalina.startup.HostConfig.deployDirectory Desplegando el directorio [C:\Users\TRJAVA-11\Documents\apache-tomcat-10.1.18\webapps\manager] de la aplicación web
10-Jan-2024 10:10:31.765 INFO [main] org.apache.catalina.startup.HostConfig.deployDirectory Deployment of web application directory [C:\Users\TRJAVA-11\Documents\apache-tomcat-10.1.18\webapps\manager] has finished in [38] ms
10-Jan-2024 10:10:31.765 INFO [main] org.apache.catalina.startup.HostConfig.deployDirectory Desplegando el directorio [C:\Users\TRJAVA-11\Documents\apache-tomcat-10.1.18\webapps\ROOT] de la aplicación web
10-Jan-2024 10:10:31.791 INFO [main] org.apache.catalina.startup.HostConfig.deployDirectory Deployment of web application directory [C:\Users\TRJAVA-11\Documents\apache-tomcat-10.1.18\webapps\ROOT] has finished in [25] ms
10-Jan-2024 10:10:31.794 INFO [main] org.apache.coyote.AbstractProtocol.start Starting ProtocolHandler ["http-nio-8080"]
10-Jan-2024 10:10:31.830 INFO [main] org.apache.catalina.startup.Catalina.start Server startup in [1021] milliseconds
10-Jan-2024 13:17:06.786 INFO [main] org.apache.catalina.startup.VersionLoggerListener.log Nombre de la versión del servidor: Apache Tomcat/10.1.18
10-Jan-2024 13:17:06.790 INFO [main] org.apache.catalina.startup.VersionLoggerListener.log Server built:                      Jan 5 2024 14:39:40 UTC
10-Jan-2024 13:17:06.790 INFO [main] org.apache.catalina.startup.VersionLoggerListener.log Número de versión de servidor:     10.1.18.0
10-Jan-2024 13:17:06.791 INFO [main] org.apache.catalina.startup.VersionLoggerListener.log OS Name:                           Windows 10
10-Jan-2024 13:17:06.791 INFO [main] org.apache.catalina.startup.VersionLoggerListener.log Versión de Systema Operativo:      10.0
10-Jan-2024 13:17:06.791 INFO [main] org.apache.catalina.startup.VersionLoggerListener.log Arquitectura:                      amd64
10-Jan-2024 13:17:06.791 INFO [main] org.apache.catalina.startup.VersionLoggerListener.log Java Home:                         C:\Users\TRJAVA-11\Downloads\openjdk-18.0.2_windows-x64_bin\jdk-18.0.2
10-Jan-2024 13:17:06.791 INFO [main] org.apache.catalina.startup.VersionLoggerListener.log JVM Version:                       18.0.2+9-61
10-Jan-2024 13:17:06.791 INFO [main] org.apache.catalina.startup.VersionLoggerListener.log Vededor JVM:                       Oracle Corporation
10-Jan-2024 13:17:06.792 INFO [main] org.apache.catalina.startup.VersionLoggerListener.log CATALINA_BASE:                     C:\Users\TRJAVA-11\Documents\apache-tomcat-10.1.18
10-Jan-2024 13:17:06.792 INFO [main] org.apache.catalina.startup.VersionLoggerListener.log CATALINA_HOME:                     C:\Users\TRJAVA-11\Documents\apache-tomcat-10.1.18
10-Jan-2024 13:17:06.801 INFO [main] org.apache.catalina.startup.VersionLoggerListener.log Command line argument:             -Djava.util.logging.config.file=C:\Users\TRJAVA-11\Documents\apache-tomcat-10.1.18\conf\logging.properties
10-Jan-2024 13:17:06.801 INFO [main] org.apache.catalina.startup.VersionLoggerListener.log Command line argument:             -Djava.util.logging.manager=org.apache.juli.ClassLoaderLogManager
10-Jan-2024 13:17:06.801 INFO [main] org.apache.catalina.startup.VersionLoggerListener.log Command line argument:             -Djdk.tls.ephemeralDHKeySize=2048
10-Jan-2024 13:17:06.802 INFO [main] org.apache.catalina.startup.VersionLoggerListener.log Command line argument:             -Djava.protocol.handler.pkgs=org.apache.catalina.webresources
10-Jan-2024 13:17:06.802 INFO [main] org.apache.catalina.startup.VersionLoggerListener.log Command line argument:             --add-opens=java.base/java.lang=ALL-UNNAMED
10-Jan-2024 13:17:06.802 INFO [main] org.apache.catalina.startup.VersionLoggerListener.log Command line argument:             --add-opens=java.base/java.io=ALL-UNNAMED
10-Jan-2024 13:17:06.803 INFO [main] org.apache.catalina.startup.VersionLoggerListener.log Command line argument:             --add-opens=java.base/java.util=ALL-UNNAMED
10-Jan-2024 13:17:06.805 INFO [main] org.apache.catalina.startup.VersionLoggerListener.log Command line argument:             --add-opens=java.base/java.util.concurrent=ALL-UNNAMED
10-Jan-2024 13:17:06.806 INFO [main] org.apache.catalina.startup.VersionLoggerListener.log Command line argument:             --add-opens=java.rmi/sun.rmi.transport=ALL-UNNAMED
10-Jan-2024 13:17:06.806 INFO [main] org.apache.catalina.startup.VersionLoggerListener.log Command line argument:             -Dcatalina.base=C:\Users\TRJAVA-11\Documents\apache-tomcat-10.1.18
10-Jan-2024 13:17:06.806 INFO [main] org.apache.catalina.startup.VersionLoggerListener.log Command line argument:             -Dcatalina.home=C:\Users\TRJAVA-11\Documents\apache-tomcat-10.1.18
10-Jan-2024 13:17:06.807 INFO [main] org.apache.catalina.startup.VersionLoggerListener.log Command line argument:             -Djava.io.tmpdir=C:\Users\TRJAVA-11\Documents\apache-tomcat-10.1.18\temp
10-Jan-2024 13:17:06.812 INFO [main] org.apache.catalina.core.AprLifecycleListener.lifecycleEvent La biblioteca nativa de Apache Tomcat basada en ARP que permite un rendimiento óptimo en entornos de desarrollo no ha sido hallada en java.library.path: [C:\Users\TRJAVA-11\Downloads\openjdk-18.0.2_windows-x64_bin\jdk-18.0.2\bin;C:\Windows\Sun\Java\bin;C:\Windows\system32;C:\Windows;C:\app\TRJAVA-11\product\21c\dbhomeXE\bin;C:\Windows\system32;C:\Windows;C:\Windows\System32\Wbem;C:\Windows\System32\WindowsPowerShell\v1.0\;C:\Windows\System32\OpenSSH\;C:\Users\TRJAVA-11\Downloads\openjdk-18.0.2_windows-x64_bin\jdk-18.0.2\bin;C:\Users\TRJAVA-11\AppData\Local\Microsoft\WindowsApps;;C:\Users\TRJAVA-11\AppData\Local\Programs\Microsoft VS Code\bin;.]
10-Jan-2024 13:17:07.101 INFO [main] org.apache.coyote.AbstractProtocol.init Inicializando el manejador de protocolo ["http-nio-8080"]

10-Jan-2024 13:17:07.124 INFO [main] org.apache.catalina.startup.Catalina.load Server initialization in [536] milliseconds
10-Jan-2024 13:17:07.176 INFO [main] org.apache.catalina.core.StandardService.startInternal Arrancando servicio [Catalina]
10-Jan-2024 13:17:07.176 INFO [main] org.apache.catalina.core.StandardEngine.startInternal Starting Servlet engine: [Apache Tomcat/10.1.18]
10-Jan-2024 13:17:07.187 INFO [main] org.apache.catalina.startup.HostConfig.deployDirectory Desplegando el directorio [C:\Users\TRJAVA-11\Documents\apache-tomcat-10.1.18\webapps\docs] de la aplicación web
10-Jan-2024 13:17:07.988 INFO [main] org.apache.jasper.servlet.TldScanner.scanJars Al menos un JAR, que se ha explorado buscando TLDs, aún no contenía TLDs. Activar historial de depuración para este historiador para una completa lista de los JARs que fueron explorados y de los que nos se halló TLDs. Saltarse JARs no necesarios durante la exploración puede dar lugar a una mejora de tiempo significativa en el arranque y compilación de JSP .
10-Jan-2024 13:17:08.058 INFO [main] org.apache.catalina.startup.HostConfig.deployDirectory Deployment of web application directory [C:\Users\TRJAVA-11\Documents\apache-tomcat-10.1.18\webapps\docs] has finished in [870] ms
10-Jan-2024 13:17:08.059 INFO [main] org.apache.catalina.startup.HostConfig.deployDirectory Desplegando el directorio [C:\Users\TRJAVA-11\Documents\apache-tomcat-10.1.18\webapps\examples] de la aplicación web
10-Jan-2024 13:17:08.774 INFO [main] org.apache.jasper.servlet.TldScanner.scanJars Al menos un JAR, que se ha explorado buscando TLDs, aún no contenía TLDs. Activar historial de depuración para este historiador para una completa lista de los JARs que fueron explorados y de los que nos se halló TLDs. Saltarse JARs no necesarios durante la exploración puede dar lugar a una mejora de tiempo significativa en el arranque y compilación de JSP .
10-Jan-2024 13:17:08.833 INFO [main] org.apache.catalina.startup.HostConfig.deployDirectory Deployment of web application directory [C:\Users\TRJAVA-11\Documents\apache-tomcat-10.1.18\webapps\examples] has finished in [773] ms
10-Jan-2024 13:17:08.833 INFO [main] org.apache.catalina.startup.HostConfig.deployDirectory Desplegando el directorio [C:\Users\TRJAVA-11\Documents\apache-tomcat-10.1.18\webapps\host-manager] de la aplicación web
10-Jan-2024 13:17:09.259 INFO [main] org.apache.jasper.servlet.TldScanner.scanJars Al menos un JAR, que se ha explorado buscando TLDs, aún no contenía TLDs. Activar historial de depuración para este historiador para una completa lista de los JARs que fueron explorados y de los que nos se halló TLDs. Saltarse JARs no necesarios durante la exploración puede dar lugar a una mejora de tiempo significativa en el arranque y compilación de JSP .
10-Jan-2024 13:17:09.266 INFO [main] org.apache.catalina.startup.HostConfig.deployDirectory Deployment of web application directory [C:\Users\TRJAVA-11\Documents\apache-tomcat-10.1.18\webapps\host-manager] has finished in [433] ms
10-Jan-2024 13:17:09.266 INFO [main] org.apache.catalina.startup.HostConfig.deployDirectory Desplegando el directorio [C:\Users\TRJAVA-11\Documents\apache-tomcat-10.1.18\webapps\manager] de la aplicación web
10-Jan-2024 13:17:09.676 INFO [main] org.apache.jasper.servlet.TldScanner.scanJars Al menos un JAR, que se ha explorado buscando TLDs, aún no contenía TLDs. Activar historial de depuración para este historiador para una completa lista de los JARs que fueron explorados y de los que nos se halló TLDs. Saltarse JARs no necesarios durante la exploración puede dar lugar a una mejora de tiempo significativa en el arranque y compilación de JSP .
10-Jan-2024 13:17:09.679 INFO [main] org.apache.catalina.startup.HostConfig.deployDirectory Deployment of web application directory [C:\Users\TRJAVA-11\Documents\apache-tomcat-10.1.18\webapps\manager] has finished in [413] ms
10-Jan-2024 13:17:09.679 INFO [main] org.apache.catalina.startup.HostConfig.deployDirectory Desplegando el directorio [C:\Users\TRJAVA-11\Documents\apache-tomcat-10.1.18\webapps\ROOT] de la aplicación web
10-Jan-2024 13:17:10.059 INFO [main] org.apache.jasper.servlet.TldScanner.scanJars Al menos un JAR, que se ha explorado buscando TLDs, aún no contenía TLDs. Activar historial de depuración para este historiador para una completa lista de los JARs que fueron explorados y de los que nos se halló TLDs. Saltarse JARs no necesarios durante la exploración puede dar lugar a una mejora de tiempo significativa en el arranque y compilación de JSP .
10-Jan-2024 13:17:10.062 INFO [main] org.apache.catalina.startup.HostConfig.deployDirectory Deployment of web application directory [C:\Users\TRJAVA-11\Documents\apache-tomcat-10.1.18\webapps\ROOT] has finished in [383] ms
10-Jan-2024 13:17:10.065 INFO [main] org.apache.coyote.AbstractProtocol.start Starting ProtocolHandler ["http-nio-8080"]
10-Jan-2024 13:17:10.099 INFO [main] org.apache.catalina.startup.Catalina.start Server startup in [2972] milliseconds
10-Jan-2024 13:23:07.006 INFO [http-nio-8080-exec-1] org.apache.catalina.startup.HostConfig.deployWAR Despliegue del archivo [C:\Users\TRJAVA-11\Documents\apache-tomcat-10.1.18\webapps\Gen1-Rutas.war] de la aplicación web
10-Jan-2024 13:23:07.535 INFO [http-nio-8080-exec-1] org.apache.jasper.servlet.TldScanner.scanJars Al menos un JAR, que se ha explorado buscando TLDs, aún no contenía TLDs. Activar historial de depuración para este historiador para una completa lista de los JARs que fueron explorados y de los que nos se halló TLDs. Saltarse JARs no necesarios durante la exploración puede dar lugar a una mejora de tiempo significativa en el arranque y compilación de JSP .
10-Jan-2024 13:23:07.542 INFO [http-nio-8080-exec-1] org.apache.catalina.startup.HostConfig.deployWAR Deployment of web application archive [C:\Users\TRJAVA-11\Documents\apache-tomcat-10.1.18\webapps\Gen1-Rutas.war] has finished in [536] ms
10-Jan-2024 13:25:35.559 INFO [http-nio-8080-exec-3] org.apache.catalina.startup.HostConfig.undeploy Repliegue (undeploy) de la aplicación web que tiene como trayectoria de contexto [/Gen1-Rutas]
10-Jan-2024 13:25:35.592 INFO [http-nio-8080-exec-3] org.apache.catalina.startup.HostConfig.deployWAR Despliegue del archivo [C:\Users\TRJAVA-11\Documents\apache-tomcat-10.1.18\webapps\Gen1-Rutas.war] de la aplicación web
10-Jan-2024 13:25:36.110 INFO [http-nio-8080-exec-3] org.apache.jasper.servlet.TldScanner.scanJars Al menos un JAR, que se ha explorado buscando TLDs, aún no contenía TLDs. Activar historial de depuración para este historiador para una completa lista de los JARs que fueron explorados y de los que nos se halló TLDs. Saltarse JARs no necesarios durante la exploración puede dar lugar a una mejora de tiempo significativa en el arranque y compilación de JSP .
10-Jan-2024 13:25:36.113 INFO [http-nio-8080-exec-3] org.apache.catalina.startup.HostConfig.deployWAR Deployment of web application archive [C:\Users\TRJAVA-11\Documents\apache-tomcat-10.1.18\webapps\Gen1-Rutas.war] has finished in [521] ms
