11-Jan-2024 10:13:35.449 INFO [http-nio-8080-exec-1] org.apache.catalina.core.ApplicationContext.log Manager: init: Associated with Deployer 'Catalina:type=Deployer,host=localhost'
11-Jan-2024 10:13:35.449 INFO [http-nio-8080-exec-1] org.apache.catalina.core.ApplicationContext.log Manager: init: Global resources are available
11-Jan-2024 10:13:35.454 INFO [http-nio-8080-exec-1] org.apache.catalina.core.ApplicationContext.log Manager: deploy: Deploying web application '/Gen1-Rutas'
11-Jan-2024 10:13:35.454 INFO [http-nio-8080-exec-1] org.apache.catalina.core.ApplicationContext.log Manager: Uploading WAR file to C:\Users\TRJAVA-11\Documents\apache-tomcat-10.1.18\webapps\Gen1-Rutas.war.tmp
11-Jan-2024 12:06:14.895 INFO [http-nio-8080-exec-16] org.apache.catalina.core.ApplicationContext.log Manager: deploy: Deploying web application '/Gen1-Rutas'
11-Jan-2024 12:06:14.895 INFO [http-nio-8080-exec-16] org.apache.catalina.core.ApplicationContext.log Manager: Uploading WAR file to C:\Users\TRJAVA-11\Documents\apache-tomcat-10.1.18\webapps\Gen1-Rutas.war.tmp
11-Jan-2024 12:11:54.550 INFO [http-nio-8080-exec-23] org.apache.catalina.core.ApplicationContext.log Manager: deploy: Deploying web application '/Gen1-Rutas'
11-Jan-2024 12:11:54.550 INFO [http-nio-8080-exec-23] org.apache.catalina.core.ApplicationContext.log Manager: Uploading WAR file to C:\Users\TRJAVA-11\Documents\apache-tomcat-10.1.18\webapps\Gen1-Rutas.war.tmp
11-Jan-2024 12:12:47.758 INFO [http-nio-8080-exec-29] org.apache.catalina.core.ApplicationContext.log Manager: deploy: Deploying web application '/Gen1-Rutas'
11-Jan-2024 12:12:47.759 INFO [http-nio-8080-exec-29] org.apache.catalina.core.ApplicationContext.log Manager: Uploading WAR file to C:\Users\TRJAVA-11\Documents\apache-tomcat-10.1.18\webapps\Gen1-Rutas.war.tmp
11-Jan-2024 12:13:42.153 INFO [http-nio-8080-exec-13] org.apache.catalina.core.ApplicationContext.log Manager: deploy: Deploying web application '/Gen1-Rutas'
11-Jan-2024 12:13:42.153 INFO [http-nio-8080-exec-13] org.apache.catalina.core.ApplicationContext.log Manager: Uploading WAR file to C:\Users\TRJAVA-11\Documents\apache-tomcat-10.1.18\webapps\Gen1-Rutas.war.tmp
11-Jan-2024 12:16:29.748 INFO [http-nio-8080-exec-39] org.apache.catalina.core.ApplicationContext.log Manager: deploy: Deploying web application '/Gen1-Rutas'
11-Jan-2024 12:16:29.748 INFO [http-nio-8080-exec-39] org.apache.catalina.core.ApplicationContext.log Manager: Uploading WAR file to C:\Users\TRJAVA-11\Documents\apache-tomcat-10.1.18\webapps\Gen1-Rutas.war.tmp
11-Jan-2024 12:34:37.643 INFO [http-nio-8080-exec-46] org.apache.catalina.core.ApplicationContext.log Manager: deploy: Deploying web application '/Gen1-Rutas'
11-Jan-2024 12:34:37.643 INFO [http-nio-8080-exec-46] org.apache.catalina.core.ApplicationContext.log Manager: Uploading WAR file to C:\Users\TRJAVA-11\Documents\apache-tomcat-10.1.18\webapps\Gen1-Rutas.war.tmp
11-Jan-2024 12:35:41.251 INFO [http-nio-8080-exec-55] org.apache.catalina.core.ApplicationContext.log Manager: deploy: Deploying web application '/Gen1-Rutas'
11-Jan-2024 12:35:41.251 INFO [http-nio-8080-exec-55] org.apache.catalina.core.ApplicationContext.log Manager: Uploading WAR file to C:\Users\TRJAVA-11\Documents\apache-tomcat-10.1.18\webapps\Gen1-Rutas.war.tmp
11-Jan-2024 12:36:59.861 INFO [http-nio-8080-exec-60] org.apache.catalina.core.ApplicationContext.log Manager: deploy: Deploying web application '/Gen1-RutasM'
11-Jan-2024 12:36:59.861 INFO [http-nio-8080-exec-60] org.apache.catalina.core.ApplicationContext.log Manager: Uploading WAR file to C:\Users\TRJAVA-11\Documents\apache-tomcat-10.1.18\webapps\Gen1-RutasM.war.tmp
11-Jan-2024 12:38:22.316 INFO [http-nio-8080-exec-62] org.apache.catalina.core.ApplicationContext.log Manager: deploy: Deploying web application '/Gen1-RutasM'
11-Jan-2024 12:38:22.317 INFO [http-nio-8080-exec-62] org.apache.catalina.core.ApplicationContext.log Manager: Uploading WAR file to C:\Users\TRJAVA-11\Documents\apache-tomcat-10.1.18\webapps\Gen1-RutasM.war.tmp
11-Jan-2024 14:56:27.382 INFO [http-nio-8080-exec-75] org.apache.catalina.core.ApplicationContext.log Manager: deploy: Deploying web application '/Gen1-Rutas'
11-Jan-2024 14:56:27.382 INFO [http-nio-8080-exec-75] org.apache.catalina.core.ApplicationContext.log Manager: Uploading WAR file to C:\Users\TRJAVA-11\Documents\apache-tomcat-10.1.18\webapps\Gen1-Rutas.war.tmp
11-Jan-2024 15:00:34.163 INFO [http-nio-8080-exec-79] org.apache.catalina.core.ApplicationContext.log Manager: deploy: Deploying web application '/Gen1-Rutas'
11-Jan-2024 15:00:34.163 INFO [http-nio-8080-exec-79] org.apache.catalina.core.ApplicationContext.log Manager: Uploading WAR file to C:\Users\TRJAVA-11\Documents\apache-tomcat-10.1.18\webapps\Gen1-Rutas.war.tmp
11-Jan-2024 15:03:03.649 INFO [http-nio-8080-exec-87] org.apache.catalina.core.ApplicationContext.log Manager: deploy: Deploying web application '/Gen1-Rutas'
11-Jan-2024 15:03:03.649 INFO [http-nio-8080-exec-87] org.apache.catalina.core.ApplicationContext.log Manager: Uploading WAR file to C:\Users\TRJAVA-11\Documents\apache-tomcat-10.1.18\webapps\Gen1-Rutas.war.tmp
11-Jan-2024 15:04:03.311 INFO [http-nio-8080-exec-88] org.apache.catalina.core.ApplicationContext.log Manager: deploy: Deploying web application '/Gen1-Rutas'
11-Jan-2024 15:04:03.311 INFO [http-nio-8080-exec-88] org.apache.catalina.core.ApplicationContext.log Manager: Uploading WAR file to C:\Users\TRJAVA-11\Documents\apache-tomcat-10.1.18\webapps\Gen1-Rutas.war.tmp
11-Jan-2024 15:06:41.836 INFO [http-nio-8080-exec-96] org.apache.catalina.core.ApplicationContext.log Manager: deploy: Deploying web application '/Gen1-Rutas'
11-Jan-2024 15:06:41.836 INFO [http-nio-8080-exec-96] org.apache.catalina.core.ApplicationContext.log Manager: Uploading WAR file to C:\Users\TRJAVA-11\Documents\apache-tomcat-10.1.18\webapps\Gen1-Rutas.war.tmp
11-Jan-2024 15:09:24.905 INFO [http-nio-8080-exec-102] org.apache.catalina.core.ApplicationContext.log Manager: deploy: Deploying web application '/Gen1-Rutas'
11-Jan-2024 15:09:24.905 INFO [http-nio-8080-exec-102] org.apache.catalina.core.ApplicationContext.log Manager: Uploading WAR file to C:\Users\TRJAVA-11\Documents\apache-tomcat-10.1.18\webapps\Gen1-Rutas.war.tmp
11-Jan-2024 15:10:44.717 INFO [http-nio-8080-exec-108] org.apache.catalina.core.ApplicationContext.log Manager: deploy: Deploying web application '/Gen1-Rutas'
11-Jan-2024 15:10:44.717 INFO [http-nio-8080-exec-108] org.apache.catalina.core.ApplicationContext.log Manager: Uploading WAR file to C:\Users\TRJAVA-11\Documents\apache-tomcat-10.1.18\webapps\Gen1-Rutas.war.tmp
11-Jan-2024 15:24:36.731 INFO [http-nio-8080-exec-114] org.apache.catalina.core.ApplicationContext.log Manager: deploy: Deploying web application '/Gen1-Rutas'
11-Jan-2024 15:24:36.731 INFO [http-nio-8080-exec-114] org.apache.catalina.core.ApplicationContext.log Manager: Uploading WAR file to C:\Users\TRJAVA-11\Documents\apache-tomcat-10.1.18\webapps\Gen1-Rutas.war.tmp
11-Jan-2024 15:28:41.162 INFO [http-nio-8080-exec-126] org.apache.catalina.core.ApplicationContext.log Manager: deploy: Deploying web application '/Gen1-Rutas'
11-Jan-2024 15:28:41.162 INFO [http-nio-8080-exec-126] org.apache.catalina.core.ApplicationContext.log Manager: Uploading WAR file to C:\Users\TRJAVA-11\Documents\apache-tomcat-10.1.18\webapps\Gen1-Rutas.war.tmp
11-Jan-2024 15:29:12.367 INFO [http-nio-8080-exec-124] org.apache.catalina.core.ApplicationContext.log Manager: deploy: Deploying web application '/Gen1-Rutas'
11-Jan-2024 15:29:12.367 INFO [http-nio-8080-exec-124] org.apache.catalina.core.ApplicationContext.log Manager: Uploading WAR file to C:\Users\TRJAVA-11\Documents\apache-tomcat-10.1.18\webapps\Gen1-Rutas.war.tmp
11-Jan-2024 21:32:52.604 INFO [http-nio-8080-exec-134] org.apache.catalina.core.ApplicationContext.log Manager: deploy: Deploying web application '/Gen1-Rutas'
11-Jan-2024 21:32:52.604 INFO [http-nio-8080-exec-134] org.apache.catalina.core.ApplicationContext.log Manager: Uploading WAR file to C:\Users\TRJAVA-11\Documents\apache-tomcat-10.1.18\webapps\Gen1-Rutas.war.tmp
11-Jan-2024 21:33:34.431 INFO [http-nio-8080-exec-141] org.apache.catalina.core.ApplicationContext.log Manager: deploy: Deploying web application '/Gen1-Rutas'
11-Jan-2024 21:33:34.431 INFO [http-nio-8080-exec-141] org.apache.catalina.core.ApplicationContext.log Manager: Uploading WAR file to C:\Users\TRJAVA-11\Documents\apache-tomcat-10.1.18\webapps\Gen1-Rutas.war.tmp
11-Jan-2024 21:38:52.686 INFO [http-nio-8080-exec-1] org.apache.catalina.core.ApplicationContext.log Manager: init: Associated with Deployer 'Catalina:type=Deployer,host=localhost'
11-Jan-2024 21:38:52.686 INFO [http-nio-8080-exec-1] org.apache.catalina.core.ApplicationContext.log Manager: init: Global resources are available
11-Jan-2024 21:38:52.691 INFO [http-nio-8080-exec-1] org.apache.catalina.core.ApplicationContext.log Manager: deploy: Deploying web application '/Gen1-Rutas'
11-Jan-2024 21:38:52.691 INFO [http-nio-8080-exec-1] org.apache.catalina.core.ApplicationContext.log Manager: Uploading WAR file to C:\Users\TRJAVA-11\Documents\apache-tomcat-10.1.18\webapps\Gen1-Rutas.war.tmp
11-Jan-2024 21:55:35.400 INFO [http-nio-8080-exec-1] org.apache.catalina.core.ApplicationContext.log Manager: init: Associated with Deployer 'Catalina:type=Deployer,host=localhost'
11-Jan-2024 21:55:35.400 INFO [http-nio-8080-exec-1] org.apache.catalina.core.ApplicationContext.log Manager: init: Global resources are available
11-Jan-2024 21:55:35.405 INFO [http-nio-8080-exec-1] org.apache.catalina.core.ApplicationContext.log Manager: deploy: Deploying web application '/Gen1-RutasM'
11-Jan-2024 21:55:35.405 INFO [http-nio-8080-exec-1] org.apache.catalina.core.ApplicationContext.log Manager: Uploading WAR file to C:\Users\TRJAVA-11\Documents\apache-tomcat-10.1.18\webapps\Gen1-RutasM.war.tmp
11-Jan-2024 21:56:08.278 INFO [http-nio-8080-exec-2] org.apache.catalina.core.ApplicationContext.log Manager: deploy: Deploying web application '/Gen1-Rutas'
11-Jan-2024 21:56:08.278 INFO [http-nio-8080-exec-2] org.apache.catalina.core.ApplicationContext.log Manager: Uploading WAR file to C:\Users\TRJAVA-11\Documents\apache-tomcat-10.1.18\webapps\Gen1-Rutas.war.tmp
11-Jan-2024 22:01:07.135 INFO [http-nio-8080-exec-15] org.apache.catalina.core.ApplicationContext.log Manager: deploy: Deploying web application '/Gen1-RutasM'
11-Jan-2024 22:01:07.135 INFO [http-nio-8080-exec-15] org.apache.catalina.core.ApplicationContext.log Manager: Uploading WAR file to C:\Users\TRJAVA-11\Documents\apache-tomcat-10.1.18\webapps\Gen1-RutasM.war.tmp
11-Jan-2024 22:01:25.429 INFO [http-nio-8080-exec-16] org.apache.catalina.core.ApplicationContext.log Manager: deploy: Deploying web application '/Gen1-Rutas'
11-Jan-2024 22:01:25.429 INFO [http-nio-8080-exec-16] org.apache.catalina.core.ApplicationContext.log Manager: Uploading WAR file to C:\Users\TRJAVA-11\Documents\apache-tomcat-10.1.18\webapps\Gen1-Rutas.war.tmp
11-Jan-2024 22:04:01.315 INFO [http-nio-8080-exec-18] org.apache.catalina.core.ApplicationContext.log Manager: deploy: Deploying web application '/Gen1-Rutas'
11-Jan-2024 22:04:01.315 INFO [http-nio-8080-exec-18] org.apache.catalina.core.ApplicationContext.log Manager: Uploading WAR file to C:\Users\TRJAVA-11\Documents\apache-tomcat-10.1.18\webapps\Gen1-Rutas.war.tmp
