17-Jan-2024 08:29:34.582 INFO [http-nio-8080-exec-961] org.apache.catalina.core.ApplicationContext.log Manager: deploy: Deploying web application '/Gen1-Rutas'
17-Jan-2024 08:29:34.582 INFO [http-nio-8080-exec-961] org.apache.catalina.core.ApplicationContext.log Manager: Uploading WAR file to C:\Users\TRJAVA-11\Documents\apache-tomcat-10.1.18\webapps\Gen1-Rutas.war.tmp
17-Jan-2024 08:30:03.255 INFO [http-nio-8080-exec-964] org.apache.catalina.core.ApplicationContext.log Manager: deploy: Deploying web application '/Gen1-P3CAMS'
17-Jan-2024 08:30:03.256 INFO [http-nio-8080-exec-964] org.apache.catalina.core.ApplicationContext.log Manager: Uploading WAR file to C:\Users\TRJAVA-11\Documents\apache-tomcat-10.1.18\webapps\Gen1-P3CAMS.war.tmp
17-Jan-2024 08:31:07.028 INFO [http-nio-8080-exec-972] org.apache.catalina.core.ApplicationContext.log Manager: deploy: Deploying web application '/Gen1-Rutas'
17-Jan-2024 08:31:07.028 INFO [http-nio-8080-exec-972] org.apache.catalina.core.ApplicationContext.log Manager: Uploading WAR file to C:\Users\TRJAVA-11\Documents\apache-tomcat-10.1.18\webapps\Gen1-Rutas.war.tmp
17-Jan-2024 08:52:11.337 INFO [http-nio-8080-exec-986] org.apache.catalina.core.ApplicationContext.log Manager: deploy: Deploying web application '/Gen1-Rutas'
17-Jan-2024 08:52:11.337 INFO [http-nio-8080-exec-986] org.apache.catalina.core.ApplicationContext.log Manager: Uploading WAR file to C:\Users\TRJAVA-11\Documents\apache-tomcat-10.1.18\webapps\Gen1-Rutas.war.tmp
17-Jan-2024 08:54:43.676 INFO [http-nio-8080-exec-992] org.apache.catalina.core.ApplicationContext.log Manager: deploy: Deploying web application '/Gen1-Rutas'
17-Jan-2024 08:54:43.676 INFO [http-nio-8080-exec-992] org.apache.catalina.core.ApplicationContext.log Manager: Uploading WAR file to C:\Users\TRJAVA-11\Documents\apache-tomcat-10.1.18\webapps\Gen1-Rutas.war.tmp
17-Jan-2024 08:58:40.442 INFO [http-nio-8080-exec-996] org.apache.catalina.core.ApplicationContext.log Manager: deploy: Deploying web application '/Gen1-Rutas'
17-Jan-2024 08:58:40.442 INFO [http-nio-8080-exec-996] org.apache.catalina.core.ApplicationContext.log Manager: Uploading WAR file to C:\Users\TRJAVA-11\Documents\apache-tomcat-10.1.18\webapps\Gen1-Rutas.war.tmp
17-Jan-2024 08:58:51.114 INFO [http-nio-8080-exec-997] org.apache.catalina.core.ApplicationContext.log Manager: deploy: Deploying web application '/Gen1-Rutas'
17-Jan-2024 08:58:51.114 INFO [http-nio-8080-exec-997] org.apache.catalina.core.ApplicationContext.log Manager: Uploading WAR file to C:\Users\TRJAVA-11\Documents\apache-tomcat-10.1.18\webapps\Gen1-Rutas.war.tmp
17-Jan-2024 09:00:33.648 INFO [http-nio-8080-exec-1004] org.apache.catalina.core.ApplicationContext.log Manager: deploy: Deploying web application '/Gen1-API'
17-Jan-2024 09:00:33.648 INFO [http-nio-8080-exec-1004] org.apache.catalina.core.ApplicationContext.log Manager: Uploading WAR file to C:\Users\TRJAVA-11\Documents\apache-tomcat-10.1.18\webapps\Gen1-API.war.tmp
17-Jan-2024 09:06:18.938 INFO [http-nio-8080-exec-1011] org.apache.catalina.core.ApplicationContext.log Manager: deploy: Deploying web application '/Gen1-Rutas'
17-Jan-2024 09:06:18.938 INFO [http-nio-8080-exec-1011] org.apache.catalina.core.ApplicationContext.log Manager: Uploading WAR file to C:\Users\TRJAVA-11\Documents\apache-tomcat-10.1.18\webapps\Gen1-Rutas.war.tmp
17-Jan-2024 09:07:01.645 INFO [http-nio-8080-exec-1014] org.apache.catalina.core.ApplicationContext.log Manager: deploy: Deploying web application '/Gen1-Rutas'
17-Jan-2024 09:07:01.646 INFO [http-nio-8080-exec-1014] org.apache.catalina.core.ApplicationContext.log Manager: Uploading WAR file to C:\Users\TRJAVA-11\Documents\apache-tomcat-10.1.18\webapps\Gen1-Rutas.war.tmp
17-Jan-2024 09:08:21.179 INFO [http-nio-8080-exec-1023] org.apache.catalina.core.ApplicationContext.log Manager: deploy: Deploying web application '/Gen1-Rutas'
17-Jan-2024 09:08:21.180 INFO [http-nio-8080-exec-1023] org.apache.catalina.core.ApplicationContext.log Manager: Uploading WAR file to C:\Users\TRJAVA-11\Documents\apache-tomcat-10.1.18\webapps\Gen1-Rutas.war.tmp
17-Jan-2024 09:10:02.079 INFO [http-nio-8080-exec-1028] org.apache.catalina.core.ApplicationContext.log Manager: deploy: Deploying web application '/Gen1-Rutas'
17-Jan-2024 09:10:02.080 INFO [http-nio-8080-exec-1028] org.apache.catalina.core.ApplicationContext.log Manager: Uploading WAR file to C:\Users\TRJAVA-11\Documents\apache-tomcat-10.1.18\webapps\Gen1-Rutas.war.tmp
17-Jan-2024 09:11:21.339 INFO [http-nio-8080-exec-1033] org.apache.catalina.core.ApplicationContext.log Manager: deploy: Deploying web application '/Gen1-Rutas'
17-Jan-2024 09:11:21.339 INFO [http-nio-8080-exec-1033] org.apache.catalina.core.ApplicationContext.log Manager: Uploading WAR file to C:\Users\TRJAVA-11\Documents\apache-tomcat-10.1.18\webapps\Gen1-Rutas.war.tmp
17-Jan-2024 09:13:38.982 INFO [http-nio-8080-exec-1038] org.apache.catalina.core.ApplicationContext.log Manager: deploy: Deploying web application '/Gen1-Rutas'
17-Jan-2024 09:13:38.982 INFO [http-nio-8080-exec-1038] org.apache.catalina.core.ApplicationContext.log Manager: Uploading WAR file to C:\Users\TRJAVA-11\Documents\apache-tomcat-10.1.18\webapps\Gen1-Rutas.war.tmp
17-Jan-2024 09:18:34.097 INFO [http-nio-8080-exec-1044] org.apache.catalina.core.ApplicationContext.log Manager: deploy: Deploying web application '/Gen1-Rutas'
17-Jan-2024 09:18:34.097 INFO [http-nio-8080-exec-1044] org.apache.catalina.core.ApplicationContext.log Manager: Uploading WAR file to C:\Users\TRJAVA-11\Documents\apache-tomcat-10.1.18\webapps\Gen1-Rutas.war.tmp
17-Jan-2024 09:20:24.792 INFO [http-nio-8080-exec-1052] org.apache.catalina.core.ApplicationContext.log Manager: deploy: Deploying web application '/Gen1-Rutas'
17-Jan-2024 09:20:24.792 INFO [http-nio-8080-exec-1052] org.apache.catalina.core.ApplicationContext.log Manager: Uploading WAR file to C:\Users\TRJAVA-11\Documents\apache-tomcat-10.1.18\webapps\Gen1-Rutas.war.tmp
17-Jan-2024 09:20:52.265 INFO [http-nio-8080-exec-1045] org.apache.catalina.core.ApplicationContext.log Manager: deploy: Deploying web application '/Gen1-Rutas'
17-Jan-2024 09:20:52.265 INFO [http-nio-8080-exec-1045] org.apache.catalina.core.ApplicationContext.log Manager: Uploading WAR file to C:\Users\TRJAVA-11\Documents\apache-tomcat-10.1.18\webapps\Gen1-Rutas.war.tmp
17-Jan-2024 09:22:40.600 INFO [http-nio-8080-exec-1060] org.apache.catalina.core.ApplicationContext.log Manager: deploy: Deploying web application '/Gen1-Rutas'
17-Jan-2024 09:22:40.601 INFO [http-nio-8080-exec-1060] org.apache.catalina.core.ApplicationContext.log Manager: Uploading WAR file to C:\Users\TRJAVA-11\Documents\apache-tomcat-10.1.18\webapps\Gen1-Rutas.war.tmp
17-Jan-2024 09:23:09.809 INFO [http-nio-8080-exec-1064] org.apache.catalina.core.ApplicationContext.log Manager: deploy: Deploying web application '/Gen1-Rutas'
17-Jan-2024 09:23:09.810 INFO [http-nio-8080-exec-1064] org.apache.catalina.core.ApplicationContext.log Manager: Uploading WAR file to C:\Users\TRJAVA-11\Documents\apache-tomcat-10.1.18\webapps\Gen1-Rutas.war.tmp
17-Jan-2024 09:30:45.847 INFO [http-nio-8080-exec-1069] org.apache.catalina.core.ApplicationContext.log Manager: deploy: Deploying web application '/Gen1-Rutas'
17-Jan-2024 09:30:45.847 INFO [http-nio-8080-exec-1069] org.apache.catalina.core.ApplicationContext.log Manager: Uploading WAR file to C:\Users\TRJAVA-11\Documents\apache-tomcat-10.1.18\webapps\Gen1-Rutas.war.tmp
17-Jan-2024 09:32:24.731 INFO [http-nio-8080-exec-1079] org.apache.catalina.core.ApplicationContext.log Manager: deploy: Deploying web application '/Gen1-Rutas'
17-Jan-2024 09:32:24.731 INFO [http-nio-8080-exec-1079] org.apache.catalina.core.ApplicationContext.log Manager: Uploading WAR file to C:\Users\TRJAVA-11\Documents\apache-tomcat-10.1.18\webapps\Gen1-Rutas.war.tmp
17-Jan-2024 09:35:32.664 INFO [http-nio-8080-exec-1082] org.apache.catalina.core.ApplicationContext.log Manager: deploy: Deploying web application '/Gen1-Rutas'
17-Jan-2024 09:35:32.664 INFO [http-nio-8080-exec-1082] org.apache.catalina.core.ApplicationContext.log Manager: Uploading WAR file to C:\Users\TRJAVA-11\Documents\apache-tomcat-10.1.18\webapps\Gen1-Rutas.war.tmp
17-Jan-2024 09:35:58.416 INFO [http-nio-8080-exec-1081] org.apache.catalina.core.ApplicationContext.log Manager: deploy: Deploying web application '/Gen1-Rutas'
17-Jan-2024 09:35:58.416 INFO [http-nio-8080-exec-1081] org.apache.catalina.core.ApplicationContext.log Manager: Uploading WAR file to C:\Users\TRJAVA-11\Documents\apache-tomcat-10.1.18\webapps\Gen1-Rutas.war.tmp
17-Jan-2024 09:41:15.947 INFO [http-nio-8080-exec-1092] org.apache.catalina.core.ApplicationContext.log Manager: deploy: Deploying web application '/Gen1-Rutas'
17-Jan-2024 09:41:15.947 INFO [http-nio-8080-exec-1092] org.apache.catalina.core.ApplicationContext.log Manager: Uploading WAR file to C:\Users\TRJAVA-11\Documents\apache-tomcat-10.1.18\webapps\Gen1-Rutas.war.tmp
17-Jan-2024 09:42:27.618 INFO [http-nio-8080-exec-1102] org.apache.catalina.core.ApplicationContext.log Manager: deploy: Deploying web application '/Gen1-Rutas'
17-Jan-2024 09:42:27.618 INFO [http-nio-8080-exec-1102] org.apache.catalina.core.ApplicationContext.log Manager: Uploading WAR file to C:\Users\TRJAVA-11\Documents\apache-tomcat-10.1.18\webapps\Gen1-Rutas.war.tmp
17-Jan-2024 09:56:21.852 INFO [http-nio-8080-exec-1107] org.apache.catalina.core.ApplicationContext.log Manager: deploy: Deploying web application '/Gen1-Rutas'
17-Jan-2024 09:56:21.852 INFO [http-nio-8080-exec-1107] org.apache.catalina.core.ApplicationContext.log Manager: Uploading WAR file to C:\Users\TRJAVA-11\Documents\apache-tomcat-10.1.18\webapps\Gen1-Rutas.war.tmp
17-Jan-2024 09:59:27.909 INFO [http-nio-8080-exec-1118] org.apache.catalina.core.ApplicationContext.log Manager: deploy: Deploying web application '/Gen1-Rutas'
17-Jan-2024 09:59:27.909 INFO [http-nio-8080-exec-1118] org.apache.catalina.core.ApplicationContext.log Manager: Uploading WAR file to C:\Users\TRJAVA-11\Documents\apache-tomcat-10.1.18\webapps\Gen1-Rutas.war.tmp
17-Jan-2024 10:10:39.021 INFO [http-nio-8080-exec-1126] org.apache.catalina.core.ApplicationContext.log Manager: deploy: Deploying web application '/Gen1-Rutas'
17-Jan-2024 10:10:39.021 INFO [http-nio-8080-exec-1126] org.apache.catalina.core.ApplicationContext.log Manager: Uploading WAR file to C:\Users\TRJAVA-11\Documents\apache-tomcat-10.1.18\webapps\Gen1-Rutas.war.tmp
17-Jan-2024 10:13:26.760 INFO [http-nio-8080-exec-1136] org.apache.catalina.core.ApplicationContext.log Manager: deploy: Deploying web application '/Gen1-Rutas'
17-Jan-2024 10:13:26.760 INFO [http-nio-8080-exec-1136] org.apache.catalina.core.ApplicationContext.log Manager: Uploading WAR file to C:\Users\TRJAVA-11\Documents\apache-tomcat-10.1.18\webapps\Gen1-Rutas.war.tmp
17-Jan-2024 10:14:24.736 INFO [http-nio-8080-exec-1127] org.apache.catalina.core.ApplicationContext.log Manager: deploy: Deploying web application '/Gen1-Rutas'
17-Jan-2024 10:14:24.736 INFO [http-nio-8080-exec-1127] org.apache.catalina.core.ApplicationContext.log Manager: Uploading WAR file to C:\Users\TRJAVA-11\Documents\apache-tomcat-10.1.18\webapps\Gen1-Rutas.war.tmp
17-Jan-2024 10:15:11.413 INFO [http-nio-8080-exec-1142] org.apache.catalina.core.ApplicationContext.log Manager: deploy: Deploying web application '/Gen1-Rutas'
17-Jan-2024 10:15:11.413 INFO [http-nio-8080-exec-1142] org.apache.catalina.core.ApplicationContext.log Manager: Uploading WAR file to C:\Users\TRJAVA-11\Documents\apache-tomcat-10.1.18\webapps\Gen1-Rutas.war.tmp
17-Jan-2024 10:15:23.481 INFO [http-nio-8080-exec-1146] org.apache.catalina.core.ApplicationContext.log Manager: deploy: Deploying web application '/Gen1-Rutas'
17-Jan-2024 10:15:23.482 INFO [http-nio-8080-exec-1146] org.apache.catalina.core.ApplicationContext.log Manager: Uploading WAR file to C:\Users\TRJAVA-11\Documents\apache-tomcat-10.1.18\webapps\Gen1-Rutas.war.tmp
17-Jan-2024 10:17:16.873 INFO [http-nio-8080-exec-1149] org.apache.catalina.core.ApplicationContext.log Manager: deploy: Deploying web application '/Gen1-Rutas'
17-Jan-2024 10:17:16.873 INFO [http-nio-8080-exec-1149] org.apache.catalina.core.ApplicationContext.log Manager: Uploading WAR file to C:\Users\TRJAVA-11\Documents\apache-tomcat-10.1.18\webapps\Gen1-Rutas.war.tmp
17-Jan-2024 10:18:37.641 INFO [http-nio-8080-exec-1155] org.apache.catalina.core.ApplicationContext.log Manager: deploy: Deploying web application '/Gen1-Rutas'
17-Jan-2024 10:18:37.642 INFO [http-nio-8080-exec-1155] org.apache.catalina.core.ApplicationContext.log Manager: Uploading WAR file to C:\Users\TRJAVA-11\Documents\apache-tomcat-10.1.18\webapps\Gen1-Rutas.war.tmp
17-Jan-2024 10:19:38.313 INFO [http-nio-8080-exec-1160] org.apache.catalina.core.ApplicationContext.log Manager: deploy: Deploying web application '/Gen1-Rutas'
17-Jan-2024 10:19:38.313 INFO [http-nio-8080-exec-1160] org.apache.catalina.core.ApplicationContext.log Manager: Uploading WAR file to C:\Users\TRJAVA-11\Documents\apache-tomcat-10.1.18\webapps\Gen1-Rutas.war.tmp
17-Jan-2024 10:20:59.834 INFO [http-nio-8080-exec-1166] org.apache.catalina.core.ApplicationContext.log Manager: deploy: Deploying web application '/Gen1-Rutas'
17-Jan-2024 10:20:59.834 INFO [http-nio-8080-exec-1166] org.apache.catalina.core.ApplicationContext.log Manager: Uploading WAR file to C:\Users\TRJAVA-11\Documents\apache-tomcat-10.1.18\webapps\Gen1-Rutas.war.tmp
17-Jan-2024 10:21:40.201 INFO [http-nio-8080-exec-1165] org.apache.catalina.core.ApplicationContext.log Manager: deploy: Deploying web application '/Gen1-Rutas'
17-Jan-2024 10:21:40.201 INFO [http-nio-8080-exec-1165] org.apache.catalina.core.ApplicationContext.log Manager: Uploading WAR file to C:\Users\TRJAVA-11\Documents\apache-tomcat-10.1.18\webapps\Gen1-Rutas.war.tmp
17-Jan-2024 10:31:30.952 INFO [http-nio-8080-exec-1177] org.apache.catalina.core.ApplicationContext.log Manager: deploy: Deploying web application '/Gen1-Rutas'
17-Jan-2024 10:31:30.952 INFO [http-nio-8080-exec-1177] org.apache.catalina.core.ApplicationContext.log Manager: Uploading WAR file to C:\Users\TRJAVA-11\Documents\apache-tomcat-10.1.18\webapps\Gen1-Rutas.war.tmp
17-Jan-2024 10:32:45.957 INFO [http-nio-8080-exec-1187] org.apache.catalina.core.ApplicationContext.log Manager: deploy: Deploying web application '/Gen1-Rutas'
17-Jan-2024 10:32:45.957 INFO [http-nio-8080-exec-1187] org.apache.catalina.core.ApplicationContext.log Manager: Uploading WAR file to C:\Users\TRJAVA-11\Documents\apache-tomcat-10.1.18\webapps\Gen1-Rutas.war.tmp
17-Jan-2024 10:33:06.617 INFO [http-nio-8080-exec-1189] org.apache.catalina.core.ApplicationContext.log Manager: deploy: Deploying web application '/Gen1-Rutas'
17-Jan-2024 10:33:06.617 INFO [http-nio-8080-exec-1189] org.apache.catalina.core.ApplicationContext.log Manager: Uploading WAR file to C:\Users\TRJAVA-11\Documents\apache-tomcat-10.1.18\webapps\Gen1-Rutas.war.tmp
17-Jan-2024 10:33:22.032 INFO [http-nio-8080-exec-1183] org.apache.catalina.core.ApplicationContext.log Manager: deploy: Deploying web application '/Gen1-Rutas'
17-Jan-2024 10:33:22.032 INFO [http-nio-8080-exec-1183] org.apache.catalina.core.ApplicationContext.log Manager: Uploading WAR file to C:\Users\TRJAVA-11\Documents\apache-tomcat-10.1.18\webapps\Gen1-Rutas.war.tmp
17-Jan-2024 10:38:34.919 INFO [http-nio-8080-exec-1196] org.apache.catalina.core.ApplicationContext.log Manager: deploy: Deploying web application '/Gen1-Rutas'
17-Jan-2024 10:38:34.920 INFO [http-nio-8080-exec-1196] org.apache.catalina.core.ApplicationContext.log Manager: Uploading WAR file to C:\Users\TRJAVA-11\Documents\apache-tomcat-10.1.18\webapps\Gen1-Rutas.war.tmp
17-Jan-2024 10:39:50.277 INFO [http-nio-8080-exec-1206] org.apache.catalina.core.ApplicationContext.log Manager: deploy: Deploying web application '/Gen1-Rutas'
17-Jan-2024 10:39:50.277 INFO [http-nio-8080-exec-1206] org.apache.catalina.core.ApplicationContext.log Manager: Uploading WAR file to C:\Users\TRJAVA-11\Documents\apache-tomcat-10.1.18\webapps\Gen1-Rutas.war.tmp
17-Jan-2024 10:40:19.637 INFO [http-nio-8080-exec-1202] org.apache.catalina.core.ApplicationContext.log Manager: deploy: Deploying web application '/Gen1-Rutas'
17-Jan-2024 10:40:19.637 INFO [http-nio-8080-exec-1202] org.apache.catalina.core.ApplicationContext.log Manager: Uploading WAR file to C:\Users\TRJAVA-11\Documents\apache-tomcat-10.1.18\webapps\Gen1-Rutas.war.tmp
17-Jan-2024 10:51:04.308 INFO [http-nio-8080-exec-1214] org.apache.catalina.core.ApplicationContext.log Manager: deploy: Deploying web application '/Gen1-Rutas'
17-Jan-2024 10:51:04.308 INFO [http-nio-8080-exec-1214] org.apache.catalina.core.ApplicationContext.log Manager: Uploading WAR file to C:\Users\TRJAVA-11\Documents\apache-tomcat-10.1.18\webapps\Gen1-Rutas.war.tmp
17-Jan-2024 11:04:35.551 INFO [http-nio-8080-exec-1228] org.apache.catalina.core.ApplicationContext.log Manager: deploy: Deploying web application '/Gen1-Rutas'
17-Jan-2024 11:04:35.551 INFO [http-nio-8080-exec-1228] org.apache.catalina.core.ApplicationContext.log Manager: Uploading WAR file to C:\Users\TRJAVA-11\Documents\apache-tomcat-10.1.18\webapps\Gen1-Rutas.war.tmp
17-Jan-2024 11:04:59.704 INFO [http-nio-8080-exec-1226] org.apache.catalina.core.ApplicationContext.log Manager: deploy: Deploying web application '/Gen1-Rutas'
17-Jan-2024 11:04:59.704 INFO [http-nio-8080-exec-1226] org.apache.catalina.core.ApplicationContext.log Manager: Uploading WAR file to C:\Users\TRJAVA-11\Documents\apache-tomcat-10.1.18\webapps\Gen1-Rutas.war.tmp
17-Jan-2024 11:06:00.466 INFO [http-nio-8080-exec-1235] org.apache.catalina.core.ApplicationContext.log Manager: deploy: Deploying web application '/Gen1-Rutas'
17-Jan-2024 11:06:00.466 INFO [http-nio-8080-exec-1235] org.apache.catalina.core.ApplicationContext.log Manager: Uploading WAR file to C:\Users\TRJAVA-11\Documents\apache-tomcat-10.1.18\webapps\Gen1-Rutas.war.tmp
17-Jan-2024 11:10:48.619 INFO [http-nio-8080-exec-1239] org.apache.catalina.core.ApplicationContext.log Manager: deploy: Deploying web application '/Gen1-Rutas'
17-Jan-2024 11:10:48.619 INFO [http-nio-8080-exec-1239] org.apache.catalina.core.ApplicationContext.log Manager: Uploading WAR file to C:\Users\TRJAVA-11\Documents\apache-tomcat-10.1.18\webapps\Gen1-Rutas.war.tmp
17-Jan-2024 11:11:59.916 INFO [http-nio-8080-exec-1247] org.apache.catalina.core.ApplicationContext.log Manager: deploy: Deploying web application '/Gen1-Rutas'
17-Jan-2024 11:11:59.916 INFO [http-nio-8080-exec-1247] org.apache.catalina.core.ApplicationContext.log Manager: Uploading WAR file to C:\Users\TRJAVA-11\Documents\apache-tomcat-10.1.18\webapps\Gen1-Rutas.war.tmp
17-Jan-2024 11:15:55.780 INFO [http-nio-8080-exec-1252] org.apache.catalina.core.ApplicationContext.log Manager: deploy: Deploying web application '/Gen1-Rutas'
17-Jan-2024 11:15:55.780 INFO [http-nio-8080-exec-1252] org.apache.catalina.core.ApplicationContext.log Manager: Uploading WAR file to C:\Users\TRJAVA-11\Documents\apache-tomcat-10.1.18\webapps\Gen1-Rutas.war.tmp
17-Jan-2024 11:19:21.242 INFO [http-nio-8080-exec-1261] org.apache.catalina.core.ApplicationContext.log Manager: deploy: Deploying web application '/Gen1-Rutas'
17-Jan-2024 11:19:21.243 INFO [http-nio-8080-exec-1261] org.apache.catalina.core.ApplicationContext.log Manager: Uploading WAR file to C:\Users\TRJAVA-11\Documents\apache-tomcat-10.1.18\webapps\Gen1-Rutas.war.tmp
17-Jan-2024 11:24:52.023 INFO [http-nio-8080-exec-1269] org.apache.catalina.core.ApplicationContext.log Manager: deploy: Deploying web application '/Gen1-Rutas'
17-Jan-2024 11:24:52.023 INFO [http-nio-8080-exec-1269] org.apache.catalina.core.ApplicationContext.log Manager: Uploading WAR file to C:\Users\TRJAVA-11\Documents\apache-tomcat-10.1.18\webapps\Gen1-Rutas.war.tmp
17-Jan-2024 11:26:54.718 INFO [http-nio-8080-exec-1279] org.apache.catalina.core.ApplicationContext.log Manager: deploy: Deploying web application '/Gen1-Rutas'
17-Jan-2024 11:26:54.718 INFO [http-nio-8080-exec-1279] org.apache.catalina.core.ApplicationContext.log Manager: Uploading WAR file to C:\Users\TRJAVA-11\Documents\apache-tomcat-10.1.18\webapps\Gen1-Rutas.war.tmp
17-Jan-2024 11:27:08.293 INFO [http-nio-8080-exec-1283] org.apache.catalina.core.ApplicationContext.log Manager: deploy: Deploying web application '/Gen1-Rutas'
17-Jan-2024 11:27:08.293 INFO [http-nio-8080-exec-1283] org.apache.catalina.core.ApplicationContext.log Manager: Uploading WAR file to C:\Users\TRJAVA-11\Documents\apache-tomcat-10.1.18\webapps\Gen1-Rutas.war.tmp
17-Jan-2024 11:33:35.169 INFO [http-nio-8080-exec-1290] org.apache.catalina.core.ApplicationContext.log Manager: deploy: Deploying web application '/Gen1-Rutas'
17-Jan-2024 11:33:35.170 INFO [http-nio-8080-exec-1290] org.apache.catalina.core.ApplicationContext.log Manager: Uploading WAR file to C:\Users\TRJAVA-11\Documents\apache-tomcat-10.1.18\webapps\Gen1-Rutas.war.tmp
17-Jan-2024 12:00:10.053 INFO [http-nio-8080-exec-1297] org.apache.catalina.core.ApplicationContext.log Manager: deploy: Deploying web application '/Gen1-Rutas'
17-Jan-2024 12:00:10.054 INFO [http-nio-8080-exec-1297] org.apache.catalina.core.ApplicationContext.log Manager: Uploading WAR file to C:\Users\TRJAVA-11\Documents\apache-tomcat-10.1.18\webapps\Gen1-Rutas.war.tmp
17-Jan-2024 12:01:43.710 INFO [http-nio-8080-exec-1307] org.apache.catalina.core.ApplicationContext.log Manager: deploy: Deploying web application '/Gen1-Rutas'
17-Jan-2024 12:01:43.710 INFO [http-nio-8080-exec-1307] org.apache.catalina.core.ApplicationContext.log Manager: Uploading WAR file to C:\Users\TRJAVA-11\Documents\apache-tomcat-10.1.18\webapps\Gen1-Rutas.war.tmp
17-Jan-2024 12:03:29.169 INFO [http-nio-8080-exec-1312] org.apache.catalina.core.ApplicationContext.log Manager: deploy: Deploying web application '/Gen1-Rutas'
17-Jan-2024 12:03:29.169 INFO [http-nio-8080-exec-1312] org.apache.catalina.core.ApplicationContext.log Manager: Uploading WAR file to C:\Users\TRJAVA-11\Documents\apache-tomcat-10.1.18\webapps\Gen1-Rutas.war.tmp
17-Jan-2024 12:04:40.310 INFO [http-nio-8080-exec-1320] org.apache.catalina.core.ApplicationContext.log Manager: deploy: Deploying web application '/Gen1-Rutas'
17-Jan-2024 12:04:40.310 INFO [http-nio-8080-exec-1320] org.apache.catalina.core.ApplicationContext.log Manager: Uploading WAR file to C:\Users\TRJAVA-11\Documents\apache-tomcat-10.1.18\webapps\Gen1-Rutas.war.tmp
17-Jan-2024 12:37:35.763 INFO [http-nio-8080-exec-1332] org.apache.catalina.core.ApplicationContext.log Manager: deploy: Deploying web application '/Gen1-Rutas'
17-Jan-2024 12:37:35.763 INFO [http-nio-8080-exec-1332] org.apache.catalina.core.ApplicationContext.log Manager: Uploading WAR file to C:\Users\TRJAVA-11\Documents\apache-tomcat-10.1.18\webapps\Gen1-Rutas.war.tmp
17-Jan-2024 12:47:02.850 INFO [http-nio-8080-exec-1338] org.apache.catalina.core.ApplicationContext.log Manager: deploy: Deploying web application '/Gen1-Rutas'
17-Jan-2024 12:47:02.850 INFO [http-nio-8080-exec-1338] org.apache.catalina.core.ApplicationContext.log Manager: Uploading WAR file to C:\Users\TRJAVA-11\Documents\apache-tomcat-10.1.18\webapps\Gen1-Rutas.war.tmp
17-Jan-2024 13:10:52.793 INFO [http-nio-8080-exec-1347] org.apache.catalina.core.ApplicationContext.log Manager: deploy: Deploying web application '/Gen1-Rutas'
17-Jan-2024 13:10:52.793 INFO [http-nio-8080-exec-1347] org.apache.catalina.core.ApplicationContext.log Manager: Uploading WAR file to C:\Users\TRJAVA-11\Documents\apache-tomcat-10.1.18\webapps\Gen1-Rutas.war.tmp
17-Jan-2024 13:12:45.403 INFO [http-nio-8080-exec-1358] org.apache.catalina.core.ApplicationContext.log Manager: deploy: Deploying web application '/Gen1-Rutas'
17-Jan-2024 13:12:45.403 INFO [http-nio-8080-exec-1358] org.apache.catalina.core.ApplicationContext.log Manager: Uploading WAR file to C:\Users\TRJAVA-11\Documents\apache-tomcat-10.1.18\webapps\Gen1-Rutas.war.tmp
17-Jan-2024 13:20:29.430 INFO [http-nio-8080-exec-1364] org.apache.catalina.core.ApplicationContext.log Manager: deploy: Deploying web application '/Gen1-Rutas'
17-Jan-2024 13:20:29.430 INFO [http-nio-8080-exec-1364] org.apache.catalina.core.ApplicationContext.log Manager: Uploading WAR file to C:\Users\TRJAVA-11\Documents\apache-tomcat-10.1.18\webapps\Gen1-Rutas.war.tmp
17-Jan-2024 13:21:17.674 INFO [http-nio-8080-exec-1372] org.apache.catalina.core.ApplicationContext.log Manager: deploy: Deploying web application '/Gen1-Rutas'
17-Jan-2024 13:21:17.674 INFO [http-nio-8080-exec-1372] org.apache.catalina.core.ApplicationContext.log Manager: Uploading WAR file to C:\Users\TRJAVA-11\Documents\apache-tomcat-10.1.18\webapps\Gen1-Rutas.war.tmp
17-Jan-2024 13:29:15.213 INFO [http-nio-8080-exec-1377] org.apache.catalina.core.ApplicationContext.log Manager: deploy: Deploying web application '/Gen1-Rutas'
17-Jan-2024 13:29:15.213 INFO [http-nio-8080-exec-1377] org.apache.catalina.core.ApplicationContext.log Manager: Uploading WAR file to C:\Users\TRJAVA-11\Documents\apache-tomcat-10.1.18\webapps\Gen1-Rutas.war.tmp
17-Jan-2024 13:30:52.699 INFO [http-nio-8080-exec-1386] org.apache.catalina.core.ApplicationContext.log Manager: deploy: Deploying web application '/Gen1-Rutas'
17-Jan-2024 13:30:52.700 INFO [http-nio-8080-exec-1386] org.apache.catalina.core.ApplicationContext.log Manager: Uploading WAR file to C:\Users\TRJAVA-11\Documents\apache-tomcat-10.1.18\webapps\Gen1-Rutas.war.tmp
17-Jan-2024 13:35:14.814 INFO [http-nio-8080-exec-1391] org.apache.catalina.core.ApplicationContext.log Manager: deploy: Deploying web application '/Gen1-Rutas'
17-Jan-2024 13:35:14.814 INFO [http-nio-8080-exec-1391] org.apache.catalina.core.ApplicationContext.log Manager: Uploading WAR file to C:\Users\TRJAVA-11\Documents\apache-tomcat-10.1.18\webapps\Gen1-Rutas.war.tmp
17-Jan-2024 13:36:28.300 INFO [http-nio-8080-exec-1399] org.apache.catalina.core.ApplicationContext.log Manager: deploy: Deploying web application '/Gen1-Rutas'
17-Jan-2024 13:36:28.300 INFO [http-nio-8080-exec-1399] org.apache.catalina.core.ApplicationContext.log Manager: Uploading WAR file to C:\Users\TRJAVA-11\Documents\apache-tomcat-10.1.18\webapps\Gen1-Rutas.war.tmp
17-Jan-2024 13:39:01.000 INFO [http-nio-8080-exec-1402] org.apache.catalina.core.ApplicationContext.log Manager: deploy: Deploying web application '/Gen1-Rutas'
17-Jan-2024 13:39:01.000 INFO [http-nio-8080-exec-1402] org.apache.catalina.core.ApplicationContext.log Manager: Uploading WAR file to C:\Users\TRJAVA-11\Documents\apache-tomcat-10.1.18\webapps\Gen1-Rutas.war.tmp
17-Jan-2024 13:48:29.571 INFO [http-nio-8080-exec-1414] org.apache.catalina.core.ApplicationContext.log Manager: deploy: Deploying web application '/Gen1-Rutas'
17-Jan-2024 13:48:29.571 INFO [http-nio-8080-exec-1414] org.apache.catalina.core.ApplicationContext.log Manager: Uploading WAR file to C:\Users\TRJAVA-11\Documents\apache-tomcat-10.1.18\webapps\Gen1-Rutas.war.tmp
17-Jan-2024 13:50:39.549 INFO [http-nio-8080-exec-1424] org.apache.catalina.core.ApplicationContext.log Manager: deploy: Deploying web application '/Gen1-Rutas'
17-Jan-2024 13:50:39.550 INFO [http-nio-8080-exec-1424] org.apache.catalina.core.ApplicationContext.log Manager: Uploading WAR file to C:\Users\TRJAVA-11\Documents\apache-tomcat-10.1.18\webapps\Gen1-Rutas.war.tmp
17-Jan-2024 13:57:39.202 INFO [http-nio-8080-exec-1429] org.apache.catalina.core.ApplicationContext.log Manager: deploy: Deploying web application '/Gen1-Rutas'
17-Jan-2024 13:57:39.202 INFO [http-nio-8080-exec-1429] org.apache.catalina.core.ApplicationContext.log Manager: Uploading WAR file to C:\Users\TRJAVA-11\Documents\apache-tomcat-10.1.18\webapps\Gen1-Rutas.war.tmp
17-Jan-2024 13:59:36.295 INFO [http-nio-8080-exec-1441] org.apache.catalina.core.ApplicationContext.log Manager: deploy: Deploying web application '/Gen1-Rutas'
17-Jan-2024 13:59:36.295 INFO [http-nio-8080-exec-1441] org.apache.catalina.core.ApplicationContext.log Manager: Uploading WAR file to C:\Users\TRJAVA-11\Documents\apache-tomcat-10.1.18\webapps\Gen1-Rutas.war.tmp
17-Jan-2024 14:07:32.850 INFO [http-nio-8080-exec-1446] org.apache.catalina.core.ApplicationContext.log Manager: deploy: Deploying web application '/Gen1-Rutas'
17-Jan-2024 14:07:32.850 INFO [http-nio-8080-exec-1446] org.apache.catalina.core.ApplicationContext.log Manager: Uploading WAR file to C:\Users\TRJAVA-11\Documents\apache-tomcat-10.1.18\webapps\Gen1-Rutas.war.tmp
17-Jan-2024 14:09:11.874 INFO [http-nio-8080-exec-1455] org.apache.catalina.core.ApplicationContext.log Manager: deploy: Deploying web application '/Gen1-Rutas'
17-Jan-2024 14:09:11.874 INFO [http-nio-8080-exec-1455] org.apache.catalina.core.ApplicationContext.log Manager: Uploading WAR file to C:\Users\TRJAVA-11\Documents\apache-tomcat-10.1.18\webapps\Gen1-Rutas.war.tmp
17-Jan-2024 14:12:23.472 INFO [http-nio-8080-exec-1461] org.apache.catalina.core.ApplicationContext.log Manager: deploy: Deploying web application '/Gen1-Rutas'
17-Jan-2024 14:12:23.472 INFO [http-nio-8080-exec-1461] org.apache.catalina.core.ApplicationContext.log Manager: Uploading WAR file to C:\Users\TRJAVA-11\Documents\apache-tomcat-10.1.18\webapps\Gen1-Rutas.war.tmp
17-Jan-2024 14:13:13.383 INFO [http-nio-8080-exec-1466] org.apache.catalina.core.ApplicationContext.log Manager: deploy: Deploying web application '/Gen1-Rutas'
17-Jan-2024 14:13:13.383 INFO [http-nio-8080-exec-1466] org.apache.catalina.core.ApplicationContext.log Manager: Uploading WAR file to C:\Users\TRJAVA-11\Documents\apache-tomcat-10.1.18\webapps\Gen1-Rutas.war.tmp
17-Jan-2024 14:14:34.697 INFO [http-nio-8080-exec-1472] org.apache.catalina.core.ApplicationContext.log Manager: deploy: Deploying web application '/Gen1-Rutas'
17-Jan-2024 14:14:34.697 INFO [http-nio-8080-exec-1472] org.apache.catalina.core.ApplicationContext.log Manager: Uploading WAR file to C:\Users\TRJAVA-11\Documents\apache-tomcat-10.1.18\webapps\Gen1-Rutas.war.tmp
17-Jan-2024 14:14:53.660 INFO [http-nio-8080-exec-1465] org.apache.catalina.core.ApplicationContext.log Manager: deploy: Deploying web application '/Gen1-Rutas'
17-Jan-2024 14:14:53.660 INFO [http-nio-8080-exec-1465] org.apache.catalina.core.ApplicationContext.log Manager: Uploading WAR file to C:\Users\TRJAVA-11\Documents\apache-tomcat-10.1.18\webapps\Gen1-Rutas.war.tmp
17-Jan-2024 14:15:24.675 INFO [http-nio-8080-exec-1460] org.apache.catalina.core.ApplicationContext.log Manager: deploy: Deploying web application '/Gen1-Rutas'
17-Jan-2024 14:15:24.675 INFO [http-nio-8080-exec-1460] org.apache.catalina.core.ApplicationContext.log Manager: Uploading WAR file to C:\Users\TRJAVA-11\Documents\apache-tomcat-10.1.18\webapps\Gen1-Rutas.war.tmp
17-Jan-2024 14:16:48.789 INFO [http-nio-8080-exec-1483] org.apache.catalina.core.ApplicationContext.log Manager: deploy: Deploying web application '/Gen1-Rutas'
17-Jan-2024 14:16:48.789 INFO [http-nio-8080-exec-1483] org.apache.catalina.core.ApplicationContext.log Manager: Uploading WAR file to C:\Users\TRJAVA-11\Documents\apache-tomcat-10.1.18\webapps\Gen1-Rutas.war.tmp
17-Jan-2024 14:17:19.886 INFO [http-nio-8080-exec-1462] org.apache.catalina.core.ApplicationContext.log Manager: deploy: Deploying web application '/Gen1-Rutas'
17-Jan-2024 14:17:19.886 INFO [http-nio-8080-exec-1462] org.apache.catalina.core.ApplicationContext.log Manager: Uploading WAR file to C:\Users\TRJAVA-11\Documents\apache-tomcat-10.1.18\webapps\Gen1-Rutas.war.tmp
17-Jan-2024 14:22:30.525 INFO [http-nio-8080-exec-1491] org.apache.catalina.core.ApplicationContext.log Manager: deploy: Deploying web application '/Gen1-Rutas'
17-Jan-2024 14:22:30.526 INFO [http-nio-8080-exec-1491] org.apache.catalina.core.ApplicationContext.log Manager: Uploading WAR file to C:\Users\TRJAVA-11\Documents\apache-tomcat-10.1.18\webapps\Gen1-Rutas.war.tmp
17-Jan-2024 14:32:43.507 INFO [http-nio-8080-exec-1501] org.apache.catalina.core.ApplicationContext.log Manager: deploy: Deploying web application '/Gen1-Rutas'
17-Jan-2024 14:32:43.508 INFO [http-nio-8080-exec-1501] org.apache.catalina.core.ApplicationContext.log Manager: Uploading WAR file to C:\Users\TRJAVA-11\Documents\apache-tomcat-10.1.18\webapps\Gen1-Rutas.war.tmp
17-Jan-2024 18:18:16.560 INFO [http-nio-8080-exec-1514] org.apache.catalina.core.ApplicationContext.log Manager: deploy: Deploying web application '/Gen1-P3CAMS'
17-Jan-2024 18:18:16.561 INFO [http-nio-8080-exec-1514] org.apache.catalina.core.ApplicationContext.log Manager: Uploading WAR file to C:\Users\TRJAVA-11\Documents\apache-tomcat-10.1.18\webapps\Gen1-P3CAMS.war.tmp
17-Jan-2024 18:21:29.039 INFO [http-nio-8080-exec-1520] org.apache.catalina.core.ApplicationContext.log Manager: deploy: Deploying web application '/Gen1-P3CAMS'
17-Jan-2024 18:21:29.039 INFO [http-nio-8080-exec-1520] org.apache.catalina.core.ApplicationContext.log Manager: Uploading WAR file to C:\Users\TRJAVA-11\Documents\apache-tomcat-10.1.18\webapps\Gen1-P3CAMS.war.tmp
17-Jan-2024 18:21:56.229 INFO [http-nio-8080-exec-1515] org.apache.catalina.core.ApplicationContext.log Manager: deploy: Deploying web application '/Gen1-P3CAMS'
17-Jan-2024 18:21:56.230 INFO [http-nio-8080-exec-1515] org.apache.catalina.core.ApplicationContext.log Manager: Uploading WAR file to C:\Users\TRJAVA-11\Documents\apache-tomcat-10.1.18\webapps\Gen1-P3CAMS.war.tmp
17-Jan-2024 18:22:43.505 INFO [http-nio-8080-exec-1521] org.apache.catalina.core.ApplicationContext.log Manager: deploy: Deploying web application '/Gen1-P3CAMS'
17-Jan-2024 18:22:43.506 INFO [http-nio-8080-exec-1521] org.apache.catalina.core.ApplicationContext.log Manager: Uploading WAR file to C:\Users\TRJAVA-11\Documents\apache-tomcat-10.1.18\webapps\Gen1-P3CAMS.war.tmp
17-Jan-2024 18:23:21.891 INFO [http-nio-8080-exec-1523] org.apache.catalina.core.ApplicationContext.log Manager: deploy: Deploying web application '/Gen1-P3CAMS'
17-Jan-2024 18:23:21.891 INFO [http-nio-8080-exec-1523] org.apache.catalina.core.ApplicationContext.log Manager: Uploading WAR file to C:\Users\TRJAVA-11\Documents\apache-tomcat-10.1.18\webapps\Gen1-P3CAMS.war.tmp
17-Jan-2024 20:14:41.298 INFO [http-nio-8080-exec-1535] org.apache.catalina.core.ApplicationContext.log Manager: deploy: Deploying web application '/Gen1-P3CAMS'
17-Jan-2024 20:14:41.298 INFO [http-nio-8080-exec-1535] org.apache.catalina.core.ApplicationContext.log Manager: Uploading WAR file to C:\Users\TRJAVA-11\Documents\apache-tomcat-10.1.18\webapps\Gen1-P3CAMS.war.tmp
17-Jan-2024 21:17:39.591 INFO [http-nio-8080-exec-1550] org.apache.catalina.core.ApplicationContext.log Manager: deploy: Deploying web application '/Gen1-P3CAMS'
17-Jan-2024 21:17:39.591 INFO [http-nio-8080-exec-1550] org.apache.catalina.core.ApplicationContext.log Manager: Uploading WAR file to C:\Users\TRJAVA-11\Documents\apache-tomcat-10.1.18\webapps\Gen1-P3CAMS.war.tmp
17-Jan-2024 21:21:56.110 INFO [http-nio-8080-exec-8] org.apache.catalina.core.ApplicationContext.log Manager: init: Associated with Deployer 'Catalina:type=Deployer,host=localhost'
17-Jan-2024 21:21:56.110 INFO [http-nio-8080-exec-8] org.apache.catalina.core.ApplicationContext.log Manager: init: Global resources are available
17-Jan-2024 21:21:56.112 INFO [http-nio-8080-exec-8] org.apache.catalina.core.ApplicationContext.log Manager: deploy: Deploying web application '/Gen1-P3CAMS'
17-Jan-2024 21:21:56.112 INFO [http-nio-8080-exec-8] org.apache.catalina.core.ApplicationContext.log Manager: Uploading WAR file to C:\Users\TRJAVA-11\Documents\apache-tomcat-10.1.18\webapps\Gen1-P3CAMS.war.tmp
17-Jan-2024 21:56:24.987 INFO [http-nio-8080-exec-11] org.apache.catalina.core.ApplicationContext.log Manager: deploy: Deploying web application '/Gen1-P3CAMS'
17-Jan-2024 21:56:24.987 INFO [http-nio-8080-exec-11] org.apache.catalina.core.ApplicationContext.log Manager: Uploading WAR file to C:\Users\TRJAVA-11\Documents\apache-tomcat-10.1.18\webapps\Gen1-P3CAMS.war.tmp
17-Jan-2024 21:57:46.175 INFO [http-nio-8080-exec-21] org.apache.catalina.core.ApplicationContext.log Manager: deploy: Deploying web application '/Gen1-P3CAMS'
17-Jan-2024 21:57:46.176 INFO [http-nio-8080-exec-21] org.apache.catalina.core.ApplicationContext.log Manager: Uploading WAR file to C:\Users\TRJAVA-11\Documents\apache-tomcat-10.1.18\webapps\Gen1-P3CAMS.war.tmp
17-Jan-2024 22:01:16.610 INFO [http-nio-8080-exec-27] org.apache.catalina.core.ApplicationContext.log Manager: deploy: Deploying web application '/Gen1-P3CAMS'
17-Jan-2024 22:01:16.610 INFO [http-nio-8080-exec-27] org.apache.catalina.core.ApplicationContext.log Manager: Uploading WAR file to C:\Users\TRJAVA-11\Documents\apache-tomcat-10.1.18\webapps\Gen1-P3CAMS.war.tmp
17-Jan-2024 22:06:04.668 INFO [http-nio-8080-exec-35] org.apache.catalina.core.ApplicationContext.log Manager: deploy: Deploying web application '/Gen1-P3CAMS'
17-Jan-2024 22:06:04.669 INFO [http-nio-8080-exec-35] org.apache.catalina.core.ApplicationContext.log Manager: Uploading WAR file to C:\Users\TRJAVA-11\Documents\apache-tomcat-10.1.18\webapps\Gen1-P3CAMS.war.tmp
17-Jan-2024 22:11:44.149 INFO [http-nio-8080-exec-43] org.apache.catalina.core.ApplicationContext.log Manager: deploy: Deploying web application '/Gen1-P3CAMS'
17-Jan-2024 22:11:44.149 INFO [http-nio-8080-exec-43] org.apache.catalina.core.ApplicationContext.log Manager: Uploading WAR file to C:\Users\TRJAVA-11\Documents\apache-tomcat-10.1.18\webapps\Gen1-P3CAMS.war.tmp
17-Jan-2024 22:12:15.426 INFO [http-nio-8080-exec-38] org.apache.catalina.core.ApplicationContext.log Manager: deploy: Deploying web application '/Gen1-P3CAMS'
17-Jan-2024 22:12:15.426 INFO [http-nio-8080-exec-38] org.apache.catalina.core.ApplicationContext.log Manager: Uploading WAR file to C:\Users\TRJAVA-11\Documents\apache-tomcat-10.1.18\webapps\Gen1-P3CAMS.war.tmp
17-Jan-2024 22:32:18.847 INFO [http-nio-8080-exec-62] org.apache.catalina.core.ApplicationContext.log Manager: deploy: Deploying web application '/Gen1-P3CAMS'
17-Jan-2024 22:32:18.848 INFO [http-nio-8080-exec-62] org.apache.catalina.core.ApplicationContext.log Manager: Uploading WAR file to C:\Users\TRJAVA-11\Documents\apache-tomcat-10.1.18\webapps\Gen1-P3CAMS.war.tmp
17-Jan-2024 22:36:47.794 INFO [http-nio-8080-exec-65] org.apache.catalina.core.ApplicationContext.log Manager: deploy: Deploying web application '/Gen1-P3CAMS'
17-Jan-2024 22:36:47.794 INFO [http-nio-8080-exec-65] org.apache.catalina.core.ApplicationContext.log Manager: Uploading WAR file to C:\Users\TRJAVA-11\Documents\apache-tomcat-10.1.18\webapps\Gen1-P3CAMS.war.tmp
17-Jan-2024 22:38:50.434 INFO [http-nio-8080-exec-71] org.apache.catalina.core.ApplicationContext.log Manager: deploy: Deploying web application '/Gen1-P3CAMS'
17-Jan-2024 22:38:50.435 INFO [http-nio-8080-exec-71] org.apache.catalina.core.ApplicationContext.log Manager: Uploading WAR file to C:\Users\TRJAVA-11\Documents\apache-tomcat-10.1.18\webapps\Gen1-P3CAMS.war.tmp
17-Jan-2024 22:40:03.697 INFO [http-nio-8080-exec-74] org.apache.catalina.core.ApplicationContext.log Manager: deploy: Deploying web application '/Gen1-P3CAMS'
17-Jan-2024 22:40:03.697 INFO [http-nio-8080-exec-74] org.apache.catalina.core.ApplicationContext.log Manager: Uploading WAR file to C:\Users\TRJAVA-11\Documents\apache-tomcat-10.1.18\webapps\Gen1-P3CAMS.war.tmp
17-Jan-2024 22:48:29.575 INFO [http-nio-8080-exec-83] org.apache.catalina.core.ApplicationContext.log Manager: deploy: Deploying web application '/Gen1-P3CAMS'
17-Jan-2024 22:48:29.576 INFO [http-nio-8080-exec-83] org.apache.catalina.core.ApplicationContext.log Manager: Uploading WAR file to C:\Users\TRJAVA-11\Documents\apache-tomcat-10.1.18\webapps\Gen1-P3CAMS.war.tmp
