16-Jan-2024 08:09:22.558 INFO [http-nio-8080-exec-216] org.apache.catalina.core.ApplicationContext.log Manager: deploy: Deploying web application '/Gen1-P3CAMS'
16-Jan-2024 08:09:22.559 INFO [http-nio-8080-exec-216] org.apache.catalina.core.ApplicationContext.log Manager: Uploading WAR file to C:\Users\TRJAVA-11\Documents\apache-tomcat-10.1.18\webapps\Gen1-P3CAMS.war.tmp
16-Jan-2024 08:14:38.985 INFO [http-nio-8080-exec-226] org.apache.catalina.core.ApplicationContext.log Manager: deploy: Deploying web application '/Gen1-P3CAMS'
16-Jan-2024 08:14:38.985 INFO [http-nio-8080-exec-226] org.apache.catalina.core.ApplicationContext.log Manager: Uploading WAR file to C:\Users\TRJAVA-11\Documents\apache-tomcat-10.1.18\webapps\Gen1-P3CAMS.war.tmp
16-Jan-2024 08:15:38.058 INFO [http-nio-8080-exec-234] org.apache.catalina.core.ApplicationContext.log Manager: deploy: Deploying web application '/Gen1-P3CAMS'
16-Jan-2024 08:15:38.059 INFO [http-nio-8080-exec-234] org.apache.catalina.core.ApplicationContext.log Manager: Uploading WAR file to C:\Users\TRJAVA-11\Documents\apache-tomcat-10.1.18\webapps\Gen1-P3CAMS.war.tmp
16-Jan-2024 08:17:18.648 INFO [http-nio-8080-exec-228] org.apache.catalina.core.ApplicationContext.log Manager: deploy: Deploying web application '/Gen1-P3CAMS'
16-Jan-2024 08:17:18.648 INFO [http-nio-8080-exec-228] org.apache.catalina.core.ApplicationContext.log Manager: Uploading WAR file to C:\Users\TRJAVA-11\Documents\apache-tomcat-10.1.18\webapps\Gen1-P3CAMS.war.tmp
16-Jan-2024 08:18:46.126 INFO [http-nio-8080-exec-243] org.apache.catalina.core.ApplicationContext.log Manager: deploy: Deploying web application '/Gen1-P3CAMS'
16-Jan-2024 08:18:46.126 INFO [http-nio-8080-exec-243] org.apache.catalina.core.ApplicationContext.log Manager: Uploading WAR file to C:\Users\TRJAVA-11\Documents\apache-tomcat-10.1.18\webapps\Gen1-P3CAMS.war.tmp
16-Jan-2024 08:19:37.597 INFO [http-nio-8080-exec-242] org.apache.catalina.core.ApplicationContext.log Manager: deploy: Deploying web application '/Gen1-P3CAMS'
16-Jan-2024 08:19:37.598 INFO [http-nio-8080-exec-242] org.apache.catalina.core.ApplicationContext.log Manager: Uploading WAR file to C:\Users\TRJAVA-11\Documents\apache-tomcat-10.1.18\webapps\Gen1-P3CAMS.war.tmp
16-Jan-2024 08:20:31.091 INFO [http-nio-8080-exec-239] org.apache.catalina.core.ApplicationContext.log Manager: deploy: Deploying web application '/Gen1-P3CAMS'
16-Jan-2024 08:20:31.092 INFO [http-nio-8080-exec-239] org.apache.catalina.core.ApplicationContext.log Manager: Uploading WAR file to C:\Users\TRJAVA-11\Documents\apache-tomcat-10.1.18\webapps\Gen1-P3CAMS.war.tmp
16-Jan-2024 09:40:11.881 INFO [http-nio-8080-exec-259] org.apache.catalina.core.ApplicationContext.log Manager: deploy: Deploying web application '/Gen1-P3CAMS'
16-Jan-2024 09:40:11.881 INFO [http-nio-8080-exec-259] org.apache.catalina.core.ApplicationContext.log Manager: Uploading WAR file to C:\Users\TRJAVA-11\Documents\apache-tomcat-10.1.18\webapps\Gen1-P3CAMS.war.tmp
16-Jan-2024 09:44:36.309 INFO [http-nio-8080-exec-266] org.apache.catalina.core.ApplicationContext.log Manager: deploy: Deploying web application '/Gen1-Rutas'
16-Jan-2024 09:44:36.309 INFO [http-nio-8080-exec-266] org.apache.catalina.core.ApplicationContext.log Manager: Uploading WAR file to C:\Users\TRJAVA-11\Documents\apache-tomcat-10.1.18\webapps\Gen1-Rutas.war.tmp
16-Jan-2024 09:48:57.478 INFO [http-nio-8080-exec-274] org.apache.catalina.core.ApplicationContext.log Manager: deploy: Deploying web application '/Gen1-P3CAMS'
16-Jan-2024 09:48:57.478 INFO [http-nio-8080-exec-274] org.apache.catalina.core.ApplicationContext.log Manager: Uploading WAR file to C:\Users\TRJAVA-11\Documents\apache-tomcat-10.1.18\webapps\Gen1-P3CAMS.war.tmp
16-Jan-2024 09:58:28.093 INFO [http-nio-8080-exec-282] org.apache.catalina.core.ApplicationContext.log Manager: deploy: Deploying web application '/Gen1-P3CAMS'
16-Jan-2024 09:58:28.093 INFO [http-nio-8080-exec-282] org.apache.catalina.core.ApplicationContext.log Manager: Uploading WAR file to C:\Users\TRJAVA-11\Documents\apache-tomcat-10.1.18\webapps\Gen1-P3CAMS.war.tmp
16-Jan-2024 10:00:08.665 INFO [http-nio-8080-exec-289] org.apache.catalina.core.ApplicationContext.log Manager: deploy: Deploying web application '/Gen1-P3CAMS'
16-Jan-2024 10:00:08.665 INFO [http-nio-8080-exec-289] org.apache.catalina.core.ApplicationContext.log Manager: Uploading WAR file to C:\Users\TRJAVA-11\Documents\apache-tomcat-10.1.18\webapps\Gen1-P3CAMS.war.tmp
16-Jan-2024 10:34:37.648 INFO [http-nio-8080-exec-295] org.apache.catalina.core.ApplicationContext.log Manager: deploy: Deploying web application '/Gen1-P3CAMS'
16-Jan-2024 10:34:37.648 INFO [http-nio-8080-exec-295] org.apache.catalina.core.ApplicationContext.log Manager: Uploading WAR file to C:\Users\TRJAVA-11\Documents\apache-tomcat-10.1.18\webapps\Gen1-P3CAMS.war.tmp
16-Jan-2024 10:35:35.503 INFO [http-nio-8080-exec-299] org.apache.catalina.core.ApplicationContext.log Manager: deploy: Deploying web application '/Gen1-P3CAMS'
16-Jan-2024 10:35:35.503 INFO [http-nio-8080-exec-299] org.apache.catalina.core.ApplicationContext.log Manager: Uploading WAR file to C:\Users\TRJAVA-11\Documents\apache-tomcat-10.1.18\webapps\Gen1-P3CAMS.war.tmp
16-Jan-2024 10:41:49.244 INFO [http-nio-8080-exec-311] org.apache.catalina.core.ApplicationContext.log Manager: deploy: Deploying web application '/Gen1-P3CAMS'
16-Jan-2024 10:41:49.244 INFO [http-nio-8080-exec-311] org.apache.catalina.core.ApplicationContext.log Manager: Uploading WAR file to C:\Users\TRJAVA-11\Documents\apache-tomcat-10.1.18\webapps\Gen1-P3CAMS.war.tmp
16-Jan-2024 10:51:50.780 INFO [http-nio-8080-exec-317] org.apache.catalina.core.ApplicationContext.log Manager: deploy: Deploying web application '/Gen1-P3CAMS'
16-Jan-2024 10:51:50.780 INFO [http-nio-8080-exec-317] org.apache.catalina.core.ApplicationContext.log Manager: Uploading WAR file to C:\Users\TRJAVA-11\Documents\apache-tomcat-10.1.18\webapps\Gen1-P3CAMS.war.tmp
16-Jan-2024 10:54:28.707 INFO [http-nio-8080-exec-326] org.apache.catalina.core.ApplicationContext.log Manager: deploy: Deploying web application '/Gen1-P3CAMS'
16-Jan-2024 10:54:28.707 INFO [http-nio-8080-exec-326] org.apache.catalina.core.ApplicationContext.log Manager: Uploading WAR file to C:\Users\TRJAVA-11\Documents\apache-tomcat-10.1.18\webapps\Gen1-P3CAMS.war.tmp
16-Jan-2024 11:01:35.883 INFO [http-nio-8080-exec-332] org.apache.catalina.core.ApplicationContext.log Manager: deploy: Deploying web application '/Gen1-P3CAMS'
16-Jan-2024 11:01:35.884 INFO [http-nio-8080-exec-332] org.apache.catalina.core.ApplicationContext.log Manager: Uploading WAR file to C:\Users\TRJAVA-11\Documents\apache-tomcat-10.1.18\webapps\Gen1-P3CAMS.war.tmp
16-Jan-2024 11:08:12.872 INFO [http-nio-8080-exec-342] org.apache.catalina.core.ApplicationContext.log Manager: deploy: Deploying web application '/Gen1-P3CAMS'
16-Jan-2024 11:08:12.872 INFO [http-nio-8080-exec-342] org.apache.catalina.core.ApplicationContext.log Manager: Uploading WAR file to C:\Users\TRJAVA-11\Documents\apache-tomcat-10.1.18\webapps\Gen1-P3CAMS.war.tmp
16-Jan-2024 11:09:18.133 INFO [http-nio-8080-exec-352] org.apache.catalina.core.ApplicationContext.log Manager: deploy: Deploying web application '/Gen1-P3CAMS'
16-Jan-2024 11:09:18.134 INFO [http-nio-8080-exec-352] org.apache.catalina.core.ApplicationContext.log Manager: Uploading WAR file to C:\Users\TRJAVA-11\Documents\apache-tomcat-10.1.18\webapps\Gen1-P3CAMS.war.tmp
16-Jan-2024 11:10:27.472 INFO [http-nio-8080-exec-358] org.apache.catalina.core.ApplicationContext.log Manager: deploy: Deploying web application '/Gen1-P3CAMS'
16-Jan-2024 11:10:27.472 INFO [http-nio-8080-exec-358] org.apache.catalina.core.ApplicationContext.log Manager: Uploading WAR file to C:\Users\TRJAVA-11\Documents\apache-tomcat-10.1.18\webapps\Gen1-P3CAMS.war.tmp
16-Jan-2024 11:11:42.761 INFO [http-nio-8080-exec-365] org.apache.catalina.core.ApplicationContext.log Manager: deploy: Deploying web application '/Gen1-P3CAMS'
16-Jan-2024 11:11:42.761 INFO [http-nio-8080-exec-365] org.apache.catalina.core.ApplicationContext.log Manager: Uploading WAR file to C:\Users\TRJAVA-11\Documents\apache-tomcat-10.1.18\webapps\Gen1-P3CAMS.war.tmp
16-Jan-2024 11:12:29.588 INFO [http-nio-8080-exec-367] org.apache.catalina.core.ApplicationContext.log Manager: deploy: Deploying web application '/Gen1-P3CAMS'
16-Jan-2024 11:12:29.588 INFO [http-nio-8080-exec-367] org.apache.catalina.core.ApplicationContext.log Manager: Uploading WAR file to C:\Users\TRJAVA-11\Documents\apache-tomcat-10.1.18\webapps\Gen1-P3CAMS.war.tmp
16-Jan-2024 11:21:54.465 INFO [http-nio-8080-exec-379] org.apache.catalina.core.ApplicationContext.log Manager: deploy: Deploying web application '/Gen1-API'
16-Jan-2024 11:21:54.465 INFO [http-nio-8080-exec-379] org.apache.catalina.core.ApplicationContext.log Manager: Uploading WAR file to C:\Users\TRJAVA-11\Documents\apache-tomcat-10.1.18\webapps\Gen1-API.war.tmp
16-Jan-2024 11:49:27.474 INFO [http-nio-8080-exec-381] org.apache.catalina.core.ApplicationContext.log Manager: deploy: Deploying web application '/Gen1-Rutas'
16-Jan-2024 11:49:27.474 INFO [http-nio-8080-exec-381] org.apache.catalina.core.ApplicationContext.log Manager: Uploading WAR file to C:\Users\TRJAVA-11\Documents\apache-tomcat-10.1.18\webapps\Gen1-Rutas.war.tmp
16-Jan-2024 11:55:03.485 INFO [http-nio-8080-exec-389] org.apache.catalina.core.ApplicationContext.log Manager: deploy: Deploying web application '/Gen1-Rutas'
16-Jan-2024 11:55:03.485 INFO [http-nio-8080-exec-389] org.apache.catalina.core.ApplicationContext.log Manager: Uploading WAR file to C:\Users\TRJAVA-11\Documents\apache-tomcat-10.1.18\webapps\Gen1-Rutas.war.tmp
16-Jan-2024 11:58:09.799 INFO [http-nio-8080-exec-399] org.apache.catalina.core.ApplicationContext.log Manager: deploy: Deploying web application '/Gen1-Rutas'
16-Jan-2024 11:58:09.799 INFO [http-nio-8080-exec-399] org.apache.catalina.core.ApplicationContext.log Manager: Uploading WAR file to C:\Users\TRJAVA-11\Documents\apache-tomcat-10.1.18\webapps\Gen1-Rutas.war.tmp
16-Jan-2024 12:09:11.159 INFO [http-nio-8080-exec-408] org.apache.catalina.core.ApplicationContext.log Manager: deploy: Deploying web application '/Gen1-API'
16-Jan-2024 12:09:11.159 INFO [http-nio-8080-exec-408] org.apache.catalina.core.ApplicationContext.log Manager: Uploading WAR file to C:\Users\TRJAVA-11\Documents\apache-tomcat-10.1.18\webapps\Gen1-API.war.tmp
16-Jan-2024 12:11:38.569 INFO [http-nio-8080-exec-418] org.apache.catalina.core.ApplicationContext.log Manager: deploy: Deploying web application '/Gen1-Rutas'
16-Jan-2024 12:11:38.569 INFO [http-nio-8080-exec-418] org.apache.catalina.core.ApplicationContext.log Manager: Uploading WAR file to C:\Users\TRJAVA-11\Documents\apache-tomcat-10.1.18\webapps\Gen1-Rutas.war.tmp
16-Jan-2024 12:13:12.053 INFO [http-nio-8080-exec-427] org.apache.catalina.core.ApplicationContext.log Manager: deploy: Deploying web application '/Gen1-Rutas'
16-Jan-2024 12:13:12.053 INFO [http-nio-8080-exec-427] org.apache.catalina.core.ApplicationContext.log Manager: Uploading WAR file to C:\Users\TRJAVA-11\Documents\apache-tomcat-10.1.18\webapps\Gen1-Rutas.war.tmp
16-Jan-2024 12:14:49.907 INFO [http-nio-8080-exec-430] org.apache.catalina.core.ApplicationContext.log Manager: deploy: Deploying web application '/Gen1-Rutas'
16-Jan-2024 12:14:49.907 INFO [http-nio-8080-exec-430] org.apache.catalina.core.ApplicationContext.log Manager: Uploading WAR file to C:\Users\TRJAVA-11\Documents\apache-tomcat-10.1.18\webapps\Gen1-Rutas.war.tmp
16-Jan-2024 12:20:14.429 INFO [http-nio-8080-exec-437] org.apache.catalina.core.ApplicationContext.log Manager: deploy: Deploying web application '/Gen1-Rutas'
16-Jan-2024 12:20:14.430 INFO [http-nio-8080-exec-437] org.apache.catalina.core.ApplicationContext.log Manager: Uploading WAR file to C:\Users\TRJAVA-11\Documents\apache-tomcat-10.1.18\webapps\Gen1-Rutas.war.tmp
16-Jan-2024 12:24:04.682 INFO [http-nio-8080-exec-444] org.apache.catalina.core.ApplicationContext.log Manager: deploy: Deploying web application '/Gen1-API'
16-Jan-2024 12:24:04.682 INFO [http-nio-8080-exec-444] org.apache.catalina.core.ApplicationContext.log Manager: Uploading WAR file to C:\Users\TRJAVA-11\Documents\apache-tomcat-10.1.18\webapps\Gen1-API.war.tmp
16-Jan-2024 12:24:24.803 INFO [http-nio-8080-exec-446] org.apache.catalina.core.ApplicationContext.log Manager: deploy: Deploying web application '/Gen1-Rutas'
16-Jan-2024 12:24:24.803 INFO [http-nio-8080-exec-446] org.apache.catalina.core.ApplicationContext.log Manager: Uploading WAR file to C:\Users\TRJAVA-11\Documents\apache-tomcat-10.1.18\webapps\Gen1-Rutas.war.tmp
16-Jan-2024 13:32:58.710 INFO [http-nio-8080-exec-456] org.apache.catalina.core.ApplicationContext.log Manager: deploy: Deploying web application '/Gen1-P3CAMS'
16-Jan-2024 13:32:58.710 INFO [http-nio-8080-exec-456] org.apache.catalina.core.ApplicationContext.log Manager: Uploading WAR file to C:\Users\TRJAVA-11\Documents\apache-tomcat-10.1.18\webapps\Gen1-P3CAMS.war.tmp
16-Jan-2024 13:37:36.738 INFO [http-nio-8080-exec-465] org.apache.catalina.core.ApplicationContext.log Manager: deploy: Deploying web application '/Gen1-P3CAMS'
16-Jan-2024 13:37:36.738 INFO [http-nio-8080-exec-465] org.apache.catalina.core.ApplicationContext.log Manager: Uploading WAR file to C:\Users\TRJAVA-11\Documents\apache-tomcat-10.1.18\webapps\Gen1-P3CAMS.war.tmp
16-Jan-2024 13:39:38.682 INFO [http-nio-8080-exec-475] org.apache.catalina.core.ApplicationContext.log Manager: deploy: Deploying web application '/Gen1-P3CAMS'
16-Jan-2024 13:39:38.682 INFO [http-nio-8080-exec-475] org.apache.catalina.core.ApplicationContext.log Manager: Uploading WAR file to C:\Users\TRJAVA-11\Documents\apache-tomcat-10.1.18\webapps\Gen1-P3CAMS.war.tmp
16-Jan-2024 13:50:38.052 INFO [http-nio-8080-exec-482] org.apache.catalina.core.ApplicationContext.log Manager: deploy: Deploying web application '/Gen1-P3CAMS'
16-Jan-2024 13:50:38.053 INFO [http-nio-8080-exec-482] org.apache.catalina.core.ApplicationContext.log Manager: Uploading WAR file to C:\Users\TRJAVA-11\Documents\apache-tomcat-10.1.18\webapps\Gen1-P3CAMS.war.tmp
16-Jan-2024 14:01:02.849 INFO [http-nio-8080-exec-495] org.apache.catalina.core.ApplicationContext.log Manager: deploy: Deploying web application '/Gen1-P3CAMS'
16-Jan-2024 14:01:02.849 INFO [http-nio-8080-exec-495] org.apache.catalina.core.ApplicationContext.log Manager: Uploading WAR file to C:\Users\TRJAVA-11\Documents\apache-tomcat-10.1.18\webapps\Gen1-P3CAMS.war.tmp
16-Jan-2024 14:02:33.732 INFO [http-nio-8080-exec-502] org.apache.catalina.core.ApplicationContext.log Manager: deploy: Deploying web application '/Gen1-P3CAMS'
16-Jan-2024 14:02:33.732 INFO [http-nio-8080-exec-502] org.apache.catalina.core.ApplicationContext.log Manager: Uploading WAR file to C:\Users\TRJAVA-11\Documents\apache-tomcat-10.1.18\webapps\Gen1-P3CAMS.war.tmp
16-Jan-2024 14:11:35.510 INFO [http-nio-8080-exec-507] org.apache.catalina.core.ApplicationContext.log Manager: deploy: Deploying web application '/Gen1-P3CAMS'
16-Jan-2024 14:11:35.510 INFO [http-nio-8080-exec-507] org.apache.catalina.core.ApplicationContext.log Manager: Uploading WAR file to C:\Users\TRJAVA-11\Documents\apache-tomcat-10.1.18\webapps\Gen1-P3CAMS.war.tmp
16-Jan-2024 14:14:43.043 INFO [http-nio-8080-exec-517] org.apache.catalina.core.ApplicationContext.log Manager: deploy: Deploying web application '/Gen1-P3CAMS'
16-Jan-2024 14:14:43.043 INFO [http-nio-8080-exec-517] org.apache.catalina.core.ApplicationContext.log Manager: Uploading WAR file to C:\Users\TRJAVA-11\Documents\apache-tomcat-10.1.18\webapps\Gen1-P3CAMS.war.tmp
16-Jan-2024 14:15:28.379 INFO [http-nio-8080-exec-521] org.apache.catalina.core.ApplicationContext.log Manager: deploy: Deploying web application '/Gen1-P3CAMS'
16-Jan-2024 14:15:28.380 INFO [http-nio-8080-exec-521] org.apache.catalina.core.ApplicationContext.log Manager: Uploading WAR file to C:\Users\TRJAVA-11\Documents\apache-tomcat-10.1.18\webapps\Gen1-P3CAMS.war.tmp
16-Jan-2024 14:35:23.669 INFO [http-nio-8080-exec-535] org.apache.catalina.core.ApplicationContext.log Manager: deploy: Deploying web application '/Gen1-P3CAMS'
16-Jan-2024 14:35:23.669 INFO [http-nio-8080-exec-535] org.apache.catalina.core.ApplicationContext.log Manager: Uploading WAR file to C:\Users\TRJAVA-11\Documents\apache-tomcat-10.1.18\webapps\Gen1-P3CAMS.war.tmp
16-Jan-2024 14:54:53.288 INFO [http-nio-8080-exec-541] org.apache.catalina.core.ApplicationContext.log Manager: deploy: Deploying web application '/Gen1-P3CAMS'
16-Jan-2024 14:54:53.288 INFO [http-nio-8080-exec-541] org.apache.catalina.core.ApplicationContext.log Manager: Uploading WAR file to C:\Users\TRJAVA-11\Documents\apache-tomcat-10.1.18\webapps\Gen1-P3CAMS.war.tmp
16-Jan-2024 14:55:57.497 INFO [http-nio-8080-exec-551] org.apache.catalina.core.ApplicationContext.log Manager: deploy: Deploying web application '/Gen1-P3CAMS'
16-Jan-2024 14:55:57.497 INFO [http-nio-8080-exec-551] org.apache.catalina.core.ApplicationContext.log Manager: Uploading WAR file to C:\Users\TRJAVA-11\Documents\apache-tomcat-10.1.18\webapps\Gen1-P3CAMS.war.tmp
16-Jan-2024 14:58:00.934 INFO [http-nio-8080-exec-558] org.apache.catalina.core.ApplicationContext.log Manager: deploy: Deploying web application '/Gen1-P3CAMS'
16-Jan-2024 14:58:00.934 INFO [http-nio-8080-exec-558] org.apache.catalina.core.ApplicationContext.log Manager: Uploading WAR file to C:\Users\TRJAVA-11\Documents\apache-tomcat-10.1.18\webapps\Gen1-P3CAMS.war.tmp
16-Jan-2024 14:59:21.243 INFO [http-nio-8080-exec-568] org.apache.catalina.core.ApplicationContext.log Manager: deploy: Deploying web application '/Gen1-P3CAMS'
16-Jan-2024 14:59:21.243 INFO [http-nio-8080-exec-568] org.apache.catalina.core.ApplicationContext.log Manager: Uploading WAR file to C:\Users\TRJAVA-11\Documents\apache-tomcat-10.1.18\webapps\Gen1-P3CAMS.war.tmp
16-Jan-2024 14:59:49.870 INFO [http-nio-8080-exec-559] org.apache.catalina.core.ApplicationContext.log Manager: deploy: Deploying web application '/Gen1-P3CAMS'
16-Jan-2024 14:59:49.871 INFO [http-nio-8080-exec-559] org.apache.catalina.core.ApplicationContext.log Manager: Uploading WAR file to C:\Users\TRJAVA-11\Documents\apache-tomcat-10.1.18\webapps\Gen1-P3CAMS.war.tmp
16-Jan-2024 16:20:25.379 INFO [http-nio-8080-exec-581] org.apache.catalina.core.ApplicationContext.log Manager: deploy: Deploying web application '/Gen1-P3CAMS'
16-Jan-2024 16:20:25.379 INFO [http-nio-8080-exec-581] org.apache.catalina.core.ApplicationContext.log Manager: Uploading WAR file to C:\Users\TRJAVA-11\Documents\apache-tomcat-10.1.18\webapps\Gen1-P3CAMS.war.tmp
16-Jan-2024 16:21:57.982 INFO [http-nio-8080-exec-586] org.apache.catalina.core.ApplicationContext.log Manager: deploy: Deploying web application '/Gen1-P3CAMS'
16-Jan-2024 16:21:57.982 INFO [http-nio-8080-exec-586] org.apache.catalina.core.ApplicationContext.log Manager: Uploading WAR file to C:\Users\TRJAVA-11\Documents\apache-tomcat-10.1.18\webapps\Gen1-P3CAMS.war.tmp
16-Jan-2024 16:22:47.399 INFO [http-nio-8080-exec-585] org.apache.catalina.core.ApplicationContext.log Manager: deploy: Deploying web application '/Gen1-P3CAMS'
16-Jan-2024 16:22:47.399 INFO [http-nio-8080-exec-585] org.apache.catalina.core.ApplicationContext.log Manager: Uploading WAR file to C:\Users\TRJAVA-11\Documents\apache-tomcat-10.1.18\webapps\Gen1-P3CAMS.war.tmp
16-Jan-2024 16:35:15.105 INFO [http-nio-8080-exec-595] org.apache.catalina.core.ApplicationContext.log Manager: deploy: Deploying web application '/Gen1-P3CAMS'
16-Jan-2024 16:35:15.105 INFO [http-nio-8080-exec-595] org.apache.catalina.core.ApplicationContext.log Manager: Uploading WAR file to C:\Users\TRJAVA-11\Documents\apache-tomcat-10.1.18\webapps\Gen1-P3CAMS.war.tmp
16-Jan-2024 16:39:29.102 INFO [http-nio-8080-exec-605] org.apache.catalina.core.ApplicationContext.log Manager: deploy: Deploying web application '/Gen1-P3CAMS'
16-Jan-2024 16:39:29.103 INFO [http-nio-8080-exec-605] org.apache.catalina.core.ApplicationContext.log Manager: Uploading WAR file to C:\Users\TRJAVA-11\Documents\apache-tomcat-10.1.18\webapps\Gen1-P3CAMS.war.tmp
16-Jan-2024 16:40:25.546 INFO [http-nio-8080-exec-607] org.apache.catalina.core.ApplicationContext.log Manager: deploy: Deploying web application '/Gen1-P3CAMS'
16-Jan-2024 16:40:25.547 INFO [http-nio-8080-exec-607] org.apache.catalina.core.ApplicationContext.log Manager: Uploading WAR file to C:\Users\TRJAVA-11\Documents\apache-tomcat-10.1.18\webapps\Gen1-P3CAMS.war.tmp
16-Jan-2024 16:41:11.759 INFO [http-nio-8080-exec-611] org.apache.catalina.core.ApplicationContext.log Manager: deploy: Deploying web application '/Gen1-P3CAMS'
16-Jan-2024 16:41:11.759 INFO [http-nio-8080-exec-611] org.apache.catalina.core.ApplicationContext.log Manager: Uploading WAR file to C:\Users\TRJAVA-11\Documents\apache-tomcat-10.1.18\webapps\Gen1-P3CAMS.war.tmp
16-Jan-2024 16:42:29.794 INFO [http-nio-8080-exec-620] org.apache.catalina.core.ApplicationContext.log Manager: deploy: Deploying web application '/Gen1-P3CAMS'
16-Jan-2024 16:42:29.794 INFO [http-nio-8080-exec-620] org.apache.catalina.core.ApplicationContext.log Manager: Uploading WAR file to C:\Users\TRJAVA-11\Documents\apache-tomcat-10.1.18\webapps\Gen1-P3CAMS.war.tmp
16-Jan-2024 16:53:48.860 INFO [http-nio-8080-exec-625] org.apache.catalina.core.ApplicationContext.log Manager: deploy: Deploying web application '/Gen1-P3CAMS'
16-Jan-2024 16:53:48.860 INFO [http-nio-8080-exec-625] org.apache.catalina.core.ApplicationContext.log Manager: Uploading WAR file to C:\Users\TRJAVA-11\Documents\apache-tomcat-10.1.18\webapps\Gen1-P3CAMS.war.tmp
16-Jan-2024 16:56:38.809 INFO [http-nio-8080-exec-635] org.apache.catalina.core.ApplicationContext.log Manager: deploy: Deploying web application '/Gen1-P3CAMS'
16-Jan-2024 16:56:38.809 INFO [http-nio-8080-exec-635] org.apache.catalina.core.ApplicationContext.log Manager: Uploading WAR file to C:\Users\TRJAVA-11\Documents\apache-tomcat-10.1.18\webapps\Gen1-P3CAMS.war.tmp
16-Jan-2024 16:57:30.769 INFO [http-nio-8080-exec-638] org.apache.catalina.core.ApplicationContext.log Manager: deploy: Deploying web application '/Gen1-P3CAMS'
16-Jan-2024 16:57:30.769 INFO [http-nio-8080-exec-638] org.apache.catalina.core.ApplicationContext.log Manager: Uploading WAR file to C:\Users\TRJAVA-11\Documents\apache-tomcat-10.1.18\webapps\Gen1-P3CAMS.war.tmp
16-Jan-2024 17:00:57.804 INFO [http-nio-8080-exec-653] org.apache.catalina.core.ApplicationContext.log Manager: deploy: Deploying web application '/Gen1-P3CAMS'
16-Jan-2024 17:00:57.804 INFO [http-nio-8080-exec-653] org.apache.catalina.core.ApplicationContext.log Manager: Uploading WAR file to C:\Users\TRJAVA-11\Documents\apache-tomcat-10.1.18\webapps\Gen1-P3CAMS.war.tmp
16-Jan-2024 17:23:59.023 INFO [http-nio-8080-exec-665] org.apache.catalina.core.ApplicationContext.log Manager: deploy: Deploying web application '/Gen1-P3CAMS'
16-Jan-2024 17:23:59.023 INFO [http-nio-8080-exec-665] org.apache.catalina.core.ApplicationContext.log Manager: Uploading WAR file to C:\Users\TRJAVA-11\Documents\apache-tomcat-10.1.18\webapps\Gen1-P3CAMS.war.tmp
16-Jan-2024 17:28:15.922 INFO [http-nio-8080-exec-666] org.apache.catalina.core.ApplicationContext.log Manager: deploy: Deploying web application '/Gen1-P3CAMS'
16-Jan-2024 17:28:15.922 INFO [http-nio-8080-exec-666] org.apache.catalina.core.ApplicationContext.log Manager: Uploading WAR file to C:\Users\TRJAVA-11\Documents\apache-tomcat-10.1.18\webapps\Gen1-P3CAMS.war.tmp
16-Jan-2024 17:31:54.759 INFO [http-nio-8080-exec-673] org.apache.catalina.core.ApplicationContext.log Manager: deploy: Deploying web application '/Gen1-P3CAMS'
16-Jan-2024 17:31:54.759 INFO [http-nio-8080-exec-673] org.apache.catalina.core.ApplicationContext.log Manager: Uploading WAR file to C:\Users\TRJAVA-11\Documents\apache-tomcat-10.1.18\webapps\Gen1-P3CAMS.war.tmp
16-Jan-2024 17:32:26.102 INFO [http-nio-8080-exec-681] org.apache.catalina.core.ApplicationContext.log Manager: deploy: Deploying web application '/Gen1-P3CAMS'
16-Jan-2024 17:32:26.102 INFO [http-nio-8080-exec-681] org.apache.catalina.core.ApplicationContext.log Manager: Uploading WAR file to C:\Users\TRJAVA-11\Documents\apache-tomcat-10.1.18\webapps\Gen1-P3CAMS.war.tmp
16-Jan-2024 17:49:54.709 INFO [http-nio-8080-exec-687] org.apache.catalina.core.ApplicationContext.log Manager: deploy: Deploying web application '/Gen1-P3CAMS'
16-Jan-2024 17:49:54.709 INFO [http-nio-8080-exec-687] org.apache.catalina.core.ApplicationContext.log Manager: Uploading WAR file to C:\Users\TRJAVA-11\Documents\apache-tomcat-10.1.18\webapps\Gen1-P3CAMS.war.tmp
16-Jan-2024 17:53:37.892 INFO [http-nio-8080-exec-695] org.apache.catalina.core.ApplicationContext.log Manager: deploy: Deploying web application '/Gen1-P3CAMS'
16-Jan-2024 17:53:37.893 INFO [http-nio-8080-exec-695] org.apache.catalina.core.ApplicationContext.log Manager: Uploading WAR file to C:\Users\TRJAVA-11\Documents\apache-tomcat-10.1.18\webapps\Gen1-P3CAMS.war.tmp
16-Jan-2024 17:53:54.649 INFO [http-nio-8080-exec-697] org.apache.catalina.core.ApplicationContext.log Manager: deploy: Deploying web application '/Gen1-P3CAMS'
16-Jan-2024 17:53:54.649 INFO [http-nio-8080-exec-697] org.apache.catalina.core.ApplicationContext.log Manager: Uploading WAR file to C:\Users\TRJAVA-11\Documents\apache-tomcat-10.1.18\webapps\Gen1-P3CAMS.war.tmp
16-Jan-2024 17:55:45.097 INFO [http-nio-8080-exec-702] org.apache.catalina.core.ApplicationContext.log Manager: deploy: Deploying web application '/Gen1-P3CAMS'
16-Jan-2024 17:55:45.098 INFO [http-nio-8080-exec-702] org.apache.catalina.core.ApplicationContext.log Manager: Uploading WAR file to C:\Users\TRJAVA-11\Documents\apache-tomcat-10.1.18\webapps\Gen1-P3CAMS.war.tmp
16-Jan-2024 17:58:54.893 INFO [http-nio-8080-exec-707] org.apache.catalina.core.ApplicationContext.log Manager: deploy: Deploying web application '/Gen1-P3CAMS'
16-Jan-2024 17:58:54.894 INFO [http-nio-8080-exec-707] org.apache.catalina.core.ApplicationContext.log Manager: Uploading WAR file to C:\Users\TRJAVA-11\Documents\apache-tomcat-10.1.18\webapps\Gen1-P3CAMS.war.tmp
16-Jan-2024 18:06:15.304 INFO [http-nio-8080-exec-718] org.apache.catalina.core.ApplicationContext.log Manager: deploy: Deploying web application '/Gen1-P3CAMS'
16-Jan-2024 18:06:15.305 INFO [http-nio-8080-exec-718] org.apache.catalina.core.ApplicationContext.log Manager: Uploading WAR file to C:\Users\TRJAVA-11\Documents\apache-tomcat-10.1.18\webapps\Gen1-P3CAMS.war.tmp
16-Jan-2024 18:10:08.693 INFO [http-nio-8080-exec-727] org.apache.catalina.core.ApplicationContext.log Manager: deploy: Deploying web application '/Gen1-P3CAMS'
16-Jan-2024 18:10:08.694 INFO [http-nio-8080-exec-727] org.apache.catalina.core.ApplicationContext.log Manager: Uploading WAR file to C:\Users\TRJAVA-11\Documents\apache-tomcat-10.1.18\webapps\Gen1-P3CAMS.war.tmp
16-Jan-2024 18:11:38.834 INFO [http-nio-8080-exec-732] org.apache.catalina.core.ApplicationContext.log Manager: deploy: Deploying web application '/Gen1-Rutas'
16-Jan-2024 18:11:38.834 INFO [http-nio-8080-exec-732] org.apache.catalina.core.ApplicationContext.log Manager: Uploading WAR file to C:\Users\TRJAVA-11\Documents\apache-tomcat-10.1.18\webapps\Gen1-Rutas.war.tmp
16-Jan-2024 18:13:55.516 INFO [http-nio-8080-exec-738] org.apache.catalina.core.ApplicationContext.log Manager: deploy: Deploying web application '/Gen1-P3CAMS'
16-Jan-2024 18:13:55.516 INFO [http-nio-8080-exec-738] org.apache.catalina.core.ApplicationContext.log Manager: Uploading WAR file to C:\Users\TRJAVA-11\Documents\apache-tomcat-10.1.18\webapps\Gen1-P3CAMS.war.tmp
16-Jan-2024 18:14:31.052 INFO [http-nio-8080-exec-737] org.apache.catalina.core.ApplicationContext.log Manager: deploy: Deploying web application '/Gen1-P3CAMS'
16-Jan-2024 18:14:31.052 INFO [http-nio-8080-exec-737] org.apache.catalina.core.ApplicationContext.log Manager: Uploading WAR file to C:\Users\TRJAVA-11\Documents\apache-tomcat-10.1.18\webapps\Gen1-P3CAMS.war.tmp
16-Jan-2024 18:15:12.380 INFO [http-nio-8080-exec-735] org.apache.catalina.core.ApplicationContext.log Manager: deploy: Deploying web application '/Gen1-P3CAMS'
16-Jan-2024 18:15:12.380 INFO [http-nio-8080-exec-735] org.apache.catalina.core.ApplicationContext.log Manager: Uploading WAR file to C:\Users\TRJAVA-11\Documents\apache-tomcat-10.1.18\webapps\Gen1-P3CAMS.war.tmp
16-Jan-2024 18:15:56.771 INFO [http-nio-8080-exec-739] org.apache.catalina.core.ApplicationContext.log Manager: deploy: Deploying web application '/Gen1-P3CAMS'
16-Jan-2024 18:15:56.772 INFO [http-nio-8080-exec-739] org.apache.catalina.core.ApplicationContext.log Manager: Uploading WAR file to C:\Users\TRJAVA-11\Documents\apache-tomcat-10.1.18\webapps\Gen1-P3CAMS.war.tmp
16-Jan-2024 18:24:10.860 INFO [http-nio-8080-exec-758] org.apache.catalina.core.ApplicationContext.log Manager: deploy: Deploying web application '/Gen1-P3CAMS'
16-Jan-2024 18:24:10.860 INFO [http-nio-8080-exec-758] org.apache.catalina.core.ApplicationContext.log Manager: Uploading WAR file to C:\Users\TRJAVA-11\Documents\apache-tomcat-10.1.18\webapps\Gen1-P3CAMS.war.tmp
16-Jan-2024 18:26:03.582 INFO [http-nio-8080-exec-767] org.apache.catalina.core.ApplicationContext.log Manager: deploy: Deploying web application '/Gen1-P3CAMS'
16-Jan-2024 18:26:03.582 INFO [http-nio-8080-exec-767] org.apache.catalina.core.ApplicationContext.log Manager: Uploading WAR file to C:\Users\TRJAVA-11\Documents\apache-tomcat-10.1.18\webapps\Gen1-P3CAMS.war.tmp
16-Jan-2024 18:27:18.400 INFO [http-nio-8080-exec-777] org.apache.catalina.core.ApplicationContext.log Manager: deploy: Deploying web application '/Gen1-P3CAMS'
16-Jan-2024 18:27:18.401 INFO [http-nio-8080-exec-777] org.apache.catalina.core.ApplicationContext.log Manager: Uploading WAR file to C:\Users\TRJAVA-11\Documents\apache-tomcat-10.1.18\webapps\Gen1-P3CAMS.war.tmp
16-Jan-2024 18:31:37.749 INFO [http-nio-8080-exec-794] org.apache.catalina.core.ApplicationContext.log Manager: deploy: Deploying web application '/Gen1-P3CAMS'
16-Jan-2024 18:31:37.749 INFO [http-nio-8080-exec-794] org.apache.catalina.core.ApplicationContext.log Manager: Uploading WAR file to C:\Users\TRJAVA-11\Documents\apache-tomcat-10.1.18\webapps\Gen1-P3CAMS.war.tmp
16-Jan-2024 20:44:23.463 INFO [http-nio-8080-exec-796] org.apache.catalina.core.ApplicationContext.log Manager: deploy: Deploying web application '/Gen1-P3CAMS'
16-Jan-2024 20:44:23.469 INFO [http-nio-8080-exec-796] org.apache.catalina.core.ApplicationContext.log Manager: Uploading WAR file to C:\Users\TRJAVA-11\Documents\apache-tomcat-10.1.18\webapps\Gen1-P3CAMS.war.tmp
16-Jan-2024 20:47:56.385 INFO [http-nio-8080-exec-808] org.apache.catalina.core.ApplicationContext.log Manager: deploy: Deploying web application '/Gen1-P3CAMS'
16-Jan-2024 20:47:56.385 INFO [http-nio-8080-exec-808] org.apache.catalina.core.ApplicationContext.log Manager: Uploading WAR file to C:\Users\TRJAVA-11\Documents\apache-tomcat-10.1.18\webapps\Gen1-P3CAMS.war.tmp
16-Jan-2024 20:52:24.936 INFO [http-nio-8080-exec-816] org.apache.catalina.core.ApplicationContext.log Manager: deploy: Deploying web application '/Gen1-P3CAMS'
16-Jan-2024 20:52:24.936 INFO [http-nio-8080-exec-816] org.apache.catalina.core.ApplicationContext.log Manager: Uploading WAR file to C:\Users\TRJAVA-11\Documents\apache-tomcat-10.1.18\webapps\Gen1-P3CAMS.war.tmp
16-Jan-2024 20:54:17.511 INFO [http-nio-8080-exec-822] org.apache.catalina.core.ApplicationContext.log Manager: deploy: Deploying web application '/Gen1-P3CAMS'
16-Jan-2024 20:54:17.512 INFO [http-nio-8080-exec-822] org.apache.catalina.core.ApplicationContext.log Manager: Uploading WAR file to C:\Users\TRJAVA-11\Documents\apache-tomcat-10.1.18\webapps\Gen1-P3CAMS.war.tmp
16-Jan-2024 20:57:44.064 INFO [http-nio-8080-exec-828] org.apache.catalina.core.ApplicationContext.log Manager: deploy: Deploying web application '/Gen1-P3CAMS'
16-Jan-2024 20:57:44.065 INFO [http-nio-8080-exec-828] org.apache.catalina.core.ApplicationContext.log Manager: Uploading WAR file to C:\Users\TRJAVA-11\Documents\apache-tomcat-10.1.18\webapps\Gen1-P3CAMS.war.tmp
16-Jan-2024 20:58:11.000 INFO [http-nio-8080-exec-835] org.apache.catalina.core.ApplicationContext.log Manager: deploy: Deploying web application '/Gen1-P3CAMS'
16-Jan-2024 20:58:11.000 INFO [http-nio-8080-exec-835] org.apache.catalina.core.ApplicationContext.log Manager: Uploading WAR file to C:\Users\TRJAVA-11\Documents\apache-tomcat-10.1.18\webapps\Gen1-P3CAMS.war.tmp
16-Jan-2024 20:58:33.528 INFO [http-nio-8080-exec-833] org.apache.catalina.core.ApplicationContext.log Manager: deploy: Deploying web application '/Gen1-P3CAMS'
16-Jan-2024 20:58:33.528 INFO [http-nio-8080-exec-833] org.apache.catalina.core.ApplicationContext.log Manager: Uploading WAR file to C:\Users\TRJAVA-11\Documents\apache-tomcat-10.1.18\webapps\Gen1-P3CAMS.war.tmp
16-Jan-2024 20:59:07.823 INFO [http-nio-8080-exec-840] org.apache.catalina.core.ApplicationContext.log Manager: deploy: Deploying web application '/Gen1-P3CAMS'
16-Jan-2024 20:59:07.823 INFO [http-nio-8080-exec-840] org.apache.catalina.core.ApplicationContext.log Manager: Uploading WAR file to C:\Users\TRJAVA-11\Documents\apache-tomcat-10.1.18\webapps\Gen1-P3CAMS.war.tmp
16-Jan-2024 21:20:00.045 INFO [http-nio-8080-exec-845] org.apache.catalina.core.ApplicationContext.log Manager: deploy: Deploying web application '/Gen1-P3CAMS'
16-Jan-2024 21:20:00.046 INFO [http-nio-8080-exec-845] org.apache.catalina.core.ApplicationContext.log Manager: Uploading WAR file to C:\Users\TRJAVA-11\Documents\apache-tomcat-10.1.18\webapps\Gen1-P3CAMS.war.tmp
16-Jan-2024 21:20:58.711 INFO [http-nio-8080-exec-853] org.apache.catalina.core.ApplicationContext.log Manager: deploy: Deploying web application '/Gen1-P3CAMS'
16-Jan-2024 21:20:58.711 INFO [http-nio-8080-exec-853] org.apache.catalina.core.ApplicationContext.log Manager: Uploading WAR file to C:\Users\TRJAVA-11\Documents\apache-tomcat-10.1.18\webapps\Gen1-P3CAMS.war.tmp
16-Jan-2024 21:22:51.314 INFO [http-nio-8080-exec-858] org.apache.catalina.core.ApplicationContext.log Manager: deploy: Deploying web application '/Gen1-P3CAMS'
16-Jan-2024 21:22:51.314 INFO [http-nio-8080-exec-858] org.apache.catalina.core.ApplicationContext.log Manager: Uploading WAR file to C:\Users\TRJAVA-11\Documents\apache-tomcat-10.1.18\webapps\Gen1-P3CAMS.war.tmp
16-Jan-2024 21:24:12.920 INFO [http-nio-8080-exec-863] org.apache.catalina.core.ApplicationContext.log Manager: deploy: Deploying web application '/Gen1-P3CAMS'
16-Jan-2024 21:24:12.920 INFO [http-nio-8080-exec-863] org.apache.catalina.core.ApplicationContext.log Manager: Uploading WAR file to C:\Users\TRJAVA-11\Documents\apache-tomcat-10.1.18\webapps\Gen1-P3CAMS.war.tmp
16-Jan-2024 21:25:09.513 INFO [http-nio-8080-exec-848] org.apache.catalina.core.ApplicationContext.log Manager: deploy: Deploying web application '/Gen1-P3CAMS'
16-Jan-2024 21:25:09.513 INFO [http-nio-8080-exec-848] org.apache.catalina.core.ApplicationContext.log Manager: Uploading WAR file to C:\Users\TRJAVA-11\Documents\apache-tomcat-10.1.18\webapps\Gen1-P3CAMS.war.tmp
16-Jan-2024 21:44:04.888 INFO [http-nio-8080-exec-880] org.apache.catalina.core.ApplicationContext.log Manager: deploy: Deploying web application '/Gen1-P3CAMS'
16-Jan-2024 21:44:04.888 INFO [http-nio-8080-exec-880] org.apache.catalina.core.ApplicationContext.log Manager: Uploading WAR file to C:\Users\TRJAVA-11\Documents\apache-tomcat-10.1.18\webapps\Gen1-P3CAMS.war.tmp
16-Jan-2024 21:47:17.905 INFO [http-nio-8080-exec-882] org.apache.catalina.core.ApplicationContext.log Manager: deploy: Deploying web application '/Gen1-P3CAMS'
16-Jan-2024 21:47:17.905 INFO [http-nio-8080-exec-882] org.apache.catalina.core.ApplicationContext.log Manager: Uploading WAR file to C:\Users\TRJAVA-11\Documents\apache-tomcat-10.1.18\webapps\Gen1-P3CAMS.war.tmp
16-Jan-2024 21:53:14.106 INFO [http-nio-8080-exec-890] org.apache.catalina.core.ApplicationContext.log Manager: deploy: Deploying web application '/Gen1-P3CAMS'
16-Jan-2024 21:53:14.107 INFO [http-nio-8080-exec-890] org.apache.catalina.core.ApplicationContext.log Manager: Uploading WAR file to C:\Users\TRJAVA-11\Documents\apache-tomcat-10.1.18\webapps\Gen1-P3CAMS.war.tmp
16-Jan-2024 21:56:22.533 INFO [http-nio-8080-exec-903] org.apache.catalina.core.ApplicationContext.log Manager: deploy: Deploying web application '/Gen1-P3CAMS'
16-Jan-2024 21:56:22.533 INFO [http-nio-8080-exec-903] org.apache.catalina.core.ApplicationContext.log Manager: Uploading WAR file to C:\Users\TRJAVA-11\Documents\apache-tomcat-10.1.18\webapps\Gen1-P3CAMS.war.tmp
16-Jan-2024 22:20:19.073 INFO [http-nio-8080-exec-909] org.apache.catalina.core.ApplicationContext.log Manager: deploy: Deploying web application '/Gen1-P3CAMS'
16-Jan-2024 22:20:19.073 INFO [http-nio-8080-exec-909] org.apache.catalina.core.ApplicationContext.log Manager: Uploading WAR file to C:\Users\TRJAVA-11\Documents\apache-tomcat-10.1.18\webapps\Gen1-P3CAMS.war.tmp
16-Jan-2024 22:20:43.426 INFO [http-nio-8080-exec-915] org.apache.catalina.core.ApplicationContext.log Manager: deploy: Deploying web application '/Gen1-P3CAMS'
16-Jan-2024 22:20:43.426 INFO [http-nio-8080-exec-915] org.apache.catalina.core.ApplicationContext.log Manager: Uploading WAR file to C:\Users\TRJAVA-11\Documents\apache-tomcat-10.1.18\webapps\Gen1-P3CAMS.war.tmp
16-Jan-2024 22:21:15.498 INFO [http-nio-8080-exec-919] org.apache.catalina.core.ApplicationContext.log Manager: deploy: Deploying web application '/Gen1-P3CAMS'
16-Jan-2024 22:21:15.498 INFO [http-nio-8080-exec-919] org.apache.catalina.core.ApplicationContext.log Manager: Uploading WAR file to C:\Users\TRJAVA-11\Documents\apache-tomcat-10.1.18\webapps\Gen1-P3CAMS.war.tmp
16-Jan-2024 22:28:31.267 INFO [http-nio-8080-exec-926] org.apache.catalina.core.ApplicationContext.log Manager: deploy: Deploying web application '/Gen1-P3CAMS'
16-Jan-2024 22:28:31.267 INFO [http-nio-8080-exec-926] org.apache.catalina.core.ApplicationContext.log Manager: Uploading WAR file to C:\Users\TRJAVA-11\Documents\apache-tomcat-10.1.18\webapps\Gen1-P3CAMS.war.tmp
16-Jan-2024 22:29:24.262 INFO [http-nio-8080-exec-933] org.apache.catalina.core.ApplicationContext.log Manager: deploy: Deploying web application '/Gen1-P3CAMS'
16-Jan-2024 22:29:24.262 INFO [http-nio-8080-exec-933] org.apache.catalina.core.ApplicationContext.log Manager: Uploading WAR file to C:\Users\TRJAVA-11\Documents\apache-tomcat-10.1.18\webapps\Gen1-P3CAMS.war.tmp
16-Jan-2024 22:30:29.906 INFO [http-nio-8080-exec-939] org.apache.catalina.core.ApplicationContext.log Manager: deploy: Deploying web application '/Gen1-P3CAMS'
16-Jan-2024 22:30:29.906 INFO [http-nio-8080-exec-939] org.apache.catalina.core.ApplicationContext.log Manager: Uploading WAR file to C:\Users\TRJAVA-11\Documents\apache-tomcat-10.1.18\webapps\Gen1-P3CAMS.war.tmp
16-Jan-2024 22:33:05.383 INFO [http-nio-8080-exec-944] org.apache.catalina.core.ApplicationContext.log Manager: deploy: Deploying web application '/Gen1-P3CAMS'
16-Jan-2024 22:33:05.383 INFO [http-nio-8080-exec-944] org.apache.catalina.core.ApplicationContext.log Manager: Uploading WAR file to C:\Users\TRJAVA-11\Documents\apache-tomcat-10.1.18\webapps\Gen1-P3CAMS.war.tmp
16-Jan-2024 22:34:44.477 INFO [http-nio-8080-exec-954] org.apache.catalina.core.ApplicationContext.log Manager: deploy: Deploying web application '/Gen1-P3CAMS'
16-Jan-2024 22:34:44.477 INFO [http-nio-8080-exec-954] org.apache.catalina.core.ApplicationContext.log Manager: Uploading WAR file to C:\Users\TRJAVA-11\Documents\apache-tomcat-10.1.18\webapps\Gen1-P3CAMS.war.tmp
