15-Jan-2024 11:25:28.414 INFO [http-nio-8080-exec-4] org.apache.catalina.core.ApplicationContext.log Manager: init: Associated with Deployer 'Catalina:type=Deployer,host=localhost'
15-Jan-2024 11:25:28.414 INFO [http-nio-8080-exec-4] org.apache.catalina.core.ApplicationContext.log Manager: init: Global resources are available
15-Jan-2024 11:25:28.417 INFO [http-nio-8080-exec-4] org.apache.catalina.core.ApplicationContext.log Manager: deploy: Deploying web application '/Gen1-Rutas'
15-Jan-2024 11:25:28.417 INFO [http-nio-8080-exec-4] org.apache.catalina.core.ApplicationContext.log Manager: Uploading WAR file to C:\Users\TRJAVA-11\Documents\apache-tomcat-10.1.18\webapps\Gen1-Rutas.war.tmp
15-Jan-2024 11:26:44.841 INFO [http-nio-8080-exec-11] org.apache.catalina.core.ApplicationContext.log Manager: deploy: Deploying web application '/Gen1-Rutas'
15-Jan-2024 11:26:44.841 INFO [http-nio-8080-exec-11] org.apache.catalina.core.ApplicationContext.log Manager: Uploading WAR file to C:\Users\TRJAVA-11\Documents\apache-tomcat-10.1.18\webapps\Gen1-Rutas.war.tmp
15-Jan-2024 11:28:53.644 INFO [http-nio-8080-exec-16] org.apache.catalina.core.ApplicationContext.log Manager: deploy: Deploying web application '/Gen1-Rutas'
15-Jan-2024 11:28:53.644 INFO [http-nio-8080-exec-16] org.apache.catalina.core.ApplicationContext.log Manager: Uploading WAR file to C:\Users\TRJAVA-11\Documents\apache-tomcat-10.1.18\webapps\Gen1-Rutas.war.tmp
15-Jan-2024 11:31:05.979 INFO [http-nio-8080-exec-24] org.apache.catalina.core.ApplicationContext.log Manager: deploy: Deploying web application '/Gen1-Rutas'
15-Jan-2024 11:31:05.979 INFO [http-nio-8080-exec-24] org.apache.catalina.core.ApplicationContext.log Manager: Uploading WAR file to C:\Users\TRJAVA-11\Documents\apache-tomcat-10.1.18\webapps\Gen1-Rutas.war.tmp
15-Jan-2024 11:45:23.518 INFO [http-nio-8080-exec-32] org.apache.catalina.core.ApplicationContext.log Manager: deploy: Deploying web application '/Gen1-Rutas'
15-Jan-2024 11:45:23.519 INFO [http-nio-8080-exec-32] org.apache.catalina.core.ApplicationContext.log Manager: Uploading WAR file to C:\Users\TRJAVA-11\Documents\apache-tomcat-10.1.18\webapps\Gen1-Rutas.war.tmp
15-Jan-2024 13:15:20.096 INFO [http-nio-8080-exec-47] org.apache.catalina.core.ApplicationContext.log Manager: deploy: Deploying web application '/Gen1-Rutas'
15-Jan-2024 13:15:20.096 INFO [http-nio-8080-exec-47] org.apache.catalina.core.ApplicationContext.log Manager: Uploading WAR file to C:\Users\TRJAVA-11\Documents\apache-tomcat-10.1.18\webapps\Gen1-Rutas.war.tmp
15-Jan-2024 13:23:46.052 INFO [http-nio-8080-exec-51] org.apache.catalina.core.ApplicationContext.log Manager: deploy: Deploying web application '/Gen1-Rutas'
15-Jan-2024 13:23:46.052 INFO [http-nio-8080-exec-51] org.apache.catalina.core.ApplicationContext.log Manager: Uploading WAR file to C:\Users\TRJAVA-11\Documents\apache-tomcat-10.1.18\webapps\Gen1-Rutas.war.tmp
15-Jan-2024 13:24:01.736 INFO [http-nio-8080-exec-54] org.apache.catalina.core.ApplicationContext.log Manager: deploy: Deploying web application '/Gen1-Rutas'
15-Jan-2024 13:24:01.736 INFO [http-nio-8080-exec-54] org.apache.catalina.core.ApplicationContext.log Manager: Uploading WAR file to C:\Users\TRJAVA-11\Documents\apache-tomcat-10.1.18\webapps\Gen1-Rutas.war.tmp
15-Jan-2024 13:33:02.542 INFO [http-nio-8080-exec-62] org.apache.catalina.core.ApplicationContext.log Manager: deploy: Deploying web application '/Gen1-Rutas'
15-Jan-2024 13:33:02.543 INFO [http-nio-8080-exec-62] org.apache.catalina.core.ApplicationContext.log Manager: Uploading WAR file to C:\Users\TRJAVA-11\Documents\apache-tomcat-10.1.18\webapps\Gen1-Rutas.war.tmp
15-Jan-2024 13:33:54.628 INFO [http-nio-8080-exec-66] org.apache.catalina.core.ApplicationContext.log Manager: deploy: Deploying web application '/Gen1-Rutas'
15-Jan-2024 13:33:54.629 INFO [http-nio-8080-exec-66] org.apache.catalina.core.ApplicationContext.log Manager: Uploading WAR file to C:\Users\TRJAVA-11\Documents\apache-tomcat-10.1.18\webapps\Gen1-Rutas.war.tmp
15-Jan-2024 13:55:45.269 INFO [http-nio-8080-exec-75] org.apache.catalina.core.ApplicationContext.log Manager: deploy: Deploying web application '/Gen1-P3CAMS'
15-Jan-2024 13:55:45.269 INFO [http-nio-8080-exec-75] org.apache.catalina.core.ApplicationContext.log Manager: Uploading WAR file to C:\Users\TRJAVA-11\Documents\apache-tomcat-10.1.18\webapps\Gen1-P3CAMS.war.tmp
15-Jan-2024 13:58:52.483 INFO [http-nio-8080-exec-84] org.apache.catalina.core.ApplicationContext.log Manager: deploy: Deploying web application '/Gen1-P3CAMS'
15-Jan-2024 13:58:52.484 INFO [http-nio-8080-exec-84] org.apache.catalina.core.ApplicationContext.log Manager: Uploading WAR file to C:\Users\TRJAVA-11\Documents\apache-tomcat-10.1.18\webapps\Gen1-P3CAMS.war.tmp
15-Jan-2024 14:20:20.953 INFO [http-nio-8080-exec-85] org.apache.catalina.core.ApplicationContext.log Manager: deploy: Deploying web application '/Gen1-P3CAMS'
15-Jan-2024 14:20:20.953 INFO [http-nio-8080-exec-85] org.apache.catalina.core.ApplicationContext.log Manager: Uploading WAR file to C:\Users\TRJAVA-11\Documents\apache-tomcat-10.1.18\webapps\Gen1-P3CAMS.war.tmp
15-Jan-2024 14:21:00.835 INFO [http-nio-8080-exec-89] org.apache.catalina.core.ApplicationContext.log Manager: deploy: Deploying web application '/Gen1-P3CAMS'
15-Jan-2024 14:21:00.835 INFO [http-nio-8080-exec-89] org.apache.catalina.core.ApplicationContext.log Manager: Uploading WAR file to C:\Users\TRJAVA-11\Documents\apache-tomcat-10.1.18\webapps\Gen1-P3CAMS.war.tmp
15-Jan-2024 14:22:20.117 INFO [http-nio-8080-exec-98] org.apache.catalina.core.ApplicationContext.log Manager: deploy: Deploying web application '/Gen1-P3CAMS'
15-Jan-2024 14:22:20.117 INFO [http-nio-8080-exec-98] org.apache.catalina.core.ApplicationContext.log Manager: Uploading WAR file to C:\Users\TRJAVA-11\Documents\apache-tomcat-10.1.18\webapps\Gen1-P3CAMS.war.tmp
15-Jan-2024 14:23:43.730 INFO [http-nio-8080-exec-103] org.apache.catalina.core.ApplicationContext.log Manager: deploy: Deploying web application '/Gen1-P3CAMS'
15-Jan-2024 14:23:43.730 INFO [http-nio-8080-exec-103] org.apache.catalina.core.ApplicationContext.log Manager: Uploading WAR file to C:\Users\TRJAVA-11\Documents\apache-tomcat-10.1.18\webapps\Gen1-P3CAMS.war.tmp
15-Jan-2024 14:26:11.362 INFO [http-nio-8080-exec-108] org.apache.catalina.core.ApplicationContext.log Manager: deploy: Deploying web application '/Gen1-P3CAMS'
15-Jan-2024 14:26:11.362 INFO [http-nio-8080-exec-108] org.apache.catalina.core.ApplicationContext.log Manager: Uploading WAR file to C:\Users\TRJAVA-11\Documents\apache-tomcat-10.1.18\webapps\Gen1-P3CAMS.war.tmp
15-Jan-2024 14:27:34.755 INFO [http-nio-8080-exec-114] org.apache.catalina.core.ApplicationContext.log Manager: deploy: Deploying web application '/Gen1-P3CAMS'
15-Jan-2024 14:27:34.755 INFO [http-nio-8080-exec-114] org.apache.catalina.core.ApplicationContext.log Manager: Uploading WAR file to C:\Users\TRJAVA-11\Documents\apache-tomcat-10.1.18\webapps\Gen1-P3CAMS.war.tmp
15-Jan-2024 14:30:12.788 INFO [http-nio-8080-exec-119] org.apache.catalina.core.ApplicationContext.log Manager: deploy: Deploying web application '/Gen1-P3CAMS'
15-Jan-2024 14:30:12.789 INFO [http-nio-8080-exec-119] org.apache.catalina.core.ApplicationContext.log Manager: Uploading WAR file to C:\Users\TRJAVA-11\Documents\apache-tomcat-10.1.18\webapps\Gen1-P3CAMS.war.tmp
15-Jan-2024 14:31:44.502 INFO [http-nio-8080-exec-127] org.apache.catalina.core.ApplicationContext.log Manager: deploy: Deploying web application '/Gen1-Rutas'
15-Jan-2024 14:31:44.502 INFO [http-nio-8080-exec-127] org.apache.catalina.core.ApplicationContext.log Manager: Uploading WAR file to C:\Users\TRJAVA-11\Documents\apache-tomcat-10.1.18\webapps\Gen1-Rutas.war.tmp
15-Jan-2024 14:32:09.006 INFO [http-nio-8080-exec-128] org.apache.catalina.core.ApplicationContext.log Manager: deploy: Deploying web application '/Gen1-P3CAMS'
15-Jan-2024 14:32:09.006 INFO [http-nio-8080-exec-128] org.apache.catalina.core.ApplicationContext.log Manager: Uploading WAR file to C:\Users\TRJAVA-11\Documents\apache-tomcat-10.1.18\webapps\Gen1-P3CAMS.war.tmp
15-Jan-2024 14:33:03.754 INFO [http-nio-8080-exec-135] org.apache.catalina.core.ApplicationContext.log Manager: deploy: Deploying web application '/Gen1-P3CAMS'
15-Jan-2024 14:33:03.755 INFO [http-nio-8080-exec-135] org.apache.catalina.core.ApplicationContext.log Manager: Uploading WAR file to C:\Users\TRJAVA-11\Documents\apache-tomcat-10.1.18\webapps\Gen1-P3CAMS.war.tmp
15-Jan-2024 14:39:50.157 INFO [http-nio-8080-exec-140] org.apache.catalina.core.ApplicationContext.log Manager: deploy: Deploying web application '/Gen1-P3CAMS'
15-Jan-2024 14:39:50.157 INFO [http-nio-8080-exec-140] org.apache.catalina.core.ApplicationContext.log Manager: Uploading WAR file to C:\Users\TRJAVA-11\Documents\apache-tomcat-10.1.18\webapps\Gen1-P3CAMS.war.tmp
15-Jan-2024 14:41:28.659 INFO [http-nio-8080-exec-150] org.apache.catalina.core.ApplicationContext.log Manager: deploy: Deploying web application '/Gen1-P3CAMS'
15-Jan-2024 14:41:28.660 INFO [http-nio-8080-exec-150] org.apache.catalina.core.ApplicationContext.log Manager: Uploading WAR file to C:\Users\TRJAVA-11\Documents\apache-tomcat-10.1.18\webapps\Gen1-P3CAMS.war.tmp
15-Jan-2024 14:42:12.763 INFO [http-nio-8080-exec-152] org.apache.catalina.core.ApplicationContext.log Manager: deploy: Deploying web application '/Gen1-P3CAMS'
15-Jan-2024 14:42:12.763 INFO [http-nio-8080-exec-152] org.apache.catalina.core.ApplicationContext.log Manager: Uploading WAR file to C:\Users\TRJAVA-11\Documents\apache-tomcat-10.1.18\webapps\Gen1-P3CAMS.war.tmp
15-Jan-2024 14:43:23.034 INFO [http-nio-8080-exec-160] org.apache.catalina.core.ApplicationContext.log Manager: deploy: Deploying web application '/Gen1-P3CAMS'
15-Jan-2024 14:43:23.034 INFO [http-nio-8080-exec-160] org.apache.catalina.core.ApplicationContext.log Manager: Uploading WAR file to C:\Users\TRJAVA-11\Documents\apache-tomcat-10.1.18\webapps\Gen1-P3CAMS.war.tmp
15-Jan-2024 14:47:42.892 INFO [http-nio-8080-exec-165] org.apache.catalina.core.ApplicationContext.log Manager: deploy: Deploying web application '/Gen1-P3CAMS'
15-Jan-2024 14:47:42.893 INFO [http-nio-8080-exec-165] org.apache.catalina.core.ApplicationContext.log Manager: Uploading WAR file to C:\Users\TRJAVA-11\Documents\apache-tomcat-10.1.18\webapps\Gen1-P3CAMS.war.tmp
15-Jan-2024 14:48:43.031 INFO [http-nio-8080-exec-174] org.apache.catalina.core.ApplicationContext.log Manager: deploy: Deploying web application '/Gen1-P3CAMS'
15-Jan-2024 14:48:43.032 INFO [http-nio-8080-exec-174] org.apache.catalina.core.ApplicationContext.log Manager: Uploading WAR file to C:\Users\TRJAVA-11\Documents\apache-tomcat-10.1.18\webapps\Gen1-P3CAMS.war.tmp
15-Jan-2024 15:00:29.968 INFO [http-nio-8080-exec-176] org.apache.catalina.core.ApplicationContext.log Manager: deploy: Deploying web application '/Gen1-P3CAMS'
15-Jan-2024 15:00:29.968 INFO [http-nio-8080-exec-176] org.apache.catalina.core.ApplicationContext.log Manager: Uploading WAR file to C:\Users\TRJAVA-11\Documents\apache-tomcat-10.1.18\webapps\Gen1-P3CAMS.war.tmp
15-Jan-2024 16:22:25.158 INFO [http-nio-8080-exec-186] org.apache.catalina.core.ApplicationContext.log Manager: deploy: Deploying web application '/Gen1-P3CAMS'
15-Jan-2024 16:22:25.159 INFO [http-nio-8080-exec-186] org.apache.catalina.core.ApplicationContext.log Manager: Uploading WAR file to C:\Users\TRJAVA-11\Documents\apache-tomcat-10.1.18\webapps\Gen1-P3CAMS.war.tmp
15-Jan-2024 17:51:03.711 INFO [http-nio-8080-exec-196] org.apache.catalina.core.ApplicationContext.log Manager: deploy: Deploying web application '/Gen1-P3CAMS'
15-Jan-2024 17:51:03.712 INFO [http-nio-8080-exec-196] org.apache.catalina.core.ApplicationContext.log Manager: Uploading WAR file to C:\Users\TRJAVA-11\Documents\apache-tomcat-10.1.18\webapps\Gen1-P3CAMS.war.tmp
15-Jan-2024 17:54:54.357 INFO [http-nio-8080-exec-201] org.apache.catalina.core.ApplicationContext.log Manager: deploy: Deploying web application '/Gen1-P3CAMS'
15-Jan-2024 17:54:54.357 INFO [http-nio-8080-exec-201] org.apache.catalina.core.ApplicationContext.log Manager: Uploading WAR file to C:\Users\TRJAVA-11\Documents\apache-tomcat-10.1.18\webapps\Gen1-P3CAMS.war.tmp
15-Jan-2024 17:56:43.885 INFO [http-nio-8080-exec-210] org.apache.catalina.core.ApplicationContext.log Manager: deploy: Deploying web application '/Gen1-P3CAMS'
15-Jan-2024 17:56:43.886 INFO [http-nio-8080-exec-210] org.apache.catalina.core.ApplicationContext.log Manager: Uploading WAR file to C:\Users\TRJAVA-11\Documents\apache-tomcat-10.1.18\webapps\Gen1-P3CAMS.war.tmp
